[2026-01-02T12:13:07+0200] Starting TorchServe job on gpu-0-1
[2026-01-02T12:13:07+0200] CONFIG: MODEL=resnet-18 PHASE=cold-start-steady-1rps SCALE=0.05 CONCURRENCY=2
[2026-01-02T12:13:09+0200] GPU inventory:
Fri Jan  2 12:13:12 2026       
+-----------------------------------------------------------------------------------------+
| NVIDIA-SMI 550.163.01             Driver Version: 550.163.01     CUDA Version: 12.4     |
|-----------------------------------------+------------------------+----------------------+
| GPU  Name                 Persistence-M | Bus-Id          Disp.A | Volatile Uncorr. ECC |
| Fan  Temp   Perf          Pwr:Usage/Cap |           Memory-Usage | GPU-Util  Compute M. |
|                                         |                        |               MIG M. |
|=========================================+========================+======================|
|   0  Tesla V100-SXM2-32GB           Off |   00000000:18:00.0 Off |                    0 |
| N/A   36C    P0             57W /  300W |       1MiB /  32768MiB |      0%      Default |
|                                         |                        |                  N/A |
+-----------------------------------------+------------------------+----------------------+
|   1  Tesla V100-SXM2-32GB           Off |   00000000:3B:00.0 Off |                    0 |
| N/A   31C    P0             56W /  300W |       1MiB /  32768MiB |      0%      Default |
|                                         |                        |                  N/A |
+-----------------------------------------+------------------------+----------------------+
|   2  Tesla V100-SXM2-32GB           Off |   00000000:86:00.0 Off |                    0 |
| N/A   34C    P0             59W /  300W |       1MiB /  32768MiB |      2%      Default |
|                                         |                        |                  N/A |
+-----------------------------------------+------------------------+----------------------+
|   3  Tesla V100-SXM2-32GB           Off |   00000000:AF:00.0 Off |                    0 |
| N/A   35C    P0             54W /  300W |       1MiB /  32768MiB |      0%      Default |
|                                         |                        |                  N/A |
+-----------------------------------------+------------------------+----------------------+
                                                                                         
+-----------------------------------------------------------------------------------------+
| Processes:                                                                              |
|  GPU   GI   CI        PID   Type   Process name                              GPU Memory |
|        ID   ID                                                               Usage      |
|=========================================================================================|
|  No running processes found                                                             |
+-----------------------------------------------------------------------------------------+
[2026-01-02T12:13:15+0200] Dependencies already installed; skipping pip installs.
[2026-01-02T12:13:15+0200] Building .mar archives
[build_mar] index_to_name.json already exists at /home/chadji10/ADE/index_to_name.json

=== Building artifacts for resnet-18 ===
[build_mar] TorchScript already exists for resnet-18 at /home/chadji10/ADE/resnet18_scripted.pt
[build_mar] /home/chadji10/ADE/model_store/resnet-18.mar already exists, skipping archiver.

=== Building artifacts for resnet-50 ===
[build_mar] TorchScript already exists for resnet-50 at /home/chadji10/ADE/resnet50_scripted.pt
[build_mar] /home/chadji10/ADE/model_store/resnet-50.mar already exists, skipping archiver.

=== Building artifacts for mobilenet-v2 ===
[build_mar] TorchScript already exists for mobilenet-v2 at /home/chadji10/ADE/mobilenet_v2_scripted.pt
[build_mar] /home/chadji10/ADE/model_store/mobilenet-v2.mar already exists, skipping archiver.
[2026-01-02T12:13:18+0200] Pre-start cleanup: stopping existing TorchServe
TorchServe is not currently running.
[2026-01-02T12:13:21+0200] Starting TorchServe
WARNING: sun.reflect.Reflection.getCallerClass is not supported. This will impact performance.
2026-01-02T12:13:22,209 [WARN ] main org.pytorch.serve.util.ConfigManager - Your torchserve instance can access any URL to load models. When deploying to production, make sure to limit the set of allowed_urls in config.properties
2026-01-02T12:13:22,239 [INFO ] main org.pytorch.serve.servingsdk.impl.PluginsManager - Initializing plugins manager...
2026-01-02T12:13:22,338 [INFO ] main org.pytorch.serve.metrics.configuration.MetricConfiguration - Successfully loaded metrics configuration from /home/chadji10/ADE/.venv_torchserve/lib/python3.11/site-packages/ts/configs/metrics.yaml
2026-01-02T12:13:22,795 [INFO ] main org.pytorch.serve.ModelServer - 
Torchserve version: 0.12.0
TS Home: /home/chadji10/ADE/.venv_torchserve/lib/python3.11/site-packages
Current directory: /home/chadji10/ADE
Temp directory: /tmp
Metrics config path: /home/chadji10/ADE/.venv_torchserve/lib/python3.11/site-packages/ts/configs/metrics.yaml
Number of GPUs: 1
Number of CPUs: 1
Max heap size: 17423 M
Python executable: /home/chadji10/ADE/.venv_torchserve/bin/python
Config file: /home/chadji10/ADE/torchserve.properties
Inference address: http://0.0.0.0:8080
Management address: http://0.0.0.0:8081
Metrics address: http://0.0.0.0:8082
Model Store: /home/chadji10/ADE/model_store
Initial Models: resnet-18=resnet-18.mar
Log dir: /home/chadji10/ADE/logs
Metrics dir: /home/chadji10/ADE/logs
Netty threads: 32
Netty client threads: 0
Default workers per model: 1
Blacklist Regex: N/A
Maximum Response Size: 6553500
Maximum Request Size: 6553500
Limit Maximum Image Pixels: true
Prefer direct buffer: false
Allowed Urls: [file://.*|http(s)?://.*]
Custom python dependency for model allowed: false
Enable metrics API: true
Metrics mode: PROMETHEUS
Disable system metrics: true
Workflow Store: /home/chadji10/ADE/model_store
CPP log config: N/A
Model config: N/A
System metrics command: default
Model API enabled: false
2026-01-02T12:13:22,832 [INFO ] main org.pytorch.serve.servingsdk.impl.PluginsManager -  Loading snapshot serializer plugin...
2026-01-02T12:13:22,875 [INFO ] main org.pytorch.serve.ModelServer - Loading initial models: resnet-18.mar
2026-01-02T12:13:23,789 [DEBUG] main org.pytorch.serve.wlm.ModelVersionedRefs - Adding new version 1.0 for model resnet-18
2026-01-02T12:13:23,789 [DEBUG] main org.pytorch.serve.wlm.ModelVersionedRefs - Setting default version to 1.0 for model resnet-18
2026-01-02T12:13:23,790 [INFO ] main org.pytorch.serve.wlm.ModelManager - Model resnet-18 loaded.
2026-01-02T12:13:23,790 [DEBUG] main org.pytorch.serve.wlm.ModelManager - updateModel: resnet-18, count: 1
2026-01-02T12:13:23,799 [INFO ] main org.pytorch.serve.ModelServer - Initialize Inference server with: EpollServerSocketChannel.
2026-01-02T12:13:23,818 [DEBUG] W-9000-resnet-18_1.0 org.pytorch.serve.wlm.WorkerLifeCycle - Worker cmdline: [/home/chadji10/ADE/.venv_torchserve/bin/python, /home/chadji10/ADE/.venv_torchserve/lib/python3.11/site-packages/ts/model_service_worker.py, --sock-type, unix, --sock-name, /tmp/.ts.sock.9000, --metrics-config, /home/chadji10/ADE/.venv_torchserve/lib/python3.11/site-packages/ts/configs/metrics.yaml]
2026-01-02T12:13:23,920 [INFO ] main org.pytorch.serve.ModelServer - Inference API bind to: http://0.0.0.0:8080
2026-01-02T12:13:23,920 [INFO ] main org.pytorch.serve.ModelServer - Initialize Management server with: EpollServerSocketChannel.
2026-01-02T12:13:23,931 [INFO ] main org.pytorch.serve.ModelServer - Management API bind to: http://0.0.0.0:8081
2026-01-02T12:13:23,931 [INFO ] main org.pytorch.serve.ModelServer - Initialize Metrics server with: EpollServerSocketChannel.
2026-01-02T12:13:23,932 [INFO ] main org.pytorch.serve.ModelServer - Metrics API bind to: http://0.0.0.0:8082
Model server started.
2026-01-02T12:13:25,538 [INFO ] W-9000-resnet-18_1.0-stdout MODEL_LOG - s_name_part0=/tmp/.ts.sock, s_name_part1=9000, pid=261008
2026-01-02T12:13:25,540 [INFO ] W-9000-resnet-18_1.0-stdout MODEL_LOG - Listening on port: /tmp/.ts.sock.9000
2026-01-02T12:13:25,547 [INFO ] W-9000-resnet-18_1.0-stdout MODEL_LOG - Successfully loaded /home/chadji10/ADE/.venv_torchserve/lib/python3.11/site-packages/ts/configs/metrics.yaml.
2026-01-02T12:13:25,548 [INFO ] W-9000-resnet-18_1.0-stdout MODEL_LOG - [PID]261008
2026-01-02T12:13:25,548 [INFO ] W-9000-resnet-18_1.0-stdout MODEL_LOG - Torch worker started.
2026-01-02T12:13:25,549 [DEBUG] W-9000-resnet-18_1.0 org.pytorch.serve.wlm.WorkerThread - W-9000-resnet-18_1.0 State change null -> WORKER_STARTED
2026-01-02T12:13:25,553 [INFO ] W-9000-resnet-18_1.0 org.pytorch.serve.wlm.WorkerThread - Connecting to: /tmp/.ts.sock.9000
2026-01-02T12:13:25,555 [INFO ] W-9000-resnet-18_1.0-stdout MODEL_LOG - Python runtime: 3.11.5
2026-01-02T12:13:25,564 [INFO ] W-9000-resnet-18_1.0-stdout MODEL_LOG - Connection accepted: /tmp/.ts.sock.9000.
2026-01-02T12:13:25,567 [DEBUG] W-9000-resnet-18_1.0 org.pytorch.serve.wlm.WorkerThread - Flushing req.cmd LOAD repeats 1 to backend at: 1767348805567
2026-01-02T12:13:25,568 [INFO ] W-9000-resnet-18_1.0 org.pytorch.serve.wlm.WorkerThread - Looping backend response at: 1767348805568
2026-01-02T12:13:25,589 [INFO ] W-9000-resnet-18_1.0-stdout MODEL_LOG - model_name: resnet-18, batchSize: 1
[2026-01-02T12:13:29+0200] Waiting for resnet-18 to become READY...
2026-01-02T12:13:29,439 [INFO ] pool-2-thread-2 ACCESS_LOG - /127.0.0.1:56998 "GET /ping HTTP/1.1" 200 17
2026-01-02T12:13:30,015 [INFO ] epollEventLoopGroup-3-2 ACCESS_LOG - /127.0.0.1:34962 "GET /models/resnet-18 HTTP/1.1" 200 452
2026-01-02T12:13:32,265 [INFO ] pool-2-thread-2 ACCESS_LOG - /127.0.0.1:57002 "GET /ping HTTP/1.1" 200 1
2026-01-02T12:13:33,147 [INFO ] epollEventLoopGroup-3-4 ACCESS_LOG - /127.0.0.1:34966 "GET /models/resnet-18 HTTP/1.1" 200 861
2026-01-02T12:13:33,165 [INFO ] W-9000-resnet-18_1.0-stdout MODEL_LOG - OpenVINO is not enabled
2026-01-02T12:13:33,170 [INFO ] W-9000-resnet-18_1.0-stdout MODEL_LOG - proceeding without onnxruntime
2026-01-02T12:13:33,170 [INFO ] W-9000-resnet-18_1.0-stdout MODEL_LOG - Torch TensorRT not enabled
2026-01-02T12:13:33,405 [INFO ] W-9000-resnet-18_1.0 org.pytorch.serve.wlm.WorkerThread - Backend response time: 7837
2026-01-02T12:13:33,405 [DEBUG] W-9000-resnet-18_1.0 org.pytorch.serve.wlm.WorkerThread - W-9000-resnet-18_1.0 State change WORKER_STARTED -> WORKER_MODEL_LOADED
2026-01-02T12:13:35,214 [INFO ] pool-2-thread-2 ACCESS_LOG - /127.0.0.1:57008 "GET /ping HTTP/1.1" 200 0
2026-01-02T12:13:35,261 [INFO ] epollEventLoopGroup-3-6 ACCESS_LOG - /127.0.0.1:34972 "GET /models/resnet-18 HTTP/1.1" 200 25
[2026-01-02T12:13:35+0200] resnet-18 is READY.
[2026-01-02T12:13:35+0200] ===== RUNNING PHASE: cold-start-steady-1rps =====
[2026-01-02T12:13:35+0200] Logs: /home/chadji10/ADE/runs/resnet-18_cold-start-steady-1rps_20260102_121307/run_1/client_resnet-18.log
2026-01-02T12:13:38,236 [DEBUG] W-9000-resnet-18_1.0 org.pytorch.serve.wlm.WorkerThread - Flushing req.cmd PREDICT repeats 1 to backend at: 1767348818235
2026-01-02T12:13:38,236 [INFO ] W-9000-resnet-18_1.0 org.pytorch.serve.wlm.WorkerThread - Looping backend response at: 1767348818236
2026-01-02T12:13:38,240 [INFO ] W-9000-resnet-18_1.0-stdout MODEL_LOG - Backend received inference at: 1767348818
2026-01-02T12:13:38,557 [INFO ] W-9000-resnet-18_1.0-stdout org.pytorch.serve.wlm.WorkerLifeCycle - result=[METRICS]PredictionTime.Milliseconds:317.29|#ModelName:resnet-18,Level:Model|#type:GAUGE|#hostname:gpu-0-1.local,1767348818,bf06de3d-6a53-4176-85d9-43eaa9f33209, pattern=[METRICS]
2026-01-02T12:13:38,558 [INFO ] W-9000-resnet-18_1.0 org.pytorch.serve.wlm.BatchAggregator - Sending response for jobId bf06de3d-6a53-4176-85d9-43eaa9f33209
2026-01-02T12:13:38,559 [INFO ] W-9000-resnet-18_1.0 ACCESS_LOG - /127.0.0.1:57012 "POST /predictions/resnet-18 HTTP/1.1" 200 325
2026-01-02T12:13:38,560 [DEBUG] W-9000-resnet-18_1.0 org.pytorch.serve.job.RestJob - Waiting time ns: 93204, Backend time ns: 324600584
2026-01-02T12:13:38,560 [INFO ] W-9000-resnet-18_1.0 org.pytorch.serve.wlm.WorkerThread - Backend response time: 322
2026-01-02T12:13:38,565 [DEBUG] W-9000-resnet-18_1.0 org.pytorch.serve.wlm.WorkerThread - Flushing req.cmd PREDICT repeats 1 to backend at: 1767348818565
2026-01-02T12:13:38,566 [INFO ] W-9000-resnet-18_1.0 org.pytorch.serve.wlm.WorkerThread - Looping backend response at: 1767348818566
2026-01-02T12:13:38,573 [INFO ] W-9000-resnet-18_1.0-stdout MODEL_LOG - Backend received inference at: 1767348818
2026-01-02T12:13:38,621 [INFO ] W-9000-resnet-18_1.0-stdout org.pytorch.serve.wlm.WorkerLifeCycle - result=[METRICS]PredictionTime.Milliseconds:54.74|#ModelName:resnet-18,Level:Model|#type:GAUGE|#hostname:gpu-0-1.local,1767348818,7e878ea7-a681-4121-81f8-bc274d304b0c, pattern=[METRICS]
2026-01-02T12:13:38,622 [INFO ] W-9000-resnet-18_1.0 org.pytorch.serve.wlm.BatchAggregator - Sending response for jobId 7e878ea7-a681-4121-81f8-bc274d304b0c
2026-01-02T12:13:38,622 [INFO ] W-9000-resnet-18_1.0 ACCESS_LOG - /127.0.0.1:57014 "POST /predictions/resnet-18 HTTP/1.1" 200 57
2026-01-02T12:13:38,623 [DEBUG] W-9000-resnet-18_1.0 org.pytorch.serve.job.RestJob - Waiting time ns: 37194, Backend time ns: 57368661
2026-01-02T12:13:38,623 [INFO ] W-9000-resnet-18_1.0 org.pytorch.serve.wlm.WorkerThread - Backend response time: 56
2026-01-02T12:13:38,627 [DEBUG] W-9000-resnet-18_1.0 org.pytorch.serve.wlm.WorkerThread - Flushing req.cmd PREDICT repeats 1 to backend at: 1767348818627
2026-01-02T12:13:38,627 [INFO ] W-9000-resnet-18_1.0 org.pytorch.serve.wlm.WorkerThread - Looping backend response at: 1767348818627
2026-01-02T12:13:38,634 [INFO ] W-9000-resnet-18_1.0-stdout MODEL_LOG - Backend received inference at: 1767348818
2026-01-02T12:13:38,634 [INFO ] W-9000-resnet-18_1.0-stdout org.pytorch.serve.wlm.WorkerLifeCycle - result=[METRICS]PredictionTime.Milliseconds:4.06|#ModelName:resnet-18,Level:Model|#type:GAUGE|#hostname:gpu-0-1.local,1767348818,7470dc71-b4b3-4c15-bda6-2a76351fec4b, pattern=[METRICS]
2026-01-02T12:13:38,634 [INFO ] W-9000-resnet-18_1.0 org.pytorch.serve.wlm.BatchAggregator - Sending response for jobId 7470dc71-b4b3-4c15-bda6-2a76351fec4b
2026-01-02T12:13:38,634 [INFO ] W-9000-resnet-18_1.0 ACCESS_LOG - /127.0.0.1:57016 "POST /predictions/resnet-18 HTTP/1.1" 200 7
2026-01-02T12:13:38,634 [DEBUG] W-9000-resnet-18_1.0 org.pytorch.serve.job.RestJob - Waiting time ns: 31727, Backend time ns: 7469430
2026-01-02T12:13:38,634 [INFO ] W-9000-resnet-18_1.0 org.pytorch.serve.wlm.WorkerThread - Backend response time: 6
2026-01-02T12:13:38,641 [DEBUG] W-9000-resnet-18_1.0 org.pytorch.serve.wlm.WorkerThread - Flushing req.cmd PREDICT repeats 1 to backend at: 1767348818641
2026-01-02T12:13:38,641 [INFO ] W-9000-resnet-18_1.0 org.pytorch.serve.wlm.WorkerThread - Looping backend response at: 1767348818641
2026-01-02T12:13:38,646 [INFO ] W-9000-resnet-18_1.0-stdout MODEL_LOG - Backend received inference at: 1767348818
2026-01-02T12:13:38,646 [INFO ] W-9000-resnet-18_1.0-stdout org.pytorch.serve.wlm.WorkerLifeCycle - result=[METRICS]PredictionTime.Milliseconds:3.25|#ModelName:resnet-18,Level:Model|#type:GAUGE|#hostname:gpu-0-1.local,1767348818,2ae960fe-5e3a-497f-9b23-9ab048c4176d, pattern=[METRICS]
2026-01-02T12:13:38,646 [INFO ] W-9000-resnet-18_1.0 org.pytorch.serve.wlm.BatchAggregator - Sending response for jobId 2ae960fe-5e3a-497f-9b23-9ab048c4176d
2026-01-02T12:13:38,647 [INFO ] W-9000-resnet-18_1.0 ACCESS_LOG - /127.0.0.1:57018 "POST /predictions/resnet-18 HTTP/1.1" 200 6
2026-01-02T12:13:38,647 [DEBUG] W-9000-resnet-18_1.0 org.pytorch.serve.job.RestJob - Waiting time ns: 27793, Backend time ns: 5830344
2026-01-02T12:13:38,647 [INFO ] W-9000-resnet-18_1.0 org.pytorch.serve.wlm.WorkerThread - Backend response time: 5
2026-01-02T12:13:38,651 [DEBUG] W-9000-resnet-18_1.0 org.pytorch.serve.wlm.WorkerThread - Flushing req.cmd PREDICT repeats 1 to backend at: 1767348818651
2026-01-02T12:13:38,651 [INFO ] W-9000-resnet-18_1.0 org.pytorch.serve.wlm.WorkerThread - Looping backend response at: 1767348818651
2026-01-02T12:13:38,656 [INFO ] W-9000-resnet-18_1.0-stdout MODEL_LOG - Backend received inference at: 1767348818
2026-01-02T12:13:38,656 [INFO ] W-9000-resnet-18_1.0-stdout org.pytorch.serve.wlm.WorkerLifeCycle - result=[METRICS]PredictionTime.Milliseconds:3.17|#ModelName:resnet-18,Level:Model|#type:GAUGE|#hostname:gpu-0-1.local,1767348818,1886228b-f9d9-4247-a6f7-eae74e8a5d7a, pattern=[METRICS]
2026-01-02T12:13:38,656 [INFO ] W-9000-resnet-18_1.0 org.pytorch.serve.wlm.BatchAggregator - Sending response for jobId 1886228b-f9d9-4247-a6f7-eae74e8a5d7a
2026-01-02T12:13:38,656 [INFO ] W-9000-resnet-18_1.0 ACCESS_LOG - /127.0.0.1:57020 "POST /predictions/resnet-18 HTTP/1.1" 200 5
2026-01-02T12:13:38,656 [DEBUG] W-9000-resnet-18_1.0 org.pytorch.serve.job.RestJob - Waiting time ns: 26311, Backend time ns: 5057224
2026-01-02T12:13:38,656 [INFO ] W-9000-resnet-18_1.0 org.pytorch.serve.wlm.WorkerThread - Backend response time: 4
2026-01-02T12:13:38,661 [DEBUG] W-9000-resnet-18_1.0 org.pytorch.serve.wlm.WorkerThread - Flushing req.cmd PREDICT repeats 1 to backend at: 1767348818661
2026-01-02T12:13:38,661 [INFO ] W-9000-resnet-18_1.0 org.pytorch.serve.wlm.WorkerThread - Looping backend response at: 1767348818661
2026-01-02T12:13:38,665 [INFO ] W-9000-resnet-18_1.0-stdout MODEL_LOG - Backend received inference at: 1767348818
2026-01-02T12:13:38,665 [INFO ] W-9000-resnet-18_1.0-stdout org.pytorch.serve.wlm.WorkerLifeCycle - result=[METRICS]PredictionTime.Milliseconds:3.2|#ModelName:resnet-18,Level:Model|#type:GAUGE|#hostname:gpu-0-1.local,1767348818,5a24c6c3-735b-40c4-8dea-e8716d38a419, pattern=[METRICS]
2026-01-02T12:13:38,666 [INFO ] W-9000-resnet-18_1.0 org.pytorch.serve.wlm.BatchAggregator - Sending response for jobId 5a24c6c3-735b-40c4-8dea-e8716d38a419
2026-01-02T12:13:38,666 [INFO ] W-9000-resnet-18_1.0 ACCESS_LOG - /127.0.0.1:57022 "POST /predictions/resnet-18 HTTP/1.1" 200 5
2026-01-02T12:13:38,667 [DEBUG] W-9000-resnet-18_1.0 org.pytorch.serve.job.RestJob - Waiting time ns: 25621, Backend time ns: 5815326
2026-01-02T12:13:38,667 [INFO ] W-9000-resnet-18_1.0 org.pytorch.serve.wlm.WorkerThread - Backend response time: 5
2026-01-02T12:13:38,671 [DEBUG] W-9000-resnet-18_1.0 org.pytorch.serve.wlm.WorkerThread - Flushing req.cmd PREDICT repeats 1 to backend at: 1767348818671
2026-01-02T12:13:38,671 [INFO ] W-9000-resnet-18_1.0 org.pytorch.serve.wlm.WorkerThread - Looping backend response at: 1767348818671
2026-01-02T12:13:38,676 [INFO ] W-9000-resnet-18_1.0-stdout MODEL_LOG - Backend received inference at: 1767348818
2026-01-02T12:13:38,676 [INFO ] W-9000-resnet-18_1.0-stdout org.pytorch.serve.wlm.WorkerLifeCycle - result=[METRICS]PredictionTime.Milliseconds:3.12|#ModelName:resnet-18,Level:Model|#type:GAUGE|#hostname:gpu-0-1.local,1767348818,0f98dde1-f4dd-49cc-b152-b03f660b701b, pattern=[METRICS]
2026-01-02T12:13:38,678 [INFO ] W-9000-resnet-18_1.0 org.pytorch.serve.wlm.BatchAggregator - Sending response for jobId 0f98dde1-f4dd-49cc-b152-b03f660b701b
2026-01-02T12:13:38,679 [INFO ] W-9000-resnet-18_1.0 ACCESS_LOG - /127.0.0.1:57024 "POST /predictions/resnet-18 HTTP/1.1" 200 9
2026-01-02T12:13:38,679 [DEBUG] W-9000-resnet-18_1.0 org.pytorch.serve.job.RestJob - Waiting time ns: 23223, Backend time ns: 8042687
2026-01-02T12:13:38,679 [INFO ] W-9000-resnet-18_1.0 org.pytorch.serve.wlm.WorkerThread - Backend response time: 7
2026-01-02T12:13:38,683 [DEBUG] W-9000-resnet-18_1.0 org.pytorch.serve.wlm.WorkerThread - Flushing req.cmd PREDICT repeats 1 to backend at: 1767348818683
2026-01-02T12:13:38,683 [INFO ] W-9000-resnet-18_1.0 org.pytorch.serve.wlm.WorkerThread - Looping backend response at: 1767348818683
2026-01-02T12:13:38,688 [INFO ] W-9000-resnet-18_1.0-stdout MODEL_LOG - Backend received inference at: 1767348818
2026-01-02T12:13:38,688 [INFO ] W-9000-resnet-18_1.0-stdout org.pytorch.serve.wlm.WorkerLifeCycle - result=[METRICS]PredictionTime.Milliseconds:3.19|#ModelName:resnet-18,Level:Model|#type:GAUGE|#hostname:gpu-0-1.local,1767348818,fd94cb73-12c1-42b4-8c6a-5359e4a55ecb, pattern=[METRICS]
2026-01-02T12:13:38,689 [INFO ] W-9000-resnet-18_1.0 org.pytorch.serve.wlm.BatchAggregator - Sending response for jobId fd94cb73-12c1-42b4-8c6a-5359e4a55ecb
2026-01-02T12:13:38,689 [INFO ] W-9000-resnet-18_1.0 ACCESS_LOG - /127.0.0.1:57026 "POST /predictions/resnet-18 HTTP/1.1" 200 6
2026-01-02T12:13:38,690 [DEBUG] W-9000-resnet-18_1.0 org.pytorch.serve.job.RestJob - Waiting time ns: 25831, Backend time ns: 6506387
2026-01-02T12:13:38,690 [INFO ] W-9000-resnet-18_1.0 org.pytorch.serve.wlm.WorkerThread - Backend response time: 6
2026-01-02T12:13:38,693 [DEBUG] W-9000-resnet-18_1.0 org.pytorch.serve.wlm.WorkerThread - Flushing req.cmd PREDICT repeats 1 to backend at: 1767348818693
2026-01-02T12:13:38,693 [INFO ] W-9000-resnet-18_1.0 org.pytorch.serve.wlm.WorkerThread - Looping backend response at: 1767348818693
2026-01-02T12:13:38,698 [INFO ] W-9000-resnet-18_1.0-stdout MODEL_LOG - Backend received inference at: 1767348818
2026-01-02T12:13:38,698 [INFO ] W-9000-resnet-18_1.0-stdout org.pytorch.serve.wlm.WorkerLifeCycle - result=[METRICS]PredictionTime.Milliseconds:3.14|#ModelName:resnet-18,Level:Model|#type:GAUGE|#hostname:gpu-0-1.local,1767348818,021b6eca-b26f-4b3c-b47c-1d61ca96a4d5, pattern=[METRICS]
2026-01-02T12:13:38,698 [INFO ] W-9000-resnet-18_1.0 org.pytorch.serve.wlm.BatchAggregator - Sending response for jobId 021b6eca-b26f-4b3c-b47c-1d61ca96a4d5
2026-01-02T12:13:38,698 [INFO ] W-9000-resnet-18_1.0 ACCESS_LOG - /127.0.0.1:57028 "POST /predictions/resnet-18 HTTP/1.1" 200 5
2026-01-02T12:13:38,698 [DEBUG] W-9000-resnet-18_1.0 org.pytorch.serve.job.RestJob - Waiting time ns: 24442, Backend time ns: 5165033
2026-01-02T12:13:38,698 [INFO ] W-9000-resnet-18_1.0 org.pytorch.serve.wlm.WorkerThread - Backend response time: 5
2026-01-02T12:13:38,704 [DEBUG] W-9000-resnet-18_1.0 org.pytorch.serve.wlm.WorkerThread - Flushing req.cmd PREDICT repeats 1 to backend at: 1767348818704
2026-01-02T12:13:38,705 [INFO ] W-9000-resnet-18_1.0 org.pytorch.serve.wlm.WorkerThread - Looping backend response at: 1767348818704
2026-01-02T12:13:38,709 [INFO ] W-9000-resnet-18_1.0-stdout MODEL_LOG - Backend received inference at: 1767348818
2026-01-02T12:13:38,709 [INFO ] W-9000-resnet-18_1.0-stdout org.pytorch.serve.wlm.WorkerLifeCycle - result=[METRICS]PredictionTime.Milliseconds:3.12|#ModelName:resnet-18,Level:Model|#type:GAUGE|#hostname:gpu-0-1.local,1767348818,63b5372f-17f0-4178-addd-837149ca1cc3, pattern=[METRICS]
2026-01-02T12:13:38,709 [INFO ] W-9000-resnet-18_1.0 org.pytorch.serve.wlm.BatchAggregator - Sending response for jobId 63b5372f-17f0-4178-addd-837149ca1cc3
2026-01-02T12:13:38,709 [INFO ] W-9000-resnet-18_1.0 ACCESS_LOG - /127.0.0.1:57030 "POST /predictions/resnet-18 HTTP/1.1" 200 5
2026-01-02T12:13:38,709 [DEBUG] W-9000-resnet-18_1.0 org.pytorch.serve.job.RestJob - Waiting time ns: 25505, Backend time ns: 5181469
2026-01-02T12:13:38,710 [INFO ] W-9000-resnet-18_1.0 org.pytorch.serve.wlm.WorkerThread - Backend response time: 4
2026-01-02T12:13:38,719 [DEBUG] W-9000-resnet-18_1.0 org.pytorch.serve.wlm.WorkerThread - Flushing req.cmd PREDICT repeats 1 to backend at: 1767348818719
2026-01-02T12:13:38,721 [INFO ] W-9000-resnet-18_1.0 org.pytorch.serve.wlm.WorkerThread - Looping backend response at: 1767348818721
2026-01-02T12:13:38,725 [INFO ] W-9000-resnet-18_1.0-stdout MODEL_LOG - Backend received inference at: 1767348818
2026-01-02T12:13:38,725 [INFO ] W-9000-resnet-18_1.0-stdout org.pytorch.serve.wlm.WorkerLifeCycle - result=[METRICS]PredictionTime.Milliseconds:3.19|#ModelName:resnet-18,Level:Model|#type:GAUGE|#hostname:gpu-0-1.local,1767348818,7e7b4ace-d01a-4ba1-b1fc-8d2a9ec7ad5a, pattern=[METRICS]
2026-01-02T12:13:38,725 [INFO ] W-9000-resnet-18_1.0 org.pytorch.serve.wlm.BatchAggregator - Sending response for jobId 7e7b4ace-d01a-4ba1-b1fc-8d2a9ec7ad5a
2026-01-02T12:13:38,725 [INFO ] W-9000-resnet-18_1.0 ACCESS_LOG - /127.0.0.1:57032 "POST /predictions/resnet-18 HTTP/1.1" 200 6
2026-01-02T12:13:38,725 [DEBUG] W-9000-resnet-18_1.0 org.pytorch.serve.job.RestJob - Waiting time ns: 29708, Backend time ns: 6036637
2026-01-02T12:13:38,726 [INFO ] W-9000-resnet-18_1.0 org.pytorch.serve.wlm.WorkerThread - Backend response time: 4
2026-01-02T12:13:39,721 [DEBUG] W-9000-resnet-18_1.0 org.pytorch.serve.wlm.WorkerThread - Flushing req.cmd PREDICT repeats 1 to backend at: 1767348819720
2026-01-02T12:13:39,721 [INFO ] W-9000-resnet-18_1.0 org.pytorch.serve.wlm.WorkerThread - Looping backend response at: 1767348819721
2026-01-02T12:13:39,730 [INFO ] W-9000-resnet-18_1.0-stdout MODEL_LOG - Backend received inference at: 1767348819
2026-01-02T12:13:39,732 [INFO ] W-9000-resnet-18_1.0-stdout org.pytorch.serve.wlm.WorkerLifeCycle - result=[METRICS]PredictionTime.Milliseconds:9.02|#ModelName:resnet-18,Level:Model|#type:GAUGE|#hostname:gpu-0-1.local,1767348819,d5982af8-b696-47f1-bcc2-ec55f5cc12e0, pattern=[METRICS]
2026-01-02T12:13:39,733 [INFO ] W-9000-resnet-18_1.0 org.pytorch.serve.wlm.BatchAggregator - Sending response for jobId d5982af8-b696-47f1-bcc2-ec55f5cc12e0
2026-01-02T12:13:39,734 [INFO ] W-9000-resnet-18_1.0 ACCESS_LOG - /127.0.0.1:57034 "POST /predictions/resnet-18 HTTP/1.1" 200 14
2026-01-02T12:13:39,734 [DEBUG] W-9000-resnet-18_1.0 org.pytorch.serve.job.RestJob - Waiting time ns: 76017, Backend time ns: 13696143
2026-01-02T12:13:39,734 [INFO ] W-9000-resnet-18_1.0 org.pytorch.serve.wlm.WorkerThread - Backend response time: 12
2026-01-02T12:13:40,722 [DEBUG] W-9000-resnet-18_1.0 org.pytorch.serve.wlm.WorkerThread - Flushing req.cmd PREDICT repeats 1 to backend at: 1767348820722
2026-01-02T12:13:40,722 [INFO ] W-9000-resnet-18_1.0 org.pytorch.serve.wlm.WorkerThread - Looping backend response at: 1767348820722
2026-01-02T12:13:40,731 [INFO ] W-9000-resnet-18_1.0-stdout MODEL_LOG - Backend received inference at: 1767348820
2026-01-02T12:13:40,733 [INFO ] W-9000-resnet-18_1.0-stdout org.pytorch.serve.wlm.WorkerLifeCycle - result=[METRICS]PredictionTime.Milliseconds:7.87|#ModelName:resnet-18,Level:Model|#type:GAUGE|#hostname:gpu-0-1.local,1767348820,b3a8a174-dc74-4d14-aea4-b9954d25314c, pattern=[METRICS]
2026-01-02T12:13:40,734 [INFO ] W-9000-resnet-18_1.0 org.pytorch.serve.wlm.BatchAggregator - Sending response for jobId b3a8a174-dc74-4d14-aea4-b9954d25314c
2026-01-02T12:13:40,734 [INFO ] W-9000-resnet-18_1.0 ACCESS_LOG - /127.0.0.1:57036 "POST /predictions/resnet-18 HTTP/1.1" 200 13
2026-01-02T12:13:40,735 [DEBUG] W-9000-resnet-18_1.0 org.pytorch.serve.job.RestJob - Waiting time ns: 73389, Backend time ns: 12874827
2026-01-02T12:13:40,735 [INFO ] W-9000-resnet-18_1.0 org.pytorch.serve.wlm.WorkerThread - Backend response time: 11
2026-01-02T12:13:41,724 [DEBUG] W-9000-resnet-18_1.0 org.pytorch.serve.wlm.WorkerThread - Flushing req.cmd PREDICT repeats 1 to backend at: 1767348821724
2026-01-02T12:13:41,725 [INFO ] W-9000-resnet-18_1.0 org.pytorch.serve.wlm.WorkerThread - Looping backend response at: 1767348821725
2026-01-02T12:13:41,744 [INFO ] W-9000-resnet-18_1.0-stdout MODEL_LOG - Backend received inference at: 1767348821
2026-01-02T12:13:41,747 [INFO ] W-9000-resnet-18_1.0-stdout org.pytorch.serve.wlm.WorkerLifeCycle - result=[METRICS]PredictionTime.Milliseconds:8.68|#ModelName:resnet-18,Level:Model|#type:GAUGE|#hostname:gpu-0-1.local,1767348821,4cb35b8d-be19-4706-8e67-e304547c251a, pattern=[METRICS]
2026-01-02T12:13:41,748 [INFO ] W-9000-resnet-18_1.0 org.pytorch.serve.wlm.BatchAggregator - Sending response for jobId 4cb35b8d-be19-4706-8e67-e304547c251a
2026-01-02T12:13:41,748 [INFO ] W-9000-resnet-18_1.0 ACCESS_LOG - /127.0.0.1:57038 "POST /predictions/resnet-18 HTTP/1.1" 200 25
2026-01-02T12:13:41,749 [DEBUG] W-9000-resnet-18_1.0 org.pytorch.serve.job.RestJob - Waiting time ns: 66981, Backend time ns: 24694611
2026-01-02T12:13:41,749 [INFO ] W-9000-resnet-18_1.0 org.pytorch.serve.wlm.WorkerThread - Backend response time: 23
2026-01-02T12:13:42,720 [DEBUG] W-9000-resnet-18_1.0 org.pytorch.serve.wlm.WorkerThread - Flushing req.cmd PREDICT repeats 1 to backend at: 1767348822720
2026-01-02T12:13:42,723 [INFO ] W-9000-resnet-18_1.0 org.pytorch.serve.wlm.WorkerThread - Looping backend response at: 1767348822723
2026-01-02T12:13:42,734 [INFO ] W-9000-resnet-18_1.0-stdout MODEL_LOG - Backend received inference at: 1767348822
2026-01-02T12:13:42,737 [INFO ] W-9000-resnet-18_1.0-stdout org.pytorch.serve.wlm.WorkerLifeCycle - result=[METRICS]PredictionTime.Milliseconds:7.64|#ModelName:resnet-18,Level:Model|#type:GAUGE|#hostname:gpu-0-1.local,1767348822,f04800e9-69de-4a02-8af4-408458ee339a, pattern=[METRICS]
2026-01-02T12:13:42,738 [INFO ] W-9000-resnet-18_1.0 org.pytorch.serve.wlm.BatchAggregator - Sending response for jobId f04800e9-69de-4a02-8af4-408458ee339a
2026-01-02T12:13:42,738 [INFO ] W-9000-resnet-18_1.0 ACCESS_LOG - /127.0.0.1:57040 "POST /predictions/resnet-18 HTTP/1.1" 200 18
2026-01-02T12:13:42,738 [DEBUG] W-9000-resnet-18_1.0 org.pytorch.serve.job.RestJob - Waiting time ns: 89219, Backend time ns: 18441797
2026-01-02T12:13:42,739 [INFO ] W-9000-resnet-18_1.0 org.pytorch.serve.wlm.WorkerThread - Backend response time: 15
2026-01-02T12:13:43,723 [DEBUG] W-9000-resnet-18_1.0 org.pytorch.serve.wlm.WorkerThread - Flushing req.cmd PREDICT repeats 1 to backend at: 1767348823723
2026-01-02T12:13:43,724 [INFO ] W-9000-resnet-18_1.0 org.pytorch.serve.wlm.WorkerThread - Looping backend response at: 1767348823724
2026-01-02T12:13:43,732 [INFO ] W-9000-resnet-18_1.0-stdout MODEL_LOG - Backend received inference at: 1767348823
2026-01-02T12:13:43,734 [INFO ] W-9000-resnet-18_1.0-stdout org.pytorch.serve.wlm.WorkerLifeCycle - result=[METRICS]PredictionTime.Milliseconds:8.56|#ModelName:resnet-18,Level:Model|#type:GAUGE|#hostname:gpu-0-1.local,1767348823,af3eead1-5134-462c-bcc4-0da3f1097caa, pattern=[METRICS]
2026-01-02T12:13:43,743 [INFO ] W-9000-resnet-18_1.0 org.pytorch.serve.wlm.BatchAggregator - Sending response for jobId af3eead1-5134-462c-bcc4-0da3f1097caa
2026-01-02T12:13:43,743 [INFO ] W-9000-resnet-18_1.0 ACCESS_LOG - /127.0.0.1:57042 "POST /predictions/resnet-18 HTTP/1.1" 200 22
2026-01-02T12:13:43,744 [DEBUG] W-9000-resnet-18_1.0 org.pytorch.serve.job.RestJob - Waiting time ns: 68681, Backend time ns: 20837559
2026-01-02T12:13:43,744 [INFO ] W-9000-resnet-18_1.0 org.pytorch.serve.wlm.WorkerThread - Backend response time: 19
[2026-01-02T12:13:45+0200] Client exited with code: 0
[2026-01-02T12:13:45+0200] Requests recorded: 6
[2026-01-02T12:13:45+0200] Job complete.
[2026-01-02T12:13:45+0200]   Run directory: /home/chadji10/ADE/runs/resnet-18_cold-start-steady-1rps_20260102_121307
[2026-01-02T12:13:45+0200]   Requests CSV:  /home/chadji10/ADE/runs/resnet-18_cold-start-steady-1rps_20260102_121307/run_1/requests_resnet-18.csv
[2026-01-02T12:13:45+0200]   Power CSV:     /home/chadji10/ADE/runs/resnet-18_cold-start-steady-1rps_20260102_121307/run_1/power_samples_resnet-18.csv
[2026-01-02T12:13:45+0200] Cleanup: stopping watchdog/torchserve
[2026-01-02T12:13:49+0200] RUN_DIR=/home/chadji10/ADE/runs/resnet-18_cold-start-steady-1rps_20260102_121307
