[2026-02-10T19:10:48+0200] GPU info:
Tue Feb 10 19:10:49 2026       
+-----------------------------------------------------------------------------------------+
| NVIDIA-SMI 550.163.01             Driver Version: 550.163.01     CUDA Version: 12.4     |
|-----------------------------------------+------------------------+----------------------+
| GPU  Name                 Persistence-M | Bus-Id          Disp.A | Volatile Uncorr. ECC |
| Fan  Temp   Perf          Pwr:Usage/Cap |           Memory-Usage | GPU-Util  Compute M. |
|                                         |                        |               MIG M. |
|=========================================+========================+======================|
|   0  Tesla V100-SXM2-32GB           Off |   00000000:18:00.0 Off |                    0 |
| N/A   68C    P0            222W /  300W |    5914MiB /  32768MiB |    100%      Default |
|                                         |                        |                  N/A |
+-----------------------------------------+------------------------+----------------------+
|   1  Tesla V100-SXM2-32GB           Off |   00000000:3B:00.0 Off |                    0 |
| N/A   29C    P0             40W /  300W |       4MiB /  32768MiB |      0%      Default |
|                                         |                        |                  N/A |
+-----------------------------------------+------------------------+----------------------+
|   2  Tesla V100-SXM2-32GB           Off |   00000000:86:00.0 Off |                    0 |
| N/A   31C    P0             56W /  300W |       1MiB /  32768MiB |      2%      Default |
|                                         |                        |                  N/A |
+-----------------------------------------+------------------------+----------------------+
|   3  Tesla V100-SXM2-32GB           Off |   00000000:AF:00.0 Off |                    0 |
| N/A   41C    P0             43W /  300W |       4MiB /  32768MiB |      0%      Default |
|                                         |                        |                  N/A |
+-----------------------------------------+------------------------+----------------------+
                                                                                         
+-----------------------------------------------------------------------------------------+
| Processes:                                                                              |
|  GPU   GI   CI        PID   Type   Process name                              GPU Memory |
|        ID   ID                                                               Usage      |
|=========================================================================================|
|    0   N/A  N/A    228433      C   mumax3                                       5910MiB |
+-----------------------------------------------------------------------------------------+
[2026-02-10T19:10:50+0200] Dependencies already installed
[2026-02-10T19:10:50+0200] Using existing MAR: /home/chadji10/ADE/model_store/resnet-18.mar
[2026-02-10T19:10:52+0200] Starting TorchServe
WARNING: sun.reflect.Reflection.getCallerClass is not supported. This will impact performance.
2026-02-10T19:10:53,792 [WARN ] main org.pytorch.serve.util.ConfigManager - Your torchserve instance can access any URL to load models. When deploying to production, make sure to limit the set of allowed_urls in config.properties
2026-02-10T19:10:53,826 [INFO ] main org.pytorch.serve.servingsdk.impl.PluginsManager - Initializing plugins manager...
2026-02-10T19:10:53,915 [INFO ] main org.pytorch.serve.metrics.configuration.MetricConfiguration - Successfully loaded metrics configuration from /home/chadji10/ADE/.venv_torchserve/lib/python3.11/site-packages/ts/configs/metrics.yaml
2026-02-10T19:10:54,005 [INFO ] main org.pytorch.serve.ModelServer - 
Torchserve version: 0.12.0
TS Home: /home/chadji10/ADE/.venv_torchserve/lib/python3.11/site-packages
Current directory: /home/chadji10/ADE
Temp directory: /tmp
Metrics config path: /home/chadji10/ADE/.venv_torchserve/lib/python3.11/site-packages/ts/configs/metrics.yaml
Number of GPUs: 1
Number of CPUs: 1
Max heap size: 17423 M
Python executable: /home/chadji10/ADE/.venv_torchserve/bin/python
Config file: /home/chadji10/ADE/torchserve.properties
Inference address: http://0.0.0.0:8080
Management address: http://0.0.0.0:8081
Metrics address: http://0.0.0.0:8082
Model Store: /home/chadji10/ADE/model_store
Initial Models: resnet-18=resnet-18.mar
Log dir: /home/chadji10/ADE/logs
Metrics dir: /home/chadji10/ADE/logs
Netty threads: 0
Netty client threads: 0
Default workers per model: 1
Blacklist Regex: N/A
Maximum Response Size: 6553500
Maximum Request Size: 6553500
Limit Maximum Image Pixels: true
Prefer direct buffer: false
Allowed Urls: [file://.*|http(s)?://.*]
Custom python dependency for model allowed: false
Enable metrics API: true
Metrics mode: PROMETHEUS
Disable system metrics: true
Workflow Store: /home/chadji10/ADE/model_store
CPP log config: N/A
Model config: N/A
System metrics command: default
Model API enabled: false
2026-02-10T19:10:54,014 [INFO ] main org.pytorch.serve.servingsdk.impl.PluginsManager -  Loading snapshot serializer plugin...
2026-02-10T19:10:54,034 [INFO ] main org.pytorch.serve.ModelServer - Loading initial models: resnet-18.mar
2026-02-10T19:10:54,894 [DEBUG] main org.pytorch.serve.wlm.ModelVersionedRefs - Adding new version 1.0 for model resnet-18
2026-02-10T19:10:54,894 [DEBUG] main org.pytorch.serve.wlm.ModelVersionedRefs - Setting default version to 1.0 for model resnet-18
2026-02-10T19:10:54,894 [INFO ] main org.pytorch.serve.wlm.ModelManager - Model resnet-18 loaded.
2026-02-10T19:10:54,894 [DEBUG] main org.pytorch.serve.wlm.ModelManager - updateModel: resnet-18, count: 1
2026-02-10T19:10:54,904 [INFO ] main org.pytorch.serve.ModelServer - Initialize Inference server with: EpollServerSocketChannel.
2026-02-10T19:10:54,923 [DEBUG] W-9000-resnet-18_1.0 org.pytorch.serve.wlm.WorkerLifeCycle - Worker cmdline: [/home/chadji10/ADE/.venv_torchserve/bin/python, /home/chadji10/ADE/.venv_torchserve/lib/python3.11/site-packages/ts/model_service_worker.py, --sock-type, unix, --sock-name, /tmp/.ts.sock.9000, --metrics-config, /home/chadji10/ADE/.venv_torchserve/lib/python3.11/site-packages/ts/configs/metrics.yaml]
2026-02-10T19:10:55,006 [INFO ] main org.pytorch.serve.ModelServer - Inference API bind to: http://0.0.0.0:8080
2026-02-10T19:10:55,006 [INFO ] main org.pytorch.serve.ModelServer - Initialize Management server with: EpollServerSocketChannel.
2026-02-10T19:10:55,022 [INFO ] main org.pytorch.serve.ModelServer - Management API bind to: http://0.0.0.0:8081
2026-02-10T19:10:55,022 [INFO ] main org.pytorch.serve.ModelServer - Initialize Metrics server with: EpollServerSocketChannel.
2026-02-10T19:10:55,022 [INFO ] main org.pytorch.serve.ModelServer - Metrics API bind to: http://0.0.0.0:8082
Model server started.
2026-02-10T19:10:57,197 [INFO ] W-9000-resnet-18_1.0-stdout MODEL_LOG - s_name_part0=/tmp/.ts.sock, s_name_part1=9000, pid=231934
2026-02-10T19:10:57,199 [INFO ] W-9000-resnet-18_1.0-stdout MODEL_LOG - Listening on port: /tmp/.ts.sock.9000
2026-02-10T19:10:57,206 [INFO ] W-9000-resnet-18_1.0-stdout MODEL_LOG - Successfully loaded /home/chadji10/ADE/.venv_torchserve/lib/python3.11/site-packages/ts/configs/metrics.yaml.
2026-02-10T19:10:57,207 [INFO ] W-9000-resnet-18_1.0-stdout MODEL_LOG - [PID]231934
2026-02-10T19:10:57,208 [INFO ] W-9000-resnet-18_1.0-stdout MODEL_LOG - Torch worker started.
2026-02-10T19:10:57,209 [DEBUG] W-9000-resnet-18_1.0 org.pytorch.serve.wlm.WorkerThread - W-9000-resnet-18_1.0 State change null -> WORKER_STARTED
2026-02-10T19:10:57,212 [INFO ] W-9000-resnet-18_1.0 org.pytorch.serve.wlm.WorkerThread - Connecting to: /tmp/.ts.sock.9000
2026-02-10T19:10:57,214 [INFO ] W-9000-resnet-18_1.0-stdout MODEL_LOG - Python runtime: 3.11.5
2026-02-10T19:10:57,219 [INFO ] W-9000-resnet-18_1.0-stdout MODEL_LOG - Connection accepted: /tmp/.ts.sock.9000.
2026-02-10T19:10:57,222 [DEBUG] W-9000-resnet-18_1.0 org.pytorch.serve.wlm.WorkerThread - Flushing req.cmd LOAD repeats 1 to backend at: 1770743457222
2026-02-10T19:10:57,224 [INFO ] W-9000-resnet-18_1.0 org.pytorch.serve.wlm.WorkerThread - Looping backend response at: 1770743457224
2026-02-10T19:10:57,248 [INFO ] W-9000-resnet-18_1.0-stdout MODEL_LOG - model_name: resnet-18, batchSize: 1
2026-02-10T19:10:59,972 [INFO ] W-9000-resnet-18_1.0-stdout MODEL_LOG - OpenVINO is not enabled
2026-02-10T19:10:59,974 [INFO ] W-9000-resnet-18_1.0-stdout MODEL_LOG - proceeding without onnxruntime
2026-02-10T19:10:59,975 [INFO ] W-9000-resnet-18_1.0-stdout MODEL_LOG - Torch TensorRT not enabled
2026-02-10T19:11:00,168 [INFO ] W-9000-resnet-18_1.0 org.pytorch.serve.wlm.WorkerThread - Backend response time: 2944
2026-02-10T19:11:00,169 [DEBUG] W-9000-resnet-18_1.0 org.pytorch.serve.wlm.WorkerThread - W-9000-resnet-18_1.0 State change WORKER_STARTED -> WORKER_MODEL_LOADED
[2026-02-10T19:11:00+0200] Waiting for model READY...
2026-02-10T19:11:00,896 [INFO ] pool-2-thread-2 ACCESS_LOG - /127.0.0.1:58864 "GET /ping HTTP/1.1" 200 32
2026-02-10T19:11:00,977 [INFO ] epollEventLoopGroup-3-2 ACCESS_LOG - /127.0.0.1:58578 "GET /models/resnet-18 HTTP/1.1" 200 48
[2026-02-10T19:11:00+0200] Model is READY
[2026-02-10T19:11:01+0200] ===== RUN 1 / 1 (seed=42) =====
[2026-02-10T19:11:01+0200] WINDOW_S=0.1  UTIL_SAMPLE_MS=2  CONCURRENCY=16
2026-02-10T19:11:07,177 [DEBUG] W-9000-resnet-18_1.0 org.pytorch.serve.wlm.WorkerThread - Flushing req.cmd PREDICT repeats 1 to backend at: 1770743467177
2026-02-10T19:11:07,197 [INFO ] W-9000-resnet-18_1.0 org.pytorch.serve.wlm.WorkerThread - Looping backend response at: 1770743467197
2026-02-10T19:11:07,198 [INFO ] W-9000-resnet-18_1.0-stdout MODEL_LOG - Backend received inference at: 1770743467
2026-02-10T19:11:09,003 [INFO ] W-9000-resnet-18_1.0-stdout org.pytorch.serve.wlm.WorkerLifeCycle - result=[METRICS]PredictionTime.Milliseconds:1805.01|#ModelName:resnet-18,Level:Model|#type:GAUGE|#hostname:gpu-0-3.local,1770743469,29b053bb-55e3-4c47-b461-b006d3170337, pattern=[METRICS]
2026-02-10T19:11:09,005 [INFO ] W-9000-resnet-18_1.0 org.pytorch.serve.wlm.BatchAggregator - Sending response for jobId 29b053bb-55e3-4c47-b461-b006d3170337
2026-02-10T19:11:09,006 [INFO ] W-9000-resnet-18_1.0 ACCESS_LOG - /127.0.0.1:58868 "POST /predictions/resnet-18 HTTP/1.1" 200 1830
2026-02-10T19:11:09,006 [DEBUG] W-9000-resnet-18_1.0 org.pytorch.serve.job.RestJob - Waiting time ns: 166666, Backend time ns: 1829481905
2026-02-10T19:11:09,006 [INFO ] W-9000-resnet-18_1.0 org.pytorch.serve.wlm.WorkerThread - Backend response time: 1808
2026-02-10T19:11:10,964 [DEBUG] W-9000-resnet-18_1.0 org.pytorch.serve.wlm.WorkerThread - Flushing req.cmd PREDICT repeats 1 to backend at: 1770743470964
2026-02-10T19:11:10,982 [INFO ] W-9000-resnet-18_1.0 org.pytorch.serve.wlm.WorkerThread - Looping backend response at: 1770743470982
2026-02-10T19:11:10,986 [INFO ] W-9000-resnet-18_1.0-stdout MODEL_LOG - Backend received inference at: 1770743470
2026-02-10T19:11:11,220 [INFO ] W-9000-resnet-18_1.0-stdout org.pytorch.serve.wlm.WorkerLifeCycle - result=[METRICS]PredictionTime.Milliseconds:237.33|#ModelName:resnet-18,Level:Model|#type:GAUGE|#hostname:gpu-0-3.local,1770743471,5539592e-6887-48e3-8dbf-2526f4535398, pattern=[METRICS]
2026-02-10T19:11:11,229 [INFO ] W-9000-resnet-18_1.0 org.pytorch.serve.wlm.BatchAggregator - Sending response for jobId 5539592e-6887-48e3-8dbf-2526f4535398
2026-02-10T19:11:11,229 [INFO ] W-9000-resnet-18_1.0 ACCESS_LOG - /127.0.0.1:58872 "POST /predictions/resnet-18 HTTP/1.1" 200 266
2026-02-10T19:11:11,229 [DEBUG] W-9000-resnet-18_1.0 org.pytorch.serve.job.RestJob - Waiting time ns: 810130, Backend time ns: 265124234
2026-02-10T19:11:11,229 [INFO ] W-9000-resnet-18_1.0 org.pytorch.serve.wlm.WorkerThread - Backend response time: 247
2026-02-10T19:11:11,836 [DEBUG] W-9000-resnet-18_1.0 org.pytorch.serve.wlm.WorkerThread - Flushing req.cmd PREDICT repeats 1 to backend at: 1770743471836
2026-02-10T19:11:11,853 [INFO ] W-9000-resnet-18_1.0 org.pytorch.serve.wlm.WorkerThread - Looping backend response at: 1770743471853
2026-02-10T19:11:11,858 [INFO ] W-9000-resnet-18_1.0-stdout MODEL_LOG - Backend received inference at: 1770743471
2026-02-10T19:11:11,859 [INFO ] W-9000-resnet-18_1.0-stdout org.pytorch.serve.wlm.WorkerLifeCycle - result=[METRICS]PredictionTime.Milliseconds:5.68|#ModelName:resnet-18,Level:Model|#type:GAUGE|#hostname:gpu-0-3.local,1770743471,4ba37b65-6fa4-46c8-872d-d1b02e613887, pattern=[METRICS]
2026-02-10T19:11:11,860 [INFO ] W-9000-resnet-18_1.0 org.pytorch.serve.wlm.BatchAggregator - Sending response for jobId 4ba37b65-6fa4-46c8-872d-d1b02e613887
2026-02-10T19:11:11,860 [INFO ] W-9000-resnet-18_1.0 ACCESS_LOG - /127.0.0.1:58874 "POST /predictions/resnet-18 HTTP/1.1" 200 25
2026-02-10T19:11:11,860 [DEBUG] W-9000-resnet-18_1.0 org.pytorch.serve.job.RestJob - Waiting time ns: 1324226, Backend time ns: 24249477
2026-02-10T19:11:11,860 [INFO ] W-9000-resnet-18_1.0 org.pytorch.serve.wlm.WorkerThread - Backend response time: 7
2026-02-10T19:11:22,890 [DEBUG] W-9000-resnet-18_1.0 org.pytorch.serve.wlm.WorkerThread - Flushing req.cmd PREDICT repeats 1 to backend at: 1770743482890
2026-02-10T19:11:22,892 [INFO ] W-9000-resnet-18_1.0 org.pytorch.serve.wlm.WorkerThread - Looping backend response at: 1770743482892
2026-02-10T19:11:22,899 [INFO ] W-9000-resnet-18_1.0-stdout MODEL_LOG - Backend received inference at: 1770743482
2026-02-10T19:11:22,901 [INFO ] W-9000-resnet-18_1.0-stdout org.pytorch.serve.wlm.WorkerLifeCycle - result=[METRICS]PredictionTime.Milliseconds:8.46|#ModelName:resnet-18,Level:Model|#type:GAUGE|#hostname:gpu-0-3.local,1770743482,31a12a5f-4980-4616-bd45-77740cee0be9, pattern=[METRICS]
2026-02-10T19:11:22,902 [INFO ] W-9000-resnet-18_1.0 org.pytorch.serve.wlm.BatchAggregator - Sending response for jobId 31a12a5f-4980-4616-bd45-77740cee0be9
2026-02-10T19:11:22,903 [INFO ] W-9000-resnet-18_1.0 ACCESS_LOG - /127.0.0.1:58876 "POST /predictions/resnet-18 HTTP/1.1" 200 13
2026-02-10T19:11:22,903 [DEBUG] W-9000-resnet-18_1.0 org.pytorch.serve.job.RestJob - Waiting time ns: 166702, Backend time ns: 13165184
2026-02-10T19:11:22,903 [INFO ] W-9000-resnet-18_1.0 org.pytorch.serve.wlm.WorkerThread - Backend response time: 10
2026-02-10T19:11:35,266 [DEBUG] W-9000-resnet-18_1.0 org.pytorch.serve.wlm.WorkerThread - Flushing req.cmd PREDICT repeats 1 to backend at: 1770743495265
2026-02-10T19:11:35,267 [INFO ] W-9000-resnet-18_1.0 org.pytorch.serve.wlm.WorkerThread - Looping backend response at: 1770743495267
2026-02-10T19:11:35,274 [INFO ] W-9000-resnet-18_1.0-stdout MODEL_LOG - Backend received inference at: 1770743495
2026-02-10T19:11:35,275 [INFO ] W-9000-resnet-18_1.0-stdout org.pytorch.serve.wlm.WorkerLifeCycle - result=[METRICS]PredictionTime.Milliseconds:6.37|#ModelName:resnet-18,Level:Model|#type:GAUGE|#hostname:gpu-0-3.local,1770743495,3ebf6c14-dcbc-43cd-a180-f072b95f88ca, pattern=[METRICS]
2026-02-10T19:11:35,276 [INFO ] W-9000-resnet-18_1.0 org.pytorch.serve.wlm.BatchAggregator - Sending response for jobId 3ebf6c14-dcbc-43cd-a180-f072b95f88ca
2026-02-10T19:11:35,276 [INFO ] W-9000-resnet-18_1.0 ACCESS_LOG - /127.0.0.1:58878 "POST /predictions/resnet-18 HTTP/1.1" 200 11
2026-02-10T19:11:35,276 [DEBUG] W-9000-resnet-18_1.0 org.pytorch.serve.job.RestJob - Waiting time ns: 209485, Backend time ns: 10709630
2026-02-10T19:11:35,276 [INFO ] W-9000-resnet-18_1.0 org.pytorch.serve.wlm.WorkerThread - Backend response time: 9
