[2026-02-16T15:59:24+0200] GPU info:
Mon Feb 16 15:59:24 2026       
+-----------------------------------------------------------------------------------------+
| NVIDIA-SMI 550.163.01             Driver Version: 550.163.01     CUDA Version: 12.4     |
|-----------------------------------------+------------------------+----------------------+
| GPU  Name                 Persistence-M | Bus-Id          Disp.A | Volatile Uncorr. ECC |
| Fan  Temp   Perf          Pwr:Usage/Cap |           Memory-Usage | GPU-Util  Compute M. |
|                                         |                        |               MIG M. |
|=========================================+========================+======================|
|   0  Tesla V100-SXM2-32GB           Off |   00000000:18:00.0 Off |                    0 |
| N/A   50C    P0             75W /  300W |    8624MiB /  32768MiB |     86%      Default |
|                                         |                        |                  N/A |
+-----------------------------------------+------------------------+----------------------+
|   1  Tesla V100-SXM2-32GB           Off |   00000000:3B:00.0 Off |                    0 |
| N/A   41C    P0            153W /  300W |    8624MiB /  32768MiB |      2%      Default |
|                                         |                        |                  N/A |
+-----------------------------------------+------------------------+----------------------+
|   2  Tesla V100-SXM2-32GB           Off |   00000000:86:00.0 Off |                    0 |
| N/A   31C    P0             46W /  300W |       4MiB /  32768MiB |      0%      Default |
|                                         |                        |                  N/A |
+-----------------------------------------+------------------------+----------------------+
|   3  Tesla V100-SXM2-32GB           Off |   00000000:AF:00.0 Off |                    0 |
| N/A   46C    P0             68W /  300W |    8624MiB /  32768MiB |     25%      Default |
|                                         |                        |                  N/A |
+-----------------------------------------+------------------------+----------------------+
                                                                                         
+-----------------------------------------------------------------------------------------+
| Processes:                                                                              |
|  GPU   GI   CI        PID   Type   Process name                              GPU Memory |
|        ID   ID                                                               Usage      |
|=========================================================================================|
|    0   N/A  N/A     32708      C   python                                       8618MiB |
|    1   N/A  N/A     32710      C   python                                       8618MiB |
|    3   N/A  N/A     90940      C   python                                       8618MiB |
+-----------------------------------------------------------------------------------------+
[2026-02-16T15:59:28+0200] Starting TorchServe pinned to CPUs 2-3
WARNING: sun.reflect.Reflection.getCallerClass is not supported. This will impact performance.
2026-02-16T15:59:29,776 [WARN ] main org.pytorch.serve.util.ConfigManager - Your torchserve instance can access any URL to load models. When deploying to production, make sure to limit the set of allowed_urls in config.properties
2026-02-16T15:59:29,796 [INFO ] main org.pytorch.serve.servingsdk.impl.PluginsManager - Initializing plugins manager...
2026-02-16T15:59:29,851 [INFO ] main org.pytorch.serve.metrics.configuration.MetricConfiguration - Successfully loaded metrics configuration from /home/chadji10/ADE/.venv_torchserve/lib/python3.11/site-packages/ts/configs/metrics.yaml
2026-02-16T15:59:29,911 [INFO ] main org.pytorch.serve.ModelServer - 
Torchserve version: 0.12.0
TS Home: /home/chadji10/ADE/.venv_torchserve/lib/python3.11/site-packages
Current directory: /home/chadji10/ADE
Temp directory: /tmp
Metrics config path: /home/chadji10/ADE/.venv_torchserve/lib/python3.11/site-packages/ts/configs/metrics.yaml
Number of GPUs: 1
Number of CPUs: 2
Max heap size: 18032 M
Python executable: /home/chadji10/ADE/.venv_torchserve/bin/python
Config file: /home/chadji10/ADE/torchserve.properties
Inference address: http://127.0.0.1:8080
Management address: http://127.0.0.1:8081
Metrics address: http://127.0.0.1:8082
Model Store: /home/chadji10/ADE/model_store
Initial Models: resnet-18=resnet-18.mar
Log dir: /home/chadji10/ADE/logs
Metrics dir: /home/chadji10/ADE/logs
Netty threads: 0
Netty client threads: 0
Default workers per model: 1
Blacklist Regex: N/A
Maximum Response Size: 6553500
Maximum Request Size: 6553500
Limit Maximum Image Pixels: true
Prefer direct buffer: false
Allowed Urls: [file://.*|http(s)?://.*]
Custom python dependency for model allowed: false
Enable metrics API: true
Metrics mode: PROMETHEUS
Disable system metrics: true
Workflow Store: /home/chadji10/ADE/model_store
CPP log config: N/A
Model config: N/A
System metrics command: default
Model API enabled: false
2026-02-16T15:59:29,920 [INFO ] main org.pytorch.serve.servingsdk.impl.PluginsManager -  Loading snapshot serializer plugin...
2026-02-16T15:59:29,938 [INFO ] main org.pytorch.serve.ModelServer - Loading initial models: resnet-18.mar
2026-02-16T15:59:30,582 [DEBUG] main org.pytorch.serve.wlm.ModelVersionedRefs - Adding new version 1.0 for model resnet-18
2026-02-16T15:59:30,582 [DEBUG] main org.pytorch.serve.wlm.ModelVersionedRefs - Setting default version to 1.0 for model resnet-18
2026-02-16T15:59:30,585 [INFO ] main org.pytorch.serve.wlm.ModelManager - Model resnet-18 loaded.
2026-02-16T15:59:30,585 [DEBUG] main org.pytorch.serve.wlm.ModelManager - updateModel: resnet-18, count: 1
2026-02-16T15:59:30,600 [DEBUG] W-9000-resnet-18_1.0 org.pytorch.serve.wlm.WorkerLifeCycle - Worker cmdline: [/home/chadji10/ADE/.venv_torchserve/bin/python, /home/chadji10/ADE/.venv_torchserve/lib/python3.11/site-packages/ts/model_service_worker.py, --sock-type, unix, --sock-name, /tmp/.ts.sock.9000, --metrics-config, /home/chadji10/ADE/.venv_torchserve/lib/python3.11/site-packages/ts/configs/metrics.yaml]
2026-02-16T15:59:30,604 [INFO ] main org.pytorch.serve.ModelServer - Initialize Inference server with: EpollServerSocketChannel.
2026-02-16T15:59:30,691 [INFO ] main org.pytorch.serve.ModelServer - Inference API bind to: http://127.0.0.1:8080
2026-02-16T15:59:30,691 [INFO ] main org.pytorch.serve.ModelServer - Initialize Management server with: EpollServerSocketChannel.
2026-02-16T15:59:30,693 [INFO ] main org.pytorch.serve.ModelServer - Management API bind to: http://127.0.0.1:8081
2026-02-16T15:59:30,693 [INFO ] main org.pytorch.serve.ModelServer - Initialize Metrics server with: EpollServerSocketChannel.
2026-02-16T15:59:30,694 [INFO ] main org.pytorch.serve.ModelServer - Metrics API bind to: http://127.0.0.1:8082
Model server started.
2026-02-16T15:59:32,757 [INFO ] W-9000-resnet-18_1.0-stdout MODEL_LOG - s_name_part0=/tmp/.ts.sock, s_name_part1=9000, pid=54852
2026-02-16T15:59:32,759 [INFO ] W-9000-resnet-18_1.0-stdout MODEL_LOG - Listening on port: /tmp/.ts.sock.9000
2026-02-16T15:59:32,764 [INFO ] W-9000-resnet-18_1.0-stdout MODEL_LOG - Successfully loaded /home/chadji10/ADE/.venv_torchserve/lib/python3.11/site-packages/ts/configs/metrics.yaml.
2026-02-16T15:59:32,765 [INFO ] W-9000-resnet-18_1.0-stdout MODEL_LOG - [PID]54852
2026-02-16T15:59:32,766 [INFO ] W-9000-resnet-18_1.0-stdout MODEL_LOG - Torch worker started.
2026-02-16T15:59:32,766 [DEBUG] W-9000-resnet-18_1.0 org.pytorch.serve.wlm.WorkerThread - W-9000-resnet-18_1.0 State change null -> WORKER_STARTED
2026-02-16T15:59:32,766 [INFO ] W-9000-resnet-18_1.0-stdout MODEL_LOG - Python runtime: 3.11.5
2026-02-16T15:59:32,770 [INFO ] W-9000-resnet-18_1.0 org.pytorch.serve.wlm.WorkerThread - Connecting to: /tmp/.ts.sock.9000
2026-02-16T15:59:32,783 [INFO ] W-9000-resnet-18_1.0-stdout MODEL_LOG - Connection accepted: /tmp/.ts.sock.9000.
2026-02-16T15:59:32,784 [DEBUG] W-9000-resnet-18_1.0 org.pytorch.serve.wlm.WorkerThread - Flushing req.cmd LOAD repeats 1 to backend at: 1771250372784
2026-02-16T15:59:32,785 [INFO ] W-9000-resnet-18_1.0 org.pytorch.serve.wlm.WorkerThread - Looping backend response at: 1771250372785
2026-02-16T15:59:32,836 [INFO ] W-9000-resnet-18_1.0-stdout MODEL_LOG - model_name: resnet-18, batchSize: 1
2026-02-16T15:59:34,495 [INFO ] W-9000-resnet-18_1.0-stdout MODEL_LOG - OpenVINO is not enabled
2026-02-16T15:59:34,497 [INFO ] W-9000-resnet-18_1.0-stdout MODEL_LOG - proceeding without onnxruntime
2026-02-16T15:59:34,497 [INFO ] W-9000-resnet-18_1.0-stdout MODEL_LOG - Torch TensorRT not enabled
2026-02-16T15:59:34,693 [INFO ] W-9000-resnet-18_1.0 org.pytorch.serve.wlm.WorkerThread - Backend response time: 1908
2026-02-16T15:59:34,694 [DEBUG] W-9000-resnet-18_1.0 org.pytorch.serve.wlm.WorkerThread - W-9000-resnet-18_1.0 State change WORKER_STARTED -> WORKER_MODEL_LOADED
[2026-02-16T15:59:34+0200] Waiting for TorchServe READY...
2026-02-16T15:59:34,929 [INFO ] pool-2-thread-2 ACCESS_LOG - /127.0.0.1:59428 "GET /ping HTTP/1.1" 200 10
2026-02-16T15:59:35,013 [INFO ] epollEventLoopGroup-3-2 ACCESS_LOG - /127.0.0.1:37392 "GET /models/resnet-18 HTTP/1.1" 200 40
[2026-02-16T15:59:35+0200] TorchServe READY
[2026-02-16T15:59:35+0200] ===== RUN 1 =====
2026-02-16T15:59:37,991 [INFO ] pool-2-thread-2 ACCESS_LOG - /127.0.0.1:59434 "GET /ping HTTP/1.1" 200 0
Files already downloaded and verified
2026-02-16T15:59:40,940 [DEBUG] W-9000-resnet-18_1.0 org.pytorch.serve.wlm.WorkerThread - Flushing req.cmd PREDICT repeats 1 to backend at: 1771250380939
2026-02-16T15:59:40,940 [INFO ] W-9000-resnet-18_1.0 org.pytorch.serve.wlm.WorkerThread - Looping backend response at: 1771250380940
2026-02-16T15:59:40,942 [INFO ] W-9000-resnet-18_1.0-stdout MODEL_LOG - Backend received inference at: 1771250380
2026-02-16T15:59:41,443 [INFO ] W-9000-resnet-18_1.0-stdout org.pytorch.serve.wlm.WorkerLifeCycle - result=[METRICS]PredictionTime.Milliseconds:500.29|#ModelName:resnet-18,Level:Model|#type:GAUGE|#hostname:gpu-0-1.local,1771250381,0068d7d6-4535-4df2-b65a-95c92735e183, pattern=[METRICS]
2026-02-16T15:59:41,447 [INFO ] W-9000-resnet-18_1.0 org.pytorch.serve.wlm.BatchAggregator - Sending response for jobId 0068d7d6-4535-4df2-b65a-95c92735e183
2026-02-16T15:59:41,447 [INFO ] W-9000-resnet-18_1.0 ACCESS_LOG - /127.0.0.1:59436 "POST /predictions/resnet-18 HTTP/1.1" 200 511
2026-02-16T15:59:41,448 [DEBUG] W-9000-resnet-18_1.0 org.pytorch.serve.job.RestJob - Waiting time ns: 224296, Backend time ns: 508380133
2026-02-16T15:59:41,448 [INFO ] W-9000-resnet-18_1.0 org.pytorch.serve.wlm.WorkerThread - Backend response time: 506
2026-02-16T15:59:44,280 [DEBUG] W-9000-resnet-18_1.0 org.pytorch.serve.wlm.WorkerThread - Flushing req.cmd PREDICT repeats 1 to backend at: 1771250384280
2026-02-16T15:59:44,283 [INFO ] W-9000-resnet-18_1.0 org.pytorch.serve.wlm.WorkerThread - Looping backend response at: 1771250384283
2026-02-16T15:59:44,294 [INFO ] W-9000-resnet-18_1.0-stdout MODEL_LOG - Backend received inference at: 1771250384
2026-02-16T15:59:44,406 [INFO ] W-9000-resnet-18_1.0-stdout org.pytorch.serve.wlm.WorkerLifeCycle - result=[METRICS]PredictionTime.Milliseconds:111.74|#ModelName:resnet-18,Level:Model|#type:GAUGE|#hostname:gpu-0-1.local,1771250384,ded4cf61-8a2e-4ed7-834b-719634822fe4, pattern=[METRICS]
2026-02-16T15:59:44,406 [INFO ] W-9000-resnet-18_1.0 org.pytorch.serve.wlm.BatchAggregator - Sending response for jobId ded4cf61-8a2e-4ed7-834b-719634822fe4
2026-02-16T15:59:44,406 [INFO ] W-9000-resnet-18_1.0 ACCESS_LOG - /127.0.0.1:59438 "POST /predictions/resnet-18 HTTP/1.1" 200 126
2026-02-16T15:59:44,407 [DEBUG] W-9000-resnet-18_1.0 org.pytorch.serve.job.RestJob - Waiting time ns: 223872, Backend time ns: 126791323
2026-02-16T15:59:44,407 [INFO ] W-9000-resnet-18_1.0 org.pytorch.serve.wlm.WorkerThread - Backend response time: 123
2026-02-16T15:59:45,538 [DEBUG] W-9000-resnet-18_1.0 org.pytorch.serve.wlm.WorkerThread - Flushing req.cmd PREDICT repeats 1 to backend at: 1771250385538
2026-02-16T15:59:45,539 [INFO ] W-9000-resnet-18_1.0 org.pytorch.serve.wlm.WorkerThread - Looping backend response at: 1771250385539
2026-02-16T15:59:45,541 [INFO ] W-9000-resnet-18_1.0-stdout MODEL_LOG - Backend received inference at: 1771250385
2026-02-16T15:59:45,551 [INFO ] W-9000-resnet-18_1.0-stdout org.pytorch.serve.wlm.WorkerLifeCycle - result=[METRICS]PredictionTime.Milliseconds:9.68|#ModelName:resnet-18,Level:Model|#type:GAUGE|#hostname:gpu-0-1.local,1771250385,cfaf90eb-6844-4240-9335-9cdc3e0e160c, pattern=[METRICS]
2026-02-16T15:59:45,551 [INFO ] W-9000-resnet-18_1.0 org.pytorch.serve.wlm.BatchAggregator - Sending response for jobId cfaf90eb-6844-4240-9335-9cdc3e0e160c
2026-02-16T15:59:45,551 [INFO ] W-9000-resnet-18_1.0 ACCESS_LOG - /127.0.0.1:59440 "POST /predictions/resnet-18 HTTP/1.1" 200 14
2026-02-16T15:59:45,552 [DEBUG] W-9000-resnet-18_1.0 org.pytorch.serve.job.RestJob - Waiting time ns: 120932, Backend time ns: 14161870
2026-02-16T15:59:45,552 [INFO ] W-9000-resnet-18_1.0 org.pytorch.serve.wlm.WorkerThread - Backend response time: 12
2026-02-16T15:59:45,718 [DEBUG] W-9000-resnet-18_1.0 org.pytorch.serve.wlm.WorkerThread - Flushing req.cmd PREDICT repeats 1 to backend at: 1771250385718
2026-02-16T15:59:45,719 [INFO ] W-9000-resnet-18_1.0 org.pytorch.serve.wlm.WorkerThread - Looping backend response at: 1771250385719
2026-02-16T15:59:45,722 [INFO ] W-9000-resnet-18_1.0-stdout MODEL_LOG - Backend received inference at: 1771250385
2026-02-16T15:59:45,731 [INFO ] W-9000-resnet-18_1.0-stdout org.pytorch.serve.wlm.WorkerLifeCycle - result=[METRICS]PredictionTime.Milliseconds:8.58|#ModelName:resnet-18,Level:Model|#type:GAUGE|#hostname:gpu-0-1.local,1771250385,42789e4a-675d-4828-a1f7-44ad3685a4b5, pattern=[METRICS]
2026-02-16T15:59:45,731 [INFO ] W-9000-resnet-18_1.0 org.pytorch.serve.wlm.BatchAggregator - Sending response for jobId 42789e4a-675d-4828-a1f7-44ad3685a4b5
2026-02-16T15:59:45,732 [INFO ] W-9000-resnet-18_1.0 ACCESS_LOG - /127.0.0.1:59442 "POST /predictions/resnet-18 HTTP/1.1" 200 14
2026-02-16T15:59:45,732 [DEBUG] W-9000-resnet-18_1.0 org.pytorch.serve.job.RestJob - Waiting time ns: 113937, Backend time ns: 13781483
2026-02-16T15:59:45,732 [INFO ] W-9000-resnet-18_1.0 org.pytorch.serve.wlm.WorkerThread - Backend response time: 12
2026-02-16T15:59:46,123 [DEBUG] W-9000-resnet-18_1.0 org.pytorch.serve.wlm.WorkerThread - Flushing req.cmd PREDICT repeats 1 to backend at: 1771250386123
2026-02-16T15:59:46,123 [INFO ] W-9000-resnet-18_1.0 org.pytorch.serve.wlm.WorkerThread - Looping backend response at: 1771250386123
2026-02-16T15:59:46,125 [INFO ] W-9000-resnet-18_1.0-stdout MODEL_LOG - Backend received inference at: 1771250386
2026-02-16T15:59:46,133 [INFO ] W-9000-resnet-18_1.0-stdout org.pytorch.serve.wlm.WorkerLifeCycle - result=[METRICS]PredictionTime.Milliseconds:8.11|#ModelName:resnet-18,Level:Model|#type:GAUGE|#hostname:gpu-0-1.local,1771250386,26645195-78d5-4994-87f8-9529f426f973, pattern=[METRICS]
2026-02-16T15:59:46,134 [INFO ] W-9000-resnet-18_1.0 org.pytorch.serve.wlm.BatchAggregator - Sending response for jobId 26645195-78d5-4994-87f8-9529f426f973
2026-02-16T15:59:46,134 [INFO ] W-9000-resnet-18_1.0 ACCESS_LOG - /127.0.0.1:59444 "POST /predictions/resnet-18 HTTP/1.1" 200 12
2026-02-16T15:59:46,135 [DEBUG] W-9000-resnet-18_1.0 org.pytorch.serve.job.RestJob - Waiting time ns: 129119, Backend time ns: 11997943
2026-02-16T15:59:46,135 [INFO ] W-9000-resnet-18_1.0 org.pytorch.serve.wlm.WorkerThread - Backend response time: 10
2026-02-16T15:59:46,767 [DEBUG] W-9000-resnet-18_1.0 org.pytorch.serve.wlm.WorkerThread - Flushing req.cmd PREDICT repeats 1 to backend at: 1771250386767
2026-02-16T15:59:46,768 [INFO ] W-9000-resnet-18_1.0 org.pytorch.serve.wlm.WorkerThread - Looping backend response at: 1771250386768
2026-02-16T15:59:46,774 [INFO ] W-9000-resnet-18_1.0-stdout MODEL_LOG - Backend received inference at: 1771250386
2026-02-16T15:59:46,782 [INFO ] W-9000-resnet-18_1.0-stdout org.pytorch.serve.wlm.WorkerLifeCycle - result=[METRICS]PredictionTime.Milliseconds:8.42|#ModelName:resnet-18,Level:Model|#type:GAUGE|#hostname:gpu-0-1.local,1771250386,958cfd8d-34c8-4d14-8b1d-54b3e7b83ae2, pattern=[METRICS]
2026-02-16T15:59:46,783 [INFO ] W-9000-resnet-18_1.0 org.pytorch.serve.wlm.BatchAggregator - Sending response for jobId 958cfd8d-34c8-4d14-8b1d-54b3e7b83ae2
2026-02-16T15:59:46,784 [INFO ] W-9000-resnet-18_1.0 ACCESS_LOG - /127.0.0.1:59446 "POST /predictions/resnet-18 HTTP/1.1" 200 17
2026-02-16T15:59:46,784 [DEBUG] W-9000-resnet-18_1.0 org.pytorch.serve.job.RestJob - Waiting time ns: 216270, Backend time ns: 16906977
2026-02-16T15:59:46,784 [INFO ] W-9000-resnet-18_1.0 org.pytorch.serve.wlm.WorkerThread - Backend response time: 15
2026-02-16T15:59:48,091 [DEBUG] W-9000-resnet-18_1.0 org.pytorch.serve.wlm.WorkerThread - Flushing req.cmd PREDICT repeats 1 to backend at: 1771250388091
2026-02-16T15:59:48,092 [INFO ] W-9000-resnet-18_1.0 org.pytorch.serve.wlm.WorkerThread - Looping backend response at: 1771250388092
2026-02-16T15:59:48,096 [INFO ] W-9000-resnet-18_1.0-stdout MODEL_LOG - Backend received inference at: 1771250388
2026-02-16T15:59:48,104 [INFO ] W-9000-resnet-18_1.0-stdout org.pytorch.serve.wlm.WorkerLifeCycle - result=[METRICS]PredictionTime.Milliseconds:7.84|#ModelName:resnet-18,Level:Model|#type:GAUGE|#hostname:gpu-0-1.local,1771250388,67606f08-1665-47b5-b628-449ea117eda3, pattern=[METRICS]
2026-02-16T15:59:48,104 [INFO ] W-9000-resnet-18_1.0 org.pytorch.serve.wlm.BatchAggregator - Sending response for jobId 67606f08-1665-47b5-b628-449ea117eda3
2026-02-16T15:59:48,105 [INFO ] W-9000-resnet-18_1.0 ACCESS_LOG - /127.0.0.1:59448 "POST /predictions/resnet-18 HTTP/1.1" 200 15
2026-02-16T15:59:48,105 [DEBUG] W-9000-resnet-18_1.0 org.pytorch.serve.job.RestJob - Waiting time ns: 241875, Backend time ns: 14198884
2026-02-16T15:59:48,105 [INFO ] W-9000-resnet-18_1.0 org.pytorch.serve.wlm.WorkerThread - Backend response time: 12
2026-02-16T15:59:48,426 [DEBUG] W-9000-resnet-18_1.0 org.pytorch.serve.wlm.WorkerThread - Flushing req.cmd PREDICT repeats 1 to backend at: 1771250388426
2026-02-16T15:59:48,427 [INFO ] W-9000-resnet-18_1.0 org.pytorch.serve.wlm.WorkerThread - Looping backend response at: 1771250388427
2026-02-16T15:59:48,428 [INFO ] W-9000-resnet-18_1.0-stdout MODEL_LOG - Backend received inference at: 1771250388
2026-02-16T15:59:48,441 [INFO ] W-9000-resnet-18_1.0-stdout org.pytorch.serve.wlm.WorkerLifeCycle - result=[METRICS]PredictionTime.Milliseconds:12.61|#ModelName:resnet-18,Level:Model|#type:GAUGE|#hostname:gpu-0-1.local,1771250388,57bc0196-39f1-4d58-ab4e-fc3e8c6b77b3, pattern=[METRICS]
2026-02-16T15:59:48,442 [INFO ] W-9000-resnet-18_1.0 org.pytorch.serve.wlm.BatchAggregator - Sending response for jobId 57bc0196-39f1-4d58-ab4e-fc3e8c6b77b3
2026-02-16T15:59:48,442 [INFO ] W-9000-resnet-18_1.0 ACCESS_LOG - /127.0.0.1:59450 "POST /predictions/resnet-18 HTTP/1.1" 200 17
2026-02-16T15:59:48,443 [DEBUG] W-9000-resnet-18_1.0 org.pytorch.serve.job.RestJob - Waiting time ns: 225098, Backend time ns: 17069903
2026-02-16T15:59:48,443 [INFO ] W-9000-resnet-18_1.0 org.pytorch.serve.wlm.WorkerThread - Backend response time: 15
2026-02-16T15:59:50,924 [DEBUG] W-9000-resnet-18_1.0 org.pytorch.serve.wlm.WorkerThread - Flushing req.cmd PREDICT repeats 1 to backend at: 1771250390924
2026-02-16T15:59:50,925 [INFO ] W-9000-resnet-18_1.0 org.pytorch.serve.wlm.WorkerThread - Looping backend response at: 1771250390925
2026-02-16T15:59:50,926 [INFO ] W-9000-resnet-18_1.0-stdout MODEL_LOG - Backend received inference at: 1771250390
2026-02-16T15:59:50,935 [INFO ] W-9000-resnet-18_1.0-stdout org.pytorch.serve.wlm.WorkerLifeCycle - result=[METRICS]PredictionTime.Milliseconds:8.02|#ModelName:resnet-18,Level:Model|#type:GAUGE|#hostname:gpu-0-1.local,1771250390,7032e728-8a14-47b4-9fae-236d94f74128, pattern=[METRICS]
2026-02-16T15:59:50,935 [INFO ] W-9000-resnet-18_1.0 org.pytorch.serve.wlm.BatchAggregator - Sending response for jobId 7032e728-8a14-47b4-9fae-236d94f74128
2026-02-16T15:59:50,935 [INFO ] W-9000-resnet-18_1.0 ACCESS_LOG - /127.0.0.1:59452 "POST /predictions/resnet-18 HTTP/1.1" 200 12
2026-02-16T15:59:50,936 [DEBUG] W-9000-resnet-18_1.0 org.pytorch.serve.job.RestJob - Waiting time ns: 578430, Backend time ns: 11999550
2026-02-16T15:59:50,936 [INFO ] W-9000-resnet-18_1.0 org.pytorch.serve.wlm.WorkerThread - Backend response time: 10
2026-02-16T15:59:51,503 [DEBUG] W-9000-resnet-18_1.0 org.pytorch.serve.wlm.WorkerThread - Flushing req.cmd PREDICT repeats 1 to backend at: 1771250391503
2026-02-16T15:59:51,503 [INFO ] W-9000-resnet-18_1.0 org.pytorch.serve.wlm.WorkerThread - Looping backend response at: 1771250391503
2026-02-16T15:59:51,505 [INFO ] W-9000-resnet-18_1.0-stdout MODEL_LOG - Backend received inference at: 1771250391
2026-02-16T15:59:51,513 [INFO ] W-9000-resnet-18_1.0-stdout org.pytorch.serve.wlm.WorkerLifeCycle - result=[METRICS]PredictionTime.Milliseconds:8.05|#ModelName:resnet-18,Level:Model|#type:GAUGE|#hostname:gpu-0-1.local,1771250391,6d93a83e-8381-45a4-a443-c3df0abcc8a5, pattern=[METRICS]
2026-02-16T15:59:51,514 [INFO ] W-9000-resnet-18_1.0 org.pytorch.serve.wlm.BatchAggregator - Sending response for jobId 6d93a83e-8381-45a4-a443-c3df0abcc8a5
2026-02-16T15:59:51,514 [INFO ] W-9000-resnet-18_1.0 ACCESS_LOG - /127.0.0.1:59454 "POST /predictions/resnet-18 HTTP/1.1" 200 12
2026-02-16T15:59:51,515 [DEBUG] W-9000-resnet-18_1.0 org.pytorch.serve.job.RestJob - Waiting time ns: 205878, Backend time ns: 11883255
2026-02-16T15:59:51,515 [INFO ] W-9000-resnet-18_1.0 org.pytorch.serve.wlm.WorkerThread - Backend response time: 10
2026-02-16T15:59:51,708 [DEBUG] W-9000-resnet-18_1.0 org.pytorch.serve.wlm.WorkerThread - Flushing req.cmd PREDICT repeats 1 to backend at: 1771250391707
2026-02-16T15:59:51,708 [INFO ] W-9000-resnet-18_1.0 org.pytorch.serve.wlm.WorkerThread - Looping backend response at: 1771250391708
2026-02-16T15:59:51,710 [INFO ] W-9000-resnet-18_1.0-stdout MODEL_LOG - Backend received inference at: 1771250391
2026-02-16T15:59:51,718 [INFO ] W-9000-resnet-18_1.0-stdout org.pytorch.serve.wlm.WorkerLifeCycle - result=[METRICS]PredictionTime.Milliseconds:8.14|#ModelName:resnet-18,Level:Model|#type:GAUGE|#hostname:gpu-0-1.local,1771250391,43a07ffa-53f0-42d9-bb1b-982e2584085c, pattern=[METRICS]
2026-02-16T15:59:51,719 [INFO ] W-9000-resnet-18_1.0 org.pytorch.serve.wlm.BatchAggregator - Sending response for jobId 43a07ffa-53f0-42d9-bb1b-982e2584085c
2026-02-16T15:59:51,719 [INFO ] W-9000-resnet-18_1.0 ACCESS_LOG - /127.0.0.1:59456 "POST /predictions/resnet-18 HTTP/1.1" 200 12
2026-02-16T15:59:51,719 [DEBUG] W-9000-resnet-18_1.0 org.pytorch.serve.job.RestJob - Waiting time ns: 131495, Backend time ns: 12008185
2026-02-16T15:59:51,720 [INFO ] W-9000-resnet-18_1.0 org.pytorch.serve.wlm.WorkerThread - Backend response time: 10
2026-02-16T15:59:52,550 [DEBUG] W-9000-resnet-18_1.0 org.pytorch.serve.wlm.WorkerThread - Flushing req.cmd PREDICT repeats 1 to backend at: 1771250392550
2026-02-16T15:59:52,550 [INFO ] W-9000-resnet-18_1.0 org.pytorch.serve.wlm.WorkerThread - Looping backend response at: 1771250392550
2026-02-16T15:59:52,561 [INFO ] W-9000-resnet-18_1.0-stdout MODEL_LOG - Backend received inference at: 1771250392
2026-02-16T15:59:52,570 [INFO ] W-9000-resnet-18_1.0-stdout org.pytorch.serve.wlm.WorkerLifeCycle - result=[METRICS]PredictionTime.Milliseconds:8.05|#ModelName:resnet-18,Level:Model|#type:GAUGE|#hostname:gpu-0-1.local,1771250392,c53a0845-55bf-4a99-b551-90a6dbbaba90, pattern=[METRICS]
2026-02-16T15:59:52,570 [INFO ] W-9000-resnet-18_1.0 org.pytorch.serve.wlm.BatchAggregator - Sending response for jobId c53a0845-55bf-4a99-b551-90a6dbbaba90
2026-02-16T15:59:52,571 [INFO ] W-9000-resnet-18_1.0 ACCESS_LOG - /127.0.0.1:59458 "POST /predictions/resnet-18 HTTP/1.1" 200 22
2026-02-16T15:59:52,571 [DEBUG] W-9000-resnet-18_1.0 org.pytorch.serve.job.RestJob - Waiting time ns: 206621, Backend time ns: 21338521
2026-02-16T15:59:52,571 [INFO ] W-9000-resnet-18_1.0 org.pytorch.serve.wlm.WorkerThread - Backend response time: 19
2026-02-16T15:59:58,962 [DEBUG] W-9000-resnet-18_1.0 org.pytorch.serve.wlm.WorkerThread - Flushing req.cmd PREDICT repeats 1 to backend at: 1771250398961
2026-02-16T15:59:58,963 [INFO ] W-9000-resnet-18_1.0 org.pytorch.serve.wlm.WorkerThread - Looping backend response at: 1771250398963
2026-02-16T15:59:58,964 [INFO ] W-9000-resnet-18_1.0-stdout MODEL_LOG - Backend received inference at: 1771250398
2026-02-16T15:59:58,974 [INFO ] W-9000-resnet-18_1.0-stdout org.pytorch.serve.wlm.WorkerLifeCycle - result=[METRICS]PredictionTime.Milliseconds:8.68|#ModelName:resnet-18,Level:Model|#type:GAUGE|#hostname:gpu-0-1.local,1771250398,b7ff49d4-a89d-4689-94b9-5c188a622dab, pattern=[METRICS]
2026-02-16T15:59:58,975 [INFO ] W-9000-resnet-18_1.0 org.pytorch.serve.wlm.BatchAggregator - Sending response for jobId b7ff49d4-a89d-4689-94b9-5c188a622dab
2026-02-16T15:59:58,975 [INFO ] W-9000-resnet-18_1.0 ACCESS_LOG - /127.0.0.1:59460 "POST /predictions/resnet-18 HTTP/1.1" 200 14
2026-02-16T15:59:58,976 [DEBUG] W-9000-resnet-18_1.0 org.pytorch.serve.job.RestJob - Waiting time ns: 129929, Backend time ns: 14282365
2026-02-16T15:59:58,976 [INFO ] W-9000-resnet-18_1.0 org.pytorch.serve.wlm.WorkerThread - Backend response time: 11
2026-02-16T16:00:00,981 [DEBUG] W-9000-resnet-18_1.0 org.pytorch.serve.wlm.WorkerThread - Flushing req.cmd PREDICT repeats 1 to backend at: 1771250400980
2026-02-16T16:00:00,981 [INFO ] W-9000-resnet-18_1.0 org.pytorch.serve.wlm.WorkerThread - Looping backend response at: 1771250400981
2026-02-16T16:00:00,984 [INFO ] W-9000-resnet-18_1.0-stdout MODEL_LOG - Backend received inference at: 1771250400
2026-02-16T16:00:00,993 [INFO ] W-9000-resnet-18_1.0-stdout org.pytorch.serve.wlm.WorkerLifeCycle - result=[METRICS]PredictionTime.Milliseconds:8.18|#ModelName:resnet-18,Level:Model|#type:GAUGE|#hostname:gpu-0-1.local,1771250400,eade33ae-7798-4fa8-b56e-cce25e906f5b, pattern=[METRICS]
2026-02-16T16:00:00,994 [INFO ] W-9000-resnet-18_1.0 org.pytorch.serve.wlm.BatchAggregator - Sending response for jobId eade33ae-7798-4fa8-b56e-cce25e906f5b
2026-02-16T16:00:00,994 [INFO ] W-9000-resnet-18_1.0 ACCESS_LOG - /127.0.0.1:59462 "POST /predictions/resnet-18 HTTP/1.1" 200 14
2026-02-16T16:00:00,995 [DEBUG] W-9000-resnet-18_1.0 org.pytorch.serve.job.RestJob - Waiting time ns: 192284, Backend time ns: 14334321
2026-02-16T16:00:00,995 [INFO ] W-9000-resnet-18_1.0 org.pytorch.serve.wlm.WorkerThread - Backend response time: 13
2026-02-16T16:00:01,119 [DEBUG] W-9000-resnet-18_1.0 org.pytorch.serve.wlm.WorkerThread - Flushing req.cmd PREDICT repeats 1 to backend at: 1771250401119
2026-02-16T16:00:01,121 [INFO ] W-9000-resnet-18_1.0 org.pytorch.serve.wlm.WorkerThread - Looping backend response at: 1771250401121
2026-02-16T16:00:01,122 [INFO ] W-9000-resnet-18_1.0-stdout MODEL_LOG - Backend received inference at: 1771250401
2026-02-16T16:00:01,131 [INFO ] W-9000-resnet-18_1.0-stdout org.pytorch.serve.wlm.WorkerLifeCycle - result=[METRICS]PredictionTime.Milliseconds:8.6|#ModelName:resnet-18,Level:Model|#type:GAUGE|#hostname:gpu-0-1.local,1771250401,a6cb2fc8-8282-45eb-a883-b62ec2072d87, pattern=[METRICS]
2026-02-16T16:00:01,134 [INFO ] W-9000-resnet-18_1.0 org.pytorch.serve.wlm.BatchAggregator - Sending response for jobId a6cb2fc8-8282-45eb-a883-b62ec2072d87
2026-02-16T16:00:01,134 [INFO ] W-9000-resnet-18_1.0 ACCESS_LOG - /127.0.0.1:59464 "POST /predictions/resnet-18 HTTP/1.1" 200 16
2026-02-16T16:00:01,135 [DEBUG] W-9000-resnet-18_1.0 org.pytorch.serve.job.RestJob - Waiting time ns: 144623, Backend time ns: 15679122
2026-02-16T16:00:01,135 [INFO ] W-9000-resnet-18_1.0 org.pytorch.serve.wlm.WorkerThread - Backend response time: 13
2026-02-16T16:00:01,135 [DEBUG] W-9000-resnet-18_1.0 org.pytorch.serve.wlm.WorkerThread - Flushing req.cmd PREDICT repeats 1 to backend at: 1771250401135
2026-02-16T16:00:01,136 [INFO ] W-9000-resnet-18_1.0 org.pytorch.serve.wlm.WorkerThread - Looping backend response at: 1771250401136
2026-02-16T16:00:01,139 [INFO ] W-9000-resnet-18_1.0-stdout MODEL_LOG - Backend received inference at: 1771250401
2026-02-16T16:00:01,144 [INFO ] W-9000-resnet-18_1.0-stdout org.pytorch.serve.wlm.WorkerLifeCycle - result=[METRICS]PredictionTime.Milliseconds:7.28|#ModelName:resnet-18,Level:Model|#type:GAUGE|#hostname:gpu-0-1.local,1771250401,6598f2eb-9195-42e2-bf3d-8a3cb807cae3, pattern=[METRICS]
2026-02-16T16:00:01,145 [INFO ] W-9000-resnet-18_1.0 org.pytorch.serve.wlm.BatchAggregator - Sending response for jobId 6598f2eb-9195-42e2-bf3d-8a3cb807cae3
2026-02-16T16:00:01,145 [INFO ] W-9000-resnet-18_1.0 ACCESS_LOG - /127.0.0.1:59466 "POST /predictions/resnet-18 HTTP/1.1" 200 13
2026-02-16T16:00:01,146 [DEBUG] W-9000-resnet-18_1.0 org.pytorch.serve.job.RestJob - Waiting time ns: 2673494, Backend time ns: 10703045
2026-02-16T16:00:01,146 [INFO ] W-9000-resnet-18_1.0 org.pytorch.serve.wlm.WorkerThread - Backend response time: 9
2026-02-16T16:00:02,250 [DEBUG] W-9000-resnet-18_1.0 org.pytorch.serve.wlm.WorkerThread - Flushing req.cmd PREDICT repeats 1 to backend at: 1771250402250
2026-02-16T16:00:02,250 [INFO ] W-9000-resnet-18_1.0 org.pytorch.serve.wlm.WorkerThread - Looping backend response at: 1771250402250
2026-02-16T16:00:02,252 [INFO ] W-9000-resnet-18_1.0-stdout MODEL_LOG - Backend received inference at: 1771250402
2026-02-16T16:00:02,258 [INFO ] W-9000-resnet-18_1.0-stdout org.pytorch.serve.wlm.WorkerLifeCycle - result=[METRICS]PredictionTime.Milliseconds:6.44|#ModelName:resnet-18,Level:Model|#type:GAUGE|#hostname:gpu-0-1.local,1771250402,03671f86-6701-4597-9802-eea56f2372b0, pattern=[METRICS]
2026-02-16T16:00:02,259 [INFO ] W-9000-resnet-18_1.0 org.pytorch.serve.wlm.BatchAggregator - Sending response for jobId 03671f86-6701-4597-9802-eea56f2372b0
2026-02-16T16:00:02,259 [INFO ] W-9000-resnet-18_1.0 ACCESS_LOG - /127.0.0.1:59468 "POST /predictions/resnet-18 HTTP/1.1" 200 10
2026-02-16T16:00:02,260 [DEBUG] W-9000-resnet-18_1.0 org.pytorch.serve.job.RestJob - Waiting time ns: 121245, Backend time ns: 10067162
2026-02-16T16:00:02,260 [INFO ] W-9000-resnet-18_1.0 org.pytorch.serve.wlm.WorkerThread - Backend response time: 9
2026-02-16T16:00:06,098 [DEBUG] W-9000-resnet-18_1.0 org.pytorch.serve.wlm.WorkerThread - Flushing req.cmd PREDICT repeats 1 to backend at: 1771250406098
2026-02-16T16:00:06,099 [INFO ] W-9000-resnet-18_1.0 org.pytorch.serve.wlm.WorkerThread - Looping backend response at: 1771250406099
2026-02-16T16:00:06,101 [INFO ] W-9000-resnet-18_1.0-stdout MODEL_LOG - Backend received inference at: 1771250406
2026-02-16T16:00:06,110 [INFO ] W-9000-resnet-18_1.0-stdout org.pytorch.serve.wlm.WorkerLifeCycle - result=[METRICS]PredictionTime.Milliseconds:8.71|#ModelName:resnet-18,Level:Model|#type:GAUGE|#hostname:gpu-0-1.local,1771250406,fc5e96c3-22c8-4b20-bf1e-2af7020f4eac, pattern=[METRICS]
2026-02-16T16:00:06,111 [INFO ] W-9000-resnet-18_1.0 org.pytorch.serve.wlm.BatchAggregator - Sending response for jobId fc5e96c3-22c8-4b20-bf1e-2af7020f4eac
2026-02-16T16:00:06,111 [INFO ] W-9000-resnet-18_1.0 ACCESS_LOG - /127.0.0.1:59470 "POST /predictions/resnet-18 HTTP/1.1" 200 14
2026-02-16T16:00:06,111 [DEBUG] W-9000-resnet-18_1.0 org.pytorch.serve.job.RestJob - Waiting time ns: 126584, Backend time ns: 13763375
2026-02-16T16:00:06,112 [INFO ] W-9000-resnet-18_1.0 org.pytorch.serve.wlm.WorkerThread - Backend response time: 11
2026-02-16T16:00:07,408 [DEBUG] W-9000-resnet-18_1.0 org.pytorch.serve.wlm.WorkerThread - Flushing req.cmd PREDICT repeats 1 to backend at: 1771250407408
2026-02-16T16:00:07,408 [INFO ] W-9000-resnet-18_1.0 org.pytorch.serve.wlm.WorkerThread - Looping backend response at: 1771250407408
2026-02-16T16:00:07,410 [INFO ] W-9000-resnet-18_1.0-stdout MODEL_LOG - Backend received inference at: 1771250407
2026-02-16T16:00:07,419 [INFO ] W-9000-resnet-18_1.0-stdout org.pytorch.serve.wlm.WorkerLifeCycle - result=[METRICS]PredictionTime.Milliseconds:8.72|#ModelName:resnet-18,Level:Model|#type:GAUGE|#hostname:gpu-0-1.local,1771250407,f7a5e8b4-fa8c-48fc-9f75-070971bd8adf, pattern=[METRICS]
2026-02-16T16:00:07,420 [INFO ] W-9000-resnet-18_1.0 org.pytorch.serve.wlm.BatchAggregator - Sending response for jobId f7a5e8b4-fa8c-48fc-9f75-070971bd8adf
2026-02-16T16:00:07,421 [INFO ] W-9000-resnet-18_1.0 ACCESS_LOG - /127.0.0.1:59472 "POST /predictions/resnet-18 HTTP/1.1" 200 14
2026-02-16T16:00:07,421 [DEBUG] W-9000-resnet-18_1.0 org.pytorch.serve.job.RestJob - Waiting time ns: 124406, Backend time ns: 13761635
2026-02-16T16:00:07,422 [INFO ] W-9000-resnet-18_1.0 org.pytorch.serve.wlm.WorkerThread - Backend response time: 12
2026-02-16T16:00:07,571 [DEBUG] W-9000-resnet-18_1.0 org.pytorch.serve.wlm.WorkerThread - Flushing req.cmd PREDICT repeats 1 to backend at: 1771250407571
2026-02-16T16:00:07,575 [INFO ] W-9000-resnet-18_1.0 org.pytorch.serve.wlm.WorkerThread - Looping backend response at: 1771250407575
2026-02-16T16:00:07,583 [INFO ] W-9000-resnet-18_1.0-stdout MODEL_LOG - Backend received inference at: 1771250407
2026-02-16T16:00:07,587 [INFO ] W-9000-resnet-18_1.0-stdout org.pytorch.serve.wlm.WorkerLifeCycle - result=[METRICS]PredictionTime.Milliseconds:10.3|#ModelName:resnet-18,Level:Model|#type:GAUGE|#hostname:gpu-0-1.local,1771250407,61f92101-a640-4034-a453-652d822ce918, pattern=[METRICS]
2026-02-16T16:00:07,588 [INFO ] W-9000-resnet-18_1.0 org.pytorch.serve.wlm.BatchAggregator - Sending response for jobId 61f92101-a640-4034-a453-652d822ce918
2026-02-16T16:00:07,588 [INFO ] W-9000-resnet-18_1.0 ACCESS_LOG - /127.0.0.1:59474 "POST /predictions/resnet-18 HTTP/1.1" 200 17
2026-02-16T16:00:07,588 [DEBUG] W-9000-resnet-18_1.0 org.pytorch.serve.job.RestJob - Waiting time ns: 117704, Backend time ns: 17077274
2026-02-16T16:00:07,589 [INFO ] W-9000-resnet-18_1.0 org.pytorch.serve.wlm.WorkerThread - Backend response time: 13
2026-02-16T16:00:08,456 [DEBUG] W-9000-resnet-18_1.0 org.pytorch.serve.wlm.WorkerThread - Flushing req.cmd PREDICT repeats 1 to backend at: 1771250408456
2026-02-16T16:00:08,456 [INFO ] W-9000-resnet-18_1.0 org.pytorch.serve.wlm.WorkerThread - Looping backend response at: 1771250408456
2026-02-16T16:00:08,458 [INFO ] W-9000-resnet-18_1.0-stdout MODEL_LOG - Backend received inference at: 1771250408
2026-02-16T16:00:08,467 [INFO ] W-9000-resnet-18_1.0-stdout org.pytorch.serve.wlm.WorkerLifeCycle - result=[METRICS]PredictionTime.Milliseconds:8.55|#ModelName:resnet-18,Level:Model|#type:GAUGE|#hostname:gpu-0-1.local,1771250408,6d29093d-adfe-4c2b-81dc-c66ce2ce3478, pattern=[METRICS]
2026-02-16T16:00:08,467 [INFO ] W-9000-resnet-18_1.0 org.pytorch.serve.wlm.BatchAggregator - Sending response for jobId 6d29093d-adfe-4c2b-81dc-c66ce2ce3478
2026-02-16T16:00:08,467 [INFO ] W-9000-resnet-18_1.0 ACCESS_LOG - /127.0.0.1:59476 "POST /predictions/resnet-18 HTTP/1.1" 200 12
2026-02-16T16:00:08,468 [DEBUG] W-9000-resnet-18_1.0 org.pytorch.serve.job.RestJob - Waiting time ns: 125243, Backend time ns: 11985541
2026-02-16T16:00:08,468 [INFO ] W-9000-resnet-18_1.0 org.pytorch.serve.wlm.WorkerThread - Backend response time: 10
2026-02-16T16:00:08,574 [DEBUG] W-9000-resnet-18_1.0 org.pytorch.serve.wlm.WorkerThread - Flushing req.cmd PREDICT repeats 1 to backend at: 1771250408574
2026-02-16T16:00:08,575 [INFO ] W-9000-resnet-18_1.0 org.pytorch.serve.wlm.WorkerThread - Looping backend response at: 1771250408575
2026-02-16T16:00:08,576 [INFO ] W-9000-resnet-18_1.0-stdout MODEL_LOG - Backend received inference at: 1771250408
2026-02-16T16:00:08,586 [INFO ] W-9000-resnet-18_1.0-stdout org.pytorch.serve.wlm.WorkerLifeCycle - result=[METRICS]PredictionTime.Milliseconds:8.75|#ModelName:resnet-18,Level:Model|#type:GAUGE|#hostname:gpu-0-1.local,1771250408,7dec14c3-fd71-4892-8079-ac41619c8291, pattern=[METRICS]
2026-02-16T16:00:08,586 [INFO ] W-9000-resnet-18_1.0 org.pytorch.serve.wlm.BatchAggregator - Sending response for jobId 7dec14c3-fd71-4892-8079-ac41619c8291
2026-02-16T16:00:08,587 [INFO ] W-9000-resnet-18_1.0 ACCESS_LOG - /127.0.0.1:59478 "POST /predictions/resnet-18 HTTP/1.1" 200 13
2026-02-16T16:00:08,587 [DEBUG] W-9000-resnet-18_1.0 org.pytorch.serve.job.RestJob - Waiting time ns: 123863, Backend time ns: 12957709
2026-02-16T16:00:08,587 [INFO ] W-9000-resnet-18_1.0 org.pytorch.serve.wlm.WorkerThread - Backend response time: 11
2026-02-16T16:00:08,746 [DEBUG] W-9000-resnet-18_1.0 org.pytorch.serve.wlm.WorkerThread - Flushing req.cmd PREDICT repeats 1 to backend at: 1771250408746
2026-02-16T16:00:08,747 [INFO ] W-9000-resnet-18_1.0 org.pytorch.serve.wlm.WorkerThread - Looping backend response at: 1771250408747
2026-02-16T16:00:08,755 [INFO ] W-9000-resnet-18_1.0-stdout MODEL_LOG - Backend received inference at: 1771250408
2026-02-16T16:00:08,757 [INFO ] W-9000-resnet-18_1.0-stdout org.pytorch.serve.wlm.WorkerLifeCycle - result=[METRICS]PredictionTime.Milliseconds:8.08|#ModelName:resnet-18,Level:Model|#type:GAUGE|#hostname:gpu-0-1.local,1771250408,1d6fd62f-9be2-4485-a45e-498a6df6cb74, pattern=[METRICS]
2026-02-16T16:00:08,758 [INFO ] W-9000-resnet-18_1.0 org.pytorch.serve.wlm.BatchAggregator - Sending response for jobId 1d6fd62f-9be2-4485-a45e-498a6df6cb74
2026-02-16T16:00:08,758 [INFO ] W-9000-resnet-18_1.0 ACCESS_LOG - /127.0.0.1:59480 "POST /predictions/resnet-18 HTTP/1.1" 200 12
2026-02-16T16:00:08,759 [DEBUG] W-9000-resnet-18_1.0 org.pytorch.serve.job.RestJob - Waiting time ns: 160862, Backend time ns: 12539910
2026-02-16T16:00:08,759 [INFO ] W-9000-resnet-18_1.0 org.pytorch.serve.wlm.WorkerThread - Backend response time: 11
2026-02-16T16:00:09,966 [DEBUG] W-9000-resnet-18_1.0 org.pytorch.serve.wlm.WorkerThread - Flushing req.cmd PREDICT repeats 1 to backend at: 1771250409965
2026-02-16T16:00:09,968 [INFO ] W-9000-resnet-18_1.0 org.pytorch.serve.wlm.WorkerThread - Looping backend response at: 1771250409968
2026-02-16T16:00:09,969 [INFO ] W-9000-resnet-18_1.0-stdout MODEL_LOG - Backend received inference at: 1771250409
2026-02-16T16:00:09,978 [INFO ] W-9000-resnet-18_1.0-stdout org.pytorch.serve.wlm.WorkerLifeCycle - result=[METRICS]PredictionTime.Milliseconds:8.05|#ModelName:resnet-18,Level:Model|#type:GAUGE|#hostname:gpu-0-1.local,1771250409,df8b3049-5301-433d-9570-82ce3ba4b86d, pattern=[METRICS]
2026-02-16T16:00:09,978 [INFO ] W-9000-resnet-18_1.0 org.pytorch.serve.wlm.BatchAggregator - Sending response for jobId df8b3049-5301-433d-9570-82ce3ba4b86d
2026-02-16T16:00:09,978 [INFO ] W-9000-resnet-18_1.0 ACCESS_LOG - /127.0.0.1:59482 "POST /predictions/resnet-18 HTTP/1.1" 200 13
2026-02-16T16:00:09,979 [DEBUG] W-9000-resnet-18_1.0 org.pytorch.serve.job.RestJob - Waiting time ns: 120414, Backend time ns: 13425493
2026-02-16T16:00:09,979 [INFO ] W-9000-resnet-18_1.0 org.pytorch.serve.wlm.WorkerThread - Backend response time: 10
2026-02-16T16:00:10,068 [DEBUG] W-9000-resnet-18_1.0 org.pytorch.serve.wlm.WorkerThread - Flushing req.cmd PREDICT repeats 1 to backend at: 1771250410068
2026-02-16T16:00:10,068 [INFO ] W-9000-resnet-18_1.0 org.pytorch.serve.wlm.WorkerThread - Looping backend response at: 1771250410068
2026-02-16T16:00:10,070 [INFO ] W-9000-resnet-18_1.0-stdout MODEL_LOG - Backend received inference at: 1771250410
2026-02-16T16:00:10,078 [INFO ] W-9000-resnet-18_1.0-stdout org.pytorch.serve.wlm.WorkerLifeCycle - result=[METRICS]PredictionTime.Milliseconds:8.15|#ModelName:resnet-18,Level:Model|#type:GAUGE|#hostname:gpu-0-1.local,1771250410,a2467bfa-3621-483c-b651-e8f35c8ca7bc, pattern=[METRICS]
2026-02-16T16:00:10,079 [INFO ] W-9000-resnet-18_1.0 org.pytorch.serve.wlm.BatchAggregator - Sending response for jobId a2467bfa-3621-483c-b651-e8f35c8ca7bc
2026-02-16T16:00:10,079 [INFO ] W-9000-resnet-18_1.0 ACCESS_LOG - /127.0.0.1:59484 "POST /predictions/resnet-18 HTTP/1.1" 200 12
2026-02-16T16:00:10,080 [DEBUG] W-9000-resnet-18_1.0 org.pytorch.serve.job.RestJob - Waiting time ns: 127357, Backend time ns: 12012224
2026-02-16T16:00:10,080 [INFO ] W-9000-resnet-18_1.0 org.pytorch.serve.wlm.WorkerThread - Backend response time: 11
2026-02-16T16:00:10,087 [DEBUG] W-9000-resnet-18_1.0 org.pytorch.serve.wlm.WorkerThread - Flushing req.cmd PREDICT repeats 1 to backend at: 1771250410087
2026-02-16T16:00:10,088 [INFO ] W-9000-resnet-18_1.0 org.pytorch.serve.wlm.WorkerThread - Looping backend response at: 1771250410088
2026-02-16T16:00:10,089 [INFO ] W-9000-resnet-18_1.0-stdout MODEL_LOG - Backend received inference at: 1771250410
2026-02-16T16:00:10,096 [INFO ] W-9000-resnet-18_1.0-stdout org.pytorch.serve.wlm.WorkerLifeCycle - result=[METRICS]PredictionTime.Milliseconds:7.33|#ModelName:resnet-18,Level:Model|#type:GAUGE|#hostname:gpu-0-1.local,1771250410,67f5e1da-8dd5-49b3-b553-789fbcd150e0, pattern=[METRICS]
2026-02-16T16:00:10,097 [INFO ] W-9000-resnet-18_1.0 org.pytorch.serve.wlm.BatchAggregator - Sending response for jobId 67f5e1da-8dd5-49b3-b553-789fbcd150e0
2026-02-16T16:00:10,098 [INFO ] W-9000-resnet-18_1.0 ACCESS_LOG - /127.0.0.1:59486 "POST /predictions/resnet-18 HTTP/1.1" 200 11
2026-02-16T16:00:10,098 [DEBUG] W-9000-resnet-18_1.0 org.pytorch.serve.job.RestJob - Waiting time ns: 93674, Backend time ns: 10675212
2026-02-16T16:00:10,098 [INFO ] W-9000-resnet-18_1.0 org.pytorch.serve.wlm.WorkerThread - Backend response time: 9
2026-02-16T16:00:10,639 [DEBUG] W-9000-resnet-18_1.0 org.pytorch.serve.wlm.WorkerThread - Flushing req.cmd PREDICT repeats 1 to backend at: 1771250410639
2026-02-16T16:00:10,639 [INFO ] W-9000-resnet-18_1.0 org.pytorch.serve.wlm.WorkerThread - Looping backend response at: 1771250410639
2026-02-16T16:00:10,640 [INFO ] W-9000-resnet-18_1.0-stdout MODEL_LOG - Backend received inference at: 1771250410
2026-02-16T16:00:10,651 [INFO ] W-9000-resnet-18_1.0 org.pytorch.serve.wlm.BatchAggregator - Sending response for jobId 9138effd-fd7b-40e7-8c03-19a45332239d
2026-02-16T16:00:10,651 [INFO ] W-9000-resnet-18_1.0-stdout org.pytorch.serve.wlm.WorkerLifeCycle - result=[METRICS]PredictionTime.Milliseconds:9.16|#ModelName:resnet-18,Level:Model|#type:GAUGE|#hostname:gpu-0-1.local,1771250410,9138effd-fd7b-40e7-8c03-19a45332239d, pattern=[METRICS]
2026-02-16T16:00:10,651 [INFO ] W-9000-resnet-18_1.0 ACCESS_LOG - /127.0.0.1:59488 "POST /predictions/resnet-18 HTTP/1.1" 200 13
2026-02-16T16:00:10,651 [DEBUG] W-9000-resnet-18_1.0 org.pytorch.serve.job.RestJob - Waiting time ns: 215682, Backend time ns: 12765777
2026-02-16T16:00:10,652 [INFO ] W-9000-resnet-18_1.0 org.pytorch.serve.wlm.WorkerThread - Backend response time: 12
2026-02-16T16:00:10,652 [DEBUG] W-9000-resnet-18_1.0 org.pytorch.serve.wlm.WorkerThread - Flushing req.cmd PREDICT repeats 1 to backend at: 1771250410652
2026-02-16T16:00:10,652 [INFO ] W-9000-resnet-18_1.0 org.pytorch.serve.wlm.WorkerThread - Looping backend response at: 1771250410652
2026-02-16T16:00:10,656 [INFO ] W-9000-resnet-18_1.0-stdout MODEL_LOG - Backend received inference at: 1771250410
2026-02-16T16:00:10,661 [INFO ] W-9000-resnet-18_1.0-stdout org.pytorch.serve.wlm.WorkerLifeCycle - result=[METRICS]PredictionTime.Milliseconds:7.56|#ModelName:resnet-18,Level:Model|#type:GAUGE|#hostname:gpu-0-1.local,1771250410,cb3bd36e-afad-4f19-9c71-8c1ccf916014, pattern=[METRICS]
2026-02-16T16:00:10,662 [INFO ] W-9000-resnet-18_1.0 org.pytorch.serve.wlm.BatchAggregator - Sending response for jobId cb3bd36e-afad-4f19-9c71-8c1ccf916014
2026-02-16T16:00:10,662 [INFO ] W-9000-resnet-18_1.0 ACCESS_LOG - /127.0.0.1:59490 "POST /predictions/resnet-18 HTTP/1.1" 200 15
2026-02-16T16:00:10,662 [DEBUG] W-9000-resnet-18_1.0 org.pytorch.serve.job.RestJob - Waiting time ns: 4973783, Backend time ns: 10503850
2026-02-16T16:00:10,662 [INFO ] W-9000-resnet-18_1.0 org.pytorch.serve.wlm.WorkerThread - Backend response time: 10
2026-02-16T16:00:12,605 [DEBUG] W-9000-resnet-18_1.0 org.pytorch.serve.wlm.WorkerThread - Flushing req.cmd PREDICT repeats 1 to backend at: 1771250412604
2026-02-16T16:00:12,606 [INFO ] W-9000-resnet-18_1.0 org.pytorch.serve.wlm.WorkerThread - Looping backend response at: 1771250412606
2026-02-16T16:00:12,607 [INFO ] W-9000-resnet-18_1.0-stdout MODEL_LOG - Backend received inference at: 1771250412
2026-02-16T16:00:12,616 [INFO ] W-9000-resnet-18_1.0-stdout org.pytorch.serve.wlm.WorkerLifeCycle - result=[METRICS]PredictionTime.Milliseconds:8.58|#ModelName:resnet-18,Level:Model|#type:GAUGE|#hostname:gpu-0-1.local,1771250412,8182aad9-9369-4e9a-9a44-bd63a39e1fb6, pattern=[METRICS]
2026-02-16T16:00:12,617 [INFO ] W-9000-resnet-18_1.0 org.pytorch.serve.wlm.BatchAggregator - Sending response for jobId 8182aad9-9369-4e9a-9a44-bd63a39e1fb6
2026-02-16T16:00:12,617 [INFO ] W-9000-resnet-18_1.0 ACCESS_LOG - /127.0.0.1:59492 "POST /predictions/resnet-18 HTTP/1.1" 200 16
2026-02-16T16:00:12,618 [DEBUG] W-9000-resnet-18_1.0 org.pytorch.serve.job.RestJob - Waiting time ns: 3568809, Backend time ns: 13557656
2026-02-16T16:00:12,618 [INFO ] W-9000-resnet-18_1.0 org.pytorch.serve.wlm.WorkerThread - Backend response time: 11
2026-02-16T16:00:13,365 [DEBUG] W-9000-resnet-18_1.0 org.pytorch.serve.wlm.WorkerThread - Flushing req.cmd PREDICT repeats 1 to backend at: 1771250413365
2026-02-16T16:00:13,365 [INFO ] W-9000-resnet-18_1.0 org.pytorch.serve.wlm.WorkerThread - Looping backend response at: 1771250413365
2026-02-16T16:00:13,366 [INFO ] W-9000-resnet-18_1.0-stdout MODEL_LOG - Backend received inference at: 1771250413
2026-02-16T16:00:13,375 [INFO ] W-9000-resnet-18_1.0-stdout org.pytorch.serve.wlm.WorkerLifeCycle - result=[METRICS]PredictionTime.Milliseconds:8.06|#ModelName:resnet-18,Level:Model|#type:GAUGE|#hostname:gpu-0-1.local,1771250413,cdc8ac7b-9455-4414-a4a2-c0926a8824e7, pattern=[METRICS]
2026-02-16T16:00:13,376 [INFO ] W-9000-resnet-18_1.0 org.pytorch.serve.wlm.BatchAggregator - Sending response for jobId cdc8ac7b-9455-4414-a4a2-c0926a8824e7
2026-02-16T16:00:13,376 [INFO ] W-9000-resnet-18_1.0 ACCESS_LOG - /127.0.0.1:59494 "POST /predictions/resnet-18 HTTP/1.1" 200 12
2026-02-16T16:00:13,376 [DEBUG] W-9000-resnet-18_1.0 org.pytorch.serve.job.RestJob - Waiting time ns: 111207, Backend time ns: 11636678
2026-02-16T16:00:13,376 [INFO ] W-9000-resnet-18_1.0 org.pytorch.serve.wlm.WorkerThread - Backend response time: 11
2026-02-16T16:00:13,811 [DEBUG] W-9000-resnet-18_1.0 org.pytorch.serve.wlm.WorkerThread - Flushing req.cmd PREDICT repeats 1 to backend at: 1771250413811
2026-02-16T16:00:13,812 [INFO ] W-9000-resnet-18_1.0 org.pytorch.serve.wlm.WorkerThread - Looping backend response at: 1771250413811
2026-02-16T16:00:13,813 [INFO ] W-9000-resnet-18_1.0-stdout MODEL_LOG - Backend received inference at: 1771250413
2026-02-16T16:00:13,822 [INFO ] W-9000-resnet-18_1.0 org.pytorch.serve.wlm.BatchAggregator - Sending response for jobId 5b4eac93-0421-4862-b64b-458f908dab00
2026-02-16T16:00:13,823 [INFO ] W-9000-resnet-18_1.0 ACCESS_LOG - /127.0.0.1:59496 "POST /predictions/resnet-18 HTTP/1.1" 200 12
2026-02-16T16:00:13,823 [DEBUG] W-9000-resnet-18_1.0 org.pytorch.serve.job.RestJob - Waiting time ns: 124020, Backend time ns: 12081847
2026-02-16T16:00:13,823 [INFO ] W-9000-resnet-18_1.0 org.pytorch.serve.wlm.WorkerThread - Backend response time: 10
2026-02-16T16:00:13,824 [INFO ] W-9000-resnet-18_1.0-stdout org.pytorch.serve.wlm.WorkerLifeCycle - result=[METRICS]PredictionTime.Milliseconds:8.53|#ModelName:resnet-18,Level:Model|#type:GAUGE|#hostname:gpu-0-1.local,1771250413,5b4eac93-0421-4862-b64b-458f908dab00, pattern=[METRICS]
2026-02-16T16:00:15,997 [DEBUG] W-9000-resnet-18_1.0 org.pytorch.serve.wlm.WorkerThread - Flushing req.cmd PREDICT repeats 1 to backend at: 1771250415997
2026-02-16T16:00:15,998 [INFO ] W-9000-resnet-18_1.0 org.pytorch.serve.wlm.WorkerThread - Looping backend response at: 1771250415998
2026-02-16T16:00:15,999 [INFO ] W-9000-resnet-18_1.0-stdout MODEL_LOG - Backend received inference at: 1771250415
2026-02-16T16:00:16,008 [INFO ] W-9000-resnet-18_1.0-stdout org.pytorch.serve.wlm.WorkerLifeCycle - result=[METRICS]PredictionTime.Milliseconds:8.4|#ModelName:resnet-18,Level:Model|#type:GAUGE|#hostname:gpu-0-1.local,1771250416,2c7cdea3-d01b-466f-985d-1942c14f231a, pattern=[METRICS]
2026-02-16T16:00:16,008 [INFO ] W-9000-resnet-18_1.0 org.pytorch.serve.wlm.BatchAggregator - Sending response for jobId 2c7cdea3-d01b-466f-985d-1942c14f231a
2026-02-16T16:00:16,009 [INFO ] W-9000-resnet-18_1.0 ACCESS_LOG - /127.0.0.1:59498 "POST /predictions/resnet-18 HTTP/1.1" 200 12
2026-02-16T16:00:16,009 [DEBUG] W-9000-resnet-18_1.0 org.pytorch.serve.job.RestJob - Waiting time ns: 115030, Backend time ns: 11729696
2026-02-16T16:00:16,009 [INFO ] W-9000-resnet-18_1.0 org.pytorch.serve.wlm.WorkerThread - Backend response time: 10
2026-02-16T16:00:16,817 [DEBUG] W-9000-resnet-18_1.0 org.pytorch.serve.wlm.WorkerThread - Flushing req.cmd PREDICT repeats 1 to backend at: 1771250416817
2026-02-16T16:00:16,818 [INFO ] W-9000-resnet-18_1.0 org.pytorch.serve.wlm.WorkerThread - Looping backend response at: 1771250416818
2026-02-16T16:00:16,819 [INFO ] W-9000-resnet-18_1.0-stdout MODEL_LOG - Backend received inference at: 1771250416
2026-02-16T16:00:16,831 [INFO ] W-9000-resnet-18_1.0-stdout org.pytorch.serve.wlm.WorkerLifeCycle - result=[METRICS]PredictionTime.Milliseconds:11.37|#ModelName:resnet-18,Level:Model|#type:GAUGE|#hostname:gpu-0-1.local,1771250416,42129f10-28ba-4bb3-a7b5-9ffa97c56072, pattern=[METRICS]
2026-02-16T16:00:16,831 [INFO ] W-9000-resnet-18_1.0 org.pytorch.serve.wlm.BatchAggregator - Sending response for jobId 42129f10-28ba-4bb3-a7b5-9ffa97c56072
2026-02-16T16:00:16,832 [INFO ] W-9000-resnet-18_1.0 ACCESS_LOG - /127.0.0.1:59500 "POST /predictions/resnet-18 HTTP/1.1" 200 15
2026-02-16T16:00:16,832 [DEBUG] W-9000-resnet-18_1.0 org.pytorch.serve.job.RestJob - Waiting time ns: 238423, Backend time ns: 15014110
2026-02-16T16:00:16,832 [INFO ] W-9000-resnet-18_1.0 org.pytorch.serve.wlm.WorkerThread - Backend response time: 13
2026-02-16T16:00:19,890 [DEBUG] W-9000-resnet-18_1.0 org.pytorch.serve.wlm.WorkerThread - Flushing req.cmd PREDICT repeats 1 to backend at: 1771250419890
2026-02-16T16:00:19,891 [INFO ] W-9000-resnet-18_1.0 org.pytorch.serve.wlm.WorkerThread - Looping backend response at: 1771250419891
2026-02-16T16:00:19,893 [INFO ] W-9000-resnet-18_1.0-stdout MODEL_LOG - Backend received inference at: 1771250419
2026-02-16T16:00:19,901 [INFO ] W-9000-resnet-18_1.0-stdout org.pytorch.serve.wlm.WorkerLifeCycle - result=[METRICS]PredictionTime.Milliseconds:8.09|#ModelName:resnet-18,Level:Model|#type:GAUGE|#hostname:gpu-0-1.local,1771250419,e41f46bb-4cf2-4d52-babf-df182e0eb7de, pattern=[METRICS]
2026-02-16T16:00:19,902 [INFO ] W-9000-resnet-18_1.0 org.pytorch.serve.wlm.BatchAggregator - Sending response for jobId e41f46bb-4cf2-4d52-babf-df182e0eb7de
2026-02-16T16:00:19,902 [INFO ] W-9000-resnet-18_1.0 ACCESS_LOG - /127.0.0.1:59502 "POST /predictions/resnet-18 HTTP/1.1" 200 12
2026-02-16T16:00:19,903 [DEBUG] W-9000-resnet-18_1.0 org.pytorch.serve.job.RestJob - Waiting time ns: 214556, Backend time ns: 12513555
2026-02-16T16:00:19,903 [INFO ] W-9000-resnet-18_1.0 org.pytorch.serve.wlm.WorkerThread - Backend response time: 11
2026-02-16T16:00:21,568 [DEBUG] W-9000-resnet-18_1.0 org.pytorch.serve.wlm.WorkerThread - Flushing req.cmd PREDICT repeats 1 to backend at: 1771250421568
2026-02-16T16:00:21,569 [INFO ] W-9000-resnet-18_1.0 org.pytorch.serve.wlm.WorkerThread - Looping backend response at: 1771250421569
2026-02-16T16:00:21,570 [INFO ] W-9000-resnet-18_1.0-stdout MODEL_LOG - Backend received inference at: 1771250421
2026-02-16T16:00:21,580 [INFO ] W-9000-resnet-18_1.0-stdout org.pytorch.serve.wlm.WorkerLifeCycle - result=[METRICS]PredictionTime.Milliseconds:9.62|#ModelName:resnet-18,Level:Model|#type:GAUGE|#hostname:gpu-0-1.local,1771250421,16e8eacd-4748-4c32-89f7-e78e49dec4b0, pattern=[METRICS]
2026-02-16T16:00:21,581 [INFO ] W-9000-resnet-18_1.0 org.pytorch.serve.wlm.BatchAggregator - Sending response for jobId 16e8eacd-4748-4c32-89f7-e78e49dec4b0
2026-02-16T16:00:21,581 [INFO ] W-9000-resnet-18_1.0 ACCESS_LOG - /127.0.0.1:59504 "POST /predictions/resnet-18 HTTP/1.1" 200 13
2026-02-16T16:00:21,581 [DEBUG] W-9000-resnet-18_1.0 org.pytorch.serve.job.RestJob - Waiting time ns: 120294, Backend time ns: 13223429
2026-02-16T16:00:21,581 [INFO ] W-9000-resnet-18_1.0 org.pytorch.serve.wlm.WorkerThread - Backend response time: 12
2026-02-16T16:00:23,890 [DEBUG] W-9000-resnet-18_1.0 org.pytorch.serve.wlm.WorkerThread - Flushing req.cmd PREDICT repeats 1 to backend at: 1771250423890
2026-02-16T16:00:23,891 [INFO ] W-9000-resnet-18_1.0 org.pytorch.serve.wlm.WorkerThread - Looping backend response at: 1771250423891
2026-02-16T16:00:23,892 [INFO ] W-9000-resnet-18_1.0-stdout MODEL_LOG - Backend received inference at: 1771250423
2026-02-16T16:00:23,901 [INFO ] W-9000-resnet-18_1.0-stdout org.pytorch.serve.wlm.WorkerLifeCycle - result=[METRICS]PredictionTime.Milliseconds:8.04|#ModelName:resnet-18,Level:Model|#type:GAUGE|#hostname:gpu-0-1.local,1771250423,70b980e1-7aab-43f0-bb3a-bf9e033b4b78, pattern=[METRICS]
2026-02-16T16:00:23,901 [INFO ] W-9000-resnet-18_1.0 org.pytorch.serve.wlm.BatchAggregator - Sending response for jobId 70b980e1-7aab-43f0-bb3a-bf9e033b4b78
2026-02-16T16:00:23,901 [INFO ] W-9000-resnet-18_1.0 ACCESS_LOG - /127.0.0.1:59506 "POST /predictions/resnet-18 HTTP/1.1" 200 11
2026-02-16T16:00:23,901 [DEBUG] W-9000-resnet-18_1.0 org.pytorch.serve.job.RestJob - Waiting time ns: 117106, Backend time ns: 11125049
2026-02-16T16:00:23,902 [INFO ] W-9000-resnet-18_1.0 org.pytorch.serve.wlm.WorkerThread - Backend response time: 10
2026-02-16T16:00:24,507 [DEBUG] W-9000-resnet-18_1.0 org.pytorch.serve.wlm.WorkerThread - Flushing req.cmd PREDICT repeats 1 to backend at: 1771250424507
2026-02-16T16:00:24,507 [INFO ] W-9000-resnet-18_1.0 org.pytorch.serve.wlm.WorkerThread - Looping backend response at: 1771250424507
2026-02-16T16:00:24,509 [INFO ] W-9000-resnet-18_1.0-stdout MODEL_LOG - Backend received inference at: 1771250424
2026-02-16T16:00:24,529 [INFO ] W-9000-resnet-18_1.0-stdout org.pytorch.serve.wlm.WorkerLifeCycle - result=[METRICS]PredictionTime.Milliseconds:7.51|#ModelName:resnet-18,Level:Model|#type:GAUGE|#hostname:gpu-0-1.local,1771250424,491fef91-bd3d-415a-be26-cf7f15d696c0, pattern=[METRICS]
2026-02-16T16:00:24,529 [INFO ] W-9000-resnet-18_1.0 org.pytorch.serve.wlm.BatchAggregator - Sending response for jobId 491fef91-bd3d-415a-be26-cf7f15d696c0
2026-02-16T16:00:24,530 [INFO ] W-9000-resnet-18_1.0 ACCESS_LOG - /127.0.0.1:59508 "POST /predictions/resnet-18 HTTP/1.1" 200 23
2026-02-16T16:00:24,530 [DEBUG] W-9000-resnet-18_1.0 org.pytorch.serve.job.RestJob - Waiting time ns: 126205, Backend time ns: 22915164
2026-02-16T16:00:24,530 [INFO ] W-9000-resnet-18_1.0 org.pytorch.serve.wlm.WorkerThread - Backend response time: 22
2026-02-16T16:00:25,096 [DEBUG] W-9000-resnet-18_1.0 org.pytorch.serve.wlm.WorkerThread - Flushing req.cmd PREDICT repeats 1 to backend at: 1771250425096
2026-02-16T16:00:25,097 [INFO ] W-9000-resnet-18_1.0 org.pytorch.serve.wlm.WorkerThread - Looping backend response at: 1771250425097
2026-02-16T16:00:25,098 [INFO ] W-9000-resnet-18_1.0-stdout MODEL_LOG - Backend received inference at: 1771250425
2026-02-16T16:00:25,107 [INFO ] W-9000-resnet-18_1.0-stdout org.pytorch.serve.wlm.WorkerLifeCycle - result=[METRICS]PredictionTime.Milliseconds:7.98|#ModelName:resnet-18,Level:Model|#type:GAUGE|#hostname:gpu-0-1.local,1771250425,b0b03a6b-840e-4f45-a2f3-fb67ec5969dd, pattern=[METRICS]
2026-02-16T16:00:25,107 [INFO ] W-9000-resnet-18_1.0 org.pytorch.serve.wlm.BatchAggregator - Sending response for jobId b0b03a6b-840e-4f45-a2f3-fb67ec5969dd
2026-02-16T16:00:25,107 [INFO ] W-9000-resnet-18_1.0 ACCESS_LOG - /127.0.0.1:59510 "POST /predictions/resnet-18 HTTP/1.1" 200 11
2026-02-16T16:00:25,108 [DEBUG] W-9000-resnet-18_1.0 org.pytorch.serve.job.RestJob - Waiting time ns: 119241, Backend time ns: 11653167
2026-02-16T16:00:25,108 [INFO ] W-9000-resnet-18_1.0 org.pytorch.serve.wlm.WorkerThread - Backend response time: 10
2026-02-16T16:00:25,265 [DEBUG] W-9000-resnet-18_1.0 org.pytorch.serve.wlm.WorkerThread - Flushing req.cmd PREDICT repeats 1 to backend at: 1771250425265
2026-02-16T16:00:25,265 [INFO ] W-9000-resnet-18_1.0 org.pytorch.serve.wlm.WorkerThread - Looping backend response at: 1771250425265
2026-02-16T16:00:25,267 [INFO ] W-9000-resnet-18_1.0-stdout MODEL_LOG - Backend received inference at: 1771250425
2026-02-16T16:00:25,276 [INFO ] W-9000-resnet-18_1.0-stdout org.pytorch.serve.wlm.WorkerLifeCycle - result=[METRICS]PredictionTime.Milliseconds:8.75|#ModelName:resnet-18,Level:Model|#type:GAUGE|#hostname:gpu-0-1.local,1771250425,83dc0f20-f721-49d0-9acc-da50f8a5b997, pattern=[METRICS]
2026-02-16T16:00:25,276 [INFO ] W-9000-resnet-18_1.0 org.pytorch.serve.wlm.BatchAggregator - Sending response for jobId 83dc0f20-f721-49d0-9acc-da50f8a5b997
2026-02-16T16:00:25,276 [INFO ] W-9000-resnet-18_1.0 ACCESS_LOG - /127.0.0.1:59512 "POST /predictions/resnet-18 HTTP/1.1" 200 11
2026-02-16T16:00:25,277 [DEBUG] W-9000-resnet-18_1.0 org.pytorch.serve.job.RestJob - Waiting time ns: 142437, Backend time ns: 11810884
2026-02-16T16:00:25,277 [INFO ] W-9000-resnet-18_1.0 org.pytorch.serve.wlm.WorkerThread - Backend response time: 11
2026-02-16T16:00:25,723 [DEBUG] W-9000-resnet-18_1.0 org.pytorch.serve.wlm.WorkerThread - Flushing req.cmd PREDICT repeats 1 to backend at: 1771250425723
2026-02-16T16:00:25,725 [INFO ] W-9000-resnet-18_1.0 org.pytorch.serve.wlm.WorkerThread - Looping backend response at: 1771250425725
2026-02-16T16:00:25,727 [INFO ] W-9000-resnet-18_1.0-stdout MODEL_LOG - Backend received inference at: 1771250425
2026-02-16T16:00:25,736 [INFO ] W-9000-resnet-18_1.0-stdout org.pytorch.serve.wlm.WorkerLifeCycle - result=[METRICS]PredictionTime.Milliseconds:8.19|#ModelName:resnet-18,Level:Model|#type:GAUGE|#hostname:gpu-0-1.local,1771250425,eed9e79e-994d-4eae-96b1-fc7c2f6371f3, pattern=[METRICS]
2026-02-16T16:00:25,737 [INFO ] W-9000-resnet-18_1.0 org.pytorch.serve.wlm.BatchAggregator - Sending response for jobId eed9e79e-994d-4eae-96b1-fc7c2f6371f3
2026-02-16T16:00:25,737 [INFO ] W-9000-resnet-18_1.0 ACCESS_LOG - /127.0.0.1:59514 "POST /predictions/resnet-18 HTTP/1.1" 200 15
2026-02-16T16:00:25,738 [DEBUG] W-9000-resnet-18_1.0 org.pytorch.serve.job.RestJob - Waiting time ns: 469723, Backend time ns: 14692365
2026-02-16T16:00:25,738 [INFO ] W-9000-resnet-18_1.0 org.pytorch.serve.wlm.WorkerThread - Backend response time: 12
2026-02-16T16:00:26,310 [DEBUG] W-9000-resnet-18_1.0 org.pytorch.serve.wlm.WorkerThread - Flushing req.cmd PREDICT repeats 1 to backend at: 1771250426310
2026-02-16T16:00:26,311 [INFO ] W-9000-resnet-18_1.0 org.pytorch.serve.wlm.WorkerThread - Looping backend response at: 1771250426310
2026-02-16T16:00:26,342 [INFO ] W-9000-resnet-18_1.0-stdout MODEL_LOG - Backend received inference at: 1771250426
2026-02-16T16:00:26,349 [INFO ] W-9000-resnet-18_1.0-stdout org.pytorch.serve.wlm.WorkerLifeCycle - result=[METRICS]PredictionTime.Milliseconds:6.81|#ModelName:resnet-18,Level:Model|#type:GAUGE|#hostname:gpu-0-1.local,1771250426,c3ea79a4-a732-4c1d-854a-017b86fd6f87, pattern=[METRICS]
2026-02-16T16:00:26,350 [INFO ] W-9000-resnet-18_1.0 org.pytorch.serve.wlm.BatchAggregator - Sending response for jobId c3ea79a4-a732-4c1d-854a-017b86fd6f87
2026-02-16T16:00:26,350 [INFO ] W-9000-resnet-18_1.0 ACCESS_LOG - /127.0.0.1:59516 "POST /predictions/resnet-18 HTTP/1.1" 200 40
2026-02-16T16:00:26,350 [DEBUG] W-9000-resnet-18_1.0 org.pytorch.serve.job.RestJob - Waiting time ns: 136998, Backend time ns: 40249289
2026-02-16T16:00:26,350 [INFO ] W-9000-resnet-18_1.0 org.pytorch.serve.wlm.WorkerThread - Backend response time: 39
2026-02-16T16:00:26,878 [DEBUG] W-9000-resnet-18_1.0 org.pytorch.serve.wlm.WorkerThread - Flushing req.cmd PREDICT repeats 1 to backend at: 1771250426878
2026-02-16T16:00:26,879 [INFO ] W-9000-resnet-18_1.0 org.pytorch.serve.wlm.WorkerThread - Looping backend response at: 1771250426879
2026-02-16T16:00:26,880 [INFO ] W-9000-resnet-18_1.0-stdout MODEL_LOG - Backend received inference at: 1771250426
2026-02-16T16:00:26,888 [INFO ] W-9000-resnet-18_1.0-stdout org.pytorch.serve.wlm.WorkerLifeCycle - result=[METRICS]PredictionTime.Milliseconds:8.06|#ModelName:resnet-18,Level:Model|#type:GAUGE|#hostname:gpu-0-1.local,1771250426,bf5152e7-fb46-417a-9874-df407608db46, pattern=[METRICS]
2026-02-16T16:00:26,889 [INFO ] W-9000-resnet-18_1.0 org.pytorch.serve.wlm.BatchAggregator - Sending response for jobId bf5152e7-fb46-417a-9874-df407608db46
2026-02-16T16:00:26,889 [INFO ] W-9000-resnet-18_1.0 ACCESS_LOG - /127.0.0.1:59518 "POST /predictions/resnet-18 HTTP/1.1" 200 11
2026-02-16T16:00:26,889 [DEBUG] W-9000-resnet-18_1.0 org.pytorch.serve.job.RestJob - Waiting time ns: 198197, Backend time ns: 11113954
2026-02-16T16:00:26,889 [INFO ] W-9000-resnet-18_1.0 org.pytorch.serve.wlm.WorkerThread - Backend response time: 10
Baseline GPU power: 63.58 W

Idle window comparison:
Request-idle & Energy-idle : 11937
Request-idle only          : 44
Energy-idle only           : 11974
Neither idle               : 4845

Saved derived analysis plots:
 - power_vs_rps.png
 - energy_per_request_vs_rps.png
 - misclassification_vs_rps.png
[2026-02-16T16:25:21+0200] Run 1 completed
[2026-02-16T16:25:21+0200] All runs finished
[2026-02-16T16:25:21+0200] Results stored in: /home/chadji10/ADE/runs/resnet-18_poisson_20260216_155921
[2026-02-16T16:25:21+0200] Stopping TorchServe
[2026-02-16T16:25:25+0200] Run directory: /home/chadji10/ADE/runs/resnet-18_poisson_20260216_155921
