[2026-01-19T15:50:06+0200] Starting TorchServe job on gpu-0-2
[2026-01-19T15:50:06+0200] CONFIG: MODEL=resnet-18 REPEATS=1 CONCURRENCY=16 PHASES=/home/chadji10/ADE/phases.json
[2026-01-19T15:50:08+0200] GPU inventory:
Mon Jan 19 15:50:08 2026       
+-----------------------------------------------------------------------------------------+
| NVIDIA-SMI 550.163.01             Driver Version: 550.163.01     CUDA Version: 12.4     |
|-----------------------------------------+------------------------+----------------------+
| GPU  Name                 Persistence-M | Bus-Id          Disp.A | Volatile Uncorr. ECC |
| Fan  Temp   Perf          Pwr:Usage/Cap |           Memory-Usage | GPU-Util  Compute M. |
|                                         |                        |               MIG M. |
|=========================================+========================+======================|
|   0  Tesla V100-SXM2-32GB           Off |   00000000:18:00.0 Off |                    0 |
| N/A   62C    P0            158W /  300W |     772MiB /  32768MiB |     59%      Default |
|                                         |                        |                  N/A |
+-----------------------------------------+------------------------+----------------------+
|   1  Tesla V100-SXM2-32GB           Off |   00000000:3B:00.0 Off |                    0 |
| N/A   58C    P0             96W /  300W |   10056MiB /  32768MiB |     94%      Default |
|                                         |                        |                  N/A |
+-----------------------------------------+------------------------+----------------------+
|   2  Tesla V100-SXM2-32GB           Off |   00000000:86:00.0 Off |                    0 |
| N/A   65C    P0            288W /  300W |    7506MiB /  32768MiB |     98%      Default |
|                                         |                        |                  N/A |
+-----------------------------------------+------------------------+----------------------+
|   3  Tesla V100-SXM2-32GB           Off |   00000000:AF:00.0 Off |                    0 |
| N/A   36C    P0             41W /  300W |       4MiB /  32768MiB |      0%      Default |
|                                         |                        |                  N/A |
+-----------------------------------------+------------------------+----------------------+
                                                                                         
+-----------------------------------------------------------------------------------------+
| Processes:                                                                              |
|  GPU   GI   CI        PID   Type   Process name                              GPU Memory |
|        ID   ID                                                               Usage      |
|=========================================================================================|
|    0   N/A  N/A    186245      C   python                                        768MiB |
|    1   N/A  N/A    242245      C   python                                      10052MiB |
|    2   N/A  N/A    245521      C   python                                       7498MiB |
+-----------------------------------------------------------------------------------------+
[2026-01-19T15:50:10+0200] Dependencies already installed; skipping pip installs.
[2026-01-19T15:50:10+0200] Found existing MAR: /home/chadji10/ADE/model_store/resnet-18.mar (skipping build)
[2026-01-19T15:50:10+0200] Pre-start cleanup: stopping existing TorchServe
TorchServe is not currently running.
[2026-01-19T15:50:12+0200] Starting TorchServe
WARNING: sun.reflect.Reflection.getCallerClass is not supported. This will impact performance.
2026-01-19T15:50:13,667 [WARN ] main org.pytorch.serve.util.ConfigManager - Your torchserve instance can access any URL to load models. When deploying to production, make sure to limit the set of allowed_urls in config.properties
2026-01-19T15:50:13,703 [INFO ] main org.pytorch.serve.servingsdk.impl.PluginsManager - Initializing plugins manager...
2026-01-19T15:50:13,793 [INFO ] main org.pytorch.serve.metrics.configuration.MetricConfiguration - Successfully loaded metrics configuration from /home/chadji10/ADE/.venv_torchserve/lib/python3.11/site-packages/ts/configs/metrics.yaml
2026-01-19T15:50:13,908 [INFO ] main org.pytorch.serve.ModelServer - 
Torchserve version: 0.12.0
TS Home: /home/chadji10/ADE/.venv_torchserve/lib/python3.11/site-packages
Current directory: /home/chadji10/ADE
Temp directory: /tmp
Metrics config path: /home/chadji10/ADE/.venv_torchserve/lib/python3.11/site-packages/ts/configs/metrics.yaml
Number of GPUs: 1
Number of CPUs: 1
Max heap size: 17423 M
Python executable: /home/chadji10/ADE/.venv_torchserve/bin/python
Config file: /home/chadji10/ADE/torchserve.properties
Inference address: http://0.0.0.0:8080
Management address: http://0.0.0.0:8081
Metrics address: http://0.0.0.0:8082
Model Store: /home/chadji10/ADE/model_store
Initial Models: resnet-18=resnet-18.mar
Log dir: /home/chadji10/ADE/logs
Metrics dir: /home/chadji10/ADE/logs
Netty threads: 0
Netty client threads: 0
Default workers per model: 1
Blacklist Regex: N/A
Maximum Response Size: 6553500
Maximum Request Size: 6553500
Limit Maximum Image Pixels: true
Prefer direct buffer: false
Allowed Urls: [file://.*|http(s)?://.*]
Custom python dependency for model allowed: false
Enable metrics API: true
Metrics mode: PROMETHEUS
Disable system metrics: true
Workflow Store: /home/chadji10/ADE/model_store
CPP log config: N/A
Model config: N/A
System metrics command: default
Model API enabled: false
2026-01-19T15:50:13,923 [INFO ] main org.pytorch.serve.servingsdk.impl.PluginsManager -  Loading snapshot serializer plugin...
2026-01-19T15:50:13,951 [INFO ] main org.pytorch.serve.ModelServer - Loading initial models: resnet-18.mar
2026-01-19T15:50:14,867 [DEBUG] main org.pytorch.serve.wlm.ModelVersionedRefs - Adding new version 1.0 for model resnet-18
2026-01-19T15:50:14,867 [DEBUG] main org.pytorch.serve.wlm.ModelVersionedRefs - Setting default version to 1.0 for model resnet-18
2026-01-19T15:50:14,868 [INFO ] main org.pytorch.serve.wlm.ModelManager - Model resnet-18 loaded.
2026-01-19T15:50:14,868 [DEBUG] main org.pytorch.serve.wlm.ModelManager - updateModel: resnet-18, count: 1
2026-01-19T15:50:14,890 [INFO ] main org.pytorch.serve.ModelServer - Initialize Inference server with: EpollServerSocketChannel.
2026-01-19T15:50:14,899 [DEBUG] W-9000-resnet-18_1.0 org.pytorch.serve.wlm.WorkerLifeCycle - Worker cmdline: [/home/chadji10/ADE/.venv_torchserve/bin/python, /home/chadji10/ADE/.venv_torchserve/lib/python3.11/site-packages/ts/model_service_worker.py, --sock-type, unix, --sock-name, /tmp/.ts.sock.9000, --metrics-config, /home/chadji10/ADE/.venv_torchserve/lib/python3.11/site-packages/ts/configs/metrics.yaml]
2026-01-19T15:50:15,053 [INFO ] main org.pytorch.serve.ModelServer - Inference API bind to: http://0.0.0.0:8080
2026-01-19T15:50:15,053 [INFO ] main org.pytorch.serve.ModelServer - Initialize Management server with: EpollServerSocketChannel.
2026-01-19T15:50:15,059 [INFO ] main org.pytorch.serve.ModelServer - Management API bind to: http://0.0.0.0:8081
2026-01-19T15:50:15,059 [INFO ] main org.pytorch.serve.ModelServer - Initialize Metrics server with: EpollServerSocketChannel.
2026-01-19T15:50:15,060 [INFO ] main org.pytorch.serve.ModelServer - Metrics API bind to: http://0.0.0.0:8082
Model server started.
2026-01-19T15:50:17,044 [INFO ] W-9000-resnet-18_1.0-stdout MODEL_LOG - s_name_part0=/tmp/.ts.sock, s_name_part1=9000, pid=246053
2026-01-19T15:50:17,047 [INFO ] W-9000-resnet-18_1.0-stdout MODEL_LOG - Listening on port: /tmp/.ts.sock.9000
2026-01-19T15:50:17,054 [INFO ] W-9000-resnet-18_1.0-stdout MODEL_LOG - Successfully loaded /home/chadji10/ADE/.venv_torchserve/lib/python3.11/site-packages/ts/configs/metrics.yaml.
2026-01-19T15:50:17,057 [INFO ] W-9000-resnet-18_1.0-stdout MODEL_LOG - [PID]246053
2026-01-19T15:50:17,058 [INFO ] W-9000-resnet-18_1.0-stdout MODEL_LOG - Torch worker started.
2026-01-19T15:50:17,058 [DEBUG] W-9000-resnet-18_1.0 org.pytorch.serve.wlm.WorkerThread - W-9000-resnet-18_1.0 State change null -> WORKER_STARTED
2026-01-19T15:50:17,063 [INFO ] W-9000-resnet-18_1.0 org.pytorch.serve.wlm.WorkerThread - Connecting to: /tmp/.ts.sock.9000
2026-01-19T15:50:17,065 [INFO ] W-9000-resnet-18_1.0-stdout MODEL_LOG - Python runtime: 3.11.5
2026-01-19T15:50:17,069 [INFO ] W-9000-resnet-18_1.0-stdout MODEL_LOG - Connection accepted: /tmp/.ts.sock.9000.
2026-01-19T15:50:17,085 [DEBUG] W-9000-resnet-18_1.0 org.pytorch.serve.wlm.WorkerThread - Flushing req.cmd LOAD repeats 1 to backend at: 1768830617085
2026-01-19T15:50:17,093 [INFO ] W-9000-resnet-18_1.0 org.pytorch.serve.wlm.WorkerThread - Looping backend response at: 1768830617093
2026-01-19T15:50:17,129 [INFO ] W-9000-resnet-18_1.0-stdout MODEL_LOG - model_name: resnet-18, batchSize: 1
2026-01-19T15:50:18,505 [INFO ] W-9000-resnet-18_1.0-stdout MODEL_LOG - OpenVINO is not enabled
2026-01-19T15:50:18,506 [INFO ] W-9000-resnet-18_1.0-stdout MODEL_LOG - proceeding without onnxruntime
2026-01-19T15:50:18,507 [INFO ] W-9000-resnet-18_1.0-stdout MODEL_LOG - Torch TensorRT not enabled
2026-01-19T15:50:18,758 [INFO ] W-9000-resnet-18_1.0 org.pytorch.serve.wlm.WorkerThread - Backend response time: 1665
2026-01-19T15:50:18,759 [DEBUG] W-9000-resnet-18_1.0 org.pytorch.serve.wlm.WorkerThread - W-9000-resnet-18_1.0 State change WORKER_STARTED -> WORKER_MODEL_LOADED
[2026-01-19T15:50:20+0200] Waiting for resnet-18 to become READY...
2026-01-19T15:50:20,674 [INFO ] pool-2-thread-2 ACCESS_LOG - /127.0.0.1:33824 "GET /ping HTTP/1.1" 200 23
2026-01-19T15:50:20,765 [INFO ] epollEventLoopGroup-3-2 ACCESS_LOG - /127.0.0.1:48732 "GET /models/resnet-18 HTTP/1.1" 200 55
[2026-01-19T15:50:20+0200] resnet-18 is READY.
[2026-01-19T15:50:20+0200] ===== RUN 1 / 1 =====
[2026-01-19T15:50:20+0200] Logs: /home/chadji10/ADE/runs/resnet-18_run_20260119_155006/run_1/client_resnet-18.log
