Starting TorchServe ResNet-18 job on gpu-0-1
SLURM_JOBID=26589753 | CUDA_VISIBLE_DEVICES=3
PROJECT_DIR=/home/chadji10/ADE
RUN_DIR=/home/chadji10/ADE/runs/resnet18_run_20251205_192130
GPU inventory:
Fri Dec  5 19:21:32 2025       
+-----------------------------------------------------------------------------------------+
| NVIDIA-SMI 550.163.01             Driver Version: 550.163.01     CUDA Version: 12.4     |
|-----------------------------------------+------------------------+----------------------+
| GPU  Name                 Persistence-M | Bus-Id          Disp.A | Volatile Uncorr. ECC |
| Fan  Temp   Perf          Pwr:Usage/Cap |           Memory-Usage | GPU-Util  Compute M. |
|                                         |                        |               MIG M. |
|=========================================+========================+======================|
|   0  Tesla V100-SXM2-32GB           Off |   00000000:18:00.0 Off |                    0 |
| N/A   37C    P0             57W /  300W |     554MiB /  32768MiB |     17%      Default |
|                                         |                        |                  N/A |
+-----------------------------------------+------------------------+----------------------+
|   1  Tesla V100-SXM2-32GB           Off |   00000000:3B:00.0 Off |                    0 |
| N/A   34C    P0             65W /  300W |    4880MiB /  32768MiB |     32%      Default |
|                                         |                        |                  N/A |
+-----------------------------------------+------------------------+----------------------+
|   2  Tesla V100-SXM2-32GB           Off |   00000000:86:00.0 Off |                    0 |
| N/A   62C    P0            198W /  300W |    1810MiB /  32768MiB |     72%      Default |
|                                         |                        |                  N/A |
+-----------------------------------------+------------------------+----------------------+
|   3  Tesla V100-SXM2-32GB           Off |   00000000:AF:00.0 Off |                    0 |
| N/A   40C    P0             39W /  300W |       1MiB /  32768MiB |      0%      Default |
|                                         |                        |                  N/A |
+-----------------------------------------+------------------------+----------------------+
                                                                                         
+-----------------------------------------------------------------------------------------+
| Processes:                                                                              |
|  GPU   GI   CI        PID   Type   Process name                              GPU Memory |
|        ID   ID                                                               Usage      |
|=========================================================================================|
|    0   N/A  N/A    134178      C   python                                        548MiB |
|    1   N/A  N/A    202151      C   python                                       4876MiB |
|    2   N/A  N/A    218206      C   python                                       1806MiB |
+-----------------------------------------------------------------------------------------+
Looking in indexes: https://download.pytorch.org/whl/cu121
Requirement already satisfied: torch==2.5.1 in ./.venv_torchserve/lib/python3.11/site-packages (2.5.1+cu121)
Requirement already satisfied: torchvision==0.20.1 in ./.venv_torchserve/lib/python3.11/site-packages (0.20.1+cu121)
Requirement already satisfied: filelock in ./.venv_torchserve/lib/python3.11/site-packages (from torch==2.5.1) (3.19.1)
Requirement already satisfied: typing-extensions>=4.8.0 in ./.venv_torchserve/lib/python3.11/site-packages (from torch==2.5.1) (4.15.0)
Requirement already satisfied: networkx in ./.venv_torchserve/lib/python3.11/site-packages (from torch==2.5.1) (3.5)
Requirement already satisfied: jinja2 in ./.venv_torchserve/lib/python3.11/site-packages (from torch==2.5.1) (3.1.6)
Requirement already satisfied: fsspec in ./.venv_torchserve/lib/python3.11/site-packages (from torch==2.5.1) (2025.9.0)
Requirement already satisfied: nvidia-cuda-nvrtc-cu12==12.1.105 in ./.venv_torchserve/lib/python3.11/site-packages (from torch==2.5.1) (12.1.105)
Requirement already satisfied: nvidia-cuda-runtime-cu12==12.1.105 in ./.venv_torchserve/lib/python3.11/site-packages (from torch==2.5.1) (12.1.105)
Requirement already satisfied: nvidia-cuda-cupti-cu12==12.1.105 in ./.venv_torchserve/lib/python3.11/site-packages (from torch==2.5.1) (12.1.105)
Requirement already satisfied: nvidia-cudnn-cu12==9.1.0.70 in ./.venv_torchserve/lib/python3.11/site-packages (from torch==2.5.1) (9.1.0.70)
Requirement already satisfied: nvidia-cublas-cu12==12.1.3.1 in ./.venv_torchserve/lib/python3.11/site-packages (from torch==2.5.1) (12.1.3.1)
Requirement already satisfied: nvidia-cufft-cu12==11.0.2.54 in ./.venv_torchserve/lib/python3.11/site-packages (from torch==2.5.1) (11.0.2.54)
Requirement already satisfied: nvidia-curand-cu12==10.3.2.106 in ./.venv_torchserve/lib/python3.11/site-packages (from torch==2.5.1) (10.3.2.106)
Requirement already satisfied: nvidia-cusolver-cu12==11.4.5.107 in ./.venv_torchserve/lib/python3.11/site-packages (from torch==2.5.1) (11.4.5.107)
Requirement already satisfied: nvidia-cusparse-cu12==12.1.0.106 in ./.venv_torchserve/lib/python3.11/site-packages (from torch==2.5.1) (12.1.0.106)
Requirement already satisfied: nvidia-nccl-cu12==2.21.5 in ./.venv_torchserve/lib/python3.11/site-packages (from torch==2.5.1) (2.21.5)
Requirement already satisfied: nvidia-nvtx-cu12==12.1.105 in ./.venv_torchserve/lib/python3.11/site-packages (from torch==2.5.1) (12.1.105)
Requirement already satisfied: triton==3.1.0 in ./.venv_torchserve/lib/python3.11/site-packages (from torch==2.5.1) (3.1.0)
Requirement already satisfied: sympy==1.13.1 in ./.venv_torchserve/lib/python3.11/site-packages (from torch==2.5.1) (1.13.1)
Requirement already satisfied: numpy in ./.venv_torchserve/lib/python3.11/site-packages (from torchvision==0.20.1) (1.26.4)
Requirement already satisfied: pillow!=8.3.*,>=5.3.0 in ./.venv_torchserve/lib/python3.11/site-packages (from torchvision==0.20.1) (11.3.0)
Requirement already satisfied: nvidia-nvjitlink-cu12 in ./.venv_torchserve/lib/python3.11/site-packages (from nvidia-cusolver-cu12==11.4.5.107->torch==2.5.1) (12.9.86)
Requirement already satisfied: mpmath<1.4,>=1.1.0 in ./.venv_torchserve/lib/python3.11/site-packages (from sympy==1.13.1->torch==2.5.1) (1.3.0)
Requirement already satisfied: MarkupSafe>=2.0 in ./.venv_torchserve/lib/python3.11/site-packages (from jinja2->torch==2.5.1) (2.1.5)
Ensuring *.mar exists (resnet-18, resnet-50, mobilenet-v2)
[build_mar] index_to_name.json already exists at /home/chadji10/ADE/index_to_name.json

=== Building artifacts for resnet-18 ===
[build_mar] TorchScript already exists for resnet-18 at /home/chadji10/ADE/resnet18_scripted.pt
[build_mar] /home/chadji10/ADE/model_store/resnet-18.mar already exists, skipping archiver.

=== Building artifacts for resnet-50 ===
[build_mar] TorchScript already exists for resnet-50 at /home/chadji10/ADE/resnet50_scripted.pt
[build_mar] /home/chadji10/ADE/model_store/resnet-50.mar already exists, skipping archiver.

=== Building artifacts for mobilenet-v2 ===
[build_mar] TorchScript already exists for mobilenet-v2 at /home/chadji10/ADE/mobilenet_v2_scripted.pt
[build_mar] /home/chadji10/ADE/model_store/mobilenet-v2.mar already exists, skipping archiver.
Starting TorchServe (ResNet-18)
WARNING: sun.reflect.Reflection.getCallerClass is not supported. This will impact performance.
2025-12-05T19:22:07,478 [WARN ] main org.pytorch.serve.util.ConfigManager - Your torchserve instance can access any URL to load models. When deploying to production, make sure to limit the set of allowed_urls in config.properties
2025-12-05T19:22:07,581 [INFO ] main org.pytorch.serve.servingsdk.impl.PluginsManager - Initializing plugins manager...
2025-12-05T19:22:07,909 [INFO ] main org.pytorch.serve.metrics.configuration.MetricConfiguration - Successfully loaded metrics configuration from /home/chadji10/ADE/.venv_torchserve/lib/python3.11/site-packages/ts/configs/metrics.yaml
2025-12-05T19:22:08,131 [INFO ] main org.pytorch.serve.ModelServer - 
Torchserve version: 0.12.0
TS Home: /home/chadji10/ADE/.venv_torchserve/lib/python3.11/site-packages
Current directory: /home/chadji10/ADE
Temp directory: /tmp
Metrics config path: /home/chadji10/ADE/.venv_torchserve/lib/python3.11/site-packages/ts/configs/metrics.yaml
Number of GPUs: 1
Number of CPUs: 1
Max heap size: 17423 M
Python executable: /home/chadji10/ADE/.venv_torchserve/bin/python
Config file: /home/chadji10/ADE/torchserve.properties
Inference address: http://0.0.0.0:8080
Management address: http://0.0.0.0:8081
Metrics address: http://0.0.0.0:8082
Model Store: /home/chadji10/ADE/model_store
Initial Models: resnet-18=resnet-18.mar
Log dir: /home/chadji10/ADE/logs
Metrics dir: /home/chadji10/ADE/logs
Netty threads: 32
Netty client threads: 0
Default workers per model: 1
Blacklist Regex: N/A
Maximum Response Size: 6553500
Maximum Request Size: 6553500
Limit Maximum Image Pixels: true
Prefer direct buffer: false
Allowed Urls: [file://.*|http(s)?://.*]
Custom python dependency for model allowed: false
Enable metrics API: true
Metrics mode: PROMETHEUS
Disable system metrics: true
Workflow Store: /home/chadji10/ADE/model_store
CPP log config: N/A
Model config: N/A
System metrics command: default
Model API enabled: false
2025-12-05T19:22:08,150 [INFO ] main org.pytorch.serve.servingsdk.impl.PluginsManager -  Loading snapshot serializer plugin...
2025-12-05T19:22:08,172 [INFO ] main org.pytorch.serve.ModelServer - Loading initial models: resnet-18.mar
2025-12-05T19:22:09,054 [DEBUG] main org.pytorch.serve.wlm.ModelVersionedRefs - Adding new version 1.0 for model resnet-18
2025-12-05T19:22:09,054 [DEBUG] main org.pytorch.serve.wlm.ModelVersionedRefs - Setting default version to 1.0 for model resnet-18
2025-12-05T19:22:09,054 [INFO ] main org.pytorch.serve.wlm.ModelManager - Model resnet-18 loaded.
2025-12-05T19:22:09,054 [DEBUG] main org.pytorch.serve.wlm.ModelManager - updateModel: resnet-18, count: 1
2025-12-05T19:22:09,068 [INFO ] main org.pytorch.serve.ModelServer - Initialize Inference server with: EpollServerSocketChannel.
2025-12-05T19:22:09,084 [DEBUG] W-9000-resnet-18_1.0 org.pytorch.serve.wlm.WorkerLifeCycle - Worker cmdline: [/home/chadji10/ADE/.venv_torchserve/bin/python, /home/chadji10/ADE/.venv_torchserve/lib/python3.11/site-packages/ts/model_service_worker.py, --sock-type, unix, --sock-name, /tmp/.ts.sock.9000, --metrics-config, /home/chadji10/ADE/.venv_torchserve/lib/python3.11/site-packages/ts/configs/metrics.yaml]
