[2026-02-19T12:33:21+0200] GPU info:
Thu Feb 19 12:33:22 2026       
+-----------------------------------------------------------------------------------------+
| NVIDIA-SMI 550.163.01             Driver Version: 550.163.01     CUDA Version: 12.4     |
|-----------------------------------------+------------------------+----------------------+
| GPU  Name                 Persistence-M | Bus-Id          Disp.A | Volatile Uncorr. ECC |
| Fan  Temp   Perf          Pwr:Usage/Cap |           Memory-Usage | GPU-Util  Compute M. |
|                                         |                        |               MIG M. |
|=========================================+========================+======================|
|   0  Tesla V100-SXM2-32GB           Off |   00000000:18:00.0 Off |                    0 |
| N/A   41C    P0             56W /  300W |       1MiB /  32768MiB |      1%      Default |
|                                         |                        |                  N/A |
+-----------------------------------------+------------------------+----------------------+
|   1  Tesla V100-SXM2-32GB           Off |   00000000:3B:00.0 Off |                    0 |
| N/A   46C    P0             84W /  300W |    8624MiB /  32768MiB |     98%      Default |
|                                         |                        |                  N/A |
+-----------------------------------------+------------------------+----------------------+
|   2  Tesla V100-SXM2-32GB           Off |   00000000:86:00.0 Off |                    0 |
| N/A   49C    P0            171W /  300W |    8624MiB /  32768MiB |     47%      Default |
|                                         |                        |                  N/A |
+-----------------------------------------+------------------------+----------------------+
|   3  Tesla V100-SXM2-32GB           Off |   00000000:AF:00.0 Off |                    0 |
| N/A   38C    P0             42W /  300W |       4MiB /  32768MiB |      0%      Default |
|                                         |                        |                  N/A |
+-----------------------------------------+------------------------+----------------------+
                                                                                         
+-----------------------------------------------------------------------------------------+
| Processes:                                                                              |
|  GPU   GI   CI        PID   Type   Process name                              GPU Memory |
|        ID   ID                                                               Usage      |
|=========================================================================================|
|    1   N/A  N/A    272534      C   python                                       8618MiB |
|    2   N/A  N/A    272291      C   python                                       8618MiB |
+-----------------------------------------------------------------------------------------+
[2026-02-19T12:33:26+0200] Starting TorchServe pinned to CPUs 2-3
WARNING: sun.reflect.Reflection.getCallerClass is not supported. This will impact performance.
2026-02-19T12:33:27,771 [WARN ] main org.pytorch.serve.util.ConfigManager - Your torchserve instance can access any URL to load models. When deploying to production, make sure to limit the set of allowed_urls in config.properties
2026-02-19T12:33:27,808 [INFO ] main org.pytorch.serve.servingsdk.impl.PluginsManager - Initializing plugins manager...
2026-02-19T12:33:27,900 [INFO ] main org.pytorch.serve.metrics.configuration.MetricConfiguration - Successfully loaded metrics configuration from /home/chadji10/ADE/.venv_torchserve/lib/python3.11/site-packages/ts/configs/metrics.yaml
2026-02-19T12:33:28,210 [INFO ] main org.pytorch.serve.ModelServer - 
Torchserve version: 0.12.0
TS Home: /home/chadji10/ADE/.venv_torchserve/lib/python3.11/site-packages
Current directory: /home/chadji10/ADE
Temp directory: /tmp
Metrics config path: /home/chadji10/ADE/.venv_torchserve/lib/python3.11/site-packages/ts/configs/metrics.yaml
Number of GPUs: 1
Number of CPUs: 2
Max heap size: 18032 M
Python executable: /home/chadji10/ADE/.venv_torchserve/bin/python
Config file: /home/chadji10/ADE/torchserve.properties
Inference address: http://127.0.0.1:8080
Management address: http://127.0.0.1:8081
Metrics address: http://127.0.0.1:8082
Model Store: /home/chadji10/ADE/model_store
Initial Models: resnet-18=resnet-18.mar
Log dir: /home/chadji10/ADE/logs
Metrics dir: /home/chadji10/ADE/logs
Netty threads: 0
Netty client threads: 0
Default workers per model: 1
Blacklist Regex: N/A
Maximum Response Size: 6553500
Maximum Request Size: 6553500
Limit Maximum Image Pixels: true
Prefer direct buffer: false
Allowed Urls: [file://.*|http(s)?://.*]
Custom python dependency for model allowed: false
Enable metrics API: true
Metrics mode: PROMETHEUS
Disable system metrics: true
Workflow Store: /home/chadji10/ADE/model_store
CPP log config: N/A
Model config: N/A
System metrics command: default
Model API enabled: false
2026-02-19T12:33:28,230 [INFO ] main org.pytorch.serve.servingsdk.impl.PluginsManager -  Loading snapshot serializer plugin...
2026-02-19T12:33:28,274 [INFO ] main org.pytorch.serve.ModelServer - Loading initial models: resnet-18.mar
2026-02-19T12:33:29,507 [DEBUG] main org.pytorch.serve.wlm.ModelVersionedRefs - Adding new version 1.0 for model resnet-18
2026-02-19T12:33:29,507 [DEBUG] main org.pytorch.serve.wlm.ModelVersionedRefs - Setting default version to 1.0 for model resnet-18
2026-02-19T12:33:29,507 [INFO ] main org.pytorch.serve.wlm.ModelManager - Model resnet-18 loaded.
2026-02-19T12:33:29,507 [DEBUG] main org.pytorch.serve.wlm.ModelManager - updateModel: resnet-18, count: 1
2026-02-19T12:33:29,517 [INFO ] main org.pytorch.serve.ModelServer - Initialize Inference server with: EpollServerSocketChannel.
2026-02-19T12:33:29,521 [DEBUG] W-9000-resnet-18_1.0 org.pytorch.serve.wlm.WorkerLifeCycle - Worker cmdline: [/home/chadji10/ADE/.venv_torchserve/bin/python, /home/chadji10/ADE/.venv_torchserve/lib/python3.11/site-packages/ts/model_service_worker.py, --sock-type, unix, --sock-name, /tmp/.ts.sock.9000, --metrics-config, /home/chadji10/ADE/.venv_torchserve/lib/python3.11/site-packages/ts/configs/metrics.yaml]
2026-02-19T12:33:29,605 [INFO ] main org.pytorch.serve.ModelServer - Inference API bind to: http://127.0.0.1:8080
2026-02-19T12:33:29,605 [INFO ] main org.pytorch.serve.ModelServer - Initialize Management server with: EpollServerSocketChannel.
2026-02-19T12:33:29,611 [INFO ] main org.pytorch.serve.ModelServer - Management API bind to: http://127.0.0.1:8081
2026-02-19T12:33:29,612 [INFO ] main org.pytorch.serve.ModelServer - Initialize Metrics server with: EpollServerSocketChannel.
2026-02-19T12:33:29,612 [INFO ] main org.pytorch.serve.ModelServer - Metrics API bind to: http://127.0.0.1:8082
Model server started.
2026-02-19T12:33:31,968 [INFO ] W-9000-resnet-18_1.0-stdout MODEL_LOG - s_name_part0=/tmp/.ts.sock, s_name_part1=9000, pid=6962
2026-02-19T12:33:31,973 [INFO ] W-9000-resnet-18_1.0-stdout MODEL_LOG - Listening on port: /tmp/.ts.sock.9000
2026-02-19T12:33:31,978 [INFO ] W-9000-resnet-18_1.0-stdout MODEL_LOG - Successfully loaded /home/chadji10/ADE/.venv_torchserve/lib/python3.11/site-packages/ts/configs/metrics.yaml.
2026-02-19T12:33:31,978 [INFO ] W-9000-resnet-18_1.0-stdout MODEL_LOG - [PID]6962
2026-02-19T12:33:31,978 [INFO ] W-9000-resnet-18_1.0-stdout MODEL_LOG - Torch worker started.
2026-02-19T12:33:31,978 [INFO ] W-9000-resnet-18_1.0-stdout MODEL_LOG - Python runtime: 3.11.5
2026-02-19T12:33:31,979 [DEBUG] W-9000-resnet-18_1.0 org.pytorch.serve.wlm.WorkerThread - W-9000-resnet-18_1.0 State change null -> WORKER_STARTED
2026-02-19T12:33:31,984 [INFO ] W-9000-resnet-18_1.0 org.pytorch.serve.wlm.WorkerThread - Connecting to: /tmp/.ts.sock.9000
2026-02-19T12:33:31,997 [INFO ] W-9000-resnet-18_1.0-stdout MODEL_LOG - Connection accepted: /tmp/.ts.sock.9000.
2026-02-19T12:33:32,003 [DEBUG] W-9000-resnet-18_1.0 org.pytorch.serve.wlm.WorkerThread - Flushing req.cmd LOAD repeats 1 to backend at: 1771497212003
2026-02-19T12:33:32,005 [INFO ] W-9000-resnet-18_1.0 org.pytorch.serve.wlm.WorkerThread - Looping backend response at: 1771497212005
2026-02-19T12:33:32,040 [INFO ] W-9000-resnet-18_1.0-stdout MODEL_LOG - model_name: resnet-18, batchSize: 1
[2026-02-19T12:33:34+0200] Waiting for TorchServe READY...
2026-02-19T12:33:34,883 [INFO ] W-9000-resnet-18_1.0-stdout MODEL_LOG - OpenVINO is not enabled
2026-02-19T12:33:34,884 [INFO ] W-9000-resnet-18_1.0-stdout MODEL_LOG - proceeding without onnxruntime
2026-02-19T12:33:34,885 [INFO ] W-9000-resnet-18_1.0-stdout MODEL_LOG - Torch TensorRT not enabled
2026-02-19T12:33:35,021 [INFO ] pool-2-thread-2 ACCESS_LOG - /127.0.0.1:50196 "GET /ping HTTP/1.1" 200 13
2026-02-19T12:33:35,129 [INFO ] epollEventLoopGroup-3-2 ACCESS_LOG - /127.0.0.1:49910 "GET /models/resnet-18 HTTP/1.1" 200 67
2026-02-19T12:33:35,161 [INFO ] W-9000-resnet-18_1.0 org.pytorch.serve.wlm.WorkerThread - Backend response time: 3156
2026-02-19T12:33:35,162 [DEBUG] W-9000-resnet-18_1.0 org.pytorch.serve.wlm.WorkerThread - W-9000-resnet-18_1.0 State change WORKER_STARTED -> WORKER_MODEL_LOADED
2026-02-19T12:33:37,178 [INFO ] pool-2-thread-2 ACCESS_LOG - /127.0.0.1:50200 "GET /ping HTTP/1.1" 200 1
2026-02-19T12:33:37,214 [INFO ] epollEventLoopGroup-3-4 ACCESS_LOG - /127.0.0.1:49914 "GET /models/resnet-18 HTTP/1.1" 200 23
[2026-02-19T12:33:37+0200] TorchServe READY
[2026-02-19T12:33:37+0200] Running warm-up inferences (not measured)...
[2026-02-19T12:33:42+0200] Warm-up completed. Starting measurement.
[2026-02-19T12:33:42+0200] ===== RUN 1 =====
2026-02-19T12:33:47,027 [INFO ] pool-2-thread-2 ACCESS_LOG - /127.0.0.1:50204 "GET /ping HTTP/1.1" 200 1
Files already downloaded and verified
2026-02-19T12:33:48,188 [DEBUG] W-9000-resnet-18_1.0 org.pytorch.serve.wlm.WorkerThread - Flushing req.cmd PREDICT repeats 1 to backend at: 1771497228187
2026-02-19T12:33:48,189 [INFO ] W-9000-resnet-18_1.0 org.pytorch.serve.wlm.WorkerThread - Looping backend response at: 1771497228189
2026-02-19T12:33:48,190 [INFO ] W-9000-resnet-18_1.0-stdout MODEL_LOG - Backend received inference at: 1771497228
2026-02-19T12:33:48,957 [INFO ] W-9000-resnet-18_1.0-stdout org.pytorch.serve.wlm.WorkerLifeCycle - result=[METRICS]PredictionTime.Milliseconds:766.42|#ModelName:resnet-18,Level:Model|#type:GAUGE|#hostname:gpu-0-3.local,1771497228,e142933e-f662-4018-8dd6-acf68a4e435c, pattern=[METRICS]
2026-02-19T12:33:48,958 [INFO ] W-9000-resnet-18_1.0 org.pytorch.serve.wlm.BatchAggregator - Sending response for jobId e142933e-f662-4018-8dd6-acf68a4e435c
2026-02-19T12:33:48,958 [INFO ] W-9000-resnet-18_1.0 ACCESS_LOG - /127.0.0.1:50206 "POST /predictions/resnet-18 HTTP/1.1" 200 773
2026-02-19T12:33:48,959 [DEBUG] W-9000-resnet-18_1.0 org.pytorch.serve.job.RestJob - Waiting time ns: 125138, Backend time ns: 771421659
2026-02-19T12:33:48,959 [INFO ] W-9000-resnet-18_1.0 org.pytorch.serve.wlm.WorkerThread - Backend response time: 769
2026-02-19T12:33:49,113 [DEBUG] W-9000-resnet-18_1.0 org.pytorch.serve.wlm.WorkerThread - Flushing req.cmd PREDICT repeats 1 to backend at: 1771497229113
2026-02-19T12:33:49,114 [INFO ] W-9000-resnet-18_1.0 org.pytorch.serve.wlm.WorkerThread - Looping backend response at: 1771497229113
2026-02-19T12:33:49,116 [INFO ] W-9000-resnet-18_1.0-stdout MODEL_LOG - Backend received inference at: 1771497229
2026-02-19T12:33:49,183 [INFO ] W-9000-resnet-18_1.0-stdout org.pytorch.serve.wlm.WorkerLifeCycle - result=[METRICS]PredictionTime.Milliseconds:67.19|#ModelName:resnet-18,Level:Model|#type:GAUGE|#hostname:gpu-0-3.local,1771497229,f247ded9-f2cb-4911-97c3-aa111e0036b0, pattern=[METRICS]
2026-02-19T12:33:49,184 [INFO ] W-9000-resnet-18_1.0 org.pytorch.serve.wlm.BatchAggregator - Sending response for jobId f247ded9-f2cb-4911-97c3-aa111e0036b0
2026-02-19T12:33:49,184 [INFO ] W-9000-resnet-18_1.0 ACCESS_LOG - /127.0.0.1:50208 "POST /predictions/resnet-18 HTTP/1.1" 200 72
2026-02-19T12:33:49,184 [DEBUG] W-9000-resnet-18_1.0 org.pytorch.serve.job.RestJob - Waiting time ns: 117941, Backend time ns: 71813063
2026-02-19T12:33:49,185 [INFO ] W-9000-resnet-18_1.0 org.pytorch.serve.wlm.WorkerThread - Backend response time: 70
2026-02-19T12:33:51,787 [DEBUG] W-9000-resnet-18_1.0 org.pytorch.serve.wlm.WorkerThread - Flushing req.cmd PREDICT repeats 1 to backend at: 1771497231787
2026-02-19T12:33:51,788 [INFO ] W-9000-resnet-18_1.0 org.pytorch.serve.wlm.WorkerThread - Looping backend response at: 1771497231788
2026-02-19T12:33:51,790 [INFO ] W-9000-resnet-18_1.0-stdout MODEL_LOG - Backend received inference at: 1771497231
2026-02-19T12:33:51,797 [INFO ] W-9000-resnet-18_1.0-stdout org.pytorch.serve.wlm.WorkerLifeCycle - result=[METRICS]PredictionTime.Milliseconds:6.75|#ModelName:resnet-18,Level:Model|#type:GAUGE|#hostname:gpu-0-3.local,1771497231,97f12427-4fa9-478a-9f40-2dc786b54369, pattern=[METRICS]
2026-02-19T12:33:51,797 [INFO ] W-9000-resnet-18_1.0 org.pytorch.serve.wlm.BatchAggregator - Sending response for jobId 97f12427-4fa9-478a-9f40-2dc786b54369
2026-02-19T12:33:51,797 [INFO ] W-9000-resnet-18_1.0 ACCESS_LOG - /127.0.0.1:50210 "POST /predictions/resnet-18 HTTP/1.1" 200 10
2026-02-19T12:33:51,798 [DEBUG] W-9000-resnet-18_1.0 org.pytorch.serve.job.RestJob - Waiting time ns: 140442, Backend time ns: 10314343
2026-02-19T12:33:51,798 [INFO ] W-9000-resnet-18_1.0 org.pytorch.serve.wlm.WorkerThread - Backend response time: 8
2026-02-19T12:33:52,044 [DEBUG] W-9000-resnet-18_1.0 org.pytorch.serve.wlm.WorkerThread - Flushing req.cmd PREDICT repeats 1 to backend at: 1771497232044
2026-02-19T12:33:52,045 [INFO ] W-9000-resnet-18_1.0 org.pytorch.serve.wlm.WorkerThread - Looping backend response at: 1771497232045
2026-02-19T12:33:52,047 [INFO ] W-9000-resnet-18_1.0-stdout MODEL_LOG - Backend received inference at: 1771497232
2026-02-19T12:33:52,053 [INFO ] W-9000-resnet-18_1.0-stdout org.pytorch.serve.wlm.WorkerLifeCycle - result=[METRICS]PredictionTime.Milliseconds:5.69|#ModelName:resnet-18,Level:Model|#type:GAUGE|#hostname:gpu-0-3.local,1771497232,0337cea5-a43f-42fa-a6cd-1350fa6491cb, pattern=[METRICS]
2026-02-19T12:33:52,053 [INFO ] W-9000-resnet-18_1.0 org.pytorch.serve.wlm.BatchAggregator - Sending response for jobId 0337cea5-a43f-42fa-a6cd-1350fa6491cb
2026-02-19T12:33:52,054 [INFO ] W-9000-resnet-18_1.0 ACCESS_LOG - /127.0.0.1:50212 "POST /predictions/resnet-18 HTTP/1.1" 200 10
2026-02-19T12:33:52,054 [DEBUG] W-9000-resnet-18_1.0 org.pytorch.serve.job.RestJob - Waiting time ns: 319963, Backend time ns: 10029309
2026-02-19T12:33:52,055 [INFO ] W-9000-resnet-18_1.0 org.pytorch.serve.wlm.WorkerThread - Backend response time: 8
2026-02-19T12:33:52,211 [DEBUG] W-9000-resnet-18_1.0 org.pytorch.serve.wlm.WorkerThread - Flushing req.cmd PREDICT repeats 1 to backend at: 1771497232211
2026-02-19T12:33:52,212 [INFO ] W-9000-resnet-18_1.0 org.pytorch.serve.wlm.WorkerThread - Looping backend response at: 1771497232212
2026-02-19T12:33:52,214 [INFO ] W-9000-resnet-18_1.0-stdout MODEL_LOG - Backend received inference at: 1771497232
2026-02-19T12:33:52,220 [INFO ] W-9000-resnet-18_1.0-stdout org.pytorch.serve.wlm.WorkerLifeCycle - result=[METRICS]PredictionTime.Milliseconds:6.05|#ModelName:resnet-18,Level:Model|#type:GAUGE|#hostname:gpu-0-3.local,1771497232,df804670-5825-489f-a197-3f49453035d5, pattern=[METRICS]
2026-02-19T12:33:52,220 [INFO ] W-9000-resnet-18_1.0 org.pytorch.serve.wlm.BatchAggregator - Sending response for jobId df804670-5825-489f-a197-3f49453035d5
2026-02-19T12:33:52,221 [INFO ] W-9000-resnet-18_1.0 ACCESS_LOG - /127.0.0.1:50214 "POST /predictions/resnet-18 HTTP/1.1" 200 10
2026-02-19T12:33:52,221 [DEBUG] W-9000-resnet-18_1.0 org.pytorch.serve.job.RestJob - Waiting time ns: 133739, Backend time ns: 9776070
2026-02-19T12:33:52,221 [INFO ] W-9000-resnet-18_1.0 org.pytorch.serve.wlm.WorkerThread - Backend response time: 8
2026-02-19T12:33:53,423 [DEBUG] W-9000-resnet-18_1.0 org.pytorch.serve.wlm.WorkerThread - Flushing req.cmd PREDICT repeats 1 to backend at: 1771497233423
2026-02-19T12:33:53,424 [INFO ] W-9000-resnet-18_1.0 org.pytorch.serve.wlm.WorkerThread - Looping backend response at: 1771497233424
2026-02-19T12:33:53,426 [INFO ] W-9000-resnet-18_1.0-stdout MODEL_LOG - Backend received inference at: 1771497233
2026-02-19T12:33:53,433 [INFO ] W-9000-resnet-18_1.0-stdout org.pytorch.serve.wlm.WorkerLifeCycle - result=[METRICS]PredictionTime.Milliseconds:5.64|#ModelName:resnet-18,Level:Model|#type:GAUGE|#hostname:gpu-0-3.local,1771497233,d564e4f7-9897-4df0-8938-e44743e52ca0, pattern=[METRICS]
2026-02-19T12:33:53,433 [INFO ] W-9000-resnet-18_1.0 org.pytorch.serve.wlm.BatchAggregator - Sending response for jobId d564e4f7-9897-4df0-8938-e44743e52ca0
2026-02-19T12:33:53,433 [INFO ] W-9000-resnet-18_1.0 ACCESS_LOG - /127.0.0.1:50216 "POST /predictions/resnet-18 HTTP/1.1" 200 11
2026-02-19T12:33:53,434 [DEBUG] W-9000-resnet-18_1.0 org.pytorch.serve.job.RestJob - Waiting time ns: 120775, Backend time ns: 11154306
2026-02-19T12:33:53,434 [INFO ] W-9000-resnet-18_1.0 org.pytorch.serve.wlm.WorkerThread - Backend response time: 8
2026-02-19T12:33:53,749 [DEBUG] W-9000-resnet-18_1.0 org.pytorch.serve.wlm.WorkerThread - Flushing req.cmd PREDICT repeats 1 to backend at: 1771497233749
2026-02-19T12:33:53,750 [INFO ] W-9000-resnet-18_1.0 org.pytorch.serve.wlm.WorkerThread - Looping backend response at: 1771497233750
2026-02-19T12:33:53,753 [INFO ] W-9000-resnet-18_1.0-stdout MODEL_LOG - Backend received inference at: 1771497233
2026-02-19T12:33:53,759 [INFO ] W-9000-resnet-18_1.0-stdout org.pytorch.serve.wlm.WorkerLifeCycle - result=[METRICS]PredictionTime.Milliseconds:5.53|#ModelName:resnet-18,Level:Model|#type:GAUGE|#hostname:gpu-0-3.local,1771497233,81089a7b-80d2-4db3-885d-96f4d644550a, pattern=[METRICS]
2026-02-19T12:33:53,759 [INFO ] W-9000-resnet-18_1.0 org.pytorch.serve.wlm.BatchAggregator - Sending response for jobId 81089a7b-80d2-4db3-885d-96f4d644550a
2026-02-19T12:33:53,759 [INFO ] W-9000-resnet-18_1.0 ACCESS_LOG - /127.0.0.1:50218 "POST /predictions/resnet-18 HTTP/1.1" 200 11
2026-02-19T12:33:53,760 [DEBUG] W-9000-resnet-18_1.0 org.pytorch.serve.job.RestJob - Waiting time ns: 128833, Backend time ns: 10900231
2026-02-19T12:33:53,760 [INFO ] W-9000-resnet-18_1.0 org.pytorch.serve.wlm.WorkerThread - Backend response time: 9
2026-02-19T12:33:53,828 [DEBUG] W-9000-resnet-18_1.0 org.pytorch.serve.wlm.WorkerThread - Flushing req.cmd PREDICT repeats 1 to backend at: 1771497233828
2026-02-19T12:33:53,828 [INFO ] W-9000-resnet-18_1.0 org.pytorch.serve.wlm.WorkerThread - Looping backend response at: 1771497233828
2026-02-19T12:33:53,830 [INFO ] W-9000-resnet-18_1.0-stdout MODEL_LOG - Backend received inference at: 1771497233
2026-02-19T12:33:53,836 [INFO ] W-9000-resnet-18_1.0-stdout org.pytorch.serve.wlm.WorkerLifeCycle - result=[METRICS]PredictionTime.Milliseconds:6.12|#ModelName:resnet-18,Level:Model|#type:GAUGE|#hostname:gpu-0-3.local,1771497233,34c80ecb-742a-4198-b252-8fb2b329439c, pattern=[METRICS]
2026-02-19T12:33:53,837 [INFO ] W-9000-resnet-18_1.0 org.pytorch.serve.wlm.BatchAggregator - Sending response for jobId 34c80ecb-742a-4198-b252-8fb2b329439c
2026-02-19T12:33:53,837 [INFO ] W-9000-resnet-18_1.0 ACCESS_LOG - /127.0.0.1:50220 "POST /predictions/resnet-18 HTTP/1.1" 200 10
2026-02-19T12:33:53,837 [DEBUG] W-9000-resnet-18_1.0 org.pytorch.serve.job.RestJob - Waiting time ns: 129839, Backend time ns: 9701861
2026-02-19T12:33:53,837 [INFO ] W-9000-resnet-18_1.0 org.pytorch.serve.wlm.WorkerThread - Backend response time: 8
2026-02-19T12:33:55,136 [DEBUG] W-9000-resnet-18_1.0 org.pytorch.serve.wlm.WorkerThread - Flushing req.cmd PREDICT repeats 1 to backend at: 1771497235136
2026-02-19T12:33:55,137 [INFO ] W-9000-resnet-18_1.0 org.pytorch.serve.wlm.WorkerThread - Looping backend response at: 1771497235136
2026-02-19T12:33:55,138 [INFO ] W-9000-resnet-18_1.0-stdout MODEL_LOG - Backend received inference at: 1771497235
2026-02-19T12:33:55,146 [INFO ] W-9000-resnet-18_1.0-stdout org.pytorch.serve.wlm.WorkerLifeCycle - result=[METRICS]PredictionTime.Milliseconds:6.79|#ModelName:resnet-18,Level:Model|#type:GAUGE|#hostname:gpu-0-3.local,1771497235,c0dc307d-7b2a-406a-85bb-dbf96db0e45e, pattern=[METRICS]
2026-02-19T12:33:55,146 [INFO ] W-9000-resnet-18_1.0 org.pytorch.serve.wlm.BatchAggregator - Sending response for jobId c0dc307d-7b2a-406a-85bb-dbf96db0e45e
2026-02-19T12:33:55,146 [INFO ] W-9000-resnet-18_1.0 ACCESS_LOG - /127.0.0.1:50222 "POST /predictions/resnet-18 HTTP/1.1" 200 11
2026-02-19T12:33:55,146 [DEBUG] W-9000-resnet-18_1.0 org.pytorch.serve.job.RestJob - Waiting time ns: 95909, Backend time ns: 10564522
2026-02-19T12:33:55,147 [INFO ] W-9000-resnet-18_1.0 org.pytorch.serve.wlm.WorkerThread - Backend response time: 9
2026-02-19T12:33:55,150 [DEBUG] W-9000-resnet-18_1.0 org.pytorch.serve.wlm.WorkerThread - Flushing req.cmd PREDICT repeats 1 to backend at: 1771497235150
2026-02-19T12:33:55,151 [INFO ] W-9000-resnet-18_1.0 org.pytorch.serve.wlm.WorkerThread - Looping backend response at: 1771497235151
2026-02-19T12:33:55,152 [INFO ] W-9000-resnet-18_1.0-stdout MODEL_LOG - Backend received inference at: 1771497235
2026-02-19T12:33:55,156 [INFO ] W-9000-resnet-18_1.0-stdout org.pytorch.serve.wlm.WorkerLifeCycle - result=[METRICS]PredictionTime.Milliseconds:4.0|#ModelName:resnet-18,Level:Model|#type:GAUGE|#hostname:gpu-0-3.local,1771497235,defb1237-ae7c-45e1-9114-396da19492a1, pattern=[METRICS]
2026-02-19T12:33:55,156 [INFO ] W-9000-resnet-18_1.0 org.pytorch.serve.wlm.BatchAggregator - Sending response for jobId defb1237-ae7c-45e1-9114-396da19492a1
2026-02-19T12:33:55,157 [INFO ] W-9000-resnet-18_1.0 ACCESS_LOG - /127.0.0.1:50224 "POST /predictions/resnet-18 HTTP/1.1" 200 7
2026-02-19T12:33:55,157 [DEBUG] W-9000-resnet-18_1.0 org.pytorch.serve.job.RestJob - Waiting time ns: 112343, Backend time ns: 6588443
2026-02-19T12:33:55,157 [INFO ] W-9000-resnet-18_1.0 org.pytorch.serve.wlm.WorkerThread - Backend response time: 5
2026-02-19T12:33:56,953 [DEBUG] W-9000-resnet-18_1.0 org.pytorch.serve.wlm.WorkerThread - Flushing req.cmd PREDICT repeats 1 to backend at: 1771497236953
2026-02-19T12:33:56,954 [INFO ] W-9000-resnet-18_1.0 org.pytorch.serve.wlm.WorkerThread - Looping backend response at: 1771497236954
2026-02-19T12:33:56,955 [INFO ] W-9000-resnet-18_1.0-stdout MODEL_LOG - Backend received inference at: 1771497236
2026-02-19T12:33:56,963 [INFO ] W-9000-resnet-18_1.0-stdout org.pytorch.serve.wlm.WorkerLifeCycle - result=[METRICS]PredictionTime.Milliseconds:7.21|#ModelName:resnet-18,Level:Model|#type:GAUGE|#hostname:gpu-0-3.local,1771497236,0a73eb9f-6b77-45c4-87e9-aea6b5e4ae84, pattern=[METRICS]
2026-02-19T12:33:56,963 [INFO ] W-9000-resnet-18_1.0 org.pytorch.serve.wlm.BatchAggregator - Sending response for jobId 0a73eb9f-6b77-45c4-87e9-aea6b5e4ae84
2026-02-19T12:33:56,963 [INFO ] W-9000-resnet-18_1.0 ACCESS_LOG - /127.0.0.1:50226 "POST /predictions/resnet-18 HTTP/1.1" 200 10
2026-02-19T12:33:56,964 [DEBUG] W-9000-resnet-18_1.0 org.pytorch.serve.job.RestJob - Waiting time ns: 102520, Backend time ns: 10418116
2026-02-19T12:33:56,964 [INFO ] W-9000-resnet-18_1.0 org.pytorch.serve.wlm.WorkerThread - Backend response time: 9
2026-02-19T12:33:57,550 [DEBUG] W-9000-resnet-18_1.0 org.pytorch.serve.wlm.WorkerThread - Flushing req.cmd PREDICT repeats 1 to backend at: 1771497237550
2026-02-19T12:33:57,555 [INFO ] W-9000-resnet-18_1.0 org.pytorch.serve.wlm.WorkerThread - Looping backend response at: 1771497237555
2026-02-19T12:33:57,557 [INFO ] W-9000-resnet-18_1.0-stdout MODEL_LOG - Backend received inference at: 1771497237
2026-02-19T12:33:57,564 [INFO ] W-9000-resnet-18_1.0-stdout org.pytorch.serve.wlm.WorkerLifeCycle - result=[METRICS]PredictionTime.Milliseconds:6.37|#ModelName:resnet-18,Level:Model|#type:GAUGE|#hostname:gpu-0-3.local,1771497237,91003175-4a8b-48d1-a01f-302dd45d4ce2, pattern=[METRICS]
2026-02-19T12:33:57,564 [INFO ] W-9000-resnet-18_1.0 org.pytorch.serve.wlm.BatchAggregator - Sending response for jobId 91003175-4a8b-48d1-a01f-302dd45d4ce2
2026-02-19T12:33:57,565 [INFO ] W-9000-resnet-18_1.0 ACCESS_LOG - /127.0.0.1:50228 "POST /predictions/resnet-18 HTTP/1.1" 200 15
2026-02-19T12:33:57,565 [DEBUG] W-9000-resnet-18_1.0 org.pytorch.serve.job.RestJob - Waiting time ns: 115053, Backend time ns: 14836738
2026-02-19T12:33:57,567 [INFO ] W-9000-resnet-18_1.0 org.pytorch.serve.wlm.WorkerThread - Backend response time: 9
2026-02-19T12:33:59,591 [DEBUG] W-9000-resnet-18_1.0 org.pytorch.serve.wlm.WorkerThread - Flushing req.cmd PREDICT repeats 1 to backend at: 1771497239591
2026-02-19T12:33:59,592 [INFO ] W-9000-resnet-18_1.0 org.pytorch.serve.wlm.WorkerThread - Looping backend response at: 1771497239592
2026-02-19T12:33:59,594 [INFO ] W-9000-resnet-18_1.0-stdout MODEL_LOG - Backend received inference at: 1771497239
2026-02-19T12:33:59,600 [INFO ] W-9000-resnet-18_1.0-stdout org.pytorch.serve.wlm.WorkerLifeCycle - result=[METRICS]PredictionTime.Milliseconds:5.65|#ModelName:resnet-18,Level:Model|#type:GAUGE|#hostname:gpu-0-3.local,1771497239,c4e0da06-62b9-47ea-8b44-2a969a623a60, pattern=[METRICS]
2026-02-19T12:33:59,601 [INFO ] W-9000-resnet-18_1.0 org.pytorch.serve.wlm.BatchAggregator - Sending response for jobId c4e0da06-62b9-47ea-8b44-2a969a623a60
2026-02-19T12:33:59,601 [INFO ] W-9000-resnet-18_1.0 ACCESS_LOG - /127.0.0.1:50230 "POST /predictions/resnet-18 HTTP/1.1" 200 11
2026-02-19T12:33:59,601 [DEBUG] W-9000-resnet-18_1.0 org.pytorch.serve.job.RestJob - Waiting time ns: 114838, Backend time ns: 10560850
2026-02-19T12:33:59,602 [INFO ] W-9000-resnet-18_1.0 org.pytorch.serve.wlm.WorkerThread - Backend response time: 9
2026-02-19T12:33:59,767 [DEBUG] W-9000-resnet-18_1.0 org.pytorch.serve.wlm.WorkerThread - Flushing req.cmd PREDICT repeats 1 to backend at: 1771497239767
2026-02-19T12:33:59,767 [INFO ] W-9000-resnet-18_1.0 org.pytorch.serve.wlm.WorkerThread - Looping backend response at: 1771497239767
2026-02-19T12:33:59,769 [INFO ] W-9000-resnet-18_1.0-stdout MODEL_LOG - Backend received inference at: 1771497239
2026-02-19T12:33:59,777 [INFO ] W-9000-resnet-18_1.0-stdout org.pytorch.serve.wlm.WorkerLifeCycle - result=[METRICS]PredictionTime.Milliseconds:7.8|#ModelName:resnet-18,Level:Model|#type:GAUGE|#hostname:gpu-0-3.local,1771497239,c52fad97-f932-40e7-bbb1-0df1d7513331, pattern=[METRICS]
2026-02-19T12:33:59,777 [INFO ] W-9000-resnet-18_1.0 org.pytorch.serve.wlm.BatchAggregator - Sending response for jobId c52fad97-f932-40e7-bbb1-0df1d7513331
2026-02-19T12:33:59,777 [INFO ] W-9000-resnet-18_1.0 ACCESS_LOG - /127.0.0.1:50232 "POST /predictions/resnet-18 HTTP/1.1" 200 11
2026-02-19T12:33:59,778 [DEBUG] W-9000-resnet-18_1.0 org.pytorch.serve.job.RestJob - Waiting time ns: 127666, Backend time ns: 11014313
2026-02-19T12:33:59,778 [INFO ] W-9000-resnet-18_1.0 org.pytorch.serve.wlm.WorkerThread - Backend response time: 9
2026-02-19T12:34:00,602 [DEBUG] W-9000-resnet-18_1.0 org.pytorch.serve.wlm.WorkerThread - Flushing req.cmd PREDICT repeats 1 to backend at: 1771497240601
2026-02-19T12:34:00,602 [INFO ] W-9000-resnet-18_1.0 org.pytorch.serve.wlm.WorkerThread - Looping backend response at: 1771497240602
2026-02-19T12:34:00,604 [INFO ] W-9000-resnet-18_1.0-stdout MODEL_LOG - Backend received inference at: 1771497240
2026-02-19T12:34:00,610 [INFO ] W-9000-resnet-18_1.0-stdout org.pytorch.serve.wlm.WorkerLifeCycle - result=[METRICS]PredictionTime.Milliseconds:6.13|#ModelName:resnet-18,Level:Model|#type:GAUGE|#hostname:gpu-0-3.local,1771497240,543696c9-56a2-4953-af81-b7c07e609659, pattern=[METRICS]
2026-02-19T12:34:00,611 [INFO ] W-9000-resnet-18_1.0 org.pytorch.serve.wlm.BatchAggregator - Sending response for jobId 543696c9-56a2-4953-af81-b7c07e609659
2026-02-19T12:34:00,611 [INFO ] W-9000-resnet-18_1.0 ACCESS_LOG - /127.0.0.1:50234 "POST /predictions/resnet-18 HTTP/1.1" 200 10
2026-02-19T12:34:00,611 [DEBUG] W-9000-resnet-18_1.0 org.pytorch.serve.job.RestJob - Waiting time ns: 129913, Backend time ns: 9938090
2026-02-19T12:34:00,612 [INFO ] W-9000-resnet-18_1.0 org.pytorch.serve.wlm.WorkerThread - Backend response time: 8
2026-02-19T12:34:02,307 [DEBUG] W-9000-resnet-18_1.0 org.pytorch.serve.wlm.WorkerThread - Flushing req.cmd PREDICT repeats 1 to backend at: 1771497242306
2026-02-19T12:34:02,307 [INFO ] W-9000-resnet-18_1.0 org.pytorch.serve.wlm.WorkerThread - Looping backend response at: 1771497242307
2026-02-19T12:34:02,310 [INFO ] W-9000-resnet-18_1.0-stdout MODEL_LOG - Backend received inference at: 1771497242
2026-02-19T12:34:02,315 [INFO ] W-9000-resnet-18_1.0-stdout org.pytorch.serve.wlm.WorkerLifeCycle - result=[METRICS]PredictionTime.Milliseconds:5.6|#ModelName:resnet-18,Level:Model|#type:GAUGE|#hostname:gpu-0-3.local,1771497242,87dbf685-5084-45dc-821d-41e85b2c9c96, pattern=[METRICS]
2026-02-19T12:34:02,316 [INFO ] W-9000-resnet-18_1.0 org.pytorch.serve.wlm.BatchAggregator - Sending response for jobId 87dbf685-5084-45dc-821d-41e85b2c9c96
2026-02-19T12:34:02,316 [INFO ] W-9000-resnet-18_1.0 ACCESS_LOG - /127.0.0.1:50238 "POST /predictions/resnet-18 HTTP/1.1" 200 10
2026-02-19T12:34:02,316 [DEBUG] W-9000-resnet-18_1.0 org.pytorch.serve.job.RestJob - Waiting time ns: 295329, Backend time ns: 9854728
2026-02-19T12:34:02,317 [INFO ] W-9000-resnet-18_1.0 org.pytorch.serve.wlm.WorkerThread - Backend response time: 8
2026-02-19T12:34:03,289 [DEBUG] W-9000-resnet-18_1.0 org.pytorch.serve.wlm.WorkerThread - Flushing req.cmd PREDICT repeats 1 to backend at: 1771497243289
2026-02-19T12:34:03,290 [INFO ] W-9000-resnet-18_1.0 org.pytorch.serve.wlm.WorkerThread - Looping backend response at: 1771497243290
2026-02-19T12:34:03,291 [INFO ] W-9000-resnet-18_1.0-stdout MODEL_LOG - Backend received inference at: 1771497243
2026-02-19T12:34:03,298 [INFO ] W-9000-resnet-18_1.0-stdout org.pytorch.serve.wlm.WorkerLifeCycle - result=[METRICS]PredictionTime.Milliseconds:6.68|#ModelName:resnet-18,Level:Model|#type:GAUGE|#hostname:gpu-0-3.local,1771497243,78c6327f-4bcd-42dc-abfa-b890af109b42, pattern=[METRICS]
2026-02-19T12:34:03,299 [INFO ] W-9000-resnet-18_1.0 org.pytorch.serve.wlm.BatchAggregator - Sending response for jobId 78c6327f-4bcd-42dc-abfa-b890af109b42
2026-02-19T12:34:03,299 [INFO ] W-9000-resnet-18_1.0 ACCESS_LOG - /127.0.0.1:50240 "POST /predictions/resnet-18 HTTP/1.1" 200 10
2026-02-19T12:34:03,299 [DEBUG] W-9000-resnet-18_1.0 org.pytorch.serve.job.RestJob - Waiting time ns: 118872, Backend time ns: 10200722
2026-02-19T12:34:03,299 [INFO ] W-9000-resnet-18_1.0 org.pytorch.serve.wlm.WorkerThread - Backend response time: 9
2026-02-19T12:34:05,729 [DEBUG] W-9000-resnet-18_1.0 org.pytorch.serve.wlm.WorkerThread - Flushing req.cmd PREDICT repeats 1 to backend at: 1771497245729
2026-02-19T12:34:05,730 [INFO ] W-9000-resnet-18_1.0 org.pytorch.serve.wlm.WorkerThread - Looping backend response at: 1771497245730
2026-02-19T12:34:05,733 [INFO ] W-9000-resnet-18_1.0-stdout MODEL_LOG - Backend received inference at: 1771497245
2026-02-19T12:34:05,739 [INFO ] W-9000-resnet-18_1.0-stdout org.pytorch.serve.wlm.WorkerLifeCycle - result=[METRICS]PredictionTime.Milliseconds:6.21|#ModelName:resnet-18,Level:Model|#type:GAUGE|#hostname:gpu-0-3.local,1771497245,1d7e0a0e-3e1d-40b0-9494-9df5a9b84c60, pattern=[METRICS]
2026-02-19T12:34:05,739 [INFO ] W-9000-resnet-18_1.0 org.pytorch.serve.wlm.BatchAggregator - Sending response for jobId 1d7e0a0e-3e1d-40b0-9494-9df5a9b84c60
2026-02-19T12:34:05,740 [INFO ] W-9000-resnet-18_1.0 ACCESS_LOG - /127.0.0.1:50242 "POST /predictions/resnet-18 HTTP/1.1" 200 12
2026-02-19T12:34:05,740 [DEBUG] W-9000-resnet-18_1.0 org.pytorch.serve.job.RestJob - Waiting time ns: 117712, Backend time ns: 11406089
2026-02-19T12:34:05,740 [INFO ] W-9000-resnet-18_1.0 org.pytorch.serve.wlm.WorkerThread - Backend response time: 8
2026-02-19T12:34:07,502 [DEBUG] W-9000-resnet-18_1.0 org.pytorch.serve.wlm.WorkerThread - Flushing req.cmd PREDICT repeats 1 to backend at: 1771497247502
2026-02-19T12:34:07,503 [INFO ] W-9000-resnet-18_1.0 org.pytorch.serve.wlm.WorkerThread - Looping backend response at: 1771497247503
2026-02-19T12:34:07,504 [INFO ] W-9000-resnet-18_1.0-stdout MODEL_LOG - Backend received inference at: 1771497247
2026-02-19T12:34:07,511 [INFO ] W-9000-resnet-18_1.0-stdout org.pytorch.serve.wlm.WorkerLifeCycle - result=[METRICS]PredictionTime.Milliseconds:6.24|#ModelName:resnet-18,Level:Model|#type:GAUGE|#hostname:gpu-0-3.local,1771497247,1933e7ab-af2d-4e0b-a9d2-674110e36bbf, pattern=[METRICS]
2026-02-19T12:34:07,511 [INFO ] W-9000-resnet-18_1.0 org.pytorch.serve.wlm.BatchAggregator - Sending response for jobId 1933e7ab-af2d-4e0b-a9d2-674110e36bbf
2026-02-19T12:34:07,512 [INFO ] W-9000-resnet-18_1.0 ACCESS_LOG - /127.0.0.1:50244 "POST /predictions/resnet-18 HTTP/1.1" 200 10
2026-02-19T12:34:07,512 [DEBUG] W-9000-resnet-18_1.0 org.pytorch.serve.job.RestJob - Waiting time ns: 125362, Backend time ns: 10062398
2026-02-19T12:34:07,512 [INFO ] W-9000-resnet-18_1.0 org.pytorch.serve.wlm.WorkerThread - Backend response time: 8
2026-02-19T12:34:08,018 [DEBUG] W-9000-resnet-18_1.0 org.pytorch.serve.wlm.WorkerThread - Flushing req.cmd PREDICT repeats 1 to backend at: 1771497248018
2026-02-19T12:34:08,019 [INFO ] W-9000-resnet-18_1.0 org.pytorch.serve.wlm.WorkerThread - Looping backend response at: 1771497248019
2026-02-19T12:34:08,021 [INFO ] W-9000-resnet-18_1.0-stdout MODEL_LOG - Backend received inference at: 1771497248
2026-02-19T12:34:08,029 [INFO ] W-9000-resnet-18_1.0-stdout org.pytorch.serve.wlm.WorkerLifeCycle - result=[METRICS]PredictionTime.Milliseconds:7.54|#ModelName:resnet-18,Level:Model|#type:GAUGE|#hostname:gpu-0-3.local,1771497248,e53c4583-cd1b-442b-a28b-0fada937d5a9, pattern=[METRICS]
2026-02-19T12:34:08,029 [INFO ] W-9000-resnet-18_1.0 org.pytorch.serve.wlm.BatchAggregator - Sending response for jobId e53c4583-cd1b-442b-a28b-0fada937d5a9
2026-02-19T12:34:08,029 [INFO ] W-9000-resnet-18_1.0 ACCESS_LOG - /127.0.0.1:50246 "POST /predictions/resnet-18 HTTP/1.1" 200 11
2026-02-19T12:34:08,030 [DEBUG] W-9000-resnet-18_1.0 org.pytorch.serve.job.RestJob - Waiting time ns: 105883, Backend time ns: 11452106
2026-02-19T12:34:08,030 [INFO ] W-9000-resnet-18_1.0 org.pytorch.serve.wlm.WorkerThread - Backend response time: 10
2026-02-19T12:34:08,056 [DEBUG] W-9000-resnet-18_1.0 org.pytorch.serve.wlm.WorkerThread - Flushing req.cmd PREDICT repeats 1 to backend at: 1771497248056
2026-02-19T12:34:08,056 [INFO ] W-9000-resnet-18_1.0 org.pytorch.serve.wlm.WorkerThread - Looping backend response at: 1771497248056
2026-02-19T12:34:08,057 [INFO ] W-9000-resnet-18_1.0-stdout MODEL_LOG - Backend received inference at: 1771497248
2026-02-19T12:34:08,062 [INFO ] W-9000-resnet-18_1.0-stdout org.pytorch.serve.wlm.WorkerLifeCycle - result=[METRICS]PredictionTime.Milliseconds:4.47|#ModelName:resnet-18,Level:Model|#type:GAUGE|#hostname:gpu-0-3.local,1771497248,cf86a6f4-59fd-4fa5-9c4b-91370552efb2, pattern=[METRICS]
2026-02-19T12:34:08,062 [INFO ] W-9000-resnet-18_1.0 org.pytorch.serve.wlm.BatchAggregator - Sending response for jobId cf86a6f4-59fd-4fa5-9c4b-91370552efb2
2026-02-19T12:34:08,062 [INFO ] W-9000-resnet-18_1.0 ACCESS_LOG - /127.0.0.1:50248 "POST /predictions/resnet-18 HTTP/1.1" 200 6
2026-02-19T12:34:08,063 [DEBUG] W-9000-resnet-18_1.0 org.pytorch.serve.job.RestJob - Waiting time ns: 66524, Backend time ns: 6754922
2026-02-19T12:34:08,063 [INFO ] W-9000-resnet-18_1.0 org.pytorch.serve.wlm.WorkerThread - Backend response time: 6
2026-02-19T12:34:08,101 [DEBUG] W-9000-resnet-18_1.0 org.pytorch.serve.wlm.WorkerThread - Flushing req.cmd PREDICT repeats 1 to backend at: 1771497248101
2026-02-19T12:34:08,101 [INFO ] W-9000-resnet-18_1.0 org.pytorch.serve.wlm.WorkerThread - Looping backend response at: 1771497248101
2026-02-19T12:34:08,102 [INFO ] W-9000-resnet-18_1.0-stdout MODEL_LOG - Backend received inference at: 1771497248
2026-02-19T12:34:08,109 [INFO ] W-9000-resnet-18_1.0-stdout org.pytorch.serve.wlm.WorkerLifeCycle - result=[METRICS]PredictionTime.Milliseconds:6.05|#ModelName:resnet-18,Level:Model|#type:GAUGE|#hostname:gpu-0-3.local,1771497248,04bc0241-5864-4ec5-b51b-ca938300e8f9, pattern=[METRICS]
2026-02-19T12:34:08,109 [INFO ] W-9000-resnet-18_1.0 org.pytorch.serve.wlm.BatchAggregator - Sending response for jobId 04bc0241-5864-4ec5-b51b-ca938300e8f9
2026-02-19T12:34:08,109 [INFO ] W-9000-resnet-18_1.0 ACCESS_LOG - /127.0.0.1:50250 "POST /predictions/resnet-18 HTTP/1.1" 200 9
2026-02-19T12:34:08,109 [DEBUG] W-9000-resnet-18_1.0 org.pytorch.serve.job.RestJob - Waiting time ns: 178982, Backend time ns: 8645226
2026-02-19T12:34:08,109 [INFO ] W-9000-resnet-18_1.0 org.pytorch.serve.wlm.WorkerThread - Backend response time: 8
2026-02-19T12:34:08,440 [DEBUG] W-9000-resnet-18_1.0 org.pytorch.serve.wlm.WorkerThread - Flushing req.cmd PREDICT repeats 1 to backend at: 1771497248440
2026-02-19T12:34:08,442 [INFO ] W-9000-resnet-18_1.0 org.pytorch.serve.wlm.WorkerThread - Looping backend response at: 1771497248441
2026-02-19T12:34:08,443 [INFO ] W-9000-resnet-18_1.0-stdout MODEL_LOG - Backend received inference at: 1771497248
2026-02-19T12:34:08,450 [INFO ] W-9000-resnet-18_1.0-stdout org.pytorch.serve.wlm.WorkerLifeCycle - result=[METRICS]PredictionTime.Milliseconds:6.54|#ModelName:resnet-18,Level:Model|#type:GAUGE|#hostname:gpu-0-3.local,1771497248,30eb4675-555a-4f28-9ecc-ef69f0346700, pattern=[METRICS]
2026-02-19T12:34:08,450 [INFO ] W-9000-resnet-18_1.0 org.pytorch.serve.wlm.BatchAggregator - Sending response for jobId 30eb4675-555a-4f28-9ecc-ef69f0346700
2026-02-19T12:34:08,450 [INFO ] W-9000-resnet-18_1.0 ACCESS_LOG - /127.0.0.1:50252 "POST /predictions/resnet-18 HTTP/1.1" 200 10
2026-02-19T12:34:08,451 [DEBUG] W-9000-resnet-18_1.0 org.pytorch.serve.job.RestJob - Waiting time ns: 296733, Backend time ns: 10438434
2026-02-19T12:34:08,451 [INFO ] W-9000-resnet-18_1.0 org.pytorch.serve.wlm.WorkerThread - Backend response time: 8
2026-02-19T12:34:08,905 [DEBUG] W-9000-resnet-18_1.0 org.pytorch.serve.wlm.WorkerThread - Flushing req.cmd PREDICT repeats 1 to backend at: 1771497248905
2026-02-19T12:34:08,906 [INFO ] W-9000-resnet-18_1.0 org.pytorch.serve.wlm.WorkerThread - Looping backend response at: 1771497248906
2026-02-19T12:34:08,907 [INFO ] W-9000-resnet-18_1.0-stdout MODEL_LOG - Backend received inference at: 1771497248
2026-02-19T12:34:08,916 [INFO ] W-9000-resnet-18_1.0-stdout org.pytorch.serve.wlm.WorkerLifeCycle - result=[METRICS]PredictionTime.Milliseconds:7.75|#ModelName:resnet-18,Level:Model|#type:GAUGE|#hostname:gpu-0-3.local,1771497248,95edf6bb-410e-46de-9100-976f2a712f2f, pattern=[METRICS]
2026-02-19T12:34:08,918 [INFO ] W-9000-resnet-18_1.0 org.pytorch.serve.wlm.BatchAggregator - Sending response for jobId 95edf6bb-410e-46de-9100-976f2a712f2f
2026-02-19T12:34:08,918 [INFO ] W-9000-resnet-18_1.0 ACCESS_LOG - /127.0.0.1:50254 "POST /predictions/resnet-18 HTTP/1.1" 200 14
2026-02-19T12:34:08,919 [DEBUG] W-9000-resnet-18_1.0 org.pytorch.serve.job.RestJob - Waiting time ns: 266573, Backend time ns: 13452084
2026-02-19T12:34:08,919 [INFO ] W-9000-resnet-18_1.0 org.pytorch.serve.wlm.WorkerThread - Backend response time: 12
2026-02-19T12:34:08,919 [DEBUG] W-9000-resnet-18_1.0 org.pytorch.serve.wlm.WorkerThread - Flushing req.cmd PREDICT repeats 1 to backend at: 1771497248919
2026-02-19T12:34:08,919 [INFO ] W-9000-resnet-18_1.0 org.pytorch.serve.wlm.WorkerThread - Looping backend response at: 1771497248919
2026-02-19T12:34:08,935 [INFO ] W-9000-resnet-18_1.0-stdout MODEL_LOG - Backend received inference at: 1771497248
2026-02-19T12:34:08,939 [INFO ] W-9000-resnet-18_1.0-stdout org.pytorch.serve.wlm.WorkerLifeCycle - result=[METRICS]PredictionTime.Milliseconds:4.52|#ModelName:resnet-18,Level:Model|#type:GAUGE|#hostname:gpu-0-3.local,1771497248,f82c5e86-7d48-45aa-baae-325bdfca16cf, pattern=[METRICS]
2026-02-19T12:34:08,940 [INFO ] W-9000-resnet-18_1.0 org.pytorch.serve.wlm.BatchAggregator - Sending response for jobId f82c5e86-7d48-45aa-baae-325bdfca16cf
2026-02-19T12:34:08,940 [INFO ] W-9000-resnet-18_1.0 ACCESS_LOG - /127.0.0.1:50256 "POST /predictions/resnet-18 HTTP/1.1" 200 23
2026-02-19T12:34:08,940 [DEBUG] W-9000-resnet-18_1.0 org.pytorch.serve.job.RestJob - Waiting time ns: 1188768, Backend time ns: 21475552
2026-02-19T12:34:08,940 [INFO ] W-9000-resnet-18_1.0 org.pytorch.serve.wlm.WorkerThread - Backend response time: 21
2026-02-19T12:34:08,941 [DEBUG] W-9000-resnet-18_1.0 org.pytorch.serve.wlm.WorkerThread - Flushing req.cmd PREDICT repeats 1 to backend at: 1771497248940
2026-02-19T12:34:08,941 [INFO ] W-9000-resnet-18_1.0 org.pytorch.serve.wlm.WorkerThread - Looping backend response at: 1771497248941
2026-02-19T12:34:08,943 [INFO ] W-9000-resnet-18_1.0-stdout MODEL_LOG - Backend received inference at: 1771497248
2026-02-19T12:34:08,946 [INFO ] W-9000-resnet-18_1.0-stdout org.pytorch.serve.wlm.WorkerLifeCycle - result=[METRICS]PredictionTime.Milliseconds:4.13|#ModelName:resnet-18,Level:Model|#type:GAUGE|#hostname:gpu-0-3.local,1771497248,d864e7e5-55b7-4342-be6d-7b4f46005af0, pattern=[METRICS]
2026-02-19T12:34:08,946 [INFO ] W-9000-resnet-18_1.0 org.pytorch.serve.wlm.BatchAggregator - Sending response for jobId d864e7e5-55b7-4342-be6d-7b4f46005af0
2026-02-19T12:34:08,946 [INFO ] W-9000-resnet-18_1.0 ACCESS_LOG - /127.0.0.1:50258 "POST /predictions/resnet-18 HTTP/1.1" 200 28
2026-02-19T12:34:08,947 [DEBUG] W-9000-resnet-18_1.0 org.pytorch.serve.job.RestJob - Waiting time ns: 22474397, Backend time ns: 6066201
2026-02-19T12:34:08,947 [INFO ] W-9000-resnet-18_1.0 org.pytorch.serve.wlm.WorkerThread - Backend response time: 5
2026-02-19T12:34:09,841 [DEBUG] W-9000-resnet-18_1.0 org.pytorch.serve.wlm.WorkerThread - Flushing req.cmd PREDICT repeats 1 to backend at: 1771497249841
2026-02-19T12:34:09,842 [INFO ] W-9000-resnet-18_1.0 org.pytorch.serve.wlm.WorkerThread - Looping backend response at: 1771497249842
2026-02-19T12:34:09,845 [INFO ] W-9000-resnet-18_1.0-stdout MODEL_LOG - Backend received inference at: 1771497249
2026-02-19T12:34:09,852 [INFO ] W-9000-resnet-18_1.0-stdout org.pytorch.serve.wlm.WorkerLifeCycle - result=[METRICS]PredictionTime.Milliseconds:4.81|#ModelName:resnet-18,Level:Model|#type:GAUGE|#hostname:gpu-0-3.local,1771497249,9e47be8b-61d0-445b-9622-135d90b12869, pattern=[METRICS]
2026-02-19T12:34:09,852 [INFO ] W-9000-resnet-18_1.0 org.pytorch.serve.wlm.BatchAggregator - Sending response for jobId 9e47be8b-61d0-445b-9622-135d90b12869
2026-02-19T12:34:09,852 [INFO ] W-9000-resnet-18_1.0 ACCESS_LOG - /127.0.0.1:50260 "POST /predictions/resnet-18 HTTP/1.1" 200 12
2026-02-19T12:34:09,853 [DEBUG] W-9000-resnet-18_1.0 org.pytorch.serve.job.RestJob - Waiting time ns: 942228, Backend time ns: 11986844
2026-02-19T12:34:09,853 [INFO ] W-9000-resnet-18_1.0 org.pytorch.serve.wlm.WorkerThread - Backend response time: 10
2026-02-19T12:34:10,086 [DEBUG] W-9000-resnet-18_1.0 org.pytorch.serve.wlm.WorkerThread - Flushing req.cmd PREDICT repeats 1 to backend at: 1771497250086
2026-02-19T12:34:10,087 [INFO ] W-9000-resnet-18_1.0 org.pytorch.serve.wlm.WorkerThread - Looping backend response at: 1771497250087
2026-02-19T12:34:10,088 [INFO ] W-9000-resnet-18_1.0-stdout MODEL_LOG - Backend received inference at: 1771497250
2026-02-19T12:34:10,096 [INFO ] W-9000-resnet-18_1.0-stdout org.pytorch.serve.wlm.WorkerLifeCycle - result=[METRICS]PredictionTime.Milliseconds:7.53|#ModelName:resnet-18,Level:Model|#type:GAUGE|#hostname:gpu-0-3.local,1771497250,ebb56a5c-99e7-40d1-8c6c-86bcf56cc5f4, pattern=[METRICS]
2026-02-19T12:34:10,096 [INFO ] W-9000-resnet-18_1.0 org.pytorch.serve.wlm.BatchAggregator - Sending response for jobId ebb56a5c-99e7-40d1-8c6c-86bcf56cc5f4
2026-02-19T12:34:10,097 [INFO ] W-9000-resnet-18_1.0 ACCESS_LOG - /127.0.0.1:50262 "POST /predictions/resnet-18 HTTP/1.1" 200 12
2026-02-19T12:34:10,097 [DEBUG] W-9000-resnet-18_1.0 org.pytorch.serve.job.RestJob - Waiting time ns: 251766, Backend time ns: 10903251
2026-02-19T12:34:10,097 [INFO ] W-9000-resnet-18_1.0 org.pytorch.serve.wlm.WorkerThread - Backend response time: 9
2026-02-19T12:34:12,357 [DEBUG] W-9000-resnet-18_1.0 org.pytorch.serve.wlm.WorkerThread - Flushing req.cmd PREDICT repeats 1 to backend at: 1771497252357
2026-02-19T12:34:12,358 [INFO ] W-9000-resnet-18_1.0 org.pytorch.serve.wlm.WorkerThread - Looping backend response at: 1771497252358
2026-02-19T12:34:12,359 [INFO ] W-9000-resnet-18_1.0-stdout MODEL_LOG - Backend received inference at: 1771497252
2026-02-19T12:34:12,365 [INFO ] W-9000-resnet-18_1.0-stdout org.pytorch.serve.wlm.WorkerLifeCycle - result=[METRICS]PredictionTime.Milliseconds:6.03|#ModelName:resnet-18,Level:Model|#type:GAUGE|#hostname:gpu-0-3.local,1771497252,aae1dda3-3cba-46b8-b738-265688bf9d39, pattern=[METRICS]
2026-02-19T12:34:12,365 [INFO ] W-9000-resnet-18_1.0 org.pytorch.serve.wlm.BatchAggregator - Sending response for jobId aae1dda3-3cba-46b8-b738-265688bf9d39
2026-02-19T12:34:12,365 [INFO ] W-9000-resnet-18_1.0 ACCESS_LOG - /127.0.0.1:50264 "POST /predictions/resnet-18 HTTP/1.1" 200 9
2026-02-19T12:34:12,366 [DEBUG] W-9000-resnet-18_1.0 org.pytorch.serve.job.RestJob - Waiting time ns: 134342, Backend time ns: 8730081
2026-02-19T12:34:12,366 [INFO ] W-9000-resnet-18_1.0 org.pytorch.serve.wlm.WorkerThread - Backend response time: 7
2026-02-19T12:34:12,525 [DEBUG] W-9000-resnet-18_1.0 org.pytorch.serve.wlm.WorkerThread - Flushing req.cmd PREDICT repeats 1 to backend at: 1771497252525
2026-02-19T12:34:12,526 [INFO ] W-9000-resnet-18_1.0 org.pytorch.serve.wlm.WorkerThread - Looping backend response at: 1771497252526
2026-02-19T12:34:12,528 [INFO ] W-9000-resnet-18_1.0-stdout MODEL_LOG - Backend received inference at: 1771497252
2026-02-19T12:34:12,533 [INFO ] W-9000-resnet-18_1.0-stdout org.pytorch.serve.wlm.WorkerLifeCycle - result=[METRICS]PredictionTime.Milliseconds:4.94|#ModelName:resnet-18,Level:Model|#type:GAUGE|#hostname:gpu-0-3.local,1771497252,47615ed1-1d93-4489-9319-710306b2fbad, pattern=[METRICS]
2026-02-19T12:34:12,534 [INFO ] W-9000-resnet-18_1.0 org.pytorch.serve.wlm.BatchAggregator - Sending response for jobId 47615ed1-1d93-4489-9319-710306b2fbad
2026-02-19T12:34:12,534 [INFO ] W-9000-resnet-18_1.0 ACCESS_LOG - /127.0.0.1:50266 "POST /predictions/resnet-18 HTTP/1.1" 200 9
2026-02-19T12:34:12,534 [DEBUG] W-9000-resnet-18_1.0 org.pytorch.serve.job.RestJob - Waiting time ns: 277409, Backend time ns: 9063746
2026-02-19T12:34:12,534 [INFO ] W-9000-resnet-18_1.0 org.pytorch.serve.wlm.WorkerThread - Backend response time: 8
2026-02-19T12:34:13,227 [DEBUG] W-9000-resnet-18_1.0 org.pytorch.serve.wlm.WorkerThread - Flushing req.cmd PREDICT repeats 1 to backend at: 1771497253227
2026-02-19T12:34:13,227 [INFO ] W-9000-resnet-18_1.0 org.pytorch.serve.wlm.WorkerThread - Looping backend response at: 1771497253227
2026-02-19T12:34:13,229 [INFO ] W-9000-resnet-18_1.0-stdout MODEL_LOG - Backend received inference at: 1771497253
2026-02-19T12:34:13,236 [INFO ] W-9000-resnet-18_1.0-stdout org.pytorch.serve.wlm.WorkerLifeCycle - result=[METRICS]PredictionTime.Milliseconds:7.26|#ModelName:resnet-18,Level:Model|#type:GAUGE|#hostname:gpu-0-3.local,1771497253,f52de694-b328-49a1-91a7-1bf223aa02aa, pattern=[METRICS]
2026-02-19T12:34:13,236 [INFO ] W-9000-resnet-18_1.0 org.pytorch.serve.wlm.BatchAggregator - Sending response for jobId f52de694-b328-49a1-91a7-1bf223aa02aa
2026-02-19T12:34:13,236 [INFO ] W-9000-resnet-18_1.0 ACCESS_LOG - /127.0.0.1:50268 "POST /predictions/resnet-18 HTTP/1.1" 200 10
2026-02-19T12:34:13,236 [DEBUG] W-9000-resnet-18_1.0 org.pytorch.serve.job.RestJob - Waiting time ns: 108354, Backend time ns: 9671974
2026-02-19T12:34:13,237 [INFO ] W-9000-resnet-18_1.0 org.pytorch.serve.wlm.WorkerThread - Backend response time: 9
2026-02-19T12:34:17,479 [DEBUG] W-9000-resnet-18_1.0 org.pytorch.serve.wlm.WorkerThread - Flushing req.cmd PREDICT repeats 1 to backend at: 1771497257479
2026-02-19T12:34:17,479 [INFO ] W-9000-resnet-18_1.0 org.pytorch.serve.wlm.WorkerThread - Looping backend response at: 1771497257479
2026-02-19T12:34:17,480 [INFO ] W-9000-resnet-18_1.0-stdout MODEL_LOG - Backend received inference at: 1771497257
2026-02-19T12:34:17,487 [INFO ] W-9000-resnet-18_1.0-stdout org.pytorch.serve.wlm.WorkerLifeCycle - result=[METRICS]PredictionTime.Milliseconds:6.33|#ModelName:resnet-18,Level:Model|#type:GAUGE|#hostname:gpu-0-3.local,1771497257,8e79a6c4-0619-42e6-8758-d1d5e0775528, pattern=[METRICS]
2026-02-19T12:34:17,487 [INFO ] W-9000-resnet-18_1.0 org.pytorch.serve.wlm.BatchAggregator - Sending response for jobId 8e79a6c4-0619-42e6-8758-d1d5e0775528
2026-02-19T12:34:17,488 [INFO ] W-9000-resnet-18_1.0 ACCESS_LOG - /127.0.0.1:50270 "POST /predictions/resnet-18 HTTP/1.1" 200 9
2026-02-19T12:34:17,488 [DEBUG] W-9000-resnet-18_1.0 org.pytorch.serve.job.RestJob - Waiting time ns: 92002, Backend time ns: 9306996
2026-02-19T12:34:17,488 [INFO ] W-9000-resnet-18_1.0 org.pytorch.serve.wlm.WorkerThread - Backend response time: 8
2026-02-19T12:34:18,883 [DEBUG] W-9000-resnet-18_1.0 org.pytorch.serve.wlm.WorkerThread - Flushing req.cmd PREDICT repeats 1 to backend at: 1771497258883
2026-02-19T12:34:18,883 [INFO ] W-9000-resnet-18_1.0 org.pytorch.serve.wlm.WorkerThread - Looping backend response at: 1771497258883
2026-02-19T12:34:18,885 [INFO ] W-9000-resnet-18_1.0-stdout MODEL_LOG - Backend received inference at: 1771497258
2026-02-19T12:34:18,890 [INFO ] W-9000-resnet-18_1.0-stdout org.pytorch.serve.wlm.WorkerLifeCycle - result=[METRICS]PredictionTime.Milliseconds:5.42|#ModelName:resnet-18,Level:Model|#type:GAUGE|#hostname:gpu-0-3.local,1771497258,7790d8b4-c4b9-462c-9bac-588adecec112, pattern=[METRICS]
2026-02-19T12:34:18,890 [INFO ] W-9000-resnet-18_1.0 org.pytorch.serve.wlm.BatchAggregator - Sending response for jobId 7790d8b4-c4b9-462c-9bac-588adecec112
2026-02-19T12:34:18,891 [INFO ] W-9000-resnet-18_1.0 ACCESS_LOG - /127.0.0.1:50272 "POST /predictions/resnet-18 HTTP/1.1" 200 9
2026-02-19T12:34:18,891 [DEBUG] W-9000-resnet-18_1.0 org.pytorch.serve.job.RestJob - Waiting time ns: 248171, Backend time ns: 8408491
2026-02-19T12:34:18,891 [INFO ] W-9000-resnet-18_1.0 org.pytorch.serve.wlm.WorkerThread - Backend response time: 7
2026-02-19T12:34:19,419 [DEBUG] W-9000-resnet-18_1.0 org.pytorch.serve.wlm.WorkerThread - Flushing req.cmd PREDICT repeats 1 to backend at: 1771497259419
2026-02-19T12:34:19,420 [INFO ] W-9000-resnet-18_1.0 org.pytorch.serve.wlm.WorkerThread - Looping backend response at: 1771497259420
2026-02-19T12:34:19,421 [INFO ] W-9000-resnet-18_1.0-stdout MODEL_LOG - Backend received inference at: 1771497259
2026-02-19T12:34:19,429 [INFO ] W-9000-resnet-18_1.0-stdout org.pytorch.serve.wlm.WorkerLifeCycle - result=[METRICS]PredictionTime.Milliseconds:7.5|#ModelName:resnet-18,Level:Model|#type:GAUGE|#hostname:gpu-0-3.local,1771497259,a99af9a5-7c7a-4d2c-be03-4dd461465ed6, pattern=[METRICS]
2026-02-19T12:34:19,430 [INFO ] W-9000-resnet-18_1.0 org.pytorch.serve.wlm.BatchAggregator - Sending response for jobId a99af9a5-7c7a-4d2c-be03-4dd461465ed6
2026-02-19T12:34:19,430 [INFO ] W-9000-resnet-18_1.0 ACCESS_LOG - /127.0.0.1:50274 "POST /predictions/resnet-18 HTTP/1.1" 200 11
2026-02-19T12:34:19,430 [DEBUG] W-9000-resnet-18_1.0 org.pytorch.serve.job.RestJob - Waiting time ns: 108152, Backend time ns: 10656715
2026-02-19T12:34:19,430 [INFO ] W-9000-resnet-18_1.0 org.pytorch.serve.wlm.WorkerThread - Backend response time: 9
2026-02-19T12:34:20,051 [DEBUG] W-9000-resnet-18_1.0 org.pytorch.serve.wlm.WorkerThread - Flushing req.cmd PREDICT repeats 1 to backend at: 1771497260051
2026-02-19T12:34:20,052 [INFO ] W-9000-resnet-18_1.0 org.pytorch.serve.wlm.WorkerThread - Looping backend response at: 1771497260051
2026-02-19T12:34:20,053 [INFO ] W-9000-resnet-18_1.0-stdout MODEL_LOG - Backend received inference at: 1771497260
2026-02-19T12:34:20,059 [INFO ] W-9000-resnet-18_1.0-stdout org.pytorch.serve.wlm.WorkerLifeCycle - result=[METRICS]PredictionTime.Milliseconds:5.98|#ModelName:resnet-18,Level:Model|#type:GAUGE|#hostname:gpu-0-3.local,1771497260,6d922af8-86ee-4280-9777-6bbb9a5f233c, pattern=[METRICS]
2026-02-19T12:34:20,060 [INFO ] W-9000-resnet-18_1.0 org.pytorch.serve.wlm.BatchAggregator - Sending response for jobId 6d922af8-86ee-4280-9777-6bbb9a5f233c
2026-02-19T12:34:20,060 [INFO ] W-9000-resnet-18_1.0 ACCESS_LOG - /127.0.0.1:50276 "POST /predictions/resnet-18 HTTP/1.1" 200 10
2026-02-19T12:34:20,060 [DEBUG] W-9000-resnet-18_1.0 org.pytorch.serve.job.RestJob - Waiting time ns: 259248, Backend time ns: 9221148
2026-02-19T12:34:20,060 [INFO ] W-9000-resnet-18_1.0 org.pytorch.serve.wlm.WorkerThread - Backend response time: 8
2026-02-19T12:34:20,603 [DEBUG] W-9000-resnet-18_1.0 org.pytorch.serve.wlm.WorkerThread - Flushing req.cmd PREDICT repeats 1 to backend at: 1771497260603
2026-02-19T12:34:20,603 [INFO ] W-9000-resnet-18_1.0 org.pytorch.serve.wlm.WorkerThread - Looping backend response at: 1771497260603
2026-02-19T12:34:20,604 [INFO ] W-9000-resnet-18_1.0-stdout MODEL_LOG - Backend received inference at: 1771497260
2026-02-19T12:34:20,613 [INFO ] W-9000-resnet-18_1.0-stdout org.pytorch.serve.wlm.WorkerLifeCycle - result=[METRICS]PredictionTime.Milliseconds:8.45|#ModelName:resnet-18,Level:Model|#type:GAUGE|#hostname:gpu-0-3.local,1771497260,570663f4-7889-4624-b4c0-d377fec08421, pattern=[METRICS]
2026-02-19T12:34:20,613 [INFO ] W-9000-resnet-18_1.0 org.pytorch.serve.wlm.BatchAggregator - Sending response for jobId 570663f4-7889-4624-b4c0-d377fec08421
2026-02-19T12:34:20,614 [INFO ] W-9000-resnet-18_1.0 ACCESS_LOG - /127.0.0.1:50278 "POST /predictions/resnet-18 HTTP/1.1" 200 11
2026-02-19T12:34:20,614 [DEBUG] W-9000-resnet-18_1.0 org.pytorch.serve.job.RestJob - Waiting time ns: 110155, Backend time ns: 10958387
2026-02-19T12:34:20,614 [INFO ] W-9000-resnet-18_1.0 org.pytorch.serve.wlm.WorkerThread - Backend response time: 10
2026-02-19T12:34:21,554 [DEBUG] W-9000-resnet-18_1.0 org.pytorch.serve.wlm.WorkerThread - Flushing req.cmd PREDICT repeats 1 to backend at: 1771497261554
2026-02-19T12:34:21,554 [INFO ] W-9000-resnet-18_1.0 org.pytorch.serve.wlm.WorkerThread - Looping backend response at: 1771497261554
2026-02-19T12:34:21,556 [INFO ] W-9000-resnet-18_1.0-stdout MODEL_LOG - Backend received inference at: 1771497261
2026-02-19T12:34:21,565 [INFO ] W-9000-resnet-18_1.0-stdout org.pytorch.serve.wlm.WorkerLifeCycle - result=[METRICS]PredictionTime.Milliseconds:9.07|#ModelName:resnet-18,Level:Model|#type:GAUGE|#hostname:gpu-0-3.local,1771497261,9cdc98f4-73d8-4fa9-b58c-20dbd981fbe5, pattern=[METRICS]
2026-02-19T12:34:21,565 [INFO ] W-9000-resnet-18_1.0 org.pytorch.serve.wlm.BatchAggregator - Sending response for jobId 9cdc98f4-73d8-4fa9-b58c-20dbd981fbe5
2026-02-19T12:34:21,566 [INFO ] W-9000-resnet-18_1.0 ACCESS_LOG - /127.0.0.1:50280 "POST /predictions/resnet-18 HTTP/1.1" 200 12
2026-02-19T12:34:21,566 [DEBUG] W-9000-resnet-18_1.0 org.pytorch.serve.job.RestJob - Waiting time ns: 125321, Backend time ns: 11913281
2026-02-19T12:34:21,566 [INFO ] W-9000-resnet-18_1.0 org.pytorch.serve.wlm.WorkerThread - Backend response time: 11
2026-02-19T12:34:22,044 [DEBUG] W-9000-resnet-18_1.0 org.pytorch.serve.wlm.WorkerThread - Flushing req.cmd PREDICT repeats 1 to backend at: 1771497262044
2026-02-19T12:34:22,045 [INFO ] W-9000-resnet-18_1.0 org.pytorch.serve.wlm.WorkerThread - Looping backend response at: 1771497262045
2026-02-19T12:34:22,046 [INFO ] W-9000-resnet-18_1.0-stdout MODEL_LOG - Backend received inference at: 1771497262
2026-02-19T12:34:22,052 [INFO ] W-9000-resnet-18_1.0-stdout org.pytorch.serve.wlm.WorkerLifeCycle - result=[METRICS]PredictionTime.Milliseconds:5.62|#ModelName:resnet-18,Level:Model|#type:GAUGE|#hostname:gpu-0-3.local,1771497262,a4e5e793-4307-4948-a89c-b6d288572722, pattern=[METRICS]
2026-02-19T12:34:22,052 [INFO ] W-9000-resnet-18_1.0 org.pytorch.serve.wlm.BatchAggregator - Sending response for jobId a4e5e793-4307-4948-a89c-b6d288572722
2026-02-19T12:34:22,052 [INFO ] W-9000-resnet-18_1.0 ACCESS_LOG - /127.0.0.1:50282 "POST /predictions/resnet-18 HTTP/1.1" 200 8
2026-02-19T12:34:22,053 [DEBUG] W-9000-resnet-18_1.0 org.pytorch.serve.job.RestJob - Waiting time ns: 126512, Backend time ns: 8571699
2026-02-19T12:34:22,053 [INFO ] W-9000-resnet-18_1.0 org.pytorch.serve.wlm.WorkerThread - Backend response time: 7
2026-02-19T12:34:23,592 [DEBUG] W-9000-resnet-18_1.0 org.pytorch.serve.wlm.WorkerThread - Flushing req.cmd PREDICT repeats 1 to backend at: 1771497263592
2026-02-19T12:34:23,593 [INFO ] W-9000-resnet-18_1.0 org.pytorch.serve.wlm.WorkerThread - Looping backend response at: 1771497263593
2026-02-19T12:34:23,594 [INFO ] W-9000-resnet-18_1.0-stdout MODEL_LOG - Backend received inference at: 1771497263
2026-02-19T12:34:23,602 [INFO ] W-9000-resnet-18_1.0-stdout org.pytorch.serve.wlm.WorkerLifeCycle - result=[METRICS]PredictionTime.Milliseconds:7.86|#ModelName:resnet-18,Level:Model|#type:GAUGE|#hostname:gpu-0-3.local,1771497263,d8fe8ba8-1cca-44bd-9315-460b7d59ac0c, pattern=[METRICS]
2026-02-19T12:34:23,602 [INFO ] W-9000-resnet-18_1.0 org.pytorch.serve.wlm.BatchAggregator - Sending response for jobId d8fe8ba8-1cca-44bd-9315-460b7d59ac0c
2026-02-19T12:34:23,602 [INFO ] W-9000-resnet-18_1.0 ACCESS_LOG - /127.0.0.1:50284 "POST /predictions/resnet-18 HTTP/1.1" 200 10
2026-02-19T12:34:23,603 [DEBUG] W-9000-resnet-18_1.0 org.pytorch.serve.job.RestJob - Waiting time ns: 118622, Backend time ns: 10486648
2026-02-19T12:34:23,603 [INFO ] W-9000-resnet-18_1.0 org.pytorch.serve.wlm.WorkerThread - Backend response time: 9
2026-02-19T12:34:25,123 [DEBUG] W-9000-resnet-18_1.0 org.pytorch.serve.wlm.WorkerThread - Flushing req.cmd PREDICT repeats 1 to backend at: 1771497265123
2026-02-19T12:34:25,124 [INFO ] W-9000-resnet-18_1.0 org.pytorch.serve.wlm.WorkerThread - Looping backend response at: 1771497265123
2026-02-19T12:34:25,133 [INFO ] W-9000-resnet-18_1.0 org.pytorch.serve.wlm.BatchAggregator - Sending response for jobId c64291cf-5545-4e8b-bf4c-f1122cf2c06d
2026-02-19T12:34:25,133 [INFO ] W-9000-resnet-18_1.0-stdout MODEL_LOG - Backend received inference at: 1771497265
2026-02-19T12:34:25,133 [INFO ] W-9000-resnet-18_1.0-stdout org.pytorch.serve.wlm.WorkerLifeCycle - result=[METRICS]PredictionTime.Milliseconds:6.57|#ModelName:resnet-18,Level:Model|#type:GAUGE|#hostname:gpu-0-3.local,1771497265,c64291cf-5545-4e8b-bf4c-f1122cf2c06d, pattern=[METRICS]
2026-02-19T12:34:25,133 [INFO ] W-9000-resnet-18_1.0 ACCESS_LOG - /127.0.0.1:50286 "POST /predictions/resnet-18 HTTP/1.1" 200 11
2026-02-19T12:34:25,133 [DEBUG] W-9000-resnet-18_1.0 org.pytorch.serve.job.RestJob - Waiting time ns: 133663, Backend time ns: 10897467
2026-02-19T12:34:25,134 [INFO ] W-9000-resnet-18_1.0 org.pytorch.serve.wlm.WorkerThread - Backend response time: 9
2026-02-19T12:34:25,242 [DEBUG] W-9000-resnet-18_1.0 org.pytorch.serve.wlm.WorkerThread - Flushing req.cmd PREDICT repeats 1 to backend at: 1771497265242
2026-02-19T12:34:25,243 [INFO ] W-9000-resnet-18_1.0 org.pytorch.serve.wlm.WorkerThread - Looping backend response at: 1771497265243
2026-02-19T12:34:25,245 [INFO ] W-9000-resnet-18_1.0-stdout MODEL_LOG - Backend received inference at: 1771497265
2026-02-19T12:34:25,251 [INFO ] W-9000-resnet-18_1.0-stdout org.pytorch.serve.wlm.WorkerLifeCycle - result=[METRICS]PredictionTime.Milliseconds:6.13|#ModelName:resnet-18,Level:Model|#type:GAUGE|#hostname:gpu-0-3.local,1771497265,81d38cc3-2c35-4237-a62f-bab9d934226b, pattern=[METRICS]
2026-02-19T12:34:25,251 [INFO ] W-9000-resnet-18_1.0 org.pytorch.serve.wlm.BatchAggregator - Sending response for jobId 81d38cc3-2c35-4237-a62f-bab9d934226b
2026-02-19T12:34:25,252 [INFO ] W-9000-resnet-18_1.0 ACCESS_LOG - /127.0.0.1:50288 "POST /predictions/resnet-18 HTTP/1.1" 200 10
2026-02-19T12:34:25,252 [DEBUG] W-9000-resnet-18_1.0 org.pytorch.serve.job.RestJob - Waiting time ns: 133825, Backend time ns: 9832843
2026-02-19T12:34:25,252 [INFO ] W-9000-resnet-18_1.0 org.pytorch.serve.wlm.WorkerThread - Backend response time: 8
2026-02-19T12:34:25,504 [DEBUG] W-9000-resnet-18_1.0 org.pytorch.serve.wlm.WorkerThread - Flushing req.cmd PREDICT repeats 1 to backend at: 1771497265504
2026-02-19T12:34:25,505 [INFO ] W-9000-resnet-18_1.0 org.pytorch.serve.wlm.WorkerThread - Looping backend response at: 1771497265505
2026-02-19T12:34:25,506 [INFO ] W-9000-resnet-18_1.0-stdout MODEL_LOG - Backend received inference at: 1771497265
2026-02-19T12:34:25,514 [INFO ] W-9000-resnet-18_1.0-stdout org.pytorch.serve.wlm.WorkerLifeCycle - result=[METRICS]PredictionTime.Milliseconds:6.4|#ModelName:resnet-18,Level:Model|#type:GAUGE|#hostname:gpu-0-3.local,1771497265,ee325e19-5429-49c2-b33d-29f4501c4dbd, pattern=[METRICS]
2026-02-19T12:34:25,516 [INFO ] W-9000-resnet-18_1.0 org.pytorch.serve.wlm.BatchAggregator - Sending response for jobId ee325e19-5429-49c2-b33d-29f4501c4dbd
2026-02-19T12:34:25,516 [INFO ] W-9000-resnet-18_1.0 ACCESS_LOG - /127.0.0.1:50290 "POST /predictions/resnet-18 HTTP/1.1" 200 12
2026-02-19T12:34:25,516 [DEBUG] W-9000-resnet-18_1.0 org.pytorch.serve.job.RestJob - Waiting time ns: 141595, Backend time ns: 11811993
2026-02-19T12:34:25,516 [INFO ] W-9000-resnet-18_1.0 org.pytorch.serve.wlm.WorkerThread - Backend response time: 11
