Starting ResNet-18 idle-baseline job on gpu-0-2
SLURM_JOBID=26621291 | CUDA_VISIBLE_DEVICES=0
PROJECT_DIR=/home/chadji10/ADE
RUN_DIR=/home/chadji10/ADE/runs/resnet18_idle_baseline_20251207_120330
GPU inventory:
Sun Dec  7 12:03:32 2025       
+-----------------------------------------------------------------------------------------+
| NVIDIA-SMI 550.163.01             Driver Version: 550.163.01     CUDA Version: 12.4     |
|-----------------------------------------+------------------------+----------------------+
| GPU  Name                 Persistence-M | Bus-Id          Disp.A | Volatile Uncorr. ECC |
| Fan  Temp   Perf          Pwr:Usage/Cap |           Memory-Usage | GPU-Util  Compute M. |
|                                         |                        |               MIG M. |
|=========================================+========================+======================|
|   0  Tesla V100-SXM2-32GB           Off |   00000000:18:00.0 Off |                    0 |
| N/A   64C    P0            243W /  300W |   32320MiB /  32768MiB |    100%      Default |
|                                         |                        |                  N/A |
+-----------------------------------------+------------------------+----------------------+
|   1  Tesla V100-SXM2-32GB           Off |   00000000:3B:00.0 Off |                    0 |
| N/A   28C    P0             39W /  300W |       1MiB /  32768MiB |      0%      Default |
|                                         |                        |                  N/A |
+-----------------------------------------+------------------------+----------------------+
|   2  Tesla V100-SXM2-32GB           Off |   00000000:86:00.0 Off |                    0 |
| N/A   29C    P0             40W /  300W |       4MiB /  32768MiB |      0%      Default |
|                                         |                        |                  N/A |
+-----------------------------------------+------------------------+----------------------+
|   3  Tesla V100-SXM2-32GB           Off |   00000000:AF:00.0 Off |                    0 |
| N/A   29C    P0             39W /  300W |       4MiB /  32768MiB |      0%      Default |
|                                         |                        |                  N/A |
+-----------------------------------------+------------------------+----------------------+
                                                                                         
+-----------------------------------------------------------------------------------------+
| Processes:                                                                              |
|  GPU   GI   CI        PID   Type   Process name                              GPU Memory |
|        ID   ID                                                               Usage      |
|=========================================================================================|
|    0   N/A  N/A     38241      C   ...da3/envs/ultralytics/bin/python3.10      15558MiB |
|    0   N/A  N/A     56402      C   ...da3/envs/ultralytics/bin/python3.10      16718MiB |
+-----------------------------------------------------------------------------------------+
Looking in indexes: https://download.pytorch.org/whl/cu121
Requirement already satisfied: torch==2.5.1 in ./.venv_torchserve/lib/python3.11/site-packages (2.5.1+cu121)
Requirement already satisfied: torchvision==0.20.1 in ./.venv_torchserve/lib/python3.11/site-packages (0.20.1+cu121)
Requirement already satisfied: filelock in ./.venv_torchserve/lib/python3.11/site-packages (from torch==2.5.1) (3.19.1)
Requirement already satisfied: typing-extensions>=4.8.0 in ./.venv_torchserve/lib/python3.11/site-packages (from torch==2.5.1) (4.15.0)
Requirement already satisfied: networkx in ./.venv_torchserve/lib/python3.11/site-packages (from torch==2.5.1) (3.5)
Requirement already satisfied: jinja2 in ./.venv_torchserve/lib/python3.11/site-packages (from torch==2.5.1) (3.1.6)
Requirement already satisfied: fsspec in ./.venv_torchserve/lib/python3.11/site-packages (from torch==2.5.1) (2025.9.0)
Requirement already satisfied: nvidia-cuda-nvrtc-cu12==12.1.105 in ./.venv_torchserve/lib/python3.11/site-packages (from torch==2.5.1) (12.1.105)
Requirement already satisfied: nvidia-cuda-runtime-cu12==12.1.105 in ./.venv_torchserve/lib/python3.11/site-packages (from torch==2.5.1) (12.1.105)
Requirement already satisfied: nvidia-cuda-cupti-cu12==12.1.105 in ./.venv_torchserve/lib/python3.11/site-packages (from torch==2.5.1) (12.1.105)
Requirement already satisfied: nvidia-cudnn-cu12==9.1.0.70 in ./.venv_torchserve/lib/python3.11/site-packages (from torch==2.5.1) (9.1.0.70)
Requirement already satisfied: nvidia-cublas-cu12==12.1.3.1 in ./.venv_torchserve/lib/python3.11/site-packages (from torch==2.5.1) (12.1.3.1)
Requirement already satisfied: nvidia-cufft-cu12==11.0.2.54 in ./.venv_torchserve/lib/python3.11/site-packages (from torch==2.5.1) (11.0.2.54)
Requirement already satisfied: nvidia-curand-cu12==10.3.2.106 in ./.venv_torchserve/lib/python3.11/site-packages (from torch==2.5.1) (10.3.2.106)
Requirement already satisfied: nvidia-cusolver-cu12==11.4.5.107 in ./.venv_torchserve/lib/python3.11/site-packages (from torch==2.5.1) (11.4.5.107)
Requirement already satisfied: nvidia-cusparse-cu12==12.1.0.106 in ./.venv_torchserve/lib/python3.11/site-packages (from torch==2.5.1) (12.1.0.106)
Requirement already satisfied: nvidia-nccl-cu12==2.21.5 in ./.venv_torchserve/lib/python3.11/site-packages (from torch==2.5.1) (2.21.5)
Requirement already satisfied: nvidia-nvtx-cu12==12.1.105 in ./.venv_torchserve/lib/python3.11/site-packages (from torch==2.5.1) (12.1.105)
Requirement already satisfied: triton==3.1.0 in ./.venv_torchserve/lib/python3.11/site-packages (from torch==2.5.1) (3.1.0)
Requirement already satisfied: sympy==1.13.1 in ./.venv_torchserve/lib/python3.11/site-packages (from torch==2.5.1) (1.13.1)
Requirement already satisfied: numpy in ./.venv_torchserve/lib/python3.11/site-packages (from torchvision==0.20.1) (1.26.4)
Requirement already satisfied: pillow!=8.3.*,>=5.3.0 in ./.venv_torchserve/lib/python3.11/site-packages (from torchvision==0.20.1) (11.3.0)
Requirement already satisfied: nvidia-nvjitlink-cu12 in ./.venv_torchserve/lib/python3.11/site-packages (from nvidia-cusolver-cu12==11.4.5.107->torch==2.5.1) (12.9.86)
Requirement already satisfied: mpmath<1.4,>=1.1.0 in ./.venv_torchserve/lib/python3.11/site-packages (from sympy==1.13.1->torch==2.5.1) (1.3.0)
Requirement already satisfied: MarkupSafe>=2.0 in ./.venv_torchserve/lib/python3.11/site-packages (from jinja2->torch==2.5.1) (2.1.5)
Ensuring .mar files exist (resnet-18, resnet-50, mobilenet-v2)
[build_mar] index_to_name.json already exists at /home/chadji10/ADE/index_to_name.json

=== Building artifacts for resnet-18 ===
[build_mar] TorchScript already exists for resnet-18 at /home/chadji10/ADE/resnet18_scripted.pt
[build_mar] /home/chadji10/ADE/model_store/resnet-18.mar already exists, skipping archiver.

=== Building artifacts for resnet-50 ===
[build_mar] TorchScript already exists for resnet-50 at /home/chadji10/ADE/resnet50_scripted.pt
[build_mar] /home/chadji10/ADE/model_store/resnet-50.mar already exists, skipping archiver.

=== Building artifacts for mobilenet-v2 ===
[build_mar] TorchScript already exists for mobilenet-v2 at /home/chadji10/ADE/mobilenet_v2_scripted.pt
[build_mar] /home/chadji10/ADE/model_store/mobilenet-v2.mar already exists, skipping archiver.
Starting TorchServe (ResNet-18) for idle-baseline measurement
TorchServe is already running, please use torchserve --stop to stop TorchServe.
Checking TorchServe /ping
{
  "status": "Healthy"
}
Measuring idle baseline with Zeus (TorchServe up, no traffic)
[IdleBaseline] Window name: resnet18_idle_baseline
[IdleBaseline] Duration: 600 s
[IdleBaseline] CUDA_VISIBLE_DEVICES=0
[IdleBaseline] ZeusMonitor initialised.
Stopping TorchServe
TorchServe has stopped.
Idle-baseline job complete. Outputs in /home/chadji10/ADE/runs/resnet18_idle_baseline_20251207_120330
