Traceback (most recent call last):
  File "/home/chadji10/ADE/.venv_torchserve/bin/pip", line 5, in <module>
    from pip._internal.cli.main import main
  File "/home/chadji10/ADE/.venv_torchserve/lib/python3.11/site-packages/pip/_internal/cli/main.py", line 11, in <module>
    from pip._internal.cli.autocompletion import autocomplete
  File "/home/chadji10/ADE/.venv_torchserve/lib/python3.11/site-packages/pip/_internal/cli/autocompletion.py", line 12, in <module>
    from pip._internal.cli.main_parser import create_main_parser
  File "/home/chadji10/ADE/.venv_torchserve/lib/python3.11/site-packages/pip/_internal/cli/main_parser.py", line 6, in <module>
    import subprocess
  File "/share/apps/eb/software/Python/3.11.5-GCCcore-13.2.0/lib/python3.11/subprocess.py", line 119, in <module>
    import selectors
  File "/share/apps/eb/software/Python/3.11.5-GCCcore-13.2.0/lib/python3.11/selectors.py", line 11, in <module>
    import math
ImportError: /share/apps/eb/software/Python/3.11.5-GCCcore-13.2.0/lib/python3.11/lib-dynload/math.cpython-311-x86_64-linux-gnu.so: undefined symbol: _PyModule_Add
Traceback (most recent call last):
  File "/home/chadji10/ADE/.venv_torchserve/bin/pip", line 5, in <module>
    from pip._internal.cli.main import main
  File "/home/chadji10/ADE/.venv_torchserve/lib/python3.11/site-packages/pip/_internal/cli/main.py", line 11, in <module>
    from pip._internal.cli.autocompletion import autocomplete
  File "/home/chadji10/ADE/.venv_torchserve/lib/python3.11/site-packages/pip/_internal/cli/autocompletion.py", line 12, in <module>
    from pip._internal.cli.main_parser import create_main_parser
  File "/home/chadji10/ADE/.venv_torchserve/lib/python3.11/site-packages/pip/_internal/cli/main_parser.py", line 6, in <module>
    import subprocess
  File "/share/apps/eb/software/Python/3.11.5-GCCcore-13.2.0/lib/python3.11/subprocess.py", line 119, in <module>
    import selectors
  File "/share/apps/eb/software/Python/3.11.5-GCCcore-13.2.0/lib/python3.11/selectors.py", line 11, in <module>
    import math
ImportError: /share/apps/eb/software/Python/3.11.5-GCCcore-13.2.0/lib/python3.11/lib-dynload/math.cpython-311-x86_64-linux-gnu.so: undefined symbol: _PyModule_Add
Traceback (most recent call last):
  File "/home/chadji10/ADE/.venv_torchserve/bin/pip", line 5, in <module>
    from pip._internal.cli.main import main
  File "/home/chadji10/ADE/.venv_torchserve/lib/python3.11/site-packages/pip/_internal/cli/main.py", line 11, in <module>
    from pip._internal.cli.autocompletion import autocomplete
  File "/home/chadji10/ADE/.venv_torchserve/lib/python3.11/site-packages/pip/_internal/cli/autocompletion.py", line 12, in <module>
    from pip._internal.cli.main_parser import create_main_parser
  File "/home/chadji10/ADE/.venv_torchserve/lib/python3.11/site-packages/pip/_internal/cli/main_parser.py", line 6, in <module>
    import subprocess
  File "/share/apps/eb/software/Python/3.11.5-GCCcore-13.2.0/lib/python3.11/subprocess.py", line 119, in <module>
    import selectors
  File "/share/apps/eb/software/Python/3.11.5-GCCcore-13.2.0/lib/python3.11/selectors.py", line 11, in <module>
    import math
ImportError: /share/apps/eb/software/Python/3.11.5-GCCcore-13.2.0/lib/python3.11/lib-dynload/math.cpython-311-x86_64-linux-gnu.so: undefined symbol: _PyModule_Add
Traceback (most recent call last):
  File "/home/chadji10/ADE/build_resnet_mar.py", line 10, in <module>
    import subprocess
  File "/share/apps/eb/software/Python/3.11.5-GCCcore-13.2.0/lib/python3.11/subprocess.py", line 119, in <module>
    import selectors
  File "/share/apps/eb/software/Python/3.11.5-GCCcore-13.2.0/lib/python3.11/selectors.py", line 11, in <module>
    import math
ImportError: /share/apps/eb/software/Python/3.11.5-GCCcore-13.2.0/lib/python3.11/lib-dynload/math.cpython-311-x86_64-linux-gnu.so: undefined symbol: _PyModule_Add
