[2026-03-06T11:37:46+0200] GPU info:
Fri Mar  6 11:37:46 2026       
+-----------------------------------------------------------------------------------------+
| NVIDIA-SMI 550.163.01             Driver Version: 550.163.01     CUDA Version: 12.4     |
|-----------------------------------------+------------------------+----------------------+
| GPU  Name                 Persistence-M | Bus-Id          Disp.A | Volatile Uncorr. ECC |
| Fan  Temp   Perf          Pwr:Usage/Cap |           Memory-Usage | GPU-Util  Compute M. |
|                                         |                        |               MIG M. |
|=========================================+========================+======================|
|   0  Tesla V100-SXM2-32GB           Off |   00000000:18:00.0 Off |                    0 |
| N/A   63C    P0            281W /  300W |    3310MiB /  32768MiB |     99%      Default |
|                                         |                        |                  N/A |
+-----------------------------------------+------------------------+----------------------+
|   1  Tesla V100-SXM2-32GB           Off |   00000000:3B:00.0 Off |                    0 |
| N/A   26C    P0             42W /  300W |       1MiB /  32768MiB |      0%      Default |
|                                         |                        |                  N/A |
+-----------------------------------------+------------------------+----------------------+
|   2  Tesla V100-SXM2-32GB           Off |   00000000:86:00.0 Off |                    0 |
| N/A   26C    P0             41W /  300W |       1MiB /  32768MiB |      0%      Default |
|                                         |                        |                  N/A |
+-----------------------------------------+------------------------+----------------------+
|   3  Tesla V100-SXM2-32GB           Off |   00000000:AF:00.0 Off |                    0 |
| N/A   28C    P0             40W /  300W |       1MiB /  32768MiB |      0%      Default |
|                                         |                        |                  N/A |
+-----------------------------------------+------------------------+----------------------+
                                                                                         
+-----------------------------------------------------------------------------------------+
| Processes:                                                                              |
|  GPU   GI   CI        PID   Type   Process name                              GPU Memory |
|        ID   ID                                                               Usage      |
|=========================================================================================|
|    0   N/A  N/A     15654      C   python                                       3306MiB |
+-----------------------------------------------------------------------------------------+
[2026-03-06T11:37:50+0200] Starting TorchServe pinned to CPUs 2-3
WARNING: sun.reflect.Reflection.getCallerClass is not supported. This will impact performance.
2026-03-06T11:37:51,822 [WARN ] main org.pytorch.serve.util.ConfigManager - Your torchserve instance can access any URL to load models. When deploying to production, make sure to limit the set of allowed_urls in config.properties
2026-03-06T11:37:51,841 [INFO ] main org.pytorch.serve.servingsdk.impl.PluginsManager - Initializing plugins manager...
2026-03-06T11:37:51,893 [INFO ] main org.pytorch.serve.metrics.configuration.MetricConfiguration - Successfully loaded metrics configuration from /home/chadji10/ADE/.venv_torchserve/lib/python3.11/site-packages/ts/configs/metrics.yaml
2026-03-06T11:37:51,955 [INFO ] main org.pytorch.serve.ModelServer - 
Torchserve version: 0.12.0
TS Home: /home/chadji10/ADE/.venv_torchserve/lib/python3.11/site-packages
Current directory: /home/chadji10/ADE
Temp directory: /tmp
Metrics config path: /home/chadji10/ADE/.venv_torchserve/lib/python3.11/site-packages/ts/configs/metrics.yaml
Number of GPUs: 1
Number of CPUs: 2
Max heap size: 18032 M
Python executable: /home/chadji10/ADE/.venv_torchserve/bin/python
Config file: /home/chadji10/ADE/torchserve.properties
Inference address: http://127.0.0.1:8080
Management address: http://127.0.0.1:8081
Metrics address: http://127.0.0.1:8082
Model Store: /home/chadji10/ADE/model_store
Initial Models: resnet-18=resnet-18.mar
Log dir: /home/chadji10/ADE/logs
Metrics dir: /home/chadji10/ADE/logs
Netty threads: 0
Netty client threads: 0
Default workers per model: 1
Blacklist Regex: N/A
Maximum Response Size: 6553500
Maximum Request Size: 6553500
Limit Maximum Image Pixels: true
Prefer direct buffer: false
Allowed Urls: [file://.*|http(s)?://.*]
Custom python dependency for model allowed: false
Enable metrics API: true
Metrics mode: PROMETHEUS
Disable system metrics: true
Workflow Store: /home/chadji10/ADE/model_store
CPP log config: N/A
Model config: N/A
System metrics command: default
Model API enabled: false
2026-03-06T11:37:51,963 [INFO ] main org.pytorch.serve.servingsdk.impl.PluginsManager -  Loading snapshot serializer plugin...
2026-03-06T11:37:51,982 [INFO ] main org.pytorch.serve.ModelServer - Loading initial models: resnet-18.mar
2026-03-06T11:37:52,606 [DEBUG] main org.pytorch.serve.wlm.ModelVersionedRefs - Adding new version 1.0 for model resnet-18
2026-03-06T11:37:52,607 [DEBUG] main org.pytorch.serve.wlm.ModelVersionedRefs - Setting default version to 1.0 for model resnet-18
2026-03-06T11:37:52,607 [INFO ] main org.pytorch.serve.wlm.ModelManager - Model resnet-18 loaded.
2026-03-06T11:37:52,607 [DEBUG] main org.pytorch.serve.wlm.ModelManager - updateModel: resnet-18, count: 1
2026-03-06T11:37:52,616 [INFO ] main org.pytorch.serve.ModelServer - Initialize Inference server with: EpollServerSocketChannel.
2026-03-06T11:37:52,630 [DEBUG] W-9000-resnet-18_1.0 org.pytorch.serve.wlm.WorkerLifeCycle - Worker cmdline: [/home/chadji10/ADE/.venv_torchserve/bin/python, /home/chadji10/ADE/.venv_torchserve/lib/python3.11/site-packages/ts/model_service_worker.py, --sock-type, unix, --sock-name, /tmp/.ts.sock.9000, --metrics-config, /home/chadji10/ADE/.venv_torchserve/lib/python3.11/site-packages/ts/configs/metrics.yaml]
2026-03-06T11:37:52,705 [INFO ] main org.pytorch.serve.ModelServer - Inference API bind to: http://127.0.0.1:8080
2026-03-06T11:37:52,705 [INFO ] main org.pytorch.serve.ModelServer - Initialize Management server with: EpollServerSocketChannel.
2026-03-06T11:37:52,710 [INFO ] main org.pytorch.serve.ModelServer - Management API bind to: http://127.0.0.1:8081
2026-03-06T11:37:52,710 [INFO ] main org.pytorch.serve.ModelServer - Initialize Metrics server with: EpollServerSocketChannel.
2026-03-06T11:37:52,711 [INFO ] main org.pytorch.serve.ModelServer - Metrics API bind to: http://127.0.0.1:8082
Model server started.
2026-03-06T11:37:55,106 [INFO ] W-9000-resnet-18_1.0-stdout MODEL_LOG - s_name_part0=/tmp/.ts.sock, s_name_part1=9000, pid=16439
2026-03-06T11:37:55,107 [INFO ] W-9000-resnet-18_1.0-stdout MODEL_LOG - Listening on port: /tmp/.ts.sock.9000
2026-03-06T11:37:55,113 [INFO ] W-9000-resnet-18_1.0-stdout MODEL_LOG - Successfully loaded /home/chadji10/ADE/.venv_torchserve/lib/python3.11/site-packages/ts/configs/metrics.yaml.
2026-03-06T11:37:55,113 [INFO ] W-9000-resnet-18_1.0-stdout MODEL_LOG - [PID]16439
2026-03-06T11:37:55,114 [INFO ] W-9000-resnet-18_1.0-stdout MODEL_LOG - Torch worker started.
2026-03-06T11:37:55,114 [INFO ] W-9000-resnet-18_1.0-stdout MODEL_LOG - Python runtime: 3.11.5
2026-03-06T11:37:55,114 [DEBUG] W-9000-resnet-18_1.0 org.pytorch.serve.wlm.WorkerThread - W-9000-resnet-18_1.0 State change null -> WORKER_STARTED
2026-03-06T11:37:55,118 [INFO ] W-9000-resnet-18_1.0 org.pytorch.serve.wlm.WorkerThread - Connecting to: /tmp/.ts.sock.9000
2026-03-06T11:37:55,126 [DEBUG] W-9000-resnet-18_1.0 org.pytorch.serve.wlm.WorkerThread - Flushing req.cmd LOAD repeats 1 to backend at: 1772789875126
2026-03-06T11:37:55,129 [INFO ] W-9000-resnet-18_1.0-stdout MODEL_LOG - Connection accepted: /tmp/.ts.sock.9000.
2026-03-06T11:37:55,135 [INFO ] W-9000-resnet-18_1.0 org.pytorch.serve.wlm.WorkerThread - Looping backend response at: 1772789875135
2026-03-06T11:37:55,174 [INFO ] W-9000-resnet-18_1.0-stdout MODEL_LOG - model_name: resnet-18, batchSize: 1
2026-03-06T11:37:56,948 [INFO ] W-9000-resnet-18_1.0-stdout MODEL_LOG - OpenVINO is not enabled
2026-03-06T11:37:56,949 [INFO ] W-9000-resnet-18_1.0-stdout MODEL_LOG - proceeding without onnxruntime
2026-03-06T11:37:56,950 [INFO ] W-9000-resnet-18_1.0-stdout MODEL_LOG - Torch TensorRT not enabled
2026-03-06T11:37:57,182 [INFO ] W-9000-resnet-18_1.0 org.pytorch.serve.wlm.WorkerThread - Backend response time: 2047
2026-03-06T11:37:57,183 [DEBUG] W-9000-resnet-18_1.0 org.pytorch.serve.wlm.WorkerThread - W-9000-resnet-18_1.0 State change WORKER_STARTED -> WORKER_MODEL_LOADED
[2026-03-06T11:37:58+0200] Waiting for TorchServe READY...
2026-03-06T11:37:59,080 [INFO ] pool-2-thread-2 ACCESS_LOG - /127.0.0.1:34648 "GET /ping HTTP/1.1" 200 9
2026-03-06T11:37:59,181 [INFO ] epollEventLoopGroup-3-2 ACCESS_LOG - /127.0.0.1:33272 "GET /models/resnet-18 HTTP/1.1" 200 55
[2026-03-06T11:37:59+0200] TorchServe READY
[2026-03-06T11:37:59+0200] Running warm-up inferences...
[2026-03-06T11:38:04+0200] Warm-up completed
[2026-03-06T11:38:04+0200] ===== RUN 1 =====
2026-03-06T11:38:07,537 [INFO ] pool-2-thread-2 ACCESS_LOG - /127.0.0.1:34652 "GET /ping HTTP/1.1" 200 1
Files already downloaded and verified
2026-03-06T11:38:08,773 [DEBUG] W-9000-resnet-18_1.0 org.pytorch.serve.wlm.WorkerThread - Flushing req.cmd PREDICT repeats 1 to backend at: 1772789888772
2026-03-06T11:38:08,773 [INFO ] W-9000-resnet-18_1.0 org.pytorch.serve.wlm.WorkerThread - Looping backend response at: 1772789888773
2026-03-06T11:38:08,776 [INFO ] W-9000-resnet-18_1.0-stdout MODEL_LOG - Backend received inference at: 1772789888
2026-03-06T11:38:09,270 [INFO ] W-9000-resnet-18_1.0-stdout org.pytorch.serve.wlm.WorkerLifeCycle - result=[METRICS]PredictionTime.Milliseconds:493.46|#ModelName:resnet-18,Level:Model|#type:GAUGE|#hostname:gpu-0-0.local,1772789889,bb7c6662-bb32-4ae7-a324-06a2540535ff, pattern=[METRICS]
2026-03-06T11:38:09,272 [INFO ] W-9000-resnet-18_1.0 org.pytorch.serve.wlm.BatchAggregator - Sending response for jobId bb7c6662-bb32-4ae7-a324-06a2540535ff
2026-03-06T11:38:09,273 [INFO ] W-9000-resnet-18_1.0 ACCESS_LOG - /127.0.0.1:34654 "POST /predictions/resnet-18 HTTP/1.1" 200 504
2026-03-06T11:38:09,273 [DEBUG] W-9000-resnet-18_1.0 org.pytorch.serve.job.RestJob - Waiting time ns: 356122, Backend time ns: 501186480
2026-03-06T11:38:09,274 [INFO ] W-9000-resnet-18_1.0 org.pytorch.serve.wlm.WorkerThread - Backend response time: 498
2026-03-06T11:38:09,747 [DEBUG] W-9000-resnet-18_1.0 org.pytorch.serve.wlm.WorkerThread - Flushing req.cmd PREDICT repeats 1 to backend at: 1772789889747
2026-03-06T11:38:09,747 [INFO ] W-9000-resnet-18_1.0 org.pytorch.serve.wlm.WorkerThread - Looping backend response at: 1772789889747
2026-03-06T11:38:09,750 [INFO ] W-9000-resnet-18_1.0-stdout MODEL_LOG - Backend received inference at: 1772789889
2026-03-06T11:38:09,837 [INFO ] W-9000-resnet-18_1.0-stdout org.pytorch.serve.wlm.WorkerLifeCycle - result=[METRICS]PredictionTime.Milliseconds:87.5|#ModelName:resnet-18,Level:Model|#type:GAUGE|#hostname:gpu-0-0.local,1772789889,14c81513-cd85-4290-ad56-8a3039dfd325, pattern=[METRICS]
2026-03-06T11:38:09,837 [INFO ] W-9000-resnet-18_1.0 org.pytorch.serve.wlm.BatchAggregator - Sending response for jobId 14c81513-cd85-4290-ad56-8a3039dfd325
2026-03-06T11:38:09,837 [INFO ] W-9000-resnet-18_1.0 ACCESS_LOG - /127.0.0.1:34656 "POST /predictions/resnet-18 HTTP/1.1" 200 91
2026-03-06T11:38:09,838 [DEBUG] W-9000-resnet-18_1.0 org.pytorch.serve.job.RestJob - Waiting time ns: 161149, Backend time ns: 91072912
2026-03-06T11:38:09,838 [INFO ] W-9000-resnet-18_1.0 org.pytorch.serve.wlm.WorkerThread - Backend response time: 90
2026-03-06T11:38:09,881 [DEBUG] W-9000-resnet-18_1.0 org.pytorch.serve.wlm.WorkerThread - Flushing req.cmd PREDICT repeats 1 to backend at: 1772789889881
2026-03-06T11:38:09,881 [INFO ] W-9000-resnet-18_1.0 org.pytorch.serve.wlm.WorkerThread - Looping backend response at: 1772789889881
2026-03-06T11:38:09,883 [INFO ] W-9000-resnet-18_1.0-stdout MODEL_LOG - Backend received inference at: 1772789889
2026-03-06T11:38:09,892 [INFO ] W-9000-resnet-18_1.0-stdout org.pytorch.serve.wlm.WorkerLifeCycle - result=[METRICS]PredictionTime.Milliseconds:9.29|#ModelName:resnet-18,Level:Model|#type:GAUGE|#hostname:gpu-0-0.local,1772789889,7c486c7c-72a6-480c-9745-47569707d851, pattern=[METRICS]
2026-03-06T11:38:09,893 [INFO ] W-9000-resnet-18_1.0 org.pytorch.serve.wlm.BatchAggregator - Sending response for jobId 7c486c7c-72a6-480c-9745-47569707d851
2026-03-06T11:38:09,893 [INFO ] W-9000-resnet-18_1.0 ACCESS_LOG - /127.0.0.1:34658 "POST /predictions/resnet-18 HTTP/1.1" 200 13
2026-03-06T11:38:09,894 [DEBUG] W-9000-resnet-18_1.0 org.pytorch.serve.job.RestJob - Waiting time ns: 92092, Backend time ns: 12860716
2026-03-06T11:38:09,894 [INFO ] W-9000-resnet-18_1.0 org.pytorch.serve.wlm.WorkerThread - Backend response time: 11
2026-03-06T11:38:10,818 [DEBUG] W-9000-resnet-18_1.0 org.pytorch.serve.wlm.WorkerThread - Flushing req.cmd PREDICT repeats 1 to backend at: 1772789890818
2026-03-06T11:38:10,819 [INFO ] W-9000-resnet-18_1.0 org.pytorch.serve.wlm.WorkerThread - Looping backend response at: 1772789890819
2026-03-06T11:38:10,821 [INFO ] W-9000-resnet-18_1.0-stdout MODEL_LOG - Backend received inference at: 1772789890
2026-03-06T11:38:10,830 [INFO ] W-9000-resnet-18_1.0-stdout org.pytorch.serve.wlm.WorkerLifeCycle - result=[METRICS]PredictionTime.Milliseconds:8.85|#ModelName:resnet-18,Level:Model|#type:GAUGE|#hostname:gpu-0-0.local,1772789890,a1dd5295-f4f1-4abf-8c1b-b4095e7893d0, pattern=[METRICS]
2026-03-06T11:38:10,830 [INFO ] W-9000-resnet-18_1.0 org.pytorch.serve.wlm.BatchAggregator - Sending response for jobId a1dd5295-f4f1-4abf-8c1b-b4095e7893d0
2026-03-06T11:38:10,831 [INFO ] W-9000-resnet-18_1.0 ACCESS_LOG - /127.0.0.1:34660 "POST /predictions/resnet-18 HTTP/1.1" 200 13
2026-03-06T11:38:10,832 [DEBUG] W-9000-resnet-18_1.0 org.pytorch.serve.job.RestJob - Waiting time ns: 135095, Backend time ns: 13908841
2026-03-06T11:38:10,832 [INFO ] W-9000-resnet-18_1.0 org.pytorch.serve.wlm.WorkerThread - Backend response time: 11
2026-03-06T11:38:12,673 [DEBUG] W-9000-resnet-18_1.0 org.pytorch.serve.wlm.WorkerThread - Flushing req.cmd PREDICT repeats 1 to backend at: 1772789892673
2026-03-06T11:38:12,674 [INFO ] W-9000-resnet-18_1.0 org.pytorch.serve.wlm.WorkerThread - Looping backend response at: 1772789892674
2026-03-06T11:38:12,675 [INFO ] W-9000-resnet-18_1.0-stdout MODEL_LOG - Backend received inference at: 1772789892
2026-03-06T11:38:12,681 [INFO ] W-9000-resnet-18_1.0-stdout org.pytorch.serve.wlm.WorkerLifeCycle - result=[METRICS]PredictionTime.Milliseconds:5.81|#ModelName:resnet-18,Level:Model|#type:GAUGE|#hostname:gpu-0-0.local,1772789892,773a1e11-42e6-4fe4-8dad-a3f08ea78a28, pattern=[METRICS]
2026-03-06T11:38:12,682 [INFO ] W-9000-resnet-18_1.0 org.pytorch.serve.wlm.BatchAggregator - Sending response for jobId 773a1e11-42e6-4fe4-8dad-a3f08ea78a28
2026-03-06T11:38:12,682 [INFO ] W-9000-resnet-18_1.0 ACCESS_LOG - /127.0.0.1:34662 "POST /predictions/resnet-18 HTTP/1.1" 200 9
2026-03-06T11:38:12,682 [DEBUG] W-9000-resnet-18_1.0 org.pytorch.serve.job.RestJob - Waiting time ns: 169073, Backend time ns: 9223833
2026-03-06T11:38:12,683 [INFO ] W-9000-resnet-18_1.0 org.pytorch.serve.wlm.WorkerThread - Backend response time: 8
2026-03-06T11:38:14,192 [DEBUG] W-9000-resnet-18_1.0 org.pytorch.serve.wlm.WorkerThread - Flushing req.cmd PREDICT repeats 1 to backend at: 1772789894192
2026-03-06T11:38:14,193 [INFO ] W-9000-resnet-18_1.0 org.pytorch.serve.wlm.WorkerThread - Looping backend response at: 1772789894193
2026-03-06T11:38:14,194 [INFO ] W-9000-resnet-18_1.0-stdout MODEL_LOG - Backend received inference at: 1772789894
2026-03-06T11:38:14,200 [INFO ] W-9000-resnet-18_1.0-stdout org.pytorch.serve.wlm.WorkerLifeCycle - result=[METRICS]PredictionTime.Milliseconds:5.59|#ModelName:resnet-18,Level:Model|#type:GAUGE|#hostname:gpu-0-0.local,1772789894,92e3e899-6310-4209-a0b6-4c197e150d07, pattern=[METRICS]
2026-03-06T11:38:14,200 [INFO ] W-9000-resnet-18_1.0 org.pytorch.serve.wlm.BatchAggregator - Sending response for jobId 92e3e899-6310-4209-a0b6-4c197e150d07
2026-03-06T11:38:14,201 [INFO ] W-9000-resnet-18_1.0 ACCESS_LOG - /127.0.0.1:34664 "POST /predictions/resnet-18 HTTP/1.1" 200 10
2026-03-06T11:38:14,201 [DEBUG] W-9000-resnet-18_1.0 org.pytorch.serve.job.RestJob - Waiting time ns: 170351, Backend time ns: 9460477
2026-03-06T11:38:14,201 [INFO ] W-9000-resnet-18_1.0 org.pytorch.serve.wlm.WorkerThread - Backend response time: 7
2026-03-06T11:38:14,361 [DEBUG] W-9000-resnet-18_1.0 org.pytorch.serve.wlm.WorkerThread - Flushing req.cmd PREDICT repeats 1 to backend at: 1772789894360
2026-03-06T11:38:14,362 [INFO ] W-9000-resnet-18_1.0 org.pytorch.serve.wlm.WorkerThread - Looping backend response at: 1772789894362
2026-03-06T11:38:14,364 [INFO ] W-9000-resnet-18_1.0-stdout MODEL_LOG - Backend received inference at: 1772789894
2026-03-06T11:38:14,371 [INFO ] W-9000-resnet-18_1.0-stdout org.pytorch.serve.wlm.WorkerLifeCycle - result=[METRICS]PredictionTime.Milliseconds:7.61|#ModelName:resnet-18,Level:Model|#type:GAUGE|#hostname:gpu-0-0.local,1772789894,5b52ff0e-40e8-4ba3-a714-2720b5af8770, pattern=[METRICS]
2026-03-06T11:38:14,372 [INFO ] W-9000-resnet-18_1.0 org.pytorch.serve.wlm.BatchAggregator - Sending response for jobId 5b52ff0e-40e8-4ba3-a714-2720b5af8770
2026-03-06T11:38:14,372 [INFO ] W-9000-resnet-18_1.0 ACCESS_LOG - /127.0.0.1:34666 "POST /predictions/resnet-18 HTTP/1.1" 200 12
2026-03-06T11:38:14,373 [DEBUG] W-9000-resnet-18_1.0 org.pytorch.serve.job.RestJob - Waiting time ns: 127806, Backend time ns: 12044676
2026-03-06T11:38:14,373 [INFO ] W-9000-resnet-18_1.0 org.pytorch.serve.wlm.WorkerThread - Backend response time: 10
2026-03-06T11:38:15,012 [DEBUG] W-9000-resnet-18_1.0 org.pytorch.serve.wlm.WorkerThread - Flushing req.cmd PREDICT repeats 1 to backend at: 1772789895012
2026-03-06T11:38:15,013 [INFO ] W-9000-resnet-18_1.0 org.pytorch.serve.wlm.WorkerThread - Looping backend response at: 1772789895013
2026-03-06T11:38:15,022 [INFO ] W-9000-resnet-18_1.0 org.pytorch.serve.wlm.BatchAggregator - Sending response for jobId b07b0ea5-601d-4c07-b624-e90510137138
2026-03-06T11:38:15,023 [INFO ] W-9000-resnet-18_1.0 ACCESS_LOG - /127.0.0.1:34668 "POST /predictions/resnet-18 HTTP/1.1" 200 11
2026-03-06T11:38:15,023 [DEBUG] W-9000-resnet-18_1.0 org.pytorch.serve.job.RestJob - Waiting time ns: 201334, Backend time ns: 10760577
2026-03-06T11:38:15,023 [INFO ] W-9000-resnet-18_1.0 org.pytorch.serve.wlm.WorkerThread - Backend response time: 9
2026-03-06T11:38:15,022 [INFO ] W-9000-resnet-18_1.0-stdout MODEL_LOG - Backend received inference at: 1772789895
2026-03-06T11:38:15,025 [INFO ] W-9000-resnet-18_1.0-stdout org.pytorch.serve.wlm.WorkerLifeCycle - result=[METRICS]PredictionTime.Milliseconds:7.09|#ModelName:resnet-18,Level:Model|#type:GAUGE|#hostname:gpu-0-0.local,1772789895,b07b0ea5-601d-4c07-b624-e90510137138, pattern=[METRICS]
2026-03-06T11:38:17,794 [DEBUG] W-9000-resnet-18_1.0 org.pytorch.serve.wlm.WorkerThread - Flushing req.cmd PREDICT repeats 1 to backend at: 1772789897794
2026-03-06T11:38:17,795 [INFO ] W-9000-resnet-18_1.0 org.pytorch.serve.wlm.WorkerThread - Looping backend response at: 1772789897795
2026-03-06T11:38:17,796 [INFO ] W-9000-resnet-18_1.0-stdout MODEL_LOG - Backend received inference at: 1772789897
2026-03-06T11:38:17,804 [INFO ] W-9000-resnet-18_1.0-stdout org.pytorch.serve.wlm.WorkerLifeCycle - result=[METRICS]PredictionTime.Milliseconds:7.39|#ModelName:resnet-18,Level:Model|#type:GAUGE|#hostname:gpu-0-0.local,1772789897,6c542a0f-eed0-4855-9f1f-348385585c20, pattern=[METRICS]
2026-03-06T11:38:17,804 [INFO ] W-9000-resnet-18_1.0 org.pytorch.serve.wlm.BatchAggregator - Sending response for jobId 6c542a0f-eed0-4855-9f1f-348385585c20
2026-03-06T11:38:17,805 [INFO ] W-9000-resnet-18_1.0 ACCESS_LOG - /127.0.0.1:34670 "POST /predictions/resnet-18 HTTP/1.1" 200 11
2026-03-06T11:38:17,805 [DEBUG] W-9000-resnet-18_1.0 org.pytorch.serve.job.RestJob - Waiting time ns: 132090, Backend time ns: 11142584
2026-03-06T11:38:17,805 [INFO ] W-9000-resnet-18_1.0 org.pytorch.serve.wlm.WorkerThread - Backend response time: 9
2026-03-06T11:38:19,351 [DEBUG] W-9000-resnet-18_1.0 org.pytorch.serve.wlm.WorkerThread - Flushing req.cmd PREDICT repeats 1 to backend at: 1772789899351
2026-03-06T11:38:19,351 [INFO ] W-9000-resnet-18_1.0 org.pytorch.serve.wlm.WorkerThread - Looping backend response at: 1772789899351
2026-03-06T11:38:19,352 [INFO ] W-9000-resnet-18_1.0-stdout MODEL_LOG - Backend received inference at: 1772789899
2026-03-06T11:38:19,358 [INFO ] W-9000-resnet-18_1.0-stdout org.pytorch.serve.wlm.WorkerLifeCycle - result=[METRICS]PredictionTime.Milliseconds:5.35|#ModelName:resnet-18,Level:Model|#type:GAUGE|#hostname:gpu-0-0.local,1772789899,d6ed5397-6f02-44dc-a268-9522832fdb07, pattern=[METRICS]
2026-03-06T11:38:19,358 [INFO ] W-9000-resnet-18_1.0 org.pytorch.serve.wlm.BatchAggregator - Sending response for jobId d6ed5397-6f02-44dc-a268-9522832fdb07
2026-03-06T11:38:19,359 [INFO ] W-9000-resnet-18_1.0 ACCESS_LOG - /127.0.0.1:34672 "POST /predictions/resnet-18 HTTP/1.1" 200 9
2026-03-06T11:38:19,359 [DEBUG] W-9000-resnet-18_1.0 org.pytorch.serve.job.RestJob - Waiting time ns: 170331, Backend time ns: 8115818
2026-03-06T11:38:19,359 [INFO ] W-9000-resnet-18_1.0 org.pytorch.serve.wlm.WorkerThread - Backend response time: 7
2026-03-06T11:38:22,237 [DEBUG] W-9000-resnet-18_1.0 org.pytorch.serve.wlm.WorkerThread - Flushing req.cmd PREDICT repeats 1 to backend at: 1772789902237
2026-03-06T11:38:22,238 [INFO ] W-9000-resnet-18_1.0 org.pytorch.serve.wlm.WorkerThread - Looping backend response at: 1772789902238
2026-03-06T11:38:22,240 [INFO ] W-9000-resnet-18_1.0-stdout MODEL_LOG - Backend received inference at: 1772789902
2026-03-06T11:38:22,248 [INFO ] W-9000-resnet-18_1.0-stdout org.pytorch.serve.wlm.WorkerLifeCycle - result=[METRICS]PredictionTime.Milliseconds:8.63|#ModelName:resnet-18,Level:Model|#type:GAUGE|#hostname:gpu-0-0.local,1772789902,a3909506-dda6-4fbc-a860-bcadf68b00e7, pattern=[METRICS]
2026-03-06T11:38:22,250 [INFO ] W-9000-resnet-18_1.0 org.pytorch.serve.wlm.BatchAggregator - Sending response for jobId a3909506-dda6-4fbc-a860-bcadf68b00e7
2026-03-06T11:38:22,250 [INFO ] W-9000-resnet-18_1.0 ACCESS_LOG - /127.0.0.1:34674 "POST /predictions/resnet-18 HTTP/1.1" 200 15
2026-03-06T11:38:22,251 [DEBUG] W-9000-resnet-18_1.0 org.pytorch.serve.job.RestJob - Waiting time ns: 1879430, Backend time ns: 13730166
2026-03-06T11:38:22,251 [INFO ] W-9000-resnet-18_1.0 org.pytorch.serve.wlm.WorkerThread - Backend response time: 12
2026-03-06T11:38:24,211 [DEBUG] W-9000-resnet-18_1.0 org.pytorch.serve.wlm.WorkerThread - Flushing req.cmd PREDICT repeats 1 to backend at: 1772789904211
2026-03-06T11:38:24,211 [INFO ] W-9000-resnet-18_1.0 org.pytorch.serve.wlm.WorkerThread - Looping backend response at: 1772789904211
2026-03-06T11:38:24,223 [INFO ] W-9000-resnet-18_1.0-stdout MODEL_LOG - Backend received inference at: 1772789904
2026-03-06T11:38:24,223 [INFO ] W-9000-resnet-18_1.0-stdout org.pytorch.serve.wlm.WorkerLifeCycle - result=[METRICS]PredictionTime.Milliseconds:5.88|#ModelName:resnet-18,Level:Model|#type:GAUGE|#hostname:gpu-0-0.local,1772789904,5d4ca9da-7bb0-4ec8-b78b-f4dd1f1b7c7c, pattern=[METRICS]
2026-03-06T11:38:24,224 [INFO ] W-9000-resnet-18_1.0 org.pytorch.serve.wlm.BatchAggregator - Sending response for jobId 5d4ca9da-7bb0-4ec8-b78b-f4dd1f1b7c7c
2026-03-06T11:38:24,224 [INFO ] W-9000-resnet-18_1.0 ACCESS_LOG - /127.0.0.1:34676 "POST /predictions/resnet-18 HTTP/1.1" 200 14
2026-03-06T11:38:24,224 [DEBUG] W-9000-resnet-18_1.0 org.pytorch.serve.job.RestJob - Waiting time ns: 193432, Backend time ns: 13581857
2026-03-06T11:38:24,225 [INFO ] W-9000-resnet-18_1.0 org.pytorch.serve.wlm.WorkerThread - Backend response time: 13
2026-03-06T11:38:25,316 [DEBUG] W-9000-resnet-18_1.0 org.pytorch.serve.wlm.WorkerThread - Flushing req.cmd PREDICT repeats 1 to backend at: 1772789905316
2026-03-06T11:38:25,316 [INFO ] W-9000-resnet-18_1.0 org.pytorch.serve.wlm.WorkerThread - Looping backend response at: 1772789905316
2026-03-06T11:38:25,325 [INFO ] W-9000-resnet-18_1.0-stdout MODEL_LOG - Backend received inference at: 1772789905
2026-03-06T11:38:25,325 [INFO ] W-9000-resnet-18_1.0-stdout org.pytorch.serve.wlm.WorkerLifeCycle - result=[METRICS]PredictionTime.Milliseconds:6.24|#ModelName:resnet-18,Level:Model|#type:GAUGE|#hostname:gpu-0-0.local,1772789905,d4d01290-feea-4218-9dad-ad6afdee8c5f, pattern=[METRICS]
2026-03-06T11:38:25,325 [INFO ] W-9000-resnet-18_1.0 org.pytorch.serve.wlm.BatchAggregator - Sending response for jobId d4d01290-feea-4218-9dad-ad6afdee8c5f
2026-03-06T11:38:25,325 [INFO ] W-9000-resnet-18_1.0 ACCESS_LOG - /127.0.0.1:34678 "POST /predictions/resnet-18 HTTP/1.1" 200 10
2026-03-06T11:38:25,326 [DEBUG] W-9000-resnet-18_1.0 org.pytorch.serve.job.RestJob - Waiting time ns: 197805, Backend time ns: 10279712
2026-03-06T11:38:25,326 [INFO ] W-9000-resnet-18_1.0 org.pytorch.serve.wlm.WorkerThread - Backend response time: 9
2026-03-06T11:38:26,805 [DEBUG] W-9000-resnet-18_1.0 org.pytorch.serve.wlm.WorkerThread - Flushing req.cmd PREDICT repeats 1 to backend at: 1772789906805
2026-03-06T11:38:26,806 [INFO ] W-9000-resnet-18_1.0 org.pytorch.serve.wlm.WorkerThread - Looping backend response at: 1772789906806
2026-03-06T11:38:26,811 [INFO ] W-9000-resnet-18_1.0-stdout MODEL_LOG - Backend received inference at: 1772789906
2026-03-06T11:38:26,813 [INFO ] W-9000-resnet-18_1.0-stdout org.pytorch.serve.wlm.WorkerLifeCycle - result=[METRICS]PredictionTime.Milliseconds:5.66|#ModelName:resnet-18,Level:Model|#type:GAUGE|#hostname:gpu-0-0.local,1772789906,fb9be426-661b-4371-937b-8cd31767f0a3, pattern=[METRICS]
2026-03-06T11:38:26,814 [INFO ] W-9000-resnet-18_1.0 org.pytorch.serve.wlm.BatchAggregator - Sending response for jobId fb9be426-661b-4371-937b-8cd31767f0a3
2026-03-06T11:38:26,814 [INFO ] W-9000-resnet-18_1.0 ACCESS_LOG - /127.0.0.1:34680 "POST /predictions/resnet-18 HTTP/1.1" 200 10
2026-03-06T11:38:26,815 [DEBUG] W-9000-resnet-18_1.0 org.pytorch.serve.job.RestJob - Waiting time ns: 124425, Backend time ns: 9857708
2026-03-06T11:38:26,815 [INFO ] W-9000-resnet-18_1.0 org.pytorch.serve.wlm.WorkerThread - Backend response time: 8
2026-03-06T11:38:28,771 [DEBUG] W-9000-resnet-18_1.0 org.pytorch.serve.wlm.WorkerThread - Flushing req.cmd PREDICT repeats 1 to backend at: 1772789908770
2026-03-06T11:38:28,773 [INFO ] W-9000-resnet-18_1.0 org.pytorch.serve.wlm.WorkerThread - Looping backend response at: 1772789908773
2026-03-06T11:38:28,775 [INFO ] W-9000-resnet-18_1.0-stdout MODEL_LOG - Backend received inference at: 1772789908
2026-03-06T11:38:28,783 [INFO ] W-9000-resnet-18_1.0-stdout org.pytorch.serve.wlm.WorkerLifeCycle - result=[METRICS]PredictionTime.Milliseconds:7.65|#ModelName:resnet-18,Level:Model|#type:GAUGE|#hostname:gpu-0-0.local,1772789908,78f097c1-7dae-40e6-8829-f38113439f84, pattern=[METRICS]
2026-03-06T11:38:28,784 [INFO ] W-9000-resnet-18_1.0 org.pytorch.serve.wlm.BatchAggregator - Sending response for jobId 78f097c1-7dae-40e6-8829-f38113439f84
2026-03-06T11:38:28,784 [INFO ] W-9000-resnet-18_1.0 ACCESS_LOG - /127.0.0.1:34682 "POST /predictions/resnet-18 HTTP/1.1" 200 15
2026-03-06T11:38:28,785 [DEBUG] W-9000-resnet-18_1.0 org.pytorch.serve.job.RestJob - Waiting time ns: 675849, Backend time ns: 14577214
2026-03-06T11:38:28,785 [INFO ] W-9000-resnet-18_1.0 org.pytorch.serve.wlm.WorkerThread - Backend response time: 11
2026-03-06T11:38:29,811 [DEBUG] W-9000-resnet-18_1.0 org.pytorch.serve.wlm.WorkerThread - Flushing req.cmd PREDICT repeats 1 to backend at: 1772789909811
2026-03-06T11:38:29,812 [INFO ] W-9000-resnet-18_1.0 org.pytorch.serve.wlm.WorkerThread - Looping backend response at: 1772789909812
2026-03-06T11:38:29,814 [INFO ] W-9000-resnet-18_1.0-stdout MODEL_LOG - Backend received inference at: 1772789909
2026-03-06T11:38:29,823 [INFO ] W-9000-resnet-18_1.0-stdout org.pytorch.serve.wlm.WorkerLifeCycle - result=[METRICS]PredictionTime.Milliseconds:8.85|#ModelName:resnet-18,Level:Model|#type:GAUGE|#hostname:gpu-0-0.local,1772789909,4ad774a9-319a-48ee-9075-3a0ae0caef60, pattern=[METRICS]
2026-03-06T11:38:29,824 [INFO ] W-9000-resnet-18_1.0 org.pytorch.serve.wlm.BatchAggregator - Sending response for jobId 4ad774a9-319a-48ee-9075-3a0ae0caef60
2026-03-06T11:38:29,824 [INFO ] W-9000-resnet-18_1.0 ACCESS_LOG - /127.0.0.1:34684 "POST /predictions/resnet-18 HTTP/1.1" 200 13
2026-03-06T11:38:29,825 [DEBUG] W-9000-resnet-18_1.0 org.pytorch.serve.job.RestJob - Waiting time ns: 111517, Backend time ns: 13388348
2026-03-06T11:38:29,825 [INFO ] W-9000-resnet-18_1.0 org.pytorch.serve.wlm.WorkerThread - Backend response time: 12
2026-03-06T11:38:32,795 [DEBUG] W-9000-resnet-18_1.0 org.pytorch.serve.wlm.WorkerThread - Flushing req.cmd PREDICT repeats 1 to backend at: 1772789912795
2026-03-06T11:38:32,796 [INFO ] W-9000-resnet-18_1.0 org.pytorch.serve.wlm.WorkerThread - Looping backend response at: 1772789912796
2026-03-06T11:38:32,798 [INFO ] W-9000-resnet-18_1.0-stdout MODEL_LOG - Backend received inference at: 1772789912
2026-03-06T11:38:32,807 [INFO ] W-9000-resnet-18_1.0-stdout org.pytorch.serve.wlm.WorkerLifeCycle - result=[METRICS]PredictionTime.Milliseconds:8.64|#ModelName:resnet-18,Level:Model|#type:GAUGE|#hostname:gpu-0-0.local,1772789912,2c50732a-f9a0-4b58-bc8e-9e4d341bbbdb, pattern=[METRICS]
2026-03-06T11:38:32,808 [INFO ] W-9000-resnet-18_1.0 org.pytorch.serve.wlm.BatchAggregator - Sending response for jobId 2c50732a-f9a0-4b58-bc8e-9e4d341bbbdb
2026-03-06T11:38:32,808 [INFO ] W-9000-resnet-18_1.0 ACCESS_LOG - /127.0.0.1:34686 "POST /predictions/resnet-18 HTTP/1.1" 200 13
2026-03-06T11:38:32,809 [DEBUG] W-9000-resnet-18_1.0 org.pytorch.serve.job.RestJob - Waiting time ns: 121223, Backend time ns: 14175533
2026-03-06T11:38:32,810 [INFO ] W-9000-resnet-18_1.0 org.pytorch.serve.wlm.WorkerThread - Backend response time: 12
2026-03-06T11:38:33,860 [DEBUG] W-9000-resnet-18_1.0 org.pytorch.serve.wlm.WorkerThread - Flushing req.cmd PREDICT repeats 1 to backend at: 1772789913860
2026-03-06T11:38:33,861 [INFO ] W-9000-resnet-18_1.0 org.pytorch.serve.wlm.WorkerThread - Looping backend response at: 1772789913861
2026-03-06T11:38:33,863 [INFO ] W-9000-resnet-18_1.0-stdout MODEL_LOG - Backend received inference at: 1772789913
2026-03-06T11:38:33,870 [INFO ] W-9000-resnet-18_1.0-stdout org.pytorch.serve.wlm.WorkerLifeCycle - result=[METRICS]PredictionTime.Milliseconds:6.89|#ModelName:resnet-18,Level:Model|#type:GAUGE|#hostname:gpu-0-0.local,1772789913,7170f6b6-a35c-4e45-b26f-2373e4381937, pattern=[METRICS]
2026-03-06T11:38:33,870 [INFO ] W-9000-resnet-18_1.0 org.pytorch.serve.wlm.BatchAggregator - Sending response for jobId 7170f6b6-a35c-4e45-b26f-2373e4381937
2026-03-06T11:38:33,871 [INFO ] W-9000-resnet-18_1.0 ACCESS_LOG - /127.0.0.1:34688 "POST /predictions/resnet-18 HTTP/1.1" 200 11
2026-03-06T11:38:33,871 [DEBUG] W-9000-resnet-18_1.0 org.pytorch.serve.job.RestJob - Waiting time ns: 278872, Backend time ns: 10554659
2026-03-06T11:38:33,871 [INFO ] W-9000-resnet-18_1.0 org.pytorch.serve.wlm.WorkerThread - Backend response time: 9
2026-03-06T11:38:34,508 [DEBUG] W-9000-resnet-18_1.0 org.pytorch.serve.wlm.WorkerThread - Flushing req.cmd PREDICT repeats 1 to backend at: 1772789914508
2026-03-06T11:38:34,509 [INFO ] W-9000-resnet-18_1.0 org.pytorch.serve.wlm.WorkerThread - Looping backend response at: 1772789914509
2026-03-06T11:38:34,510 [INFO ] W-9000-resnet-18_1.0-stdout MODEL_LOG - Backend received inference at: 1772789914
2026-03-06T11:38:34,517 [INFO ] W-9000-resnet-18_1.0-stdout org.pytorch.serve.wlm.WorkerLifeCycle - result=[METRICS]PredictionTime.Milliseconds:6.53|#ModelName:resnet-18,Level:Model|#type:GAUGE|#hostname:gpu-0-0.local,1772789914,2aae6874-9935-4c06-85f8-81a989347561, pattern=[METRICS]
2026-03-06T11:38:34,517 [INFO ] W-9000-resnet-18_1.0 org.pytorch.serve.wlm.BatchAggregator - Sending response for jobId 2aae6874-9935-4c06-85f8-81a989347561
2026-03-06T11:38:34,518 [INFO ] W-9000-resnet-18_1.0 ACCESS_LOG - /127.0.0.1:34690 "POST /predictions/resnet-18 HTTP/1.1" 200 10
2026-03-06T11:38:34,518 [DEBUG] W-9000-resnet-18_1.0 org.pytorch.serve.job.RestJob - Waiting time ns: 171867, Backend time ns: 9812610
2026-03-06T11:38:34,518 [INFO ] W-9000-resnet-18_1.0 org.pytorch.serve.wlm.WorkerThread - Backend response time: 8
2026-03-06T11:38:35,366 [DEBUG] W-9000-resnet-18_1.0 org.pytorch.serve.wlm.WorkerThread - Flushing req.cmd PREDICT repeats 1 to backend at: 1772789915366
2026-03-06T11:38:35,367 [INFO ] W-9000-resnet-18_1.0 org.pytorch.serve.wlm.WorkerThread - Looping backend response at: 1772789915367
2026-03-06T11:38:35,368 [INFO ] W-9000-resnet-18_1.0-stdout MODEL_LOG - Backend received inference at: 1772789915
2026-03-06T11:38:35,377 [INFO ] W-9000-resnet-18_1.0-stdout org.pytorch.serve.wlm.WorkerLifeCycle - result=[METRICS]PredictionTime.Milliseconds:8.2|#ModelName:resnet-18,Level:Model|#type:GAUGE|#hostname:gpu-0-0.local,1772789915,dd787499-6bcd-4bc9-bd99-27ad3b34863a, pattern=[METRICS]
2026-03-06T11:38:35,377 [INFO ] W-9000-resnet-18_1.0 org.pytorch.serve.wlm.BatchAggregator - Sending response for jobId dd787499-6bcd-4bc9-bd99-27ad3b34863a
2026-03-06T11:38:35,378 [INFO ] W-9000-resnet-18_1.0 ACCESS_LOG - /127.0.0.1:34692 "POST /predictions/resnet-18 HTTP/1.1" 200 13
2026-03-06T11:38:35,378 [DEBUG] W-9000-resnet-18_1.0 org.pytorch.serve.job.RestJob - Waiting time ns: 261120, Backend time ns: 12277023
2026-03-06T11:38:35,378 [INFO ] W-9000-resnet-18_1.0 org.pytorch.serve.wlm.WorkerThread - Backend response time: 10
2026-03-06T11:38:35,769 [DEBUG] W-9000-resnet-18_1.0 org.pytorch.serve.wlm.WorkerThread - Flushing req.cmd PREDICT repeats 1 to backend at: 1772789915769
2026-03-06T11:38:35,770 [INFO ] W-9000-resnet-18_1.0 org.pytorch.serve.wlm.WorkerThread - Looping backend response at: 1772789915770
2026-03-06T11:38:35,771 [INFO ] W-9000-resnet-18_1.0-stdout MODEL_LOG - Backend received inference at: 1772789915
2026-03-06T11:38:35,780 [INFO ] W-9000-resnet-18_1.0-stdout org.pytorch.serve.wlm.WorkerLifeCycle - result=[METRICS]PredictionTime.Milliseconds:8.23|#ModelName:resnet-18,Level:Model|#type:GAUGE|#hostname:gpu-0-0.local,1772789915,db50728f-d37e-43b4-9251-cb169dfdcb4b, pattern=[METRICS]
2026-03-06T11:38:35,780 [INFO ] W-9000-resnet-18_1.0 org.pytorch.serve.wlm.BatchAggregator - Sending response for jobId db50728f-d37e-43b4-9251-cb169dfdcb4b
2026-03-06T11:38:35,780 [INFO ] W-9000-resnet-18_1.0 ACCESS_LOG - /127.0.0.1:34694 "POST /predictions/resnet-18 HTTP/1.1" 200 11
2026-03-06T11:38:35,781 [DEBUG] W-9000-resnet-18_1.0 org.pytorch.serve.job.RestJob - Waiting time ns: 126361, Backend time ns: 11725214
2026-03-06T11:38:35,781 [INFO ] W-9000-resnet-18_1.0 org.pytorch.serve.wlm.WorkerThread - Backend response time: 10
2026-03-06T11:38:36,347 [DEBUG] W-9000-resnet-18_1.0 org.pytorch.serve.wlm.WorkerThread - Flushing req.cmd PREDICT repeats 1 to backend at: 1772789916347
2026-03-06T11:38:36,348 [INFO ] W-9000-resnet-18_1.0 org.pytorch.serve.wlm.WorkerThread - Looping backend response at: 1772789916348
2026-03-06T11:38:36,350 [INFO ] W-9000-resnet-18_1.0-stdout MODEL_LOG - Backend received inference at: 1772789916
2026-03-06T11:38:36,359 [INFO ] W-9000-resnet-18_1.0-stdout org.pytorch.serve.wlm.WorkerLifeCycle - result=[METRICS]PredictionTime.Milliseconds:8.79|#ModelName:resnet-18,Level:Model|#type:GAUGE|#hostname:gpu-0-0.local,1772789916,3a484427-c42c-42ce-b128-68980c5fa0aa, pattern=[METRICS]
2026-03-06T11:38:36,359 [INFO ] W-9000-resnet-18_1.0 org.pytorch.serve.wlm.BatchAggregator - Sending response for jobId 3a484427-c42c-42ce-b128-68980c5fa0aa
2026-03-06T11:38:36,360 [INFO ] W-9000-resnet-18_1.0 ACCESS_LOG - /127.0.0.1:34696 "POST /predictions/resnet-18 HTTP/1.1" 200 13
2026-03-06T11:38:36,360 [DEBUG] W-9000-resnet-18_1.0 org.pytorch.serve.job.RestJob - Waiting time ns: 134615, Backend time ns: 12958711
2026-03-06T11:38:36,360 [INFO ] W-9000-resnet-18_1.0 org.pytorch.serve.wlm.WorkerThread - Backend response time: 10
2026-03-06T11:38:38,049 [DEBUG] W-9000-resnet-18_1.0 org.pytorch.serve.wlm.WorkerThread - Flushing req.cmd PREDICT repeats 1 to backend at: 1772789918049
2026-03-06T11:38:38,050 [INFO ] W-9000-resnet-18_1.0 org.pytorch.serve.wlm.WorkerThread - Looping backend response at: 1772789918050
2026-03-06T11:38:38,058 [INFO ] W-9000-resnet-18_1.0-stdout MODEL_LOG - Backend received inference at: 1772789918
2026-03-06T11:38:38,064 [INFO ] W-9000-resnet-18_1.0-stdout org.pytorch.serve.wlm.WorkerLifeCycle - result=[METRICS]PredictionTime.Milliseconds:6.09|#ModelName:resnet-18,Level:Model|#type:GAUGE|#hostname:gpu-0-0.local,1772789918,733ed648-f32d-4acc-a3cd-116f35ff4a16, pattern=[METRICS]
2026-03-06T11:38:38,065 [INFO ] W-9000-resnet-18_1.0 org.pytorch.serve.wlm.BatchAggregator - Sending response for jobId 733ed648-f32d-4acc-a3cd-116f35ff4a16
2026-03-06T11:38:38,065 [INFO ] W-9000-resnet-18_1.0 ACCESS_LOG - /127.0.0.1:34698 "POST /predictions/resnet-18 HTTP/1.1" 200 16
2026-03-06T11:38:38,065 [DEBUG] W-9000-resnet-18_1.0 org.pytorch.serve.job.RestJob - Waiting time ns: 116560, Backend time ns: 16190012
2026-03-06T11:38:38,065 [INFO ] W-9000-resnet-18_1.0 org.pytorch.serve.wlm.WorkerThread - Backend response time: 15
2026-03-06T11:38:39,889 [DEBUG] W-9000-resnet-18_1.0 org.pytorch.serve.wlm.WorkerThread - Flushing req.cmd PREDICT repeats 1 to backend at: 1772789919889
2026-03-06T11:38:39,890 [INFO ] W-9000-resnet-18_1.0 org.pytorch.serve.wlm.WorkerThread - Looping backend response at: 1772789919890
2026-03-06T11:38:39,891 [INFO ] W-9000-resnet-18_1.0-stdout MODEL_LOG - Backend received inference at: 1772789919
2026-03-06T11:38:39,897 [INFO ] W-9000-resnet-18_1.0-stdout org.pytorch.serve.wlm.WorkerLifeCycle - result=[METRICS]PredictionTime.Milliseconds:6.23|#ModelName:resnet-18,Level:Model|#type:GAUGE|#hostname:gpu-0-0.local,1772789919,1fbb1ecf-23a2-4668-a0c9-ce508b0388c4, pattern=[METRICS]
2026-03-06T11:38:39,898 [INFO ] W-9000-resnet-18_1.0 org.pytorch.serve.wlm.BatchAggregator - Sending response for jobId 1fbb1ecf-23a2-4668-a0c9-ce508b0388c4
2026-03-06T11:38:39,898 [INFO ] W-9000-resnet-18_1.0 ACCESS_LOG - /127.0.0.1:34700 "POST /predictions/resnet-18 HTTP/1.1" 200 9
2026-03-06T11:38:39,898 [DEBUG] W-9000-resnet-18_1.0 org.pytorch.serve.job.RestJob - Waiting time ns: 189196, Backend time ns: 9293708
2026-03-06T11:38:39,898 [INFO ] W-9000-resnet-18_1.0 org.pytorch.serve.wlm.WorkerThread - Backend response time: 8
2026-03-06T11:38:40,734 [DEBUG] W-9000-resnet-18_1.0 org.pytorch.serve.wlm.WorkerThread - Flushing req.cmd PREDICT repeats 1 to backend at: 1772789920734
2026-03-06T11:38:40,735 [INFO ] W-9000-resnet-18_1.0 org.pytorch.serve.wlm.WorkerThread - Looping backend response at: 1772789920735
2026-03-06T11:38:40,736 [INFO ] W-9000-resnet-18_1.0-stdout MODEL_LOG - Backend received inference at: 1772789920
2026-03-06T11:38:40,745 [INFO ] W-9000-resnet-18_1.0-stdout org.pytorch.serve.wlm.WorkerLifeCycle - result=[METRICS]PredictionTime.Milliseconds:8.26|#ModelName:resnet-18,Level:Model|#type:GAUGE|#hostname:gpu-0-0.local,1772789920,4acc6047-9a3c-4b12-852f-e7315534931b, pattern=[METRICS]
2026-03-06T11:38:40,745 [INFO ] W-9000-resnet-18_1.0 org.pytorch.serve.wlm.BatchAggregator - Sending response for jobId 4acc6047-9a3c-4b12-852f-e7315534931b
2026-03-06T11:38:40,746 [INFO ] W-9000-resnet-18_1.0 ACCESS_LOG - /127.0.0.1:34702 "POST /predictions/resnet-18 HTTP/1.1" 200 12
2026-03-06T11:38:40,746 [DEBUG] W-9000-resnet-18_1.0 org.pytorch.serve.job.RestJob - Waiting time ns: 137011, Backend time ns: 11832122
2026-03-06T11:38:40,746 [INFO ] W-9000-resnet-18_1.0 org.pytorch.serve.wlm.WorkerThread - Backend response time: 10
2026-03-06T11:38:41,392 [DEBUG] W-9000-resnet-18_1.0 org.pytorch.serve.wlm.WorkerThread - Flushing req.cmd PREDICT repeats 1 to backend at: 1772789921392
2026-03-06T11:38:41,393 [INFO ] W-9000-resnet-18_1.0 org.pytorch.serve.wlm.WorkerThread - Looping backend response at: 1772789921393
2026-03-06T11:38:41,394 [INFO ] W-9000-resnet-18_1.0-stdout MODEL_LOG - Backend received inference at: 1772789921
2026-03-06T11:38:41,401 [INFO ] W-9000-resnet-18_1.0-stdout org.pytorch.serve.wlm.WorkerLifeCycle - result=[METRICS]PredictionTime.Milliseconds:6.53|#ModelName:resnet-18,Level:Model|#type:GAUGE|#hostname:gpu-0-0.local,1772789921,6c4409b3-a555-43c1-97fd-652d99d71f6d, pattern=[METRICS]
2026-03-06T11:38:41,401 [INFO ] W-9000-resnet-18_1.0 org.pytorch.serve.wlm.BatchAggregator - Sending response for jobId 6c4409b3-a555-43c1-97fd-652d99d71f6d
2026-03-06T11:38:41,401 [INFO ] W-9000-resnet-18_1.0 ACCESS_LOG - /127.0.0.1:34704 "POST /predictions/resnet-18 HTTP/1.1" 200 9
2026-03-06T11:38:41,402 [DEBUG] W-9000-resnet-18_1.0 org.pytorch.serve.job.RestJob - Waiting time ns: 121881, Backend time ns: 10237150
2026-03-06T11:38:41,402 [INFO ] W-9000-resnet-18_1.0 org.pytorch.serve.wlm.WorkerThread - Backend response time: 8
2026-03-06T11:38:42,015 [DEBUG] W-9000-resnet-18_1.0 org.pytorch.serve.wlm.WorkerThread - Flushing req.cmd PREDICT repeats 1 to backend at: 1772789922015
2026-03-06T11:38:42,016 [INFO ] W-9000-resnet-18_1.0 org.pytorch.serve.wlm.WorkerThread - Looping backend response at: 1772789922016
2026-03-06T11:38:42,017 [INFO ] W-9000-resnet-18_1.0-stdout MODEL_LOG - Backend received inference at: 1772789922
2026-03-06T11:38:42,026 [INFO ] W-9000-resnet-18_1.0-stdout org.pytorch.serve.wlm.WorkerLifeCycle - result=[METRICS]PredictionTime.Milliseconds:8.8|#ModelName:resnet-18,Level:Model|#type:GAUGE|#hostname:gpu-0-0.local,1772789922,f85c1e45-fa5e-4c2f-9b64-1a7fc9913d87, pattern=[METRICS]
2026-03-06T11:38:42,027 [INFO ] W-9000-resnet-18_1.0 org.pytorch.serve.wlm.BatchAggregator - Sending response for jobId f85c1e45-fa5e-4c2f-9b64-1a7fc9913d87
2026-03-06T11:38:42,027 [INFO ] W-9000-resnet-18_1.0 ACCESS_LOG - /127.0.0.1:34706 "POST /predictions/resnet-18 HTTP/1.1" 200 12
2026-03-06T11:38:42,028 [DEBUG] W-9000-resnet-18_1.0 org.pytorch.serve.job.RestJob - Waiting time ns: 233021, Backend time ns: 12280603
2026-03-06T11:38:42,028 [INFO ] W-9000-resnet-18_1.0 org.pytorch.serve.wlm.WorkerThread - Backend response time: 11
2026-03-06T11:38:45,785 [DEBUG] W-9000-resnet-18_1.0 org.pytorch.serve.wlm.WorkerThread - Flushing req.cmd PREDICT repeats 1 to backend at: 1772789925785
2026-03-06T11:38:45,786 [INFO ] W-9000-resnet-18_1.0 org.pytorch.serve.wlm.WorkerThread - Looping backend response at: 1772789925786
2026-03-06T11:38:45,787 [INFO ] W-9000-resnet-18_1.0-stdout MODEL_LOG - Backend received inference at: 1772789925
2026-03-06T11:38:45,796 [INFO ] W-9000-resnet-18_1.0-stdout org.pytorch.serve.wlm.WorkerLifeCycle - result=[METRICS]PredictionTime.Milliseconds:8.32|#ModelName:resnet-18,Level:Model|#type:GAUGE|#hostname:gpu-0-0.local,1772789925,30cddd42-20b7-406e-8bb6-4405fe50663c, pattern=[METRICS]
2026-03-06T11:38:45,796 [INFO ] W-9000-resnet-18_1.0 org.pytorch.serve.wlm.BatchAggregator - Sending response for jobId 30cddd42-20b7-406e-8bb6-4405fe50663c
2026-03-06T11:38:45,797 [INFO ] W-9000-resnet-18_1.0 ACCESS_LOG - /127.0.0.1:34708 "POST /predictions/resnet-18 HTTP/1.1" 200 12
2026-03-06T11:38:45,797 [DEBUG] W-9000-resnet-18_1.0 org.pytorch.serve.job.RestJob - Waiting time ns: 143830, Backend time ns: 12075044
2026-03-06T11:38:45,797 [INFO ] W-9000-resnet-18_1.0 org.pytorch.serve.wlm.WorkerThread - Backend response time: 10
2026-03-06T11:38:45,797 [DEBUG] W-9000-resnet-18_1.0 org.pytorch.serve.wlm.WorkerThread - Flushing req.cmd PREDICT repeats 1 to backend at: 1772789925797
2026-03-06T11:38:45,799 [INFO ] W-9000-resnet-18_1.0 org.pytorch.serve.wlm.WorkerThread - Looping backend response at: 1772789925799
2026-03-06T11:38:45,800 [INFO ] W-9000-resnet-18_1.0-stdout MODEL_LOG - Backend received inference at: 1772789925
2026-03-06T11:38:45,807 [INFO ] W-9000-resnet-18_1.0-stdout org.pytorch.serve.wlm.WorkerLifeCycle - result=[METRICS]PredictionTime.Milliseconds:6.82|#ModelName:resnet-18,Level:Model|#type:GAUGE|#hostname:gpu-0-0.local,1772789925,e63d6dcc-6b68-4dab-ad02-1880bffc8513, pattern=[METRICS]
2026-03-06T11:38:45,808 [INFO ] W-9000-resnet-18_1.0 org.pytorch.serve.wlm.BatchAggregator - Sending response for jobId e63d6dcc-6b68-4dab-ad02-1880bffc8513
2026-03-06T11:38:45,808 [INFO ] W-9000-resnet-18_1.0 ACCESS_LOG - /127.0.0.1:34710 "POST /predictions/resnet-18 HTTP/1.1" 200 23
2026-03-06T11:38:45,808 [DEBUG] W-9000-resnet-18_1.0 org.pytorch.serve.job.RestJob - Waiting time ns: 12493794, Backend time ns: 10935249
2026-03-06T11:38:45,808 [INFO ] W-9000-resnet-18_1.0 org.pytorch.serve.wlm.WorkerThread - Backend response time: 9
2026-03-06T11:38:47,326 [DEBUG] W-9000-resnet-18_1.0 org.pytorch.serve.wlm.WorkerThread - Flushing req.cmd PREDICT repeats 1 to backend at: 1772789927326
2026-03-06T11:38:47,327 [INFO ] W-9000-resnet-18_1.0 org.pytorch.serve.wlm.WorkerThread - Looping backend response at: 1772789927326
2026-03-06T11:38:47,327 [INFO ] W-9000-resnet-18_1.0-stdout MODEL_LOG - Backend received inference at: 1772789927
2026-03-06T11:38:47,332 [INFO ] W-9000-resnet-18_1.0-stdout org.pytorch.serve.wlm.WorkerLifeCycle - result=[METRICS]PredictionTime.Milliseconds:4.86|#ModelName:resnet-18,Level:Model|#type:GAUGE|#hostname:gpu-0-0.local,1772789927,843d8990-b59b-4316-a1fa-32786f4aa929, pattern=[METRICS]
2026-03-06T11:38:47,333 [INFO ] W-9000-resnet-18_1.0 org.pytorch.serve.wlm.BatchAggregator - Sending response for jobId 843d8990-b59b-4316-a1fa-32786f4aa929
2026-03-06T11:38:47,333 [INFO ] W-9000-resnet-18_1.0 ACCESS_LOG - /127.0.0.1:34712 "POST /predictions/resnet-18 HTTP/1.1" 200 7
2026-03-06T11:38:47,333 [DEBUG] W-9000-resnet-18_1.0 org.pytorch.serve.job.RestJob - Waiting time ns: 102787, Backend time ns: 7367348
2026-03-06T11:38:47,334 [INFO ] W-9000-resnet-18_1.0 org.pytorch.serve.wlm.WorkerThread - Backend response time: 6
2026-03-06T11:38:49,279 [DEBUG] W-9000-resnet-18_1.0 org.pytorch.serve.wlm.WorkerThread - Flushing req.cmd PREDICT repeats 1 to backend at: 1772789929279
2026-03-06T11:38:49,280 [INFO ] W-9000-resnet-18_1.0 org.pytorch.serve.wlm.WorkerThread - Looping backend response at: 1772789929280
2026-03-06T11:38:49,281 [INFO ] W-9000-resnet-18_1.0-stdout MODEL_LOG - Backend received inference at: 1772789929
2026-03-06T11:38:49,296 [INFO ] W-9000-resnet-18_1.0-stdout org.pytorch.serve.wlm.WorkerLifeCycle - result=[METRICS]PredictionTime.Milliseconds:13.89|#ModelName:resnet-18,Level:Model|#type:GAUGE|#hostname:gpu-0-0.local,1772789929,4b94e94b-fd6f-4f08-b22f-1d8d83661e8e, pattern=[METRICS]
2026-03-06T11:38:49,297 [INFO ] W-9000-resnet-18_1.0 org.pytorch.serve.wlm.BatchAggregator - Sending response for jobId 4b94e94b-fd6f-4f08-b22f-1d8d83661e8e
2026-03-06T11:38:49,297 [INFO ] W-9000-resnet-18_1.0 ACCESS_LOG - /127.0.0.1:34714 "POST /predictions/resnet-18 HTTP/1.1" 200 19
2026-03-06T11:38:49,297 [DEBUG] W-9000-resnet-18_1.0 org.pytorch.serve.job.RestJob - Waiting time ns: 144404, Backend time ns: 18763114
2026-03-06T11:38:49,298 [INFO ] W-9000-resnet-18_1.0 org.pytorch.serve.wlm.WorkerThread - Backend response time: 17
2026-03-06T11:38:49,298 [DEBUG] W-9000-resnet-18_1.0 org.pytorch.serve.wlm.WorkerThread - Flushing req.cmd PREDICT repeats 1 to backend at: 1772789929298
2026-03-06T11:38:49,299 [INFO ] W-9000-resnet-18_1.0 org.pytorch.serve.wlm.WorkerThread - Looping backend response at: 1772789929299
2026-03-06T11:38:49,300 [INFO ] W-9000-resnet-18_1.0-stdout MODEL_LOG - Backend received inference at: 1772789929
2026-03-06T11:38:49,308 [INFO ] W-9000-resnet-18_1.0-stdout org.pytorch.serve.wlm.WorkerLifeCycle - result=[METRICS]PredictionTime.Milliseconds:7.6|#ModelName:resnet-18,Level:Model|#type:GAUGE|#hostname:gpu-0-0.local,1772789929,5075cebf-7a50-4d06-916e-929c8e6bd7fa, pattern=[METRICS]
2026-03-06T11:38:49,308 [INFO ] W-9000-resnet-18_1.0 org.pytorch.serve.wlm.BatchAggregator - Sending response for jobId 5075cebf-7a50-4d06-916e-929c8e6bd7fa
2026-03-06T11:38:49,308 [INFO ] W-9000-resnet-18_1.0 ACCESS_LOG - /127.0.0.1:34716 "POST /predictions/resnet-18 HTTP/1.1" 200 21
2026-03-06T11:38:49,309 [DEBUG] W-9000-resnet-18_1.0 org.pytorch.serve.job.RestJob - Waiting time ns: 10394896, Backend time ns: 11041578
2026-03-06T11:38:49,309 [INFO ] W-9000-resnet-18_1.0 org.pytorch.serve.wlm.WorkerThread - Backend response time: 9
Baseline GPU power: 60.30 W

Idle window comparison:
Request-idle & Energy-idle : 11991
Request-idle only          : 138
Energy-idle only           : 12222
Neither idle               : 4449

Analysis complete.
[2026-03-06T12:04:02+0200] Run 1 completed
[2026-03-06T12:04:02+0200] All runs finished
[2026-03-06T12:04:02+0200] Results stored in: /home/chadji10/ADE/runs/resnet-18_poisson_20260306_113743
[2026-03-06T12:04:02+0200] Stopping TorchServe
[2026-03-06T12:04:05+0200] Run directory: /home/chadji10/ADE/runs/resnet-18_poisson_20260306_113743
