[2026-03-27T12:37:29+0200] GPU info:
Fri Mar 27 12:37:31 2026       
+-----------------------------------------------------------------------------------------+
| NVIDIA-SMI 550.163.01             Driver Version: 550.163.01     CUDA Version: 12.4     |
|-----------------------------------------+------------------------+----------------------+
| GPU  Name                 Persistence-M | Bus-Id          Disp.A | Volatile Uncorr. ECC |
| Fan  Temp   Perf          Pwr:Usage/Cap |           Memory-Usage | GPU-Util  Compute M. |
|                                         |                        |               MIG M. |
|=========================================+========================+======================|
|   0  Tesla V100-SXM2-32GB           Off |   00000000:18:00.0 Off |                    0 |
| N/A   38C    P0             57W /  300W |       1MiB /  32768MiB |      0%      Default |
|                                         |                        |                  N/A |
+-----------------------------------------+------------------------+----------------------+
|   1  Tesla V100-SXM2-32GB           Off |   00000000:3B:00.0 Off |                    0 |
| N/A   33C    P0             54W /  300W |       1MiB /  32768MiB |      0%      Default |
|                                         |                        |                  N/A |
+-----------------------------------------+------------------------+----------------------+
|   2  Tesla V100-SXM2-32GB           Off |   00000000:86:00.0 Off |                    0 |
| N/A   32C    P0             56W /  300W |       1MiB /  32768MiB |      1%      Default |
|                                         |                        |                  N/A |
+-----------------------------------------+------------------------+----------------------+
|   3  Tesla V100-SXM2-32GB           Off |   00000000:AF:00.0 Off |                    0 |
| N/A   33C    P0             41W /  300W |       4MiB /  32768MiB |      0%      Default |
|                                         |                        |                  N/A |
+-----------------------------------------+------------------------+----------------------+
                                                                                         
+-----------------------------------------------------------------------------------------+
| Processes:                                                                              |
|  GPU   GI   CI        PID   Type   Process name                              GPU Memory |
|        ID   ID                                                               Usage      |
|=========================================================================================|
|  No running processes found                                                             |
+-----------------------------------------------------------------------------------------+
Looking in indexes: https://download.pytorch.org/whl/cu121
Requirement already satisfied: torch==2.5.1 in ./.venv_torchserve/lib/python3.12/site-packages (2.5.1+cu121)
Requirement already satisfied: torchvision==0.20.1 in ./.venv_torchserve/lib/python3.12/site-packages (0.20.1+cu121)
Requirement already satisfied: filelock in /share/apps/eb/software/Python-bundle-PyPI/2024.06-GCCcore-13.3.0/lib/python3.12/site-packages (from torch==2.5.1) (3.15.1)
Requirement already satisfied: typing-extensions>=4.8.0 in ./.venv_torchserve/lib/python3.12/site-packages (from torch==2.5.1) (4.15.0)
Requirement already satisfied: networkx in ./.venv_torchserve/lib/python3.12/site-packages (from torch==2.5.1) (3.6.1)
Requirement already satisfied: jinja2 in /share/apps/eb/software/Python-bundle-PyPI/2024.06-GCCcore-13.3.0/lib/python3.12/site-packages (from torch==2.5.1) (3.1.4)
Requirement already satisfied: fsspec in /share/apps/eb/software/Python-bundle-PyPI/2024.06-GCCcore-13.3.0/lib/python3.12/site-packages (from torch==2.5.1) (2024.6.0)
Requirement already satisfied: nvidia-cuda-nvrtc-cu12==12.1.105 in ./.venv_torchserve/lib/python3.12/site-packages (from torch==2.5.1) (12.1.105)
Requirement already satisfied: nvidia-cuda-runtime-cu12==12.1.105 in ./.venv_torchserve/lib/python3.12/site-packages (from torch==2.5.1) (12.1.105)
Requirement already satisfied: nvidia-cuda-cupti-cu12==12.1.105 in ./.venv_torchserve/lib/python3.12/site-packages (from torch==2.5.1) (12.1.105)
Requirement already satisfied: nvidia-cudnn-cu12==9.1.0.70 in ./.venv_torchserve/lib/python3.12/site-packages (from torch==2.5.1) (9.1.0.70)
Requirement already satisfied: nvidia-cublas-cu12==12.1.3.1 in ./.venv_torchserve/lib/python3.12/site-packages (from torch==2.5.1) (12.1.3.1)
Requirement already satisfied: nvidia-cufft-cu12==11.0.2.54 in ./.venv_torchserve/lib/python3.12/site-packages (from torch==2.5.1) (11.0.2.54)
Requirement already satisfied: nvidia-curand-cu12==10.3.2.106 in ./.venv_torchserve/lib/python3.12/site-packages (from torch==2.5.1) (10.3.2.106)
Requirement already satisfied: nvidia-cusolver-cu12==11.4.5.107 in ./.venv_torchserve/lib/python3.12/site-packages (from torch==2.5.1) (11.4.5.107)
Requirement already satisfied: nvidia-cusparse-cu12==12.1.0.106 in ./.venv_torchserve/lib/python3.12/site-packages (from torch==2.5.1) (12.1.0.106)
Requirement already satisfied: nvidia-nccl-cu12==2.21.5 in ./.venv_torchserve/lib/python3.12/site-packages (from torch==2.5.1) (2.21.5)
Requirement already satisfied: nvidia-nvtx-cu12==12.1.105 in ./.venv_torchserve/lib/python3.12/site-packages (from torch==2.5.1) (12.1.105)
Requirement already satisfied: triton==3.1.0 in ./.venv_torchserve/lib/python3.12/site-packages (from torch==2.5.1) (3.1.0)
Requirement already satisfied: setuptools in ./.venv_torchserve/lib/python3.12/site-packages (from torch==2.5.1) (82.0.1)
Requirement already satisfied: sympy==1.13.1 in ./.venv_torchserve/lib/python3.12/site-packages (from torch==2.5.1) (1.13.1)
Requirement already satisfied: numpy in /share/apps/eb/software/SciPy-bundle/2024.05-gfbf-2024a/lib/python3.12/site-packages (from torchvision==0.20.1) (1.26.4)
Requirement already satisfied: pillow!=8.3.*,>=5.3.0 in /share/apps/eb/software/Pillow/10.4.0-GCCcore-13.3.0/lib/python3.12/site-packages (from torchvision==0.20.1) (10.4.0)
Requirement already satisfied: nvidia-nvjitlink-cu12 in ./.venv_torchserve/lib/python3.12/site-packages (from nvidia-cusolver-cu12==11.4.5.107->torch==2.5.1) (12.9.86)
Requirement already satisfied: mpmath<1.4,>=1.1.0 in /share/apps/eb/software/SciPy-bundle/2024.05-gfbf-2024a/lib/python3.12/site-packages (from sympy==1.13.1->torch==2.5.1) (1.3.0)
Requirement already satisfied: MarkupSafe>=2.0 in /share/apps/eb/software/Python-bundle-PyPI/2024.06-GCCcore-13.3.0/lib/python3.12/site-packages (from jinja2->torch==2.5.1) (2.1.5)
Collecting torchserve
  Using cached torchserve-0.12.0-py3-none-any.whl.metadata (1.4 kB)
Collecting torch-model-archiver
  Using cached torch_model_archiver-0.12.0-py3-none-any.whl.metadata (1.4 kB)
Requirement already satisfied: pillow in /share/apps/eb/software/Pillow/10.4.0-GCCcore-13.3.0/lib/python3.12/site-packages (10.4.0)
Requirement already satisfied: requests in /share/apps/eb/software/Python-bundle-PyPI/2024.06-GCCcore-13.3.0/lib/python3.12/site-packages (2.32.3)
Requirement already satisfied: pandas in /share/apps/eb/software/SciPy-bundle/2024.05-gfbf-2024a/lib/python3.12/site-packages (2.2.2)
Requirement already satisfied: numpy in /share/apps/eb/software/SciPy-bundle/2024.05-gfbf-2024a/lib/python3.12/site-packages (1.26.4)
Requirement already satisfied: matplotlib in /share/apps/eb/software/matplotlib/3.9.2-gfbf-2024a/lib/python3.12/site-packages (3.9.2)
Collecting nvidia-ml-py3
  Using cached nvidia-ml-py3-7.352.0.tar.gz (19 kB)
  Installing build dependencies: started
  Installing build dependencies: finished with status 'done'
  Getting requirements to build wheel: started
  Getting requirements to build wheel: finished with status 'done'
  Preparing metadata (pyproject.toml): started
  Preparing metadata (pyproject.toml): finished with status 'done'
Requirement already satisfied: psutil in /share/apps/eb/software/Python-bundle-PyPI/2024.06-GCCcore-13.3.0/lib/python3.12/site-packages (from torchserve) (5.9.8)
Requirement already satisfied: packaging in /share/apps/eb/software/Python-bundle-PyPI/2024.06-GCCcore-13.3.0/lib/python3.12/site-packages (from torchserve) (24.1)
Requirement already satisfied: wheel in ./.venv_torchserve/lib/python3.12/site-packages (from torchserve) (0.46.3)
Collecting enum-compat (from torch-model-archiver)
  Using cached enum_compat-0.0.3-py3-none-any.whl.metadata (954 bytes)
Requirement already satisfied: charset-normalizer<4,>=2 in /share/apps/eb/software/Python-bundle-PyPI/2024.06-GCCcore-13.3.0/lib/python3.12/site-packages (from requests) (3.3.2)
Requirement already satisfied: idna<4,>=2.5 in /share/apps/eb/software/Python-bundle-PyPI/2024.06-GCCcore-13.3.0/lib/python3.12/site-packages (from requests) (3.7)
Requirement already satisfied: urllib3<3,>=1.21.1 in /share/apps/eb/software/Python-bundle-PyPI/2024.06-GCCcore-13.3.0/lib/python3.12/site-packages (from requests) (2.2.1)
Requirement already satisfied: certifi>=2017.4.17 in /share/apps/eb/software/Python-bundle-PyPI/2024.06-GCCcore-13.3.0/lib/python3.12/site-packages (from requests) (2024.6.2)
Requirement already satisfied: python-dateutil>=2.8.2 in /share/apps/eb/software/Python-bundle-PyPI/2024.06-GCCcore-13.3.0/lib/python3.12/site-packages (from pandas) (2.9.0.post0)
Requirement already satisfied: pytz>=2020.1 in /share/apps/eb/software/Python-bundle-PyPI/2024.06-GCCcore-13.3.0/lib/python3.12/site-packages (from pandas) (2024.1)
Requirement already satisfied: tzdata>=2022.7 in /share/apps/eb/software/SciPy-bundle/2024.05-gfbf-2024a/lib/python3.12/site-packages (from pandas) (2024.1)
Requirement already satisfied: contourpy>=1.0.1 in /share/apps/eb/software/matplotlib/3.9.2-gfbf-2024a/lib/python3.12/site-packages (from matplotlib) (1.3.0)
Requirement already satisfied: cycler>=0.10 in /share/apps/eb/software/matplotlib/3.9.2-gfbf-2024a/lib/python3.12/site-packages (from matplotlib) (0.12.1)
Requirement already satisfied: fonttools>=4.22.0 in /share/apps/eb/software/matplotlib/3.9.2-gfbf-2024a/lib/python3.12/site-packages (from matplotlib) (4.53.1)
Requirement already satisfied: kiwisolver>=1.3.1 in /share/apps/eb/software/matplotlib/3.9.2-gfbf-2024a/lib/python3.12/site-packages (from matplotlib) (1.4.4)
Requirement already satisfied: pyparsing>=2.3.1 in /share/apps/eb/software/Python-bundle-PyPI/2024.06-GCCcore-13.3.0/lib/python3.12/site-packages (from matplotlib) (3.1.2)
Requirement already satisfied: six>=1.5 in /share/apps/eb/software/Python-bundle-PyPI/2024.06-GCCcore-13.3.0/lib/python3.12/site-packages (from python-dateutil>=2.8.2->pandas) (1.16.0)
Using cached torchserve-0.12.0-py3-none-any.whl (42.2 MB)
Using cached torch_model_archiver-0.12.0-py3-none-any.whl (16 kB)
Using cached enum_compat-0.0.3-py3-none-any.whl (1.3 kB)
Building wheels for collected packages: nvidia-ml-py3
  Building wheel for nvidia-ml-py3 (pyproject.toml): started
  Building wheel for nvidia-ml-py3 (pyproject.toml): finished with status 'done'
  Created wheel for nvidia-ml-py3: filename=nvidia_ml_py3-7.352.0-py3-none-any.whl size=19207 sha256=240d1cf61fe199039424c3c298887ef0a93172b61ee9e906c31a8c89cb37ccc1
  Stored in directory: /home/chadji10/.cache/pip/wheels/6e/65/79/33dee66cba26e8204801916dfee7481bccfd22905ebb841fe5
Successfully built nvidia-ml-py3
Installing collected packages: nvidia-ml-py3, enum-compat, torch-model-archiver, torchserve

Successfully installed enum-compat-0.0.3 nvidia-ml-py3-7.352.0 torch-model-archiver-0.12.0 torchserve-0.12.0
Collecting git+https://github.com/ml-energy/zeus.git
  Cloning https://github.com/ml-energy/zeus.git to /tmp/pip-req-build-urd82oma
  Resolved https://github.com/ml-energy/zeus.git to commit c6bc37654b43b7d57230cf889a71929e314d7f20
  Installing build dependencies: started
  Installing build dependencies: finished with status 'done'
  Getting requirements to build wheel: started
  Getting requirements to build wheel: finished with status 'done'
  Preparing metadata (pyproject.toml): started
  Preparing metadata (pyproject.toml): finished with status 'done'
Requirement already satisfied: numpy in /share/apps/eb/software/SciPy-bundle/2024.05-gfbf-2024a/lib/python3.12/site-packages (from zeus==0.15.0) (1.26.4)
Requirement already satisfied: pandas in /share/apps/eb/software/SciPy-bundle/2024.05-gfbf-2024a/lib/python3.12/site-packages (from zeus==0.15.0) (2.2.2)
Collecting scikit-learn (from zeus==0.15.0)
  Using cached scikit_learn-1.8.0.tar.gz (7.3 MB)
  Installing build dependencies: started
  Installing build dependencies: still running...
  Installing build dependencies: still running...
  Installing build dependencies: still running...
  Installing build dependencies: finished with status 'done'
  Getting requirements to build wheel: started
  Getting requirements to build wheel: finished with status 'done'
  Installing backend dependencies: started
  Installing backend dependencies: finished with status 'done'
  Preparing metadata (pyproject.toml): started
  Preparing metadata (pyproject.toml): still running...
  Preparing metadata (pyproject.toml): finished with status 'done'
Collecting nvidia-ml-py (from zeus==0.15.0)
  Downloading nvidia_ml_py-13.595.45-py3-none-any.whl.metadata (9.7 kB)
Collecting pydantic (from zeus==0.15.0)
  Using cached pydantic-2.12.5-py3-none-any.whl.metadata (90 kB)
Requirement already satisfied: rich in /share/apps/eb/software/Python-bundle-PyPI/2024.06-GCCcore-13.3.0/lib/python3.12/site-packages (from zeus==0.15.0) (13.7.1)
Collecting tyro (from zeus==0.15.0)
  Downloading tyro-1.0.11-py3-none-any.whl.metadata (12 kB)
Collecting httpx (from zeus==0.15.0)
  Using cached httpx-0.28.1-py3-none-any.whl.metadata (7.1 kB)
Collecting amdsmi (from zeus==0.15.0)
  Using cached amdsmi-7.0.2-py3-none-any.whl.metadata (2.8 kB)
Requirement already satisfied: python-dateutil in /share/apps/eb/software/Python-bundle-PyPI/2024.06-GCCcore-13.3.0/lib/python3.12/site-packages (from zeus==0.15.0) (2.9.0.post0)
Collecting anyio (from httpx->zeus==0.15.0)
  Downloading anyio-4.13.0-py3-none-any.whl.metadata (4.5 kB)
Requirement already satisfied: certifi in /share/apps/eb/software/Python-bundle-PyPI/2024.06-GCCcore-13.3.0/lib/python3.12/site-packages (from httpx->zeus==0.15.0) (2024.6.2)
Collecting httpcore==1.* (from httpx->zeus==0.15.0)
  Using cached httpcore-1.0.9-py3-none-any.whl.metadata (21 kB)
Requirement already satisfied: idna in /share/apps/eb/software/Python-bundle-PyPI/2024.06-GCCcore-13.3.0/lib/python3.12/site-packages (from httpx->zeus==0.15.0) (3.7)
Collecting h11>=0.16 (from httpcore==1.*->httpx->zeus==0.15.0)
  Using cached h11-0.16.0-py3-none-any.whl.metadata (8.3 kB)
Requirement already satisfied: typing_extensions>=4.5 in ./.venv_torchserve/lib/python3.12/site-packages (from anyio->httpx->zeus==0.15.0) (4.15.0)
Requirement already satisfied: pytz>=2020.1 in /share/apps/eb/software/Python-bundle-PyPI/2024.06-GCCcore-13.3.0/lib/python3.12/site-packages (from pandas->zeus==0.15.0) (2024.1)
Requirement already satisfied: tzdata>=2022.7 in /share/apps/eb/software/SciPy-bundle/2024.05-gfbf-2024a/lib/python3.12/site-packages (from pandas->zeus==0.15.0) (2024.1)
Requirement already satisfied: six>=1.5 in /share/apps/eb/software/Python-bundle-PyPI/2024.06-GCCcore-13.3.0/lib/python3.12/site-packages (from python-dateutil->zeus==0.15.0) (1.16.0)
Collecting annotated-types>=0.6.0 (from pydantic->zeus==0.15.0)
  Using cached annotated_types-0.7.0-py3-none-any.whl.metadata (15 kB)
Collecting pydantic-core==2.41.5 (from pydantic->zeus==0.15.0)
  Downloading pydantic_core-2.41.5-cp312-cp312-manylinux_2_17_x86_64.manylinux2014_x86_64.whl.metadata (7.3 kB)
Collecting typing-inspection>=0.4.2 (from pydantic->zeus==0.15.0)
  Using cached typing_inspection-0.4.2-py3-none-any.whl.metadata (2.6 kB)
Requirement already satisfied: markdown-it-py>=2.2.0 in /share/apps/eb/software/Python-bundle-PyPI/2024.06-GCCcore-13.3.0/lib/python3.12/site-packages (from rich->zeus==0.15.0) (3.0.0)
Requirement already satisfied: pygments<3.0.0,>=2.13.0 in /share/apps/eb/software/Python-bundle-PyPI/2024.06-GCCcore-13.3.0/lib/python3.12/site-packages (from rich->zeus==0.15.0) (2.18.0)
Requirement already satisfied: mdurl~=0.1 in /share/apps/eb/software/Python-bundle-PyPI/2024.06-GCCcore-13.3.0/lib/python3.12/site-packages (from markdown-it-py>=2.2.0->rich->zeus==0.15.0) (0.1.2)
Requirement already satisfied: scipy>=1.10.0 in /share/apps/eb/software/SciPy-bundle/2024.05-gfbf-2024a/lib/python3.12/site-packages (from scikit-learn->zeus==0.15.0) (1.13.1)
Requirement already satisfied: joblib>=1.3.0 in /share/apps/eb/software/Python-bundle-PyPI/2024.06-GCCcore-13.3.0/lib/python3.12/site-packages (from scikit-learn->zeus==0.15.0) (1.4.2)
Requirement already satisfied: threadpoolctl>=3.2.0 in /share/apps/eb/software/Python-bundle-PyPI/2024.06-GCCcore-13.3.0/lib/python3.12/site-packages (from scikit-learn->zeus==0.15.0) (3.5.0)
Collecting docstring-parser>=0.15 (from tyro->zeus==0.15.0)
  Using cached docstring_parser-0.17.0-py3-none-any.whl.metadata (3.5 kB)
Collecting typeguard>=4.0.0 (from tyro->zeus==0.15.0)
  Downloading typeguard-4.5.1-py3-none-any.whl.metadata (3.8 kB)
Using cached amdsmi-7.0.2-py3-none-any.whl (64 kB)
Using cached httpx-0.28.1-py3-none-any.whl (73 kB)
Using cached httpcore-1.0.9-py3-none-any.whl (78 kB)
Using cached h11-0.16.0-py3-none-any.whl (37 kB)
Downloading anyio-4.13.0-py3-none-any.whl (114 kB)
Downloading nvidia_ml_py-13.595.45-py3-none-any.whl (51 kB)
Using cached pydantic-2.12.5-py3-none-any.whl (463 kB)
Downloading pydantic_core-2.41.5-cp312-cp312-manylinux_2_17_x86_64.manylinux2014_x86_64.whl (2.1 MB)
   ━━━━━━━━━━━━━━━━━━━━━━━━━━━━━━━━━━━━━━━━ 2.1/2.1 MB 9.3 MB/s  0:00:00
Using cached annotated_types-0.7.0-py3-none-any.whl (13 kB)
Using cached typing_inspection-0.4.2-py3-none-any.whl (14 kB)
Downloading tyro-1.0.11-py3-none-any.whl (183 kB)
Using cached docstring_parser-0.17.0-py3-none-any.whl (36 kB)
Downloading typeguard-4.5.1-py3-none-any.whl (36 kB)
Building wheels for collected packages: zeus, scikit-learn
  Building wheel for zeus (pyproject.toml): started
  Building wheel for zeus (pyproject.toml): finished with status 'done'
  Created wheel for zeus: filename=zeus-0.15.0-py3-none-any.whl size=283035 sha256=fa491398a59dced41644c00caa83fd5126b5bdb193e7464ed9f2ccc18cd51ec1
  Stored in directory: /tmp/pip-ephem-wheel-cache-a3iw3e0r/wheels/41/2b/31/f14db3955629af73b8f2fd783d5d5fd5d07b962499a7802d01
  Building wheel for scikit-learn (pyproject.toml): started
  Building wheel for scikit-learn (pyproject.toml): finished with status 'done'
  Created wheel for scikit-learn: filename=scikit_learn-1.8.0-cp312-cp312-linux_x86_64.whl size=8785795 sha256=99ad9117d3a70bfd4c7a3a078365a2fb1f29ad73199869636e65b2cc4405f272
  Stored in directory: /home/chadji10/.cache/pip/wheels/a6/7f/83/f3c1a24d6bf14993dbff2ab0c29d1ece8ea0a0469b81720429
Successfully built zeus scikit-learn
Installing collected packages: nvidia-ml-py, typing-inspection, typeguard, pydantic-core, h11, docstring-parser, anyio, annotated-types, amdsmi, tyro, scikit-learn, pydantic, httpcore, httpx, zeus

Successfully installed amdsmi-7.0.2 annotated-types-0.7.0 anyio-4.13.0 docstring-parser-0.17.0 h11-0.16.0 httpcore-1.0.9 httpx-0.28.1 nvidia-ml-py-13.595.45 pydantic-2.12.5 pydantic-core-2.41.5 scikit-learn-1.8.0 typeguard-4.5.1 typing-inspection-0.4.2 tyro-1.0.11 zeus-0.15.0
[2026-03-27T12:43:35+0200] Starting TorchServe pinned to CPUs 2-3
WARNING: sun.reflect.Reflection.getCallerClass is not supported. This will impact performance.
2026-03-27T12:43:39,211 [WARN ] main org.pytorch.serve.util.ConfigManager - Your torchserve instance can access any URL to load models. When deploying to production, make sure to limit the set of allowed_urls in config.properties
2026-03-27T12:43:39,247 [INFO ] main org.pytorch.serve.servingsdk.impl.PluginsManager - Initializing plugins manager...
2026-03-27T12:43:39,380 [INFO ] main org.pytorch.serve.metrics.configuration.MetricConfiguration - Successfully loaded metrics configuration from /home/chadji10/ADE/.venv_torchserve/lib/python3.12/site-packages/ts/configs/metrics.yaml
2026-03-27T12:43:40,424 [INFO ] main org.pytorch.serve.ModelServer - 
Torchserve version: 0.12.0
TS Home: /home/chadji10/ADE/.venv_torchserve/lib/python3.12/site-packages
Current directory: /home/chadji10/ADE
Temp directory: /tmp
Metrics config path: /home/chadji10/ADE/.venv_torchserve/lib/python3.12/site-packages/ts/configs/metrics.yaml
Number of GPUs: 1
Number of CPUs: 2
Max heap size: 18032 M
Python executable: /home/chadji10/ADE/.venv_torchserve/bin/python
Config file: /home/chadji10/ADE/torchserve.properties
Inference address: http://127.0.0.1:8080
Management address: http://127.0.0.1:8081
Metrics address: http://127.0.0.1:8082
Model Store: /home/chadji10/ADE/model_store
Initial Models: resnet-18=resnet-18.mar
Log dir: /home/chadji10/ADE/logs
Metrics dir: /home/chadji10/ADE/logs
Netty threads: 0
Netty client threads: 0
Default workers per model: 1
Blacklist Regex: N/A
Maximum Response Size: 6553500
Maximum Request Size: 6553500
Limit Maximum Image Pixels: true
Prefer direct buffer: false
Allowed Urls: [file://.*|http(s)?://.*]
Custom python dependency for model allowed: false
Enable metrics API: true
Metrics mode: PROMETHEUS
Disable system metrics: true
Workflow Store: /home/chadji10/ADE/model_store
CPP log config: N/A
Model config: N/A
System metrics command: default
Model API enabled: false
2026-03-27T12:43:40,435 [INFO ] main org.pytorch.serve.servingsdk.impl.PluginsManager -  Loading snapshot serializer plugin...
2026-03-27T12:43:40,464 [INFO ] main org.pytorch.serve.ModelServer - Loading initial models: resnet-18.mar
2026-03-27T12:43:41,248 [DEBUG] main org.pytorch.serve.wlm.ModelVersionedRefs - Adding new version 1.0 for model resnet-18
2026-03-27T12:43:41,248 [DEBUG] main org.pytorch.serve.wlm.ModelVersionedRefs - Setting default version to 1.0 for model resnet-18
2026-03-27T12:43:41,249 [INFO ] main org.pytorch.serve.wlm.ModelManager - Model resnet-18 loaded.
2026-03-27T12:43:41,249 [DEBUG] main org.pytorch.serve.wlm.ModelManager - updateModel: resnet-18, count: 1
2026-03-27T12:43:41,257 [INFO ] main org.pytorch.serve.ModelServer - Initialize Inference server with: EpollServerSocketChannel.
2026-03-27T12:43:41,269 [DEBUG] W-9000-resnet-18_1.0 org.pytorch.serve.wlm.WorkerLifeCycle - Worker cmdline: [/home/chadji10/ADE/.venv_torchserve/bin/python, /home/chadji10/ADE/.venv_torchserve/lib/python3.12/site-packages/ts/model_service_worker.py, --sock-type, unix, --sock-name, /tmp/.ts.sock.9000, --metrics-config, /home/chadji10/ADE/.venv_torchserve/lib/python3.12/site-packages/ts/configs/metrics.yaml]
2026-03-27T12:43:41,313 [INFO ] main org.pytorch.serve.ModelServer - Inference API bind to: http://127.0.0.1:8080
2026-03-27T12:43:41,313 [INFO ] main org.pytorch.serve.ModelServer - Initialize Management server with: EpollServerSocketChannel.
2026-03-27T12:43:41,314 [INFO ] main org.pytorch.serve.ModelServer - Management API bind to: http://127.0.0.1:8081
2026-03-27T12:43:41,315 [INFO ] main org.pytorch.serve.ModelServer - Initialize Metrics server with: EpollServerSocketChannel.
2026-03-27T12:43:41,315 [INFO ] main org.pytorch.serve.ModelServer - Metrics API bind to: http://127.0.0.1:8082
Model server started.
[2026-03-27T12:43:44+0200] Waiting for TorchServe READY...
2026-03-27T12:43:44,491 [INFO ] pool-2-thread-2 ACCESS_LOG - /127.0.0.1:40802 "GET /ping HTTP/1.1" 200 8
2026-03-27T12:43:46,477 [INFO ] epollEventLoopGroup-3-2 ACCESS_LOG - /127.0.0.1:40516 "GET /models/resnet-18 HTTP/1.1" 200 1425
2026-03-27T12:43:48,525 [INFO ] pool-2-thread-2 ACCESS_LOG - /127.0.0.1:40806 "GET /ping HTTP/1.1" 200 1
2026-03-27T12:43:50,166 [INFO ] epollEventLoopGroup-3-4 ACCESS_LOG - /127.0.0.1:40520 "GET /models/resnet-18 HTTP/1.1" 200 1617
2026-03-27T12:43:50,770 [WARN ] W-9000-resnet-18_1.0-stderr MODEL_LOG - Traceback (most recent call last):
2026-03-27T12:43:50,775 [WARN ] W-9000-resnet-18_1.0-stderr MODEL_LOG -   File "/home/chadji10/ADE/.venv_torchserve/lib/python3.12/site-packages/ts/model_service_worker.py", line 15, in <module>
2026-03-27T12:43:50,775 [WARN ] W-9000-resnet-18_1.0-stderr MODEL_LOG -     from ts.async_service import AsyncService
2026-03-27T12:43:50,776 [WARN ] W-9000-resnet-18_1.0-stderr MODEL_LOG -   File "/home/chadji10/ADE/.venv_torchserve/lib/python3.12/site-packages/ts/async_service.py", line 14, in <module>
2026-03-27T12:43:50,777 [WARN ] W-9000-resnet-18_1.0-stderr MODEL_LOG -     from ts.handler_utils.utils import create_predict_response
2026-03-27T12:43:50,777 [WARN ] W-9000-resnet-18_1.0-stderr MODEL_LOG -   File "/home/chadji10/ADE/.venv_torchserve/lib/python3.12/site-packages/ts/handler_utils/utils.py", line 5, in <module>
2026-03-27T12:43:50,777 [WARN ] W-9000-resnet-18_1.0-stderr MODEL_LOG -     from ts.protocol.otf_message_handler import create_predict_response
2026-03-27T12:43:50,778 [WARN ] W-9000-resnet-18_1.0-stderr MODEL_LOG -   File "/home/chadji10/ADE/.venv_torchserve/lib/python3.12/site-packages/ts/protocol/otf_message_handler.py", line 16, in <module>
2026-03-27T12:43:50,778 [WARN ] W-9000-resnet-18_1.0-stderr MODEL_LOG -     from ts.utils.util import deprecated
2026-03-27T12:43:50,779 [WARN ] W-9000-resnet-18_1.0-stderr MODEL_LOG -   File "/home/chadji10/ADE/.venv_torchserve/lib/python3.12/site-packages/ts/utils/util.py", line 14, in <module>
2026-03-27T12:43:50,779 [WARN ] W-9000-resnet-18_1.0-stderr MODEL_LOG -     import yaml
2026-03-27T12:43:50,779 [WARN ] W-9000-resnet-18_1.0-stderr MODEL_LOG - ModuleNotFoundError: No module named 'yaml'
2026-03-27T12:43:51,184 [INFO ] W-9000-resnet-18_1.0-stderr org.pytorch.serve.wlm.WorkerLifeCycle - Stopped Scanner - W-9000-resnet-18_1.0-stderr
2026-03-27T12:43:51,184 [INFO ] W-9000-resnet-18_1.0-stdout org.pytorch.serve.wlm.WorkerLifeCycle - Stopped Scanner - W-9000-resnet-18_1.0-stdout
2026-03-27T12:43:51,185 [ERROR] W-9000-resnet-18_1.0 org.pytorch.serve.wlm.WorkerThread - Backend worker error
org.pytorch.serve.wlm.WorkerInitializationException: Backend stream closed.
	at org.pytorch.serve.wlm.WorkerLifeCycle.startWorkerPython(WorkerLifeCycle.java:204) ~[model-server.jar:?]
	at org.pytorch.serve.wlm.WorkerLifeCycle.startWorker(WorkerLifeCycle.java:106) ~[model-server.jar:?]
	at org.pytorch.serve.wlm.WorkerThread.connect(WorkerThread.java:375) ~[model-server.jar:?]
	at org.pytorch.serve.wlm.WorkerThread.run(WorkerThread.java:192) ~[model-server.jar:?]
	at java.util.concurrent.Executors$RunnableAdapter.call(Executors.java:572) ~[?:?]
	at java.util.concurrent.FutureTask.run(FutureTask.java:317) ~[?:?]
	at java.util.concurrent.ThreadPoolExecutor.runWorker(ThreadPoolExecutor.java:1144) ~[?:?]
	at java.util.concurrent.ThreadPoolExecutor$Worker.run(ThreadPoolExecutor.java:642) ~[?:?]
	at java.lang.Thread.run(Thread.java:1583) [?:?]
2026-03-27T12:43:51,201 [DEBUG] W-9000-resnet-18_1.0 org.pytorch.serve.wlm.WorkerThread - W-9000-resnet-18_1.0 State change null -> WORKER_STOPPED
2026-03-27T12:43:51,201 [INFO ] W-9000-resnet-18_1.0 org.pytorch.serve.wlm.WorkerThread - Auto recovery start timestamp: 1774608231201
2026-03-27T12:43:51,202 [INFO ] W-9000-resnet-18_1.0 org.pytorch.serve.wlm.WorkerThread - Retry worker: 9000 in 1 seconds.
2026-03-27T12:43:52,198 [INFO ] W-9000-resnet-18_1.0 ACCESS_LOG - /127.0.0.1:40810 "GET /ping HTTP/1.1" 200 0
2026-03-27T12:43:52,203 [DEBUG] W-9000-resnet-18_1.0 org.pytorch.serve.wlm.WorkerLifeCycle - Worker cmdline: [/home/chadji10/ADE/.venv_torchserve/bin/python, /home/chadji10/ADE/.venv_torchserve/lib/python3.12/site-packages/ts/model_service_worker.py, --sock-type, unix, --sock-name, /tmp/.ts.sock.9000, --metrics-config, /home/chadji10/ADE/.venv_torchserve/lib/python3.12/site-packages/ts/configs/metrics.yaml]
2026-03-27T12:43:52,251 [INFO ] epollEventLoopGroup-3-2 ACCESS_LOG - /127.0.0.1:40524 "GET /models/resnet-18 HTTP/1.1" 200 42
2026-03-27T12:43:54,004 [WARN ] W-9000-resnet-18_1.0-stderr MODEL_LOG - Traceback (most recent call last):
2026-03-27T12:43:54,007 [WARN ] W-9000-resnet-18_1.0-stderr MODEL_LOG -   File "/home/chadji10/ADE/.venv_torchserve/lib/python3.12/site-packages/ts/model_service_worker.py", line 15, in <module>
2026-03-27T12:43:54,007 [WARN ] W-9000-resnet-18_1.0-stderr MODEL_LOG -     from ts.async_service import AsyncService
2026-03-27T12:43:54,008 [WARN ] W-9000-resnet-18_1.0-stderr MODEL_LOG -   File "/home/chadji10/ADE/.venv_torchserve/lib/python3.12/site-packages/ts/async_service.py", line 14, in <module>
2026-03-27T12:43:54,008 [WARN ] W-9000-resnet-18_1.0-stderr MODEL_LOG -     from ts.handler_utils.utils import create_predict_response
2026-03-27T12:43:54,009 [WARN ] W-9000-resnet-18_1.0-stderr MODEL_LOG -   File "/home/chadji10/ADE/.venv_torchserve/lib/python3.12/site-packages/ts/handler_utils/utils.py", line 5, in <module>
2026-03-27T12:43:54,009 [WARN ] W-9000-resnet-18_1.0-stderr MODEL_LOG -     from ts.protocol.otf_message_handler import create_predict_response
2026-03-27T12:43:54,009 [WARN ] W-9000-resnet-18_1.0-stderr MODEL_LOG -   File "/home/chadji10/ADE/.venv_torchserve/lib/python3.12/site-packages/ts/protocol/otf_message_handler.py", line 16, in <module>
2026-03-27T12:43:54,010 [WARN ] W-9000-resnet-18_1.0-stderr MODEL_LOG -     from ts.utils.util import deprecated
2026-03-27T12:43:54,010 [WARN ] W-9000-resnet-18_1.0-stderr MODEL_LOG -   File "/home/chadji10/ADE/.venv_torchserve/lib/python3.12/site-packages/ts/utils/util.py", line 14, in <module>
2026-03-27T12:43:54,010 [WARN ] W-9000-resnet-18_1.0-stderr MODEL_LOG -     import yaml
2026-03-27T12:43:54,011 [WARN ] W-9000-resnet-18_1.0-stderr MODEL_LOG - ModuleNotFoundError: No module named 'yaml'
2026-03-27T12:43:54,278 [INFO ] pool-2-thread-2 ACCESS_LOG - /127.0.0.1:40814 "GET /ping HTTP/1.1" 200 1
2026-03-27T12:43:54,291 [INFO ] W-9000-resnet-18_1.0-stdout org.pytorch.serve.wlm.WorkerLifeCycle - Stopped Scanner - W-9000-resnet-18_1.0-stdout
2026-03-27T12:43:54,292 [ERROR] W-9000-resnet-18_1.0 org.pytorch.serve.wlm.WorkerThread - Backend worker error
org.pytorch.serve.wlm.WorkerInitializationException: Backend stream closed.
	at org.pytorch.serve.wlm.WorkerLifeCycle.startWorkerPython(WorkerLifeCycle.java:204) ~[model-server.jar:?]
	at org.pytorch.serve.wlm.WorkerLifeCycle.startWorker(WorkerLifeCycle.java:106) ~[model-server.jar:?]
	at org.pytorch.serve.wlm.WorkerThread.connect(WorkerThread.java:375) ~[model-server.jar:?]
	at org.pytorch.serve.wlm.WorkerThread.run(WorkerThread.java:192) ~[model-server.jar:?]
	at java.util.concurrent.ThreadPoolExecutor.runWorker(ThreadPoolExecutor.java:1144) ~[?:?]
	at java.util.concurrent.ThreadPoolExecutor$Worker.run(ThreadPoolExecutor.java:642) ~[?:?]
	at java.lang.Thread.run(Thread.java:1583) [?:?]
2026-03-27T12:43:54,292 [DEBUG] W-9000-resnet-18_1.0 org.pytorch.serve.wlm.WorkerThread - W-9000-resnet-18_1.0 State change WORKER_STOPPED -> WORKER_STOPPED
2026-03-27T12:43:54,292 [INFO ] W-9000-resnet-18_1.0-stderr org.pytorch.serve.wlm.WorkerLifeCycle - Stopped Scanner - W-9000-resnet-18_1.0-stderr
2026-03-27T12:43:54,292 [WARN ] W-9000-resnet-18_1.0 org.pytorch.serve.wlm.WorkerThread - Auto recovery failed again
2026-03-27T12:43:54,293 [INFO ] W-9000-resnet-18_1.0 org.pytorch.serve.wlm.WorkerThread - Retry worker: 9000 in 1 seconds.
2026-03-27T12:43:55,295 [DEBUG] W-9000-resnet-18_1.0 org.pytorch.serve.wlm.WorkerLifeCycle - Worker cmdline: [/home/chadji10/ADE/.venv_torchserve/bin/python, /home/chadji10/ADE/.venv_torchserve/lib/python3.12/site-packages/ts/model_service_worker.py, --sock-type, unix, --sock-name, /tmp/.ts.sock.9000, --metrics-config, /home/chadji10/ADE/.venv_torchserve/lib/python3.12/site-packages/ts/configs/metrics.yaml]
2026-03-27T12:43:56,516 [INFO ] epollEventLoopGroup-3-4 ACCESS_LOG - /127.0.0.1:40528 "GET /models/resnet-18 HTTP/1.1" 200 2219
2026-03-27T12:43:56,982 [WARN ] W-9000-resnet-18_1.0-stderr MODEL_LOG - Traceback (most recent call last):
2026-03-27T12:43:56,986 [WARN ] W-9000-resnet-18_1.0-stderr MODEL_LOG -   File "/home/chadji10/ADE/.venv_torchserve/lib/python3.12/site-packages/ts/model_service_worker.py", line 15, in <module>
2026-03-27T12:43:56,987 [WARN ] W-9000-resnet-18_1.0-stderr MODEL_LOG -     from ts.async_service import AsyncService
2026-03-27T12:43:56,988 [WARN ] W-9000-resnet-18_1.0-stderr MODEL_LOG -   File "/home/chadji10/ADE/.venv_torchserve/lib/python3.12/site-packages/ts/async_service.py", line 14, in <module>
2026-03-27T12:43:56,988 [WARN ] W-9000-resnet-18_1.0-stderr MODEL_LOG -     from ts.handler_utils.utils import create_predict_response
2026-03-27T12:43:56,989 [WARN ] W-9000-resnet-18_1.0-stderr MODEL_LOG -   File "/home/chadji10/ADE/.venv_torchserve/lib/python3.12/site-packages/ts/handler_utils/utils.py", line 5, in <module>
2026-03-27T12:43:56,990 [WARN ] W-9000-resnet-18_1.0-stderr MODEL_LOG -     from ts.protocol.otf_message_handler import create_predict_response
2026-03-27T12:43:56,992 [WARN ] W-9000-resnet-18_1.0-stderr MODEL_LOG -   File "/home/chadji10/ADE/.venv_torchserve/lib/python3.12/site-packages/ts/protocol/otf_message_handler.py", line 16, in <module>
2026-03-27T12:43:56,992 [WARN ] W-9000-resnet-18_1.0-stderr MODEL_LOG -     from ts.utils.util import deprecated
2026-03-27T12:43:56,992 [WARN ] W-9000-resnet-18_1.0-stderr MODEL_LOG -   File "/home/chadji10/ADE/.venv_torchserve/lib/python3.12/site-packages/ts/utils/util.py", line 14, in <module>
2026-03-27T12:43:56,993 [WARN ] W-9000-resnet-18_1.0-stderr MODEL_LOG -     import yaml
2026-03-27T12:43:56,993 [WARN ] W-9000-resnet-18_1.0-stderr MODEL_LOG - ModuleNotFoundError: No module named 'yaml'
2026-03-27T12:43:57,278 [INFO ] W-9000-resnet-18_1.0-stderr org.pytorch.serve.wlm.WorkerLifeCycle - Stopped Scanner - W-9000-resnet-18_1.0-stderr
2026-03-27T12:43:57,278 [INFO ] W-9000-resnet-18_1.0-stdout org.pytorch.serve.wlm.WorkerLifeCycle - Stopped Scanner - W-9000-resnet-18_1.0-stdout
2026-03-27T12:43:57,280 [ERROR] W-9000-resnet-18_1.0 org.pytorch.serve.wlm.WorkerThread - Backend worker error
org.pytorch.serve.wlm.WorkerInitializationException: Backend stream closed.
	at org.pytorch.serve.wlm.WorkerLifeCycle.startWorkerPython(WorkerLifeCycle.java:204) ~[model-server.jar:?]
	at org.pytorch.serve.wlm.WorkerLifeCycle.startWorker(WorkerLifeCycle.java:106) ~[model-server.jar:?]
	at org.pytorch.serve.wlm.WorkerThread.connect(WorkerThread.java:375) ~[model-server.jar:?]
	at org.pytorch.serve.wlm.WorkerThread.run(WorkerThread.java:192) ~[model-server.jar:?]
	at java.util.concurrent.ThreadPoolExecutor.runWorker(ThreadPoolExecutor.java:1144) ~[?:?]
	at java.util.concurrent.ThreadPoolExecutor$Worker.run(ThreadPoolExecutor.java:642) ~[?:?]
	at java.lang.Thread.run(Thread.java:1583) [?:?]
2026-03-27T12:43:57,281 [DEBUG] W-9000-resnet-18_1.0 org.pytorch.serve.wlm.WorkerThread - W-9000-resnet-18_1.0 State change WORKER_STOPPED -> WORKER_STOPPED
2026-03-27T12:43:57,282 [WARN ] W-9000-resnet-18_1.0 org.pytorch.serve.wlm.WorkerThread - Auto recovery failed again
2026-03-27T12:43:57,282 [INFO ] W-9000-resnet-18_1.0 org.pytorch.serve.wlm.WorkerThread - Retry worker: 9000 in 2 seconds.
2026-03-27T12:43:58,553 [INFO ] W-9000-resnet-18_1.0 ACCESS_LOG - /127.0.0.1:40818 "GET /ping HTTP/1.1" 200 1
2026-03-27T12:43:58,600 [INFO ] epollEventLoopGroup-3-2 ACCESS_LOG - /127.0.0.1:40532 "GET /models/resnet-18 HTTP/1.1" 200 28
2026-03-27T12:43:59,283 [DEBUG] W-9000-resnet-18_1.0 org.pytorch.serve.wlm.WorkerLifeCycle - Worker cmdline: [/home/chadji10/ADE/.venv_torchserve/bin/python, /home/chadji10/ADE/.venv_torchserve/lib/python3.12/site-packages/ts/model_service_worker.py, --sock-type, unix, --sock-name, /tmp/.ts.sock.9000, --metrics-config, /home/chadji10/ADE/.venv_torchserve/lib/python3.12/site-packages/ts/configs/metrics.yaml]
2026-03-27T12:44:00,632 [INFO ] pool-2-thread-2 ACCESS_LOG - /127.0.0.1:40822 "GET /ping HTTP/1.1" 200 1
2026-03-27T12:44:00,988 [WARN ] W-9000-resnet-18_1.0-stderr MODEL_LOG - Traceback (most recent call last):
2026-03-27T12:44:00,990 [WARN ] W-9000-resnet-18_1.0-stderr MODEL_LOG -   File "/home/chadji10/ADE/.venv_torchserve/lib/python3.12/site-packages/ts/model_service_worker.py", line 15, in <module>
2026-03-27T12:44:00,990 [WARN ] W-9000-resnet-18_1.0-stderr MODEL_LOG -     from ts.async_service import AsyncService
2026-03-27T12:44:00,990 [WARN ] W-9000-resnet-18_1.0-stderr MODEL_LOG -   File "/home/chadji10/ADE/.venv_torchserve/lib/python3.12/site-packages/ts/async_service.py", line 14, in <module>
2026-03-27T12:44:00,991 [WARN ] W-9000-resnet-18_1.0-stderr MODEL_LOG -     from ts.handler_utils.utils import create_predict_response
2026-03-27T12:44:00,991 [WARN ] W-9000-resnet-18_1.0-stderr MODEL_LOG -   File "/home/chadji10/ADE/.venv_torchserve/lib/python3.12/site-packages/ts/handler_utils/utils.py", line 5, in <module>
2026-03-27T12:44:00,992 [WARN ] W-9000-resnet-18_1.0-stderr MODEL_LOG -     from ts.protocol.otf_message_handler import create_predict_response
2026-03-27T12:44:00,992 [WARN ] W-9000-resnet-18_1.0-stderr MODEL_LOG -   File "/home/chadji10/ADE/.venv_torchserve/lib/python3.12/site-packages/ts/protocol/otf_message_handler.py", line 16, in <module>
2026-03-27T12:44:00,992 [WARN ] W-9000-resnet-18_1.0-stderr MODEL_LOG -     from ts.utils.util import deprecated
2026-03-27T12:44:00,992 [WARN ] W-9000-resnet-18_1.0-stderr MODEL_LOG -   File "/home/chadji10/ADE/.venv_torchserve/lib/python3.12/site-packages/ts/utils/util.py", line 14, in <module>
2026-03-27T12:44:00,993 [WARN ] W-9000-resnet-18_1.0-stderr MODEL_LOG -     import yaml
2026-03-27T12:44:00,993 [WARN ] W-9000-resnet-18_1.0-stderr MODEL_LOG - ModuleNotFoundError: No module named 'yaml'
2026-03-27T12:44:01,298 [INFO ] W-9000-resnet-18_1.0-stderr org.pytorch.serve.wlm.WorkerLifeCycle - Stopped Scanner - W-9000-resnet-18_1.0-stderr
2026-03-27T12:44:01,298 [INFO ] W-9000-resnet-18_1.0-stdout org.pytorch.serve.wlm.WorkerLifeCycle - Stopped Scanner - W-9000-resnet-18_1.0-stdout
2026-03-27T12:44:01,299 [ERROR] W-9000-resnet-18_1.0 org.pytorch.serve.wlm.WorkerThread - Backend worker error
org.pytorch.serve.wlm.WorkerInitializationException: Backend stream closed.
	at org.pytorch.serve.wlm.WorkerLifeCycle.startWorkerPython(WorkerLifeCycle.java:204) ~[model-server.jar:?]
	at org.pytorch.serve.wlm.WorkerLifeCycle.startWorker(WorkerLifeCycle.java:106) ~[model-server.jar:?]
	at org.pytorch.serve.wlm.WorkerThread.connect(WorkerThread.java:375) ~[model-server.jar:?]
	at org.pytorch.serve.wlm.WorkerThread.run(WorkerThread.java:192) ~[model-server.jar:?]
	at java.util.concurrent.ThreadPoolExecutor.runWorker(ThreadPoolExecutor.java:1144) ~[?:?]
	at java.util.concurrent.ThreadPoolExecutor$Worker.run(ThreadPoolExecutor.java:642) ~[?:?]
	at java.lang.Thread.run(Thread.java:1583) [?:?]
2026-03-27T12:44:01,299 [DEBUG] W-9000-resnet-18_1.0 org.pytorch.serve.wlm.WorkerThread - W-9000-resnet-18_1.0 State change WORKER_STOPPED -> WORKER_STOPPED
2026-03-27T12:44:01,300 [WARN ] W-9000-resnet-18_1.0 org.pytorch.serve.wlm.WorkerThread - Auto recovery failed again
2026-03-27T12:44:01,300 [INFO ] W-9000-resnet-18_1.0 org.pytorch.serve.wlm.WorkerThread - Retry worker: 9000 in 3 seconds.
2026-03-27T12:44:02,542 [INFO ] epollEventLoopGroup-3-4 ACCESS_LOG - /127.0.0.1:40536 "GET /models/resnet-18 HTTP/1.1" 200 1891
2026-03-27T12:44:04,301 [DEBUG] W-9000-resnet-18_1.0 org.pytorch.serve.wlm.WorkerLifeCycle - Worker cmdline: [/home/chadji10/ADE/.venv_torchserve/bin/python, /home/chadji10/ADE/.venv_torchserve/lib/python3.12/site-packages/ts/model_service_worker.py, --sock-type, unix, --sock-name, /tmp/.ts.sock.9000, --metrics-config, /home/chadji10/ADE/.venv_torchserve/lib/python3.12/site-packages/ts/configs/metrics.yaml]
2026-03-27T12:44:04,568 [INFO ] pool-2-thread-2 ACCESS_LOG - /127.0.0.1:40826 "GET /ping HTTP/1.1" 200 0
2026-03-27T12:44:04,628 [INFO ] epollEventLoopGroup-3-2 ACCESS_LOG - /127.0.0.1:40540 "GET /models/resnet-18 HTTP/1.1" 200 39
2026-03-27T12:44:06,019 [WARN ] W-9000-resnet-18_1.0-stderr MODEL_LOG - Traceback (most recent call last):
2026-03-27T12:44:06,031 [WARN ] W-9000-resnet-18_1.0-stderr MODEL_LOG -   File "/home/chadji10/ADE/.venv_torchserve/lib/python3.12/site-packages/ts/model_service_worker.py", line 15, in <module>
2026-03-27T12:44:06,031 [WARN ] W-9000-resnet-18_1.0-stderr MODEL_LOG -     from ts.async_service import AsyncService
2026-03-27T12:44:06,031 [WARN ] W-9000-resnet-18_1.0-stderr MODEL_LOG -   File "/home/chadji10/ADE/.venv_torchserve/lib/python3.12/site-packages/ts/async_service.py", line 14, in <module>
2026-03-27T12:44:06,031 [WARN ] W-9000-resnet-18_1.0-stderr MODEL_LOG -     from ts.handler_utils.utils import create_predict_response
2026-03-27T12:44:06,032 [WARN ] W-9000-resnet-18_1.0-stderr MODEL_LOG -   File "/home/chadji10/ADE/.venv_torchserve/lib/python3.12/site-packages/ts/handler_utils/utils.py", line 5, in <module>
2026-03-27T12:44:06,032 [WARN ] W-9000-resnet-18_1.0-stderr MODEL_LOG -     from ts.protocol.otf_message_handler import create_predict_response
2026-03-27T12:44:06,032 [WARN ] W-9000-resnet-18_1.0-stderr MODEL_LOG -   File "/home/chadji10/ADE/.venv_torchserve/lib/python3.12/site-packages/ts/protocol/otf_message_handler.py", line 16, in <module>
2026-03-27T12:44:06,032 [WARN ] W-9000-resnet-18_1.0-stderr MODEL_LOG -     from ts.utils.util import deprecated
2026-03-27T12:44:06,032 [WARN ] W-9000-resnet-18_1.0-stderr MODEL_LOG -   File "/home/chadji10/ADE/.venv_torchserve/lib/python3.12/site-packages/ts/utils/util.py", line 14, in <module>
2026-03-27T12:44:06,032 [WARN ] W-9000-resnet-18_1.0-stderr MODEL_LOG -     import yaml
2026-03-27T12:44:06,032 [WARN ] W-9000-resnet-18_1.0-stderr MODEL_LOG - ModuleNotFoundError: No module named 'yaml'
2026-03-27T12:44:06,310 [INFO ] W-9000-resnet-18_1.0-stderr org.pytorch.serve.wlm.WorkerLifeCycle - Stopped Scanner - W-9000-resnet-18_1.0-stderr
2026-03-27T12:44:06,311 [ERROR] W-9000-resnet-18_1.0 org.pytorch.serve.wlm.WorkerThread - Backend worker error
org.pytorch.serve.wlm.WorkerInitializationException: Backend stream closed.
	at org.pytorch.serve.wlm.WorkerLifeCycle.startWorkerPython(WorkerLifeCycle.java:204) ~[model-server.jar:?]
	at org.pytorch.serve.wlm.WorkerLifeCycle.startWorker(WorkerLifeCycle.java:106) ~[model-server.jar:?]
	at org.pytorch.serve.wlm.WorkerThread.connect(WorkerThread.java:375) ~[model-server.jar:?]
	at org.pytorch.serve.wlm.WorkerThread.run(WorkerThread.java:192) ~[model-server.jar:?]
	at java.util.concurrent.ThreadPoolExecutor.runWorker(ThreadPoolExecutor.java:1144) ~[?:?]
	at java.util.concurrent.ThreadPoolExecutor$Worker.run(ThreadPoolExecutor.java:642) ~[?:?]
	at java.lang.Thread.run(Thread.java:1583) [?:?]
2026-03-27T12:44:06,311 [DEBUG] W-9000-resnet-18_1.0 org.pytorch.serve.wlm.WorkerThread - W-9000-resnet-18_1.0 State change WORKER_STOPPED -> WORKER_STOPPED
2026-03-27T12:44:06,311 [INFO ] W-9000-resnet-18_1.0-stdout org.pytorch.serve.wlm.WorkerLifeCycle - Stopped Scanner - W-9000-resnet-18_1.0-stdout
2026-03-27T12:44:06,311 [WARN ] W-9000-resnet-18_1.0 org.pytorch.serve.wlm.WorkerThread - Auto recovery failed again
2026-03-27T12:44:06,312 [INFO ] W-9000-resnet-18_1.0 org.pytorch.serve.wlm.WorkerThread - Retry worker: 9000 in 5 seconds.
2026-03-27T12:44:06,656 [INFO ] W-9000-resnet-18_1.0 ACCESS_LOG - /127.0.0.1:40830 "GET /ping HTTP/1.1" 200 0
2026-03-27T12:44:08,901 [INFO ] epollEventLoopGroup-3-4 ACCESS_LOG - /127.0.0.1:40544 "GET /models/resnet-18 HTTP/1.1" 200 2226
2026-03-27T12:44:10,934 [INFO ] W-9000-resnet-18_1.0 ACCESS_LOG - /127.0.0.1:40834 "GET /ping HTTP/1.1" 200 0
2026-03-27T12:44:10,980 [INFO ] epollEventLoopGroup-3-2 ACCESS_LOG - /127.0.0.1:40548 "GET /models/resnet-18 HTTP/1.1" 200 30
2026-03-27T12:44:11,314 [DEBUG] W-9000-resnet-18_1.0 org.pytorch.serve.wlm.WorkerLifeCycle - Worker cmdline: [/home/chadji10/ADE/.venv_torchserve/bin/python, /home/chadji10/ADE/.venv_torchserve/lib/python3.12/site-packages/ts/model_service_worker.py, --sock-type, unix, --sock-name, /tmp/.ts.sock.9000, --metrics-config, /home/chadji10/ADE/.venv_torchserve/lib/python3.12/site-packages/ts/configs/metrics.yaml]
2026-03-27T12:44:13,001 [WARN ] W-9000-resnet-18_1.0-stderr MODEL_LOG - Traceback (most recent call last):
2026-03-27T12:44:13,002 [WARN ] W-9000-resnet-18_1.0-stderr MODEL_LOG -   File "/home/chadji10/ADE/.venv_torchserve/lib/python3.12/site-packages/ts/model_service_worker.py", line 15, in <module>
2026-03-27T12:44:13,002 [WARN ] W-9000-resnet-18_1.0-stderr MODEL_LOG -     from ts.async_service import AsyncService
2026-03-27T12:44:13,002 [WARN ] W-9000-resnet-18_1.0-stderr MODEL_LOG -   File "/home/chadji10/ADE/.venv_torchserve/lib/python3.12/site-packages/ts/async_service.py", line 14, in <module>
2026-03-27T12:44:13,003 [WARN ] W-9000-resnet-18_1.0-stderr MODEL_LOG -     from ts.handler_utils.utils import create_predict_response
2026-03-27T12:44:13,004 [WARN ] W-9000-resnet-18_1.0-stderr MODEL_LOG -   File "/home/chadji10/ADE/.venv_torchserve/lib/python3.12/site-packages/ts/handler_utils/utils.py", line 5, in <module>
2026-03-27T12:44:13,004 [WARN ] W-9000-resnet-18_1.0-stderr MODEL_LOG -     from ts.protocol.otf_message_handler import create_predict_response
2026-03-27T12:44:13,004 [WARN ] W-9000-resnet-18_1.0-stderr MODEL_LOG -   File "/home/chadji10/ADE/.venv_torchserve/lib/python3.12/site-packages/ts/protocol/otf_message_handler.py", line 16, in <module>
2026-03-27T12:44:13,004 [WARN ] W-9000-resnet-18_1.0-stderr MODEL_LOG -     from ts.utils.util import deprecated
2026-03-27T12:44:13,004 [WARN ] W-9000-resnet-18_1.0-stderr MODEL_LOG -   File "/home/chadji10/ADE/.venv_torchserve/lib/python3.12/site-packages/ts/utils/util.py", line 14, in <module>
2026-03-27T12:44:13,004 [WARN ] W-9000-resnet-18_1.0-stderr MODEL_LOG -     import yaml
2026-03-27T12:44:13,004 [WARN ] W-9000-resnet-18_1.0-stderr MODEL_LOG - ModuleNotFoundError: No module named 'yaml'
2026-03-27T12:44:13,009 [INFO ] pool-2-thread-2 ACCESS_LOG - /127.0.0.1:40838 "GET /ping HTTP/1.1" 200 0
2026-03-27T12:44:13,326 [INFO ] W-9000-resnet-18_1.0-stderr org.pytorch.serve.wlm.WorkerLifeCycle - Stopped Scanner - W-9000-resnet-18_1.0-stderr
2026-03-27T12:44:13,326 [ERROR] W-9000-resnet-18_1.0 org.pytorch.serve.wlm.WorkerThread - Backend worker error
org.pytorch.serve.wlm.WorkerInitializationException: Backend stream closed.
	at org.pytorch.serve.wlm.WorkerLifeCycle.startWorkerPython(WorkerLifeCycle.java:204) ~[model-server.jar:?]
	at org.pytorch.serve.wlm.WorkerLifeCycle.startWorker(WorkerLifeCycle.java:106) ~[model-server.jar:?]
	at org.pytorch.serve.wlm.WorkerThread.connect(WorkerThread.java:375) ~[model-server.jar:?]
	at org.pytorch.serve.wlm.WorkerThread.run(WorkerThread.java:192) ~[model-server.jar:?]
	at java.util.concurrent.ThreadPoolExecutor.runWorker(ThreadPoolExecutor.java:1144) ~[?:?]
	at java.util.concurrent.ThreadPoolExecutor$Worker.run(ThreadPoolExecutor.java:642) ~[?:?]
	at java.lang.Thread.run(Thread.java:1583) [?:?]
2026-03-27T12:44:13,326 [INFO ] W-9000-resnet-18_1.0-stdout org.pytorch.serve.wlm.WorkerLifeCycle - Stopped Scanner - W-9000-resnet-18_1.0-stdout
2026-03-27T12:44:13,327 [DEBUG] W-9000-resnet-18_1.0 org.pytorch.serve.wlm.WorkerThread - W-9000-resnet-18_1.0 State change WORKER_STOPPED -> WORKER_STOPPED
2026-03-27T12:44:13,327 [WARN ] W-9000-resnet-18_1.0 org.pytorch.serve.wlm.WorkerThread - Auto recovery failed again
2026-03-27T12:44:13,327 [INFO ] W-9000-resnet-18_1.0 org.pytorch.serve.wlm.WorkerThread - Retry worker: 9000 in 8 seconds.
2026-03-27T12:44:15,292 [INFO ] epollEventLoopGroup-3-4 ACCESS_LOG - /127.0.0.1:40552 "GET /models/resnet-18 HTTP/1.1" 200 2268
2026-03-27T12:44:17,331 [INFO ] W-9000-resnet-18_1.0 ACCESS_LOG - /127.0.0.1:40842 "GET /ping HTTP/1.1" 200 0
2026-03-27T12:44:17,379 [INFO ] epollEventLoopGroup-3-2 ACCESS_LOG - /127.0.0.1:40556 "GET /models/resnet-18 HTTP/1.1" 200 32
2026-03-27T12:44:19,408 [INFO ] W-9000-resnet-18_1.0 ACCESS_LOG - /127.0.0.1:40846 "GET /ping HTTP/1.1" 200 1
2026-03-27T12:44:21,329 [DEBUG] W-9000-resnet-18_1.0 org.pytorch.serve.wlm.WorkerLifeCycle - Worker cmdline: [/home/chadji10/ADE/.venv_torchserve/bin/python, /home/chadji10/ADE/.venv_torchserve/lib/python3.12/site-packages/ts/model_service_worker.py, --sock-type, unix, --sock-name, /tmp/.ts.sock.9000, --metrics-config, /home/chadji10/ADE/.venv_torchserve/lib/python3.12/site-packages/ts/configs/metrics.yaml]
2026-03-27T12:44:21,703 [INFO ] epollEventLoopGroup-3-4 ACCESS_LOG - /127.0.0.1:40560 "GET /models/resnet-18 HTTP/1.1" 200 2277
2026-03-27T12:44:23,732 [INFO ] pool-2-thread-2 ACCESS_LOG - /127.0.0.1:40850 "GET /ping HTTP/1.1" 200 0
2026-03-27T12:44:23,779 [INFO ] epollEventLoopGroup-3-2 ACCESS_LOG - /127.0.0.1:40564 "GET /models/resnet-18 HTTP/1.1" 200 37
2026-03-27T12:44:24,056 [WARN ] W-9000-resnet-18_1.0-stderr MODEL_LOG - Traceback (most recent call last):
2026-03-27T12:44:24,057 [WARN ] W-9000-resnet-18_1.0-stderr MODEL_LOG -   File "/home/chadji10/ADE/.venv_torchserve/lib/python3.12/site-packages/ts/model_service_worker.py", line 15, in <module>
2026-03-27T12:44:24,057 [WARN ] W-9000-resnet-18_1.0-stderr MODEL_LOG -     from ts.async_service import AsyncService
2026-03-27T12:44:24,057 [WARN ] W-9000-resnet-18_1.0-stderr MODEL_LOG -   File "/home/chadji10/ADE/.venv_torchserve/lib/python3.12/site-packages/ts/async_service.py", line 14, in <module>
2026-03-27T12:44:24,058 [WARN ] W-9000-resnet-18_1.0-stderr MODEL_LOG -     from ts.handler_utils.utils import create_predict_response
2026-03-27T12:44:24,058 [WARN ] W-9000-resnet-18_1.0-stderr MODEL_LOG -   File "/home/chadji10/ADE/.venv_torchserve/lib/python3.12/site-packages/ts/handler_utils/utils.py", line 5, in <module>
2026-03-27T12:44:24,058 [WARN ] W-9000-resnet-18_1.0-stderr MODEL_LOG -     from ts.protocol.otf_message_handler import create_predict_response
2026-03-27T12:44:24,058 [WARN ] W-9000-resnet-18_1.0-stderr MODEL_LOG -   File "/home/chadji10/ADE/.venv_torchserve/lib/python3.12/site-packages/ts/protocol/otf_message_handler.py", line 16, in <module>
2026-03-27T12:44:24,058 [WARN ] W-9000-resnet-18_1.0-stderr MODEL_LOG -     from ts.utils.util import deprecated
2026-03-27T12:44:24,059 [WARN ] W-9000-resnet-18_1.0-stderr MODEL_LOG -   File "/home/chadji10/ADE/.venv_torchserve/lib/python3.12/site-packages/ts/utils/util.py", line 14, in <module>
2026-03-27T12:44:24,059 [WARN ] W-9000-resnet-18_1.0-stderr MODEL_LOG -     import yaml
2026-03-27T12:44:24,059 [WARN ] W-9000-resnet-18_1.0-stderr MODEL_LOG - ModuleNotFoundError: No module named 'yaml'
2026-03-27T12:44:24,379 [INFO ] W-9000-resnet-18_1.0-stdout org.pytorch.serve.wlm.WorkerLifeCycle - Stopped Scanner - W-9000-resnet-18_1.0-stdout
2026-03-27T12:44:24,380 [ERROR] W-9000-resnet-18_1.0 org.pytorch.serve.wlm.WorkerThread - Backend worker error
org.pytorch.serve.wlm.WorkerInitializationException: Backend stream closed.
	at org.pytorch.serve.wlm.WorkerLifeCycle.startWorkerPython(WorkerLifeCycle.java:204) ~[model-server.jar:?]
	at org.pytorch.serve.wlm.WorkerLifeCycle.startWorker(WorkerLifeCycle.java:106) ~[model-server.jar:?]
	at org.pytorch.serve.wlm.WorkerThread.connect(WorkerThread.java:375) ~[model-server.jar:?]
	at org.pytorch.serve.wlm.WorkerThread.run(WorkerThread.java:192) ~[model-server.jar:?]
	at java.util.concurrent.ThreadPoolExecutor.runWorker(ThreadPoolExecutor.java:1144) ~[?:?]
	at java.util.concurrent.ThreadPoolExecutor$Worker.run(ThreadPoolExecutor.java:642) ~[?:?]
	at java.lang.Thread.run(Thread.java:1583) [?:?]
2026-03-27T12:44:24,380 [DEBUG] W-9000-resnet-18_1.0 org.pytorch.serve.wlm.WorkerThread - W-9000-resnet-18_1.0 State change WORKER_STOPPED -> WORKER_STOPPED
2026-03-27T12:44:24,380 [WARN ] W-9000-resnet-18_1.0 org.pytorch.serve.wlm.WorkerThread - Auto recovery failed again
2026-03-27T12:44:24,380 [INFO ] W-9000-resnet-18_1.0 org.pytorch.serve.wlm.WorkerThread - Retry worker: 9000 in 13 seconds.
2026-03-27T12:44:24,380 [INFO ] W-9000-resnet-18_1.0-stderr org.pytorch.serve.wlm.WorkerLifeCycle - Stopped Scanner - W-9000-resnet-18_1.0-stderr
2026-03-27T12:44:25,990 [INFO ] W-9000-resnet-18_1.0 ACCESS_LOG - /127.0.0.1:40854 "GET /ping HTTP/1.1" 200 0
2026-03-27T12:44:28,253 [INFO ] epollEventLoopGroup-3-4 ACCESS_LOG - /127.0.0.1:40568 "GET /models/resnet-18 HTTP/1.1" 200 2243
2026-03-27T12:44:30,279 [INFO ] W-9000-resnet-18_1.0 ACCESS_LOG - /127.0.0.1:40858 "GET /ping HTTP/1.1" 200 1
2026-03-27T12:44:30,323 [INFO ] epollEventLoopGroup-3-2 ACCESS_LOG - /127.0.0.1:40572 "GET /models/resnet-18 HTTP/1.1" 200 32
2026-03-27T12:44:32,369 [INFO ] W-9000-resnet-18_1.0 ACCESS_LOG - /127.0.0.1:40862 "GET /ping HTTP/1.1" 200 1
2026-03-27T12:44:34,380 [INFO ] epollEventLoopGroup-3-4 ACCESS_LOG - /127.0.0.1:40576 "GET /models/resnet-18 HTTP/1.1" 200 1996
[2026-03-27T12:46:49+0200] TorchServe failed to become READY
[2026-03-27T12:46:49+0200] Stopping TorchServe
[2026-03-27T12:46:52+0200] Run directory: /home/chadji10/ADE/runs/resnet-18_poisson_20260327_123725
