[2026-02-20T14:07:08+0200] GPU info:
Fri Feb 20 14:07:08 2026       
+-----------------------------------------------------------------------------------------+
| NVIDIA-SMI 550.163.01             Driver Version: 550.163.01     CUDA Version: 12.4     |
|-----------------------------------------+------------------------+----------------------+
| GPU  Name                 Persistence-M | Bus-Id          Disp.A | Volatile Uncorr. ECC |
| Fan  Temp   Perf          Pwr:Usage/Cap |           Memory-Usage | GPU-Util  Compute M. |
|                                         |                        |               MIG M. |
|=========================================+========================+======================|
|   0  Tesla V100-SXM2-32GB           Off |   00000000:18:00.0 Off |                    0 |
| N/A   41C    P0             43W /  300W |       1MiB /  32768MiB |      0%      Default |
|                                         |                        |                  N/A |
+-----------------------------------------+------------------------+----------------------+
|   1  Tesla V100-SXM2-32GB           Off |   00000000:3B:00.0 Off |                    0 |
| N/A   62C    P0            257W /  300W |    9508MiB /  32768MiB |    100%      Default |
|                                         |                        |                  N/A |
+-----------------------------------------+------------------------+----------------------+
|   2  Tesla V100-SXM2-32GB           Off |   00000000:86:00.0 Off |                    0 |
| N/A   31C    P0             61W /  300W |    1852MiB /  32768MiB |     23%      Default |
|                                         |                        |                  N/A |
+-----------------------------------------+------------------------+----------------------+
|   3  Tesla V100-SXM2-32GB           Off |   00000000:AF:00.0 Off |                    0 |
| N/A   44C    P0            125W /  300W |    6058MiB /  32768MiB |     39%      Default |
|                                         |                        |                  N/A |
+-----------------------------------------+------------------------+----------------------+
                                                                                         
+-----------------------------------------------------------------------------------------+
| Processes:                                                                              |
|  GPU   GI   CI        PID   Type   Process name                              GPU Memory |
|        ID   ID                                                               Usage      |
|=========================================================================================|
|    1   N/A  N/A     85151      C   ...da3/envs/ultralytics/bin/python3.10       9492MiB |
|    2   N/A  N/A     15951      C   python                                       1848MiB |
|    3   N/A  N/A     16018      C   python                                       6054MiB |
+-----------------------------------------------------------------------------------------+
[2026-02-20T14:07:12+0200] Starting TorchServe pinned to CPUs 2-3
WARNING: sun.reflect.Reflection.getCallerClass is not supported. This will impact performance.
2026-02-20T14:07:13,552 [WARN ] main org.pytorch.serve.util.ConfigManager - Your torchserve instance can access any URL to load models. When deploying to production, make sure to limit the set of allowed_urls in config.properties
2026-02-20T14:07:13,571 [INFO ] main org.pytorch.serve.servingsdk.impl.PluginsManager - Initializing plugins manager...
2026-02-20T14:07:13,628 [INFO ] main org.pytorch.serve.metrics.configuration.MetricConfiguration - Successfully loaded metrics configuration from /home/chadji10/ADE/.venv_torchserve/lib/python3.11/site-packages/ts/configs/metrics.yaml
2026-02-20T14:07:13,696 [INFO ] main org.pytorch.serve.ModelServer - 
Torchserve version: 0.12.0
TS Home: /home/chadji10/ADE/.venv_torchserve/lib/python3.11/site-packages
Current directory: /home/chadji10/ADE
Temp directory: /tmp
Metrics config path: /home/chadji10/ADE/.venv_torchserve/lib/python3.11/site-packages/ts/configs/metrics.yaml
Number of GPUs: 1
Number of CPUs: 2
Max heap size: 18032 M
Python executable: /home/chadji10/ADE/.venv_torchserve/bin/python
Config file: /home/chadji10/ADE/torchserve.properties
Inference address: http://127.0.0.1:8080
Management address: http://127.0.0.1:8081
Metrics address: http://127.0.0.1:8082
Model Store: /home/chadji10/ADE/model_store
Initial Models: resnet-18=resnet-18.mar
Log dir: /home/chadji10/ADE/logs
Metrics dir: /home/chadji10/ADE/logs
Netty threads: 0
Netty client threads: 0
Default workers per model: 1
Blacklist Regex: N/A
Maximum Response Size: 6553500
Maximum Request Size: 6553500
Limit Maximum Image Pixels: true
Prefer direct buffer: false
Allowed Urls: [file://.*|http(s)?://.*]
Custom python dependency for model allowed: false
Enable metrics API: true
Metrics mode: PROMETHEUS
Disable system metrics: true
Workflow Store: /home/chadji10/ADE/model_store
CPP log config: N/A
Model config: N/A
System metrics command: default
Model API enabled: false
2026-02-20T14:07:13,705 [INFO ] main org.pytorch.serve.servingsdk.impl.PluginsManager -  Loading snapshot serializer plugin...
2026-02-20T14:07:13,723 [INFO ] main org.pytorch.serve.ModelServer - Loading initial models: resnet-18.mar
2026-02-20T14:07:14,376 [DEBUG] main org.pytorch.serve.wlm.ModelVersionedRefs - Adding new version 1.0 for model resnet-18
2026-02-20T14:07:14,376 [DEBUG] main org.pytorch.serve.wlm.ModelVersionedRefs - Setting default version to 1.0 for model resnet-18
2026-02-20T14:07:14,377 [INFO ] main org.pytorch.serve.wlm.ModelManager - Model resnet-18 loaded.
2026-02-20T14:07:14,377 [DEBUG] main org.pytorch.serve.wlm.ModelManager - updateModel: resnet-18, count: 1
2026-02-20T14:07:14,385 [INFO ] main org.pytorch.serve.ModelServer - Initialize Inference server with: EpollServerSocketChannel.
2026-02-20T14:07:14,398 [DEBUG] W-9000-resnet-18_1.0 org.pytorch.serve.wlm.WorkerLifeCycle - Worker cmdline: [/home/chadji10/ADE/.venv_torchserve/bin/python, /home/chadji10/ADE/.venv_torchserve/lib/python3.11/site-packages/ts/model_service_worker.py, --sock-type, unix, --sock-name, /tmp/.ts.sock.9000, --metrics-config, /home/chadji10/ADE/.venv_torchserve/lib/python3.11/site-packages/ts/configs/metrics.yaml]
2026-02-20T14:07:14,455 [INFO ] main org.pytorch.serve.ModelServer - Inference API bind to: http://127.0.0.1:8080
2026-02-20T14:07:14,455 [INFO ] main org.pytorch.serve.ModelServer - Initialize Management server with: EpollServerSocketChannel.
2026-02-20T14:07:14,461 [INFO ] main org.pytorch.serve.ModelServer - Management API bind to: http://127.0.0.1:8081
2026-02-20T14:07:14,462 [INFO ] main org.pytorch.serve.ModelServer - Initialize Metrics server with: EpollServerSocketChannel.
2026-02-20T14:07:14,462 [INFO ] main org.pytorch.serve.ModelServer - Metrics API bind to: http://127.0.0.1:8082
Model server started.
2026-02-20T14:07:16,656 [INFO ] W-9000-resnet-18_1.0-stdout MODEL_LOG - s_name_part0=/tmp/.ts.sock, s_name_part1=9000, pid=113833
2026-02-20T14:07:16,658 [INFO ] W-9000-resnet-18_1.0-stdout MODEL_LOG - Listening on port: /tmp/.ts.sock.9000
2026-02-20T14:07:16,664 [INFO ] W-9000-resnet-18_1.0-stdout MODEL_LOG - Successfully loaded /home/chadji10/ADE/.venv_torchserve/lib/python3.11/site-packages/ts/configs/metrics.yaml.
2026-02-20T14:07:16,664 [INFO ] W-9000-resnet-18_1.0-stdout MODEL_LOG - [PID]113833
2026-02-20T14:07:16,665 [INFO ] W-9000-resnet-18_1.0-stdout MODEL_LOG - Torch worker started.
2026-02-20T14:07:16,665 [INFO ] W-9000-resnet-18_1.0-stdout MODEL_LOG - Python runtime: 3.11.5
2026-02-20T14:07:16,665 [DEBUG] W-9000-resnet-18_1.0 org.pytorch.serve.wlm.WorkerThread - W-9000-resnet-18_1.0 State change null -> WORKER_STARTED
2026-02-20T14:07:16,669 [INFO ] W-9000-resnet-18_1.0 org.pytorch.serve.wlm.WorkerThread - Connecting to: /tmp/.ts.sock.9000
2026-02-20T14:07:16,680 [INFO ] W-9000-resnet-18_1.0-stdout MODEL_LOG - Connection accepted: /tmp/.ts.sock.9000.
2026-02-20T14:07:16,686 [DEBUG] W-9000-resnet-18_1.0 org.pytorch.serve.wlm.WorkerThread - Flushing req.cmd LOAD repeats 1 to backend at: 1771589236686
2026-02-20T14:07:16,689 [INFO ] W-9000-resnet-18_1.0 org.pytorch.serve.wlm.WorkerThread - Looping backend response at: 1771589236689
2026-02-20T14:07:16,721 [INFO ] W-9000-resnet-18_1.0-stdout MODEL_LOG - model_name: resnet-18, batchSize: 1
2026-02-20T14:07:18,513 [INFO ] W-9000-resnet-18_1.0-stdout MODEL_LOG - OpenVINO is not enabled
2026-02-20T14:07:18,515 [INFO ] W-9000-resnet-18_1.0-stdout MODEL_LOG - proceeding without onnxruntime
2026-02-20T14:07:18,515 [INFO ] W-9000-resnet-18_1.0-stdout MODEL_LOG - Torch TensorRT not enabled
2026-02-20T14:07:18,709 [INFO ] W-9000-resnet-18_1.0 org.pytorch.serve.wlm.WorkerThread - Backend response time: 2020
2026-02-20T14:07:18,710 [DEBUG] W-9000-resnet-18_1.0 org.pytorch.serve.wlm.WorkerThread - W-9000-resnet-18_1.0 State change WORKER_STARTED -> WORKER_MODEL_LOADED
[2026-02-20T14:07:20+0200] Waiting for TorchServe READY...
2026-02-20T14:07:20,725 [INFO ] pool-2-thread-2 ACCESS_LOG - /127.0.0.1:42298 "GET /ping HTTP/1.1" 200 20
2026-02-20T14:07:20,798 [INFO ] epollEventLoopGroup-3-2 ACCESS_LOG - /127.0.0.1:39426 "GET /models/resnet-18 HTTP/1.1" 200 32
[2026-02-20T14:07:20+0200] TorchServe READY
[2026-02-20T14:07:20+0200] Running warm-up inferences (not measured)...
[2026-02-20T14:07:26+0200] Warm-up completed. Starting measurement.
[2026-02-20T14:07:26+0200] ===== RUN 1 =====
2026-02-20T14:07:28,964 [INFO ] pool-2-thread-2 ACCESS_LOG - /127.0.0.1:42302 "GET /ping HTTP/1.1" 200 1
Files already downloaded and verified
2026-02-20T14:07:29,914 [DEBUG] W-9000-resnet-18_1.0 org.pytorch.serve.wlm.WorkerThread - Flushing req.cmd PREDICT repeats 1 to backend at: 1771589249914
2026-02-20T14:07:29,915 [INFO ] W-9000-resnet-18_1.0 org.pytorch.serve.wlm.WorkerThread - Looping backend response at: 1771589249915
2026-02-20T14:07:29,917 [INFO ] W-9000-resnet-18_1.0-stdout MODEL_LOG - Backend received inference at: 1771589249
2026-02-20T14:07:30,325 [INFO ] W-9000-resnet-18_1.0-stdout org.pytorch.serve.wlm.WorkerLifeCycle - result=[METRICS]PredictionTime.Milliseconds:407.03|#ModelName:resnet-18,Level:Model|#type:GAUGE|#hostname:gpu-0-2.local,1771589250,1aebd285-ef32-4223-acad-1aaeb9379c04, pattern=[METRICS]
2026-02-20T14:07:30,328 [INFO ] W-9000-resnet-18_1.0 org.pytorch.serve.wlm.BatchAggregator - Sending response for jobId 1aebd285-ef32-4223-acad-1aaeb9379c04
2026-02-20T14:07:30,329 [INFO ] W-9000-resnet-18_1.0 ACCESS_LOG - /127.0.0.1:42304 "POST /predictions/resnet-18 HTTP/1.1" 200 417
2026-02-20T14:07:30,330 [DEBUG] W-9000-resnet-18_1.0 org.pytorch.serve.job.RestJob - Waiting time ns: 201633, Backend time ns: 415601279
2026-02-20T14:07:30,330 [INFO ] W-9000-resnet-18_1.0 org.pytorch.serve.wlm.WorkerThread - Backend response time: 413
2026-02-20T14:07:30,801 [DEBUG] W-9000-resnet-18_1.0 org.pytorch.serve.wlm.WorkerThread - Flushing req.cmd PREDICT repeats 1 to backend at: 1771589250801
2026-02-20T14:07:30,802 [INFO ] W-9000-resnet-18_1.0 org.pytorch.serve.wlm.WorkerThread - Looping backend response at: 1771589250802
2026-02-20T14:07:30,804 [INFO ] W-9000-resnet-18_1.0-stdout MODEL_LOG - Backend received inference at: 1771589250
2026-02-20T14:07:30,883 [INFO ] W-9000-resnet-18_1.0-stdout org.pytorch.serve.wlm.WorkerLifeCycle - result=[METRICS]PredictionTime.Milliseconds:80.13|#ModelName:resnet-18,Level:Model|#type:GAUGE|#hostname:gpu-0-2.local,1771589250,cec4a857-364c-46fd-8b01-369ff127e9a8, pattern=[METRICS]
2026-02-20T14:07:30,883 [INFO ] W-9000-resnet-18_1.0 org.pytorch.serve.wlm.BatchAggregator - Sending response for jobId cec4a857-364c-46fd-8b01-369ff127e9a8
2026-02-20T14:07:30,884 [INFO ] W-9000-resnet-18_1.0 ACCESS_LOG - /127.0.0.1:42306 "POST /predictions/resnet-18 HTTP/1.1" 200 84
2026-02-20T14:07:30,884 [DEBUG] W-9000-resnet-18_1.0 org.pytorch.serve.job.RestJob - Waiting time ns: 222689, Backend time ns: 83126650
2026-02-20T14:07:30,884 [INFO ] W-9000-resnet-18_1.0 org.pytorch.serve.wlm.WorkerThread - Backend response time: 81
2026-02-20T14:07:31,802 [DEBUG] W-9000-resnet-18_1.0 org.pytorch.serve.wlm.WorkerThread - Flushing req.cmd PREDICT repeats 1 to backend at: 1771589251802
2026-02-20T14:07:31,803 [INFO ] W-9000-resnet-18_1.0 org.pytorch.serve.wlm.WorkerThread - Looping backend response at: 1771589251803
2026-02-20T14:07:31,804 [INFO ] W-9000-resnet-18_1.0-stdout MODEL_LOG - Backend received inference at: 1771589251
2026-02-20T14:07:31,812 [INFO ] W-9000-resnet-18_1.0 org.pytorch.serve.wlm.BatchAggregator - Sending response for jobId e31e9dfa-228f-4af6-89d0-edc226ebc3cc
2026-02-20T14:07:31,812 [INFO ] W-9000-resnet-18_1.0-stdout org.pytorch.serve.wlm.WorkerLifeCycle - result=[METRICS]PredictionTime.Milliseconds:7.61|#ModelName:resnet-18,Level:Model|#type:GAUGE|#hostname:gpu-0-2.local,1771589251,e31e9dfa-228f-4af6-89d0-edc226ebc3cc, pattern=[METRICS]
2026-02-20T14:07:31,813 [INFO ] W-9000-resnet-18_1.0 ACCESS_LOG - /127.0.0.1:42308 "POST /predictions/resnet-18 HTTP/1.1" 200 11
2026-02-20T14:07:31,813 [DEBUG] W-9000-resnet-18_1.0 org.pytorch.serve.job.RestJob - Waiting time ns: 113242, Backend time ns: 11279767
2026-02-20T14:07:31,813 [INFO ] W-9000-resnet-18_1.0 org.pytorch.serve.wlm.WorkerThread - Backend response time: 9
2026-02-20T14:07:32,319 [DEBUG] W-9000-resnet-18_1.0 org.pytorch.serve.wlm.WorkerThread - Flushing req.cmd PREDICT repeats 1 to backend at: 1771589252319
2026-02-20T14:07:32,319 [INFO ] W-9000-resnet-18_1.0 org.pytorch.serve.wlm.WorkerThread - Looping backend response at: 1771589252319
2026-02-20T14:07:32,326 [INFO ] W-9000-resnet-18_1.0-stdout MODEL_LOG - Backend received inference at: 1771589252
2026-02-20T14:07:32,334 [INFO ] W-9000-resnet-18_1.0-stdout org.pytorch.serve.wlm.WorkerLifeCycle - result=[METRICS]PredictionTime.Milliseconds:7.62|#ModelName:resnet-18,Level:Model|#type:GAUGE|#hostname:gpu-0-2.local,1771589252,9958004c-7ae4-4967-8ae7-39b70fe704b9, pattern=[METRICS]
2026-02-20T14:07:32,335 [INFO ] W-9000-resnet-18_1.0 org.pytorch.serve.wlm.BatchAggregator - Sending response for jobId 9958004c-7ae4-4967-8ae7-39b70fe704b9
2026-02-20T14:07:32,336 [INFO ] W-9000-resnet-18_1.0 ACCESS_LOG - /127.0.0.1:42310 "POST /predictions/resnet-18 HTTP/1.1" 200 18
2026-02-20T14:07:32,336 [DEBUG] W-9000-resnet-18_1.0 org.pytorch.serve.job.RestJob - Waiting time ns: 113397, Backend time ns: 17634470
2026-02-20T14:07:32,337 [INFO ] W-9000-resnet-18_1.0 org.pytorch.serve.wlm.WorkerThread - Backend response time: 15
2026-02-20T14:07:32,385 [DEBUG] W-9000-resnet-18_1.0 org.pytorch.serve.wlm.WorkerThread - Flushing req.cmd PREDICT repeats 1 to backend at: 1771589252385
2026-02-20T14:07:32,386 [INFO ] W-9000-resnet-18_1.0 org.pytorch.serve.wlm.WorkerThread - Looping backend response at: 1771589252386
2026-02-20T14:07:32,387 [INFO ] W-9000-resnet-18_1.0-stdout MODEL_LOG - Backend received inference at: 1771589252
2026-02-20T14:07:32,396 [INFO ] W-9000-resnet-18_1.0-stdout org.pytorch.serve.wlm.WorkerLifeCycle - result=[METRICS]PredictionTime.Milliseconds:8.24|#ModelName:resnet-18,Level:Model|#type:GAUGE|#hostname:gpu-0-2.local,1771589252,6b9dfa4d-5745-4b93-bc6f-6362734eb047, pattern=[METRICS]
2026-02-20T14:07:32,396 [INFO ] W-9000-resnet-18_1.0 org.pytorch.serve.wlm.BatchAggregator - Sending response for jobId 6b9dfa4d-5745-4b93-bc6f-6362734eb047
2026-02-20T14:07:32,397 [INFO ] W-9000-resnet-18_1.0 ACCESS_LOG - /127.0.0.1:42312 "POST /predictions/resnet-18 HTTP/1.1" 200 12
2026-02-20T14:07:32,398 [DEBUG] W-9000-resnet-18_1.0 org.pytorch.serve.job.RestJob - Waiting time ns: 125377, Backend time ns: 12397654
2026-02-20T14:07:32,398 [INFO ] W-9000-resnet-18_1.0 org.pytorch.serve.wlm.WorkerThread - Backend response time: 10
2026-02-20T14:07:33,327 [DEBUG] W-9000-resnet-18_1.0 org.pytorch.serve.wlm.WorkerThread - Flushing req.cmd PREDICT repeats 1 to backend at: 1771589253327
2026-02-20T14:07:33,328 [INFO ] W-9000-resnet-18_1.0 org.pytorch.serve.wlm.WorkerThread - Looping backend response at: 1771589253328
2026-02-20T14:07:33,329 [INFO ] W-9000-resnet-18_1.0-stdout MODEL_LOG - Backend received inference at: 1771589253
2026-02-20T14:07:33,336 [INFO ] W-9000-resnet-18_1.0-stdout org.pytorch.serve.wlm.WorkerLifeCycle - result=[METRICS]PredictionTime.Milliseconds:6.84|#ModelName:resnet-18,Level:Model|#type:GAUGE|#hostname:gpu-0-2.local,1771589253,0953336f-e166-4e04-bf62-a28454ae80d1, pattern=[METRICS]
2026-02-20T14:07:33,336 [INFO ] W-9000-resnet-18_1.0 org.pytorch.serve.wlm.BatchAggregator - Sending response for jobId 0953336f-e166-4e04-bf62-a28454ae80d1
2026-02-20T14:07:33,337 [INFO ] W-9000-resnet-18_1.0 ACCESS_LOG - /127.0.0.1:42314 "POST /predictions/resnet-18 HTTP/1.1" 200 11
2026-02-20T14:07:33,337 [DEBUG] W-9000-resnet-18_1.0 org.pytorch.serve.job.RestJob - Waiting time ns: 110398, Backend time ns: 10515735
2026-02-20T14:07:33,338 [INFO ] W-9000-resnet-18_1.0 org.pytorch.serve.wlm.WorkerThread - Backend response time: 8
2026-02-20T14:07:33,452 [DEBUG] W-9000-resnet-18_1.0 org.pytorch.serve.wlm.WorkerThread - Flushing req.cmd PREDICT repeats 1 to backend at: 1771589253452
2026-02-20T14:07:33,453 [INFO ] W-9000-resnet-18_1.0 org.pytorch.serve.wlm.WorkerThread - Looping backend response at: 1771589253453
2026-02-20T14:07:33,454 [INFO ] W-9000-resnet-18_1.0-stdout MODEL_LOG - Backend received inference at: 1771589253
2026-02-20T14:07:33,460 [INFO ] W-9000-resnet-18_1.0-stdout org.pytorch.serve.wlm.WorkerLifeCycle - result=[METRICS]PredictionTime.Milliseconds:5.29|#ModelName:resnet-18,Level:Model|#type:GAUGE|#hostname:gpu-0-2.local,1771589253,2ebada64-d0ed-4480-871c-320229aeb7c8, pattern=[METRICS]
2026-02-20T14:07:33,460 [INFO ] W-9000-resnet-18_1.0 org.pytorch.serve.wlm.BatchAggregator - Sending response for jobId 2ebada64-d0ed-4480-871c-320229aeb7c8
2026-02-20T14:07:33,460 [INFO ] W-9000-resnet-18_1.0 ACCESS_LOG - /127.0.0.1:42316 "POST /predictions/resnet-18 HTTP/1.1" 200 8
2026-02-20T14:07:33,460 [DEBUG] W-9000-resnet-18_1.0 org.pytorch.serve.job.RestJob - Waiting time ns: 152328, Backend time ns: 8053367
2026-02-20T14:07:33,461 [INFO ] W-9000-resnet-18_1.0 org.pytorch.serve.wlm.WorkerThread - Backend response time: 7
2026-02-20T14:07:36,266 [DEBUG] W-9000-resnet-18_1.0 org.pytorch.serve.wlm.WorkerThread - Flushing req.cmd PREDICT repeats 1 to backend at: 1771589256265
2026-02-20T14:07:36,267 [INFO ] W-9000-resnet-18_1.0 org.pytorch.serve.wlm.WorkerThread - Looping backend response at: 1771589256267
2026-02-20T14:07:36,268 [INFO ] W-9000-resnet-18_1.0-stdout MODEL_LOG - Backend received inference at: 1771589256
2026-02-20T14:07:36,276 [INFO ] W-9000-resnet-18_1.0-stdout org.pytorch.serve.wlm.WorkerLifeCycle - result=[METRICS]PredictionTime.Milliseconds:7.62|#ModelName:resnet-18,Level:Model|#type:GAUGE|#hostname:gpu-0-2.local,1771589256,68ada68e-7e13-46c9-8842-8cca86cb51e3, pattern=[METRICS]
2026-02-20T14:07:36,277 [INFO ] W-9000-resnet-18_1.0 org.pytorch.serve.wlm.BatchAggregator - Sending response for jobId 68ada68e-7e13-46c9-8842-8cca86cb51e3
2026-02-20T14:07:36,277 [INFO ] W-9000-resnet-18_1.0 ACCESS_LOG - /127.0.0.1:42318 "POST /predictions/resnet-18 HTTP/1.1" 200 12
2026-02-20T14:07:36,278 [DEBUG] W-9000-resnet-18_1.0 org.pytorch.serve.job.RestJob - Waiting time ns: 214929, Backend time ns: 12722106
2026-02-20T14:07:36,279 [INFO ] W-9000-resnet-18_1.0 org.pytorch.serve.wlm.WorkerThread - Backend response time: 10
2026-02-20T14:07:37,054 [DEBUG] W-9000-resnet-18_1.0 org.pytorch.serve.wlm.WorkerThread - Flushing req.cmd PREDICT repeats 1 to backend at: 1771589257054
2026-02-20T14:07:37,055 [INFO ] W-9000-resnet-18_1.0 org.pytorch.serve.wlm.WorkerThread - Looping backend response at: 1771589257055
2026-02-20T14:07:37,057 [INFO ] W-9000-resnet-18_1.0-stdout MODEL_LOG - Backend received inference at: 1771589257
2026-02-20T14:07:37,062 [INFO ] W-9000-resnet-18_1.0-stdout org.pytorch.serve.wlm.WorkerLifeCycle - result=[METRICS]PredictionTime.Milliseconds:5.6|#ModelName:resnet-18,Level:Model|#type:GAUGE|#hostname:gpu-0-2.local,1771589257,8e74cac3-da72-46a2-a4a1-9b64c44640c0, pattern=[METRICS]
2026-02-20T14:07:37,062 [INFO ] W-9000-resnet-18_1.0 org.pytorch.serve.wlm.BatchAggregator - Sending response for jobId 8e74cac3-da72-46a2-a4a1-9b64c44640c0
2026-02-20T14:07:37,062 [INFO ] W-9000-resnet-18_1.0 ACCESS_LOG - /127.0.0.1:42320 "POST /predictions/resnet-18 HTTP/1.1" 200 8
2026-02-20T14:07:37,063 [DEBUG] W-9000-resnet-18_1.0 org.pytorch.serve.job.RestJob - Waiting time ns: 154866, Backend time ns: 8393682
2026-02-20T14:07:37,063 [INFO ] W-9000-resnet-18_1.0 org.pytorch.serve.wlm.WorkerThread - Backend response time: 7
2026-02-20T14:07:38,052 [DEBUG] W-9000-resnet-18_1.0 org.pytorch.serve.wlm.WorkerThread - Flushing req.cmd PREDICT repeats 1 to backend at: 1771589258052
2026-02-20T14:07:38,053 [INFO ] W-9000-resnet-18_1.0 org.pytorch.serve.wlm.WorkerThread - Looping backend response at: 1771589258053
2026-02-20T14:07:38,054 [INFO ] W-9000-resnet-18_1.0-stdout MODEL_LOG - Backend received inference at: 1771589258
2026-02-20T14:07:38,059 [INFO ] W-9000-resnet-18_1.0-stdout org.pytorch.serve.wlm.WorkerLifeCycle - result=[METRICS]PredictionTime.Milliseconds:5.12|#ModelName:resnet-18,Level:Model|#type:GAUGE|#hostname:gpu-0-2.local,1771589258,f26bb171-4c0a-437e-bcd4-de41068b047c, pattern=[METRICS]
2026-02-20T14:07:38,060 [INFO ] W-9000-resnet-18_1.0 org.pytorch.serve.wlm.BatchAggregator - Sending response for jobId f26bb171-4c0a-437e-bcd4-de41068b047c
2026-02-20T14:07:38,060 [INFO ] W-9000-resnet-18_1.0 ACCESS_LOG - /127.0.0.1:42322 "POST /predictions/resnet-18 HTTP/1.1" 200 8
2026-02-20T14:07:38,060 [DEBUG] W-9000-resnet-18_1.0 org.pytorch.serve.job.RestJob - Waiting time ns: 144917, Backend time ns: 7967880
2026-02-20T14:07:38,061 [INFO ] W-9000-resnet-18_1.0 org.pytorch.serve.wlm.WorkerThread - Backend response time: 7
2026-02-20T14:07:38,118 [DEBUG] W-9000-resnet-18_1.0 org.pytorch.serve.wlm.WorkerThread - Flushing req.cmd PREDICT repeats 1 to backend at: 1771589258118
2026-02-20T14:07:38,119 [INFO ] W-9000-resnet-18_1.0 org.pytorch.serve.wlm.WorkerThread - Looping backend response at: 1771589258119
2026-02-20T14:07:38,121 [INFO ] W-9000-resnet-18_1.0-stdout MODEL_LOG - Backend received inference at: 1771589258
2026-02-20T14:07:38,126 [INFO ] W-9000-resnet-18_1.0-stdout org.pytorch.serve.wlm.WorkerLifeCycle - result=[METRICS]PredictionTime.Milliseconds:4.62|#ModelName:resnet-18,Level:Model|#type:GAUGE|#hostname:gpu-0-2.local,1771589258,22dbf760-9bba-4e26-a069-9483156b7fc6, pattern=[METRICS]
2026-02-20T14:07:38,126 [INFO ] W-9000-resnet-18_1.0 org.pytorch.serve.wlm.BatchAggregator - Sending response for jobId 22dbf760-9bba-4e26-a069-9483156b7fc6
2026-02-20T14:07:38,127 [INFO ] W-9000-resnet-18_1.0 ACCESS_LOG - /127.0.0.1:42324 "POST /predictions/resnet-18 HTTP/1.1" 200 9
2026-02-20T14:07:38,127 [DEBUG] W-9000-resnet-18_1.0 org.pytorch.serve.job.RestJob - Waiting time ns: 91548, Backend time ns: 8489656
2026-02-20T14:07:38,127 [INFO ] W-9000-resnet-18_1.0 org.pytorch.serve.wlm.WorkerThread - Backend response time: 7
2026-02-20T14:07:39,538 [DEBUG] W-9000-resnet-18_1.0 org.pytorch.serve.wlm.WorkerThread - Flushing req.cmd PREDICT repeats 1 to backend at: 1771589259538
2026-02-20T14:07:39,539 [INFO ] W-9000-resnet-18_1.0 org.pytorch.serve.wlm.WorkerThread - Looping backend response at: 1771589259538
2026-02-20T14:07:39,540 [INFO ] W-9000-resnet-18_1.0-stdout MODEL_LOG - Backend received inference at: 1771589259
2026-02-20T14:07:39,545 [INFO ] W-9000-resnet-18_1.0-stdout org.pytorch.serve.wlm.WorkerLifeCycle - result=[METRICS]PredictionTime.Milliseconds:5.44|#ModelName:resnet-18,Level:Model|#type:GAUGE|#hostname:gpu-0-2.local,1771589259,ba3d49b9-dfb5-46c5-b71d-69fc5fa746e8, pattern=[METRICS]
2026-02-20T14:07:39,546 [INFO ] W-9000-resnet-18_1.0 org.pytorch.serve.wlm.BatchAggregator - Sending response for jobId ba3d49b9-dfb5-46c5-b71d-69fc5fa746e8
2026-02-20T14:07:39,546 [INFO ] W-9000-resnet-18_1.0 ACCESS_LOG - /127.0.0.1:42326 "POST /predictions/resnet-18 HTTP/1.1" 200 8
2026-02-20T14:07:39,546 [DEBUG] W-9000-resnet-18_1.0 org.pytorch.serve.job.RestJob - Waiting time ns: 148306, Backend time ns: 8327388
2026-02-20T14:07:39,546 [INFO ] W-9000-resnet-18_1.0 org.pytorch.serve.wlm.WorkerThread - Backend response time: 7
2026-02-20T14:07:39,816 [DEBUG] W-9000-resnet-18_1.0 org.pytorch.serve.wlm.WorkerThread - Flushing req.cmd PREDICT repeats 1 to backend at: 1771589259816
2026-02-20T14:07:39,817 [INFO ] W-9000-resnet-18_1.0 org.pytorch.serve.wlm.WorkerThread - Looping backend response at: 1771589259817
2026-02-20T14:07:39,818 [INFO ] W-9000-resnet-18_1.0-stdout MODEL_LOG - Backend received inference at: 1771589259
2026-02-20T14:07:39,827 [INFO ] W-9000-resnet-18_1.0-stdout org.pytorch.serve.wlm.WorkerLifeCycle - result=[METRICS]PredictionTime.Milliseconds:7.99|#ModelName:resnet-18,Level:Model|#type:GAUGE|#hostname:gpu-0-2.local,1771589259,179f383c-ca1c-4558-8123-e62460f8a135, pattern=[METRICS]
2026-02-20T14:07:39,827 [INFO ] W-9000-resnet-18_1.0 org.pytorch.serve.wlm.BatchAggregator - Sending response for jobId 179f383c-ca1c-4558-8123-e62460f8a135
2026-02-20T14:07:39,828 [INFO ] W-9000-resnet-18_1.0 ACCESS_LOG - /127.0.0.1:42328 "POST /predictions/resnet-18 HTTP/1.1" 200 13
2026-02-20T14:07:39,828 [DEBUG] W-9000-resnet-18_1.0 org.pytorch.serve.job.RestJob - Waiting time ns: 212579, Backend time ns: 12257712
2026-02-20T14:07:39,828 [INFO ] W-9000-resnet-18_1.0 org.pytorch.serve.wlm.WorkerThread - Backend response time: 10
2026-02-20T14:07:39,862 [DEBUG] W-9000-resnet-18_1.0 org.pytorch.serve.wlm.WorkerThread - Flushing req.cmd PREDICT repeats 1 to backend at: 1771589259862
2026-02-20T14:07:39,863 [INFO ] W-9000-resnet-18_1.0 org.pytorch.serve.wlm.WorkerThread - Looping backend response at: 1771589259863
2026-02-20T14:07:39,864 [INFO ] W-9000-resnet-18_1.0-stdout MODEL_LOG - Backend received inference at: 1771589259
2026-02-20T14:07:39,871 [INFO ] W-9000-resnet-18_1.0-stdout org.pytorch.serve.wlm.WorkerLifeCycle - result=[METRICS]PredictionTime.Milliseconds:6.86|#ModelName:resnet-18,Level:Model|#type:GAUGE|#hostname:gpu-0-2.local,1771589259,48ec5efb-0729-4837-a162-c7903f9b4d9e, pattern=[METRICS]
2026-02-20T14:07:39,871 [INFO ] W-9000-resnet-18_1.0 org.pytorch.serve.wlm.BatchAggregator - Sending response for jobId 48ec5efb-0729-4837-a162-c7903f9b4d9e
2026-02-20T14:07:39,872 [INFO ] W-9000-resnet-18_1.0 ACCESS_LOG - /127.0.0.1:42330 "POST /predictions/resnet-18 HTTP/1.1" 200 10
2026-02-20T14:07:39,872 [DEBUG] W-9000-resnet-18_1.0 org.pytorch.serve.job.RestJob - Waiting time ns: 107845, Backend time ns: 10272341
2026-02-20T14:07:39,872 [INFO ] W-9000-resnet-18_1.0 org.pytorch.serve.wlm.WorkerThread - Backend response time: 8
2026-02-20T14:07:41,857 [DEBUG] W-9000-resnet-18_1.0 org.pytorch.serve.wlm.WorkerThread - Flushing req.cmd PREDICT repeats 1 to backend at: 1771589261857
2026-02-20T14:07:41,858 [INFO ] W-9000-resnet-18_1.0 org.pytorch.serve.wlm.WorkerThread - Looping backend response at: 1771589261858
2026-02-20T14:07:41,860 [INFO ] W-9000-resnet-18_1.0-stdout MODEL_LOG - Backend received inference at: 1771589261
2026-02-20T14:07:41,867 [INFO ] W-9000-resnet-18_1.0-stdout org.pytorch.serve.wlm.WorkerLifeCycle - result=[METRICS]PredictionTime.Milliseconds:7.14|#ModelName:resnet-18,Level:Model|#type:GAUGE|#hostname:gpu-0-2.local,1771589261,b3fed29f-26dc-4ddf-a6a9-f5c1046e9a74, pattern=[METRICS]
2026-02-20T14:07:41,868 [INFO ] W-9000-resnet-18_1.0 org.pytorch.serve.wlm.BatchAggregator - Sending response for jobId b3fed29f-26dc-4ddf-a6a9-f5c1046e9a74
2026-02-20T14:07:41,868 [INFO ] W-9000-resnet-18_1.0 ACCESS_LOG - /127.0.0.1:42332 "POST /predictions/resnet-18 HTTP/1.1" 200 11
2026-02-20T14:07:41,869 [DEBUG] W-9000-resnet-18_1.0 org.pytorch.serve.job.RestJob - Waiting time ns: 196957, Backend time ns: 11099522
2026-02-20T14:07:41,869 [INFO ] W-9000-resnet-18_1.0 org.pytorch.serve.wlm.WorkerThread - Backend response time: 10
2026-02-20T14:07:43,548 [DEBUG] W-9000-resnet-18_1.0 org.pytorch.serve.wlm.WorkerThread - Flushing req.cmd PREDICT repeats 1 to backend at: 1771589263548
2026-02-20T14:07:43,549 [INFO ] W-9000-resnet-18_1.0 org.pytorch.serve.wlm.WorkerThread - Looping backend response at: 1771589263549
2026-02-20T14:07:43,550 [INFO ] W-9000-resnet-18_1.0-stdout MODEL_LOG - Backend received inference at: 1771589263
2026-02-20T14:07:43,558 [INFO ] W-9000-resnet-18_1.0-stdout org.pytorch.serve.wlm.WorkerLifeCycle - result=[METRICS]PredictionTime.Milliseconds:7.35|#ModelName:resnet-18,Level:Model|#type:GAUGE|#hostname:gpu-0-2.local,1771589263,5100af05-3c36-4068-8b2a-57441a2f63e3, pattern=[METRICS]
2026-02-20T14:07:43,558 [INFO ] W-9000-resnet-18_1.0 org.pytorch.serve.wlm.BatchAggregator - Sending response for jobId 5100af05-3c36-4068-8b2a-57441a2f63e3
2026-02-20T14:07:43,559 [INFO ] W-9000-resnet-18_1.0 ACCESS_LOG - /127.0.0.1:42334 "POST /predictions/resnet-18 HTTP/1.1" 200 11
2026-02-20T14:07:43,559 [DEBUG] W-9000-resnet-18_1.0 org.pytorch.serve.job.RestJob - Waiting time ns: 183038, Backend time ns: 10983579
2026-02-20T14:07:43,560 [INFO ] W-9000-resnet-18_1.0 org.pytorch.serve.wlm.WorkerThread - Backend response time: 9
2026-02-20T14:07:45,060 [DEBUG] W-9000-resnet-18_1.0 org.pytorch.serve.wlm.WorkerThread - Flushing req.cmd PREDICT repeats 1 to backend at: 1771589265060
2026-02-20T14:07:45,061 [INFO ] W-9000-resnet-18_1.0 org.pytorch.serve.wlm.WorkerThread - Looping backend response at: 1771589265061
2026-02-20T14:07:45,062 [INFO ] W-9000-resnet-18_1.0-stdout MODEL_LOG - Backend received inference at: 1771589265
2026-02-20T14:07:45,068 [INFO ] W-9000-resnet-18_1.0-stdout org.pytorch.serve.wlm.WorkerLifeCycle - result=[METRICS]PredictionTime.Milliseconds:5.84|#ModelName:resnet-18,Level:Model|#type:GAUGE|#hostname:gpu-0-2.local,1771589265,08355c1b-e204-450e-843e-a2adf80d65a3, pattern=[METRICS]
2026-02-20T14:07:45,068 [INFO ] W-9000-resnet-18_1.0 org.pytorch.serve.wlm.BatchAggregator - Sending response for jobId 08355c1b-e204-450e-843e-a2adf80d65a3
2026-02-20T14:07:45,069 [INFO ] W-9000-resnet-18_1.0 ACCESS_LOG - /127.0.0.1:42336 "POST /predictions/resnet-18 HTTP/1.1" 200 10
2026-02-20T14:07:45,069 [DEBUG] W-9000-resnet-18_1.0 org.pytorch.serve.job.RestJob - Waiting time ns: 121981, Backend time ns: 9553144
2026-02-20T14:07:45,069 [INFO ] W-9000-resnet-18_1.0 org.pytorch.serve.wlm.WorkerThread - Backend response time: 7
2026-02-20T14:07:45,764 [DEBUG] W-9000-resnet-18_1.0 org.pytorch.serve.wlm.WorkerThread - Flushing req.cmd PREDICT repeats 1 to backend at: 1771589265764
2026-02-20T14:07:45,765 [INFO ] W-9000-resnet-18_1.0 org.pytorch.serve.wlm.WorkerThread - Looping backend response at: 1771589265765
2026-02-20T14:07:45,767 [INFO ] W-9000-resnet-18_1.0-stdout MODEL_LOG - Backend received inference at: 1771589265
2026-02-20T14:07:45,773 [INFO ] W-9000-resnet-18_1.0-stdout org.pytorch.serve.wlm.WorkerLifeCycle - result=[METRICS]PredictionTime.Milliseconds:6.32|#ModelName:resnet-18,Level:Model|#type:GAUGE|#hostname:gpu-0-2.local,1771589265,e1d7d5ad-8002-4a8d-992f-0e5f02dafc08, pattern=[METRICS]
2026-02-20T14:07:45,774 [INFO ] W-9000-resnet-18_1.0 org.pytorch.serve.wlm.BatchAggregator - Sending response for jobId e1d7d5ad-8002-4a8d-992f-0e5f02dafc08
2026-02-20T14:07:45,774 [INFO ] W-9000-resnet-18_1.0 ACCESS_LOG - /127.0.0.1:42338 "POST /predictions/resnet-18 HTTP/1.1" 200 10
2026-02-20T14:07:45,775 [DEBUG] W-9000-resnet-18_1.0 org.pytorch.serve.job.RestJob - Waiting time ns: 119842, Backend time ns: 10485038
2026-02-20T14:07:45,775 [INFO ] W-9000-resnet-18_1.0 org.pytorch.serve.wlm.WorkerThread - Backend response time: 9
2026-02-20T14:07:45,902 [DEBUG] W-9000-resnet-18_1.0 org.pytorch.serve.wlm.WorkerThread - Flushing req.cmd PREDICT repeats 1 to backend at: 1771589265902
2026-02-20T14:07:45,903 [INFO ] W-9000-resnet-18_1.0 org.pytorch.serve.wlm.WorkerThread - Looping backend response at: 1771589265903
2026-02-20T14:07:45,904 [INFO ] W-9000-resnet-18_1.0-stdout MODEL_LOG - Backend received inference at: 1771589265
2026-02-20T14:07:45,912 [INFO ] W-9000-resnet-18_1.0-stdout org.pytorch.serve.wlm.WorkerLifeCycle - result=[METRICS]PredictionTime.Milliseconds:7.77|#ModelName:resnet-18,Level:Model|#type:GAUGE|#hostname:gpu-0-2.local,1771589265,67e7ccd1-c0c9-436f-a646-b4cd1b6e3e21, pattern=[METRICS]
2026-02-20T14:07:45,913 [INFO ] W-9000-resnet-18_1.0 org.pytorch.serve.wlm.BatchAggregator - Sending response for jobId 67e7ccd1-c0c9-436f-a646-b4cd1b6e3e21
2026-02-20T14:07:45,914 [INFO ] W-9000-resnet-18_1.0 ACCESS_LOG - /127.0.0.1:42340 "POST /predictions/resnet-18 HTTP/1.1" 200 12
2026-02-20T14:07:45,914 [DEBUG] W-9000-resnet-18_1.0 org.pytorch.serve.job.RestJob - Waiting time ns: 118022, Backend time ns: 12270927
2026-02-20T14:07:45,915 [INFO ] W-9000-resnet-18_1.0 org.pytorch.serve.wlm.WorkerThread - Backend response time: 10
2026-02-20T14:07:46,384 [DEBUG] W-9000-resnet-18_1.0 org.pytorch.serve.wlm.WorkerThread - Flushing req.cmd PREDICT repeats 1 to backend at: 1771589266384
2026-02-20T14:07:46,385 [INFO ] W-9000-resnet-18_1.0 org.pytorch.serve.wlm.WorkerThread - Looping backend response at: 1771589266385
2026-02-20T14:07:46,386 [INFO ] W-9000-resnet-18_1.0-stdout MODEL_LOG - Backend received inference at: 1771589266
2026-02-20T14:07:46,392 [INFO ] W-9000-resnet-18_1.0-stdout org.pytorch.serve.wlm.WorkerLifeCycle - result=[METRICS]PredictionTime.Milliseconds:5.58|#ModelName:resnet-18,Level:Model|#type:GAUGE|#hostname:gpu-0-2.local,1771589266,9d9046d7-1f83-44f5-b5b9-727ad6f5c913, pattern=[METRICS]
2026-02-20T14:07:46,394 [INFO ] W-9000-resnet-18_1.0 org.pytorch.serve.wlm.BatchAggregator - Sending response for jobId 9d9046d7-1f83-44f5-b5b9-727ad6f5c913
2026-02-20T14:07:46,394 [INFO ] W-9000-resnet-18_1.0 ACCESS_LOG - /127.0.0.1:42342 "POST /predictions/resnet-18 HTTP/1.1" 200 10
2026-02-20T14:07:46,394 [DEBUG] W-9000-resnet-18_1.0 org.pytorch.serve.job.RestJob - Waiting time ns: 110053, Backend time ns: 10266590
2026-02-20T14:07:46,394 [INFO ] W-9000-resnet-18_1.0 org.pytorch.serve.wlm.WorkerThread - Backend response time: 8
2026-02-20T14:07:46,409 [DEBUG] W-9000-resnet-18_1.0 org.pytorch.serve.wlm.WorkerThread - Flushing req.cmd PREDICT repeats 1 to backend at: 1771589266408
2026-02-20T14:07:46,409 [INFO ] W-9000-resnet-18_1.0 org.pytorch.serve.wlm.WorkerThread - Looping backend response at: 1771589266409
2026-02-20T14:07:46,410 [INFO ] W-9000-resnet-18_1.0-stdout MODEL_LOG - Backend received inference at: 1771589266
2026-02-20T14:07:46,415 [INFO ] W-9000-resnet-18_1.0-stdout org.pytorch.serve.wlm.WorkerLifeCycle - result=[METRICS]PredictionTime.Milliseconds:5.15|#ModelName:resnet-18,Level:Model|#type:GAUGE|#hostname:gpu-0-2.local,1771589266,6775d97b-35a5-4f11-b3b9-d23f5e21c9cb, pattern=[METRICS]
2026-02-20T14:07:46,415 [INFO ] W-9000-resnet-18_1.0 org.pytorch.serve.wlm.BatchAggregator - Sending response for jobId 6775d97b-35a5-4f11-b3b9-d23f5e21c9cb
2026-02-20T14:07:46,416 [INFO ] W-9000-resnet-18_1.0 ACCESS_LOG - /127.0.0.1:42344 "POST /predictions/resnet-18 HTTP/1.1" 200 8
2026-02-20T14:07:46,416 [DEBUG] W-9000-resnet-18_1.0 org.pytorch.serve.job.RestJob - Waiting time ns: 93009, Backend time ns: 7500938
2026-02-20T14:07:46,416 [INFO ] W-9000-resnet-18_1.0 org.pytorch.serve.wlm.WorkerThread - Backend response time: 6
2026-02-20T14:07:48,050 [DEBUG] W-9000-resnet-18_1.0 org.pytorch.serve.wlm.WorkerThread - Flushing req.cmd PREDICT repeats 1 to backend at: 1771589268050
2026-02-20T14:07:48,051 [INFO ] W-9000-resnet-18_1.0 org.pytorch.serve.wlm.WorkerThread - Looping backend response at: 1771589268051
2026-02-20T14:07:48,051 [INFO ] W-9000-resnet-18_1.0-stdout MODEL_LOG - Backend received inference at: 1771589268
2026-02-20T14:07:48,056 [INFO ] W-9000-resnet-18_1.0 org.pytorch.serve.wlm.BatchAggregator - Sending response for jobId d997f19d-de41-4978-9950-8a681acd1da1
2026-02-20T14:07:48,056 [INFO ] W-9000-resnet-18_1.0-stdout org.pytorch.serve.wlm.WorkerLifeCycle - result=[METRICS]PredictionTime.Milliseconds:4.28|#ModelName:resnet-18,Level:Model|#type:GAUGE|#hostname:gpu-0-2.local,1771589268,d997f19d-de41-4978-9950-8a681acd1da1, pattern=[METRICS]
2026-02-20T14:07:48,057 [INFO ] W-9000-resnet-18_1.0 ACCESS_LOG - /127.0.0.1:42346 "POST /predictions/resnet-18 HTTP/1.1" 200 7
2026-02-20T14:07:48,057 [DEBUG] W-9000-resnet-18_1.0 org.pytorch.serve.job.RestJob - Waiting time ns: 92532, Backend time ns: 6650614
2026-02-20T14:07:48,057 [INFO ] W-9000-resnet-18_1.0 org.pytorch.serve.wlm.WorkerThread - Backend response time: 5
2026-02-20T14:07:50,078 [DEBUG] W-9000-resnet-18_1.0 org.pytorch.serve.wlm.WorkerThread - Flushing req.cmd PREDICT repeats 1 to backend at: 1771589270077
2026-02-20T14:07:50,079 [INFO ] W-9000-resnet-18_1.0 org.pytorch.serve.wlm.WorkerThread - Looping backend response at: 1771589270079
2026-02-20T14:07:50,080 [INFO ] W-9000-resnet-18_1.0-stdout MODEL_LOG - Backend received inference at: 1771589270
2026-02-20T14:07:50,084 [INFO ] W-9000-resnet-18_1.0-stdout org.pytorch.serve.wlm.WorkerLifeCycle - result=[METRICS]PredictionTime.Milliseconds:4.39|#ModelName:resnet-18,Level:Model|#type:GAUGE|#hostname:gpu-0-2.local,1771589270,a8e36f02-d224-44d5-80cd-6ed4a1dfedad, pattern=[METRICS]
2026-02-20T14:07:50,085 [INFO ] W-9000-resnet-18_1.0 org.pytorch.serve.wlm.BatchAggregator - Sending response for jobId a8e36f02-d224-44d5-80cd-6ed4a1dfedad
2026-02-20T14:07:50,085 [INFO ] W-9000-resnet-18_1.0 ACCESS_LOG - /127.0.0.1:42348 "POST /predictions/resnet-18 HTTP/1.1" 200 8
2026-02-20T14:07:50,086 [DEBUG] W-9000-resnet-18_1.0 org.pytorch.serve.job.RestJob - Waiting time ns: 114201, Backend time ns: 8737717
2026-02-20T14:07:50,086 [INFO ] W-9000-resnet-18_1.0 org.pytorch.serve.wlm.WorkerThread - Backend response time: 6
2026-02-20T14:07:50,379 [DEBUG] W-9000-resnet-18_1.0 org.pytorch.serve.wlm.WorkerThread - Flushing req.cmd PREDICT repeats 1 to backend at: 1771589270379
2026-02-20T14:07:50,380 [INFO ] W-9000-resnet-18_1.0 org.pytorch.serve.wlm.WorkerThread - Looping backend response at: 1771589270380
2026-02-20T14:07:50,381 [INFO ] W-9000-resnet-18_1.0-stdout MODEL_LOG - Backend received inference at: 1771589270
2026-02-20T14:07:50,388 [INFO ] W-9000-resnet-18_1.0-stdout org.pytorch.serve.wlm.WorkerLifeCycle - result=[METRICS]PredictionTime.Milliseconds:6.82|#ModelName:resnet-18,Level:Model|#type:GAUGE|#hostname:gpu-0-2.local,1771589270,30ed366b-88eb-422d-9f8f-1d5aec9ff7b6, pattern=[METRICS]
2026-02-20T14:07:50,388 [INFO ] W-9000-resnet-18_1.0 org.pytorch.serve.wlm.BatchAggregator - Sending response for jobId 30ed366b-88eb-422d-9f8f-1d5aec9ff7b6
2026-02-20T14:07:50,389 [INFO ] W-9000-resnet-18_1.0 ACCESS_LOG - /127.0.0.1:42350 "POST /predictions/resnet-18 HTTP/1.1" 200 10
2026-02-20T14:07:50,389 [DEBUG] W-9000-resnet-18_1.0 org.pytorch.serve.job.RestJob - Waiting time ns: 114046, Backend time ns: 10129388
2026-02-20T14:07:50,389 [INFO ] W-9000-resnet-18_1.0 org.pytorch.serve.wlm.WorkerThread - Backend response time: 8
2026-02-20T14:07:50,884 [DEBUG] W-9000-resnet-18_1.0 org.pytorch.serve.wlm.WorkerThread - Flushing req.cmd PREDICT repeats 1 to backend at: 1771589270884
2026-02-20T14:07:50,885 [INFO ] W-9000-resnet-18_1.0 org.pytorch.serve.wlm.WorkerThread - Looping backend response at: 1771589270885
2026-02-20T14:07:50,886 [INFO ] W-9000-resnet-18_1.0-stdout MODEL_LOG - Backend received inference at: 1771589270
2026-02-20T14:07:50,893 [INFO ] W-9000-resnet-18_1.0-stdout org.pytorch.serve.wlm.WorkerLifeCycle - result=[METRICS]PredictionTime.Milliseconds:6.64|#ModelName:resnet-18,Level:Model|#type:GAUGE|#hostname:gpu-0-2.local,1771589270,5119489a-f52b-452e-bf63-4414c0270376, pattern=[METRICS]
2026-02-20T14:07:50,893 [INFO ] W-9000-resnet-18_1.0 org.pytorch.serve.wlm.BatchAggregator - Sending response for jobId 5119489a-f52b-452e-bf63-4414c0270376
2026-02-20T14:07:50,894 [INFO ] W-9000-resnet-18_1.0 ACCESS_LOG - /127.0.0.1:42352 "POST /predictions/resnet-18 HTTP/1.1" 200 10
2026-02-20T14:07:50,894 [DEBUG] W-9000-resnet-18_1.0 org.pytorch.serve.job.RestJob - Waiting time ns: 118576, Backend time ns: 9619825
2026-02-20T14:07:50,894 [INFO ] W-9000-resnet-18_1.0 org.pytorch.serve.wlm.WorkerThread - Backend response time: 8
2026-02-20T14:07:53,779 [DEBUG] W-9000-resnet-18_1.0 org.pytorch.serve.wlm.WorkerThread - Flushing req.cmd PREDICT repeats 1 to backend at: 1771589273779
2026-02-20T14:07:53,780 [INFO ] W-9000-resnet-18_1.0 org.pytorch.serve.wlm.WorkerThread - Looping backend response at: 1771589273779
2026-02-20T14:07:53,781 [INFO ] W-9000-resnet-18_1.0-stdout MODEL_LOG - Backend received inference at: 1771589273
2026-02-20T14:07:53,787 [INFO ] W-9000-resnet-18_1.0-stdout org.pytorch.serve.wlm.WorkerLifeCycle - result=[METRICS]PredictionTime.Milliseconds:5.3|#ModelName:resnet-18,Level:Model|#type:GAUGE|#hostname:gpu-0-2.local,1771589273,4b34ec43-019e-4fa3-8476-7d042ff286d4, pattern=[METRICS]
2026-02-20T14:07:53,787 [INFO ] W-9000-resnet-18_1.0 org.pytorch.serve.wlm.BatchAggregator - Sending response for jobId 4b34ec43-019e-4fa3-8476-7d042ff286d4
2026-02-20T14:07:53,788 [INFO ] W-9000-resnet-18_1.0 ACCESS_LOG - /127.0.0.1:42354 "POST /predictions/resnet-18 HTTP/1.1" 200 10
2026-02-20T14:07:53,788 [DEBUG] W-9000-resnet-18_1.0 org.pytorch.serve.job.RestJob - Waiting time ns: 207416, Backend time ns: 9111952
2026-02-20T14:07:53,788 [INFO ] W-9000-resnet-18_1.0 org.pytorch.serve.wlm.WorkerThread - Backend response time: 7
2026-02-20T14:07:55,850 [DEBUG] W-9000-resnet-18_1.0 org.pytorch.serve.wlm.WorkerThread - Flushing req.cmd PREDICT repeats 1 to backend at: 1771589275850
2026-02-20T14:07:55,851 [INFO ] W-9000-resnet-18_1.0 org.pytorch.serve.wlm.WorkerThread - Looping backend response at: 1771589275851
2026-02-20T14:07:55,852 [INFO ] W-9000-resnet-18_1.0-stdout MODEL_LOG - Backend received inference at: 1771589275
2026-02-20T14:07:55,860 [INFO ] W-9000-resnet-18_1.0-stdout org.pytorch.serve.wlm.WorkerLifeCycle - result=[METRICS]PredictionTime.Milliseconds:7.71|#ModelName:resnet-18,Level:Model|#type:GAUGE|#hostname:gpu-0-2.local,1771589275,a5ea6864-0425-487f-8ea7-bef9b90e3b74, pattern=[METRICS]
2026-02-20T14:07:55,860 [INFO ] W-9000-resnet-18_1.0 org.pytorch.serve.wlm.BatchAggregator - Sending response for jobId a5ea6864-0425-487f-8ea7-bef9b90e3b74
2026-02-20T14:07:55,861 [INFO ] W-9000-resnet-18_1.0 ACCESS_LOG - /127.0.0.1:42356 "POST /predictions/resnet-18 HTTP/1.1" 200 11
2026-02-20T14:07:55,861 [DEBUG] W-9000-resnet-18_1.0 org.pytorch.serve.job.RestJob - Waiting time ns: 123526, Backend time ns: 11163803
2026-02-20T14:07:55,862 [INFO ] W-9000-resnet-18_1.0 org.pytorch.serve.wlm.WorkerThread - Backend response time: 9
2026-02-20T14:07:56,253 [DEBUG] W-9000-resnet-18_1.0 org.pytorch.serve.wlm.WorkerThread - Flushing req.cmd PREDICT repeats 1 to backend at: 1771589276252
2026-02-20T14:07:56,254 [INFO ] W-9000-resnet-18_1.0 org.pytorch.serve.wlm.WorkerThread - Looping backend response at: 1771589276253
2026-02-20T14:07:56,255 [INFO ] W-9000-resnet-18_1.0-stdout MODEL_LOG - Backend received inference at: 1771589276
2026-02-20T14:07:56,263 [INFO ] W-9000-resnet-18_1.0-stdout org.pytorch.serve.wlm.WorkerLifeCycle - result=[METRICS]PredictionTime.Milliseconds:7.94|#ModelName:resnet-18,Level:Model|#type:GAUGE|#hostname:gpu-0-2.local,1771589276,37d6de58-0d8a-45ab-b21c-a798be5dae15, pattern=[METRICS]
2026-02-20T14:07:56,264 [INFO ] W-9000-resnet-18_1.0 org.pytorch.serve.wlm.BatchAggregator - Sending response for jobId 37d6de58-0d8a-45ab-b21c-a798be5dae15
2026-02-20T14:07:56,264 [INFO ] W-9000-resnet-18_1.0 ACCESS_LOG - /127.0.0.1:42358 "POST /predictions/resnet-18 HTTP/1.1" 200 12
2026-02-20T14:07:56,264 [DEBUG] W-9000-resnet-18_1.0 org.pytorch.serve.job.RestJob - Waiting time ns: 236137, Backend time ns: 11818023
2026-02-20T14:07:56,265 [INFO ] W-9000-resnet-18_1.0 org.pytorch.serve.wlm.WorkerThread - Backend response time: 10
2026-02-20T14:07:56,384 [DEBUG] W-9000-resnet-18_1.0 org.pytorch.serve.wlm.WorkerThread - Flushing req.cmd PREDICT repeats 1 to backend at: 1771589276383
2026-02-20T14:07:56,384 [INFO ] W-9000-resnet-18_1.0 org.pytorch.serve.wlm.WorkerThread - Looping backend response at: 1771589276384
2026-02-20T14:07:56,393 [INFO ] W-9000-resnet-18_1.0-stdout MODEL_LOG - Backend received inference at: 1771589276
2026-02-20T14:07:56,394 [INFO ] W-9000-resnet-18_1.0-stdout org.pytorch.serve.wlm.WorkerLifeCycle - result=[METRICS]PredictionTime.Milliseconds:7.52|#ModelName:resnet-18,Level:Model|#type:GAUGE|#hostname:gpu-0-2.local,1771589276,b3a4ba9f-4cfe-4ec6-b0da-c97e4848452f, pattern=[METRICS]
2026-02-20T14:07:56,394 [INFO ] W-9000-resnet-18_1.0 org.pytorch.serve.wlm.BatchAggregator - Sending response for jobId b3a4ba9f-4cfe-4ec6-b0da-c97e4848452f
2026-02-20T14:07:56,394 [INFO ] W-9000-resnet-18_1.0 ACCESS_LOG - /127.0.0.1:42360 "POST /predictions/resnet-18 HTTP/1.1" 200 11
2026-02-20T14:07:56,395 [DEBUG] W-9000-resnet-18_1.0 org.pytorch.serve.job.RestJob - Waiting time ns: 217778, Backend time ns: 11020671
2026-02-20T14:07:56,395 [INFO ] W-9000-resnet-18_1.0 org.pytorch.serve.wlm.WorkerThread - Backend response time: 10
2026-02-20T14:07:56,536 [DEBUG] W-9000-resnet-18_1.0 org.pytorch.serve.wlm.WorkerThread - Flushing req.cmd PREDICT repeats 1 to backend at: 1771589276536
2026-02-20T14:07:56,537 [INFO ] W-9000-resnet-18_1.0 org.pytorch.serve.wlm.WorkerThread - Looping backend response at: 1771589276536
2026-02-20T14:07:56,538 [INFO ] W-9000-resnet-18_1.0-stdout MODEL_LOG - Backend received inference at: 1771589276
2026-02-20T14:07:56,543 [INFO ] W-9000-resnet-18_1.0-stdout org.pytorch.serve.wlm.WorkerLifeCycle - result=[METRICS]PredictionTime.Milliseconds:5.49|#ModelName:resnet-18,Level:Model|#type:GAUGE|#hostname:gpu-0-2.local,1771589276,257e25c4-8557-44dc-9368-8f9c1bfc814f, pattern=[METRICS]
2026-02-20T14:07:56,543 [INFO ] W-9000-resnet-18_1.0 org.pytorch.serve.wlm.BatchAggregator - Sending response for jobId 257e25c4-8557-44dc-9368-8f9c1bfc814f
2026-02-20T14:07:56,544 [INFO ] W-9000-resnet-18_1.0 ACCESS_LOG - /127.0.0.1:42362 "POST /predictions/resnet-18 HTTP/1.1" 200 8
2026-02-20T14:07:56,544 [DEBUG] W-9000-resnet-18_1.0 org.pytorch.serve.job.RestJob - Waiting time ns: 118779, Backend time ns: 8147710
2026-02-20T14:07:56,544 [INFO ] W-9000-resnet-18_1.0 org.pytorch.serve.wlm.WorkerThread - Backend response time: 6
2026-02-20T14:07:56,641 [DEBUG] W-9000-resnet-18_1.0 org.pytorch.serve.wlm.WorkerThread - Flushing req.cmd PREDICT repeats 1 to backend at: 1771589276641
2026-02-20T14:07:56,641 [INFO ] W-9000-resnet-18_1.0 org.pytorch.serve.wlm.WorkerThread - Looping backend response at: 1771589276641
2026-02-20T14:07:56,642 [INFO ] W-9000-resnet-18_1.0-stdout MODEL_LOG - Backend received inference at: 1771589276
2026-02-20T14:07:56,647 [INFO ] W-9000-resnet-18_1.0-stdout org.pytorch.serve.wlm.WorkerLifeCycle - result=[METRICS]PredictionTime.Milliseconds:4.57|#ModelName:resnet-18,Level:Model|#type:GAUGE|#hostname:gpu-0-2.local,1771589276,7751e471-bd8d-4311-8ecd-85979b6b05cb, pattern=[METRICS]
2026-02-20T14:07:56,647 [INFO ] W-9000-resnet-18_1.0 org.pytorch.serve.wlm.BatchAggregator - Sending response for jobId 7751e471-bd8d-4311-8ecd-85979b6b05cb
2026-02-20T14:07:56,647 [INFO ] W-9000-resnet-18_1.0 ACCESS_LOG - /127.0.0.1:42364 "POST /predictions/resnet-18 HTTP/1.1" 200 7
2026-02-20T14:07:56,647 [DEBUG] W-9000-resnet-18_1.0 org.pytorch.serve.job.RestJob - Waiting time ns: 94982, Backend time ns: 6738099
2026-02-20T14:07:56,647 [INFO ] W-9000-resnet-18_1.0 org.pytorch.serve.wlm.WorkerThread - Backend response time: 6
2026-02-20T14:07:56,787 [DEBUG] W-9000-resnet-18_1.0 org.pytorch.serve.wlm.WorkerThread - Flushing req.cmd PREDICT repeats 1 to backend at: 1771589276786
2026-02-20T14:07:56,787 [INFO ] W-9000-resnet-18_1.0 org.pytorch.serve.wlm.WorkerThread - Looping backend response at: 1771589276787
2026-02-20T14:07:56,788 [INFO ] W-9000-resnet-18_1.0-stdout MODEL_LOG - Backend received inference at: 1771589276
2026-02-20T14:07:56,794 [INFO ] W-9000-resnet-18_1.0-stdout org.pytorch.serve.wlm.WorkerLifeCycle - result=[METRICS]PredictionTime.Milliseconds:5.43|#ModelName:resnet-18,Level:Model|#type:GAUGE|#hostname:gpu-0-2.local,1771589276,de4f97f7-1897-497f-b334-3e370120be99, pattern=[METRICS]
2026-02-20T14:07:56,794 [INFO ] W-9000-resnet-18_1.0 org.pytorch.serve.wlm.BatchAggregator - Sending response for jobId de4f97f7-1897-497f-b334-3e370120be99
2026-02-20T14:07:56,794 [INFO ] W-9000-resnet-18_1.0 ACCESS_LOG - /127.0.0.1:42366 "POST /predictions/resnet-18 HTTP/1.1" 200 8
2026-02-20T14:07:56,794 [DEBUG] W-9000-resnet-18_1.0 org.pytorch.serve.job.RestJob - Waiting time ns: 150260, Backend time ns: 7803721
2026-02-20T14:07:56,794 [INFO ] W-9000-resnet-18_1.0 org.pytorch.serve.wlm.WorkerThread - Backend response time: 7
2026-02-20T14:07:56,864 [DEBUG] W-9000-resnet-18_1.0 org.pytorch.serve.wlm.WorkerThread - Flushing req.cmd PREDICT repeats 1 to backend at: 1771589276864
2026-02-20T14:07:56,865 [INFO ] W-9000-resnet-18_1.0 org.pytorch.serve.wlm.WorkerThread - Looping backend response at: 1771589276865
2026-02-20T14:07:56,866 [INFO ] W-9000-resnet-18_1.0-stdout MODEL_LOG - Backend received inference at: 1771589276
2026-02-20T14:07:56,870 [INFO ] W-9000-resnet-18_1.0-stdout org.pytorch.serve.wlm.WorkerLifeCycle - result=[METRICS]PredictionTime.Milliseconds:4.61|#ModelName:resnet-18,Level:Model|#type:GAUGE|#hostname:gpu-0-2.local,1771589276,c1f7d83f-cfd5-4bc0-bbf2-43453f3800ed, pattern=[METRICS]
2026-02-20T14:07:56,871 [INFO ] W-9000-resnet-18_1.0 org.pytorch.serve.wlm.BatchAggregator - Sending response for jobId c1f7d83f-cfd5-4bc0-bbf2-43453f3800ed
2026-02-20T14:07:56,871 [INFO ] W-9000-resnet-18_1.0 ACCESS_LOG - /127.0.0.1:42368 "POST /predictions/resnet-18 HTTP/1.1" 200 7
2026-02-20T14:07:56,871 [DEBUG] W-9000-resnet-18_1.0 org.pytorch.serve.job.RestJob - Waiting time ns: 127370, Backend time ns: 6689275
2026-02-20T14:07:56,871 [INFO ] W-9000-resnet-18_1.0 org.pytorch.serve.wlm.WorkerThread - Backend response time: 6
2026-02-20T14:07:57,975 [DEBUG] W-9000-resnet-18_1.0 org.pytorch.serve.wlm.WorkerThread - Flushing req.cmd PREDICT repeats 1 to backend at: 1771589277975
2026-02-20T14:07:57,975 [INFO ] W-9000-resnet-18_1.0 org.pytorch.serve.wlm.WorkerThread - Looping backend response at: 1771589277975
2026-02-20T14:07:57,977 [INFO ] W-9000-resnet-18_1.0-stdout MODEL_LOG - Backend received inference at: 1771589277
2026-02-20T14:07:57,981 [INFO ] W-9000-resnet-18_1.0-stdout org.pytorch.serve.wlm.WorkerLifeCycle - result=[METRICS]PredictionTime.Milliseconds:4.41|#ModelName:resnet-18,Level:Model|#type:GAUGE|#hostname:gpu-0-2.local,1771589277,6b48feac-9da9-4cf8-a4c1-d3d399823643, pattern=[METRICS]
2026-02-20T14:07:57,981 [INFO ] W-9000-resnet-18_1.0 org.pytorch.serve.wlm.BatchAggregator - Sending response for jobId 6b48feac-9da9-4cf8-a4c1-d3d399823643
2026-02-20T14:07:57,982 [INFO ] W-9000-resnet-18_1.0 ACCESS_LOG - /127.0.0.1:42370 "POST /predictions/resnet-18 HTTP/1.1" 200 8
2026-02-20T14:07:57,982 [DEBUG] W-9000-resnet-18_1.0 org.pytorch.serve.job.RestJob - Waiting time ns: 95993, Backend time ns: 7354794
2026-02-20T14:07:57,982 [INFO ] W-9000-resnet-18_1.0 org.pytorch.serve.wlm.WorkerThread - Backend response time: 6
2026-02-20T14:07:58,679 [DEBUG] W-9000-resnet-18_1.0 org.pytorch.serve.wlm.WorkerThread - Flushing req.cmd PREDICT repeats 1 to backend at: 1771589278679
2026-02-20T14:07:58,680 [INFO ] W-9000-resnet-18_1.0 org.pytorch.serve.wlm.WorkerThread - Looping backend response at: 1771589278679
2026-02-20T14:07:58,683 [INFO ] W-9000-resnet-18_1.0-stdout MODEL_LOG - Backend received inference at: 1771589278
2026-02-20T14:07:58,688 [INFO ] W-9000-resnet-18_1.0-stdout org.pytorch.serve.wlm.WorkerLifeCycle - result=[METRICS]PredictionTime.Milliseconds:7.4|#ModelName:resnet-18,Level:Model|#type:GAUGE|#hostname:gpu-0-2.local,1771589278,18d40935-c813-4c6c-88ec-dbe64bda2e8d, pattern=[METRICS]
2026-02-20T14:07:58,689 [INFO ] W-9000-resnet-18_1.0 org.pytorch.serve.wlm.BatchAggregator - Sending response for jobId 18d40935-c813-4c6c-88ec-dbe64bda2e8d
2026-02-20T14:07:58,689 [INFO ] W-9000-resnet-18_1.0 ACCESS_LOG - /127.0.0.1:42372 "POST /predictions/resnet-18 HTTP/1.1" 200 10
2026-02-20T14:07:58,690 [DEBUG] W-9000-resnet-18_1.0 org.pytorch.serve.job.RestJob - Waiting time ns: 168082, Backend time ns: 10469417
2026-02-20T14:07:58,690 [INFO ] W-9000-resnet-18_1.0 org.pytorch.serve.wlm.WorkerThread - Backend response time: 9
2026-02-20T14:07:59,330 [DEBUG] W-9000-resnet-18_1.0 org.pytorch.serve.wlm.WorkerThread - Flushing req.cmd PREDICT repeats 1 to backend at: 1771589279330
2026-02-20T14:07:59,331 [INFO ] W-9000-resnet-18_1.0 org.pytorch.serve.wlm.WorkerThread - Looping backend response at: 1771589279331
2026-02-20T14:07:59,333 [INFO ] W-9000-resnet-18_1.0-stdout MODEL_LOG - Backend received inference at: 1771589279
2026-02-20T14:07:59,338 [INFO ] W-9000-resnet-18_1.0-stdout org.pytorch.serve.wlm.WorkerLifeCycle - result=[METRICS]PredictionTime.Milliseconds:5.33|#ModelName:resnet-18,Level:Model|#type:GAUGE|#hostname:gpu-0-2.local,1771589279,30d1916d-17a7-4c7b-87c8-645df0651b64, pattern=[METRICS]
2026-02-20T14:07:59,339 [INFO ] W-9000-resnet-18_1.0 org.pytorch.serve.wlm.BatchAggregator - Sending response for jobId 30d1916d-17a7-4c7b-87c8-645df0651b64
2026-02-20T14:07:59,339 [INFO ] W-9000-resnet-18_1.0 ACCESS_LOG - /127.0.0.1:42374 "POST /predictions/resnet-18 HTTP/1.1" 200 9
2026-02-20T14:07:59,339 [DEBUG] W-9000-resnet-18_1.0 org.pytorch.serve.job.RestJob - Waiting time ns: 103441, Backend time ns: 8989553
2026-02-20T14:07:59,339 [INFO ] W-9000-resnet-18_1.0 org.pytorch.serve.wlm.WorkerThread - Backend response time: 8
2026-02-20T14:08:00,145 [DEBUG] W-9000-resnet-18_1.0 org.pytorch.serve.wlm.WorkerThread - Flushing req.cmd PREDICT repeats 1 to backend at: 1771589280144
2026-02-20T14:08:00,145 [INFO ] W-9000-resnet-18_1.0 org.pytorch.serve.wlm.WorkerThread - Looping backend response at: 1771589280145
2026-02-20T14:08:00,146 [INFO ] W-9000-resnet-18_1.0-stdout MODEL_LOG - Backend received inference at: 1771589280
2026-02-20T14:08:00,155 [INFO ] W-9000-resnet-18_1.0-stdout org.pytorch.serve.wlm.WorkerLifeCycle - result=[METRICS]PredictionTime.Milliseconds:8.14|#ModelName:resnet-18,Level:Model|#type:GAUGE|#hostname:gpu-0-2.local,1771589280,ec0c809e-e775-44fb-9129-8010f1d3ce68, pattern=[METRICS]
2026-02-20T14:08:00,155 [INFO ] W-9000-resnet-18_1.0 org.pytorch.serve.wlm.BatchAggregator - Sending response for jobId ec0c809e-e775-44fb-9129-8010f1d3ce68
2026-02-20T14:08:00,155 [INFO ] W-9000-resnet-18_1.0 ACCESS_LOG - /127.0.0.1:42376 "POST /predictions/resnet-18 HTTP/1.1" 200 11
2026-02-20T14:08:00,156 [DEBUG] W-9000-resnet-18_1.0 org.pytorch.serve.job.RestJob - Waiting time ns: 202626, Backend time ns: 11294968
2026-02-20T14:08:00,156 [INFO ] W-9000-resnet-18_1.0 org.pytorch.serve.wlm.WorkerThread - Backend response time: 10
2026-02-20T14:08:01,023 [DEBUG] W-9000-resnet-18_1.0 org.pytorch.serve.wlm.WorkerThread - Flushing req.cmd PREDICT repeats 1 to backend at: 1771589281023
2026-02-20T14:08:01,023 [INFO ] W-9000-resnet-18_1.0 org.pytorch.serve.wlm.WorkerThread - Looping backend response at: 1771589281023
2026-02-20T14:08:01,024 [INFO ] W-9000-resnet-18_1.0-stdout MODEL_LOG - Backend received inference at: 1771589281
2026-02-20T14:08:01,029 [INFO ] W-9000-resnet-18_1.0-stdout org.pytorch.serve.wlm.WorkerLifeCycle - result=[METRICS]PredictionTime.Milliseconds:4.96|#ModelName:resnet-18,Level:Model|#type:GAUGE|#hostname:gpu-0-2.local,1771589281,419a6d5c-a5b1-478b-b253-73daaa719970, pattern=[METRICS]
2026-02-20T14:08:01,029 [INFO ] W-9000-resnet-18_1.0 org.pytorch.serve.wlm.BatchAggregator - Sending response for jobId 419a6d5c-a5b1-478b-b253-73daaa719970
2026-02-20T14:08:01,029 [INFO ] W-9000-resnet-18_1.0 ACCESS_LOG - /127.0.0.1:42378 "POST /predictions/resnet-18 HTTP/1.1" 200 7
2026-02-20T14:08:01,029 [DEBUG] W-9000-resnet-18_1.0 org.pytorch.serve.job.RestJob - Waiting time ns: 116006, Backend time ns: 6966268
2026-02-20T14:08:01,030 [INFO ] W-9000-resnet-18_1.0 org.pytorch.serve.wlm.WorkerThread - Backend response time: 6
2026-02-20T14:08:01,433 [DEBUG] W-9000-resnet-18_1.0 org.pytorch.serve.wlm.WorkerThread - Flushing req.cmd PREDICT repeats 1 to backend at: 1771589281433
2026-02-20T14:08:01,433 [INFO ] W-9000-resnet-18_1.0 org.pytorch.serve.wlm.WorkerThread - Looping backend response at: 1771589281433
2026-02-20T14:08:01,434 [INFO ] W-9000-resnet-18_1.0-stdout MODEL_LOG - Backend received inference at: 1771589281
2026-02-20T14:08:01,442 [INFO ] W-9000-resnet-18_1.0-stdout org.pytorch.serve.wlm.WorkerLifeCycle - result=[METRICS]PredictionTime.Milliseconds:7.27|#ModelName:resnet-18,Level:Model|#type:GAUGE|#hostname:gpu-0-2.local,1771589281,84e6483f-09d8-40ec-9b8b-3c87ec0bb6b4, pattern=[METRICS]
2026-02-20T14:08:01,442 [INFO ] W-9000-resnet-18_1.0 org.pytorch.serve.wlm.BatchAggregator - Sending response for jobId 84e6483f-09d8-40ec-9b8b-3c87ec0bb6b4
2026-02-20T14:08:01,443 [INFO ] W-9000-resnet-18_1.0 ACCESS_LOG - /127.0.0.1:42380 "POST /predictions/resnet-18 HTTP/1.1" 200 11
2026-02-20T14:08:01,443 [DEBUG] W-9000-resnet-18_1.0 org.pytorch.serve.job.RestJob - Waiting time ns: 138017, Backend time ns: 10428504
2026-02-20T14:08:01,443 [INFO ] W-9000-resnet-18_1.0 org.pytorch.serve.wlm.WorkerThread - Backend response time: 9
2026-02-20T14:08:02,274 [DEBUG] W-9000-resnet-18_1.0 org.pytorch.serve.wlm.WorkerThread - Flushing req.cmd PREDICT repeats 1 to backend at: 1771589282274
2026-02-20T14:08:02,275 [INFO ] W-9000-resnet-18_1.0 org.pytorch.serve.wlm.WorkerThread - Looping backend response at: 1771589282275
2026-02-20T14:08:02,283 [INFO ] W-9000-resnet-18_1.0-stdout MODEL_LOG - Backend received inference at: 1771589282
2026-02-20T14:08:02,289 [INFO ] W-9000-resnet-18_1.0-stdout org.pytorch.serve.wlm.WorkerLifeCycle - result=[METRICS]PredictionTime.Milliseconds:5.7|#ModelName:resnet-18,Level:Model|#type:GAUGE|#hostname:gpu-0-2.local,1771589282,9e325ab2-7a71-43fa-bda8-ec4e990b1401, pattern=[METRICS]
2026-02-20T14:08:02,290 [INFO ] W-9000-resnet-18_1.0 org.pytorch.serve.wlm.BatchAggregator - Sending response for jobId 9e325ab2-7a71-43fa-bda8-ec4e990b1401
2026-02-20T14:08:02,290 [INFO ] W-9000-resnet-18_1.0 ACCESS_LOG - /127.0.0.1:42382 "POST /predictions/resnet-18 HTTP/1.1" 200 16
2026-02-20T14:08:02,291 [DEBUG] W-9000-resnet-18_1.0 org.pytorch.serve.job.RestJob - Waiting time ns: 107767, Backend time ns: 16633121
2026-02-20T14:08:02,291 [INFO ] W-9000-resnet-18_1.0 org.pytorch.serve.wlm.WorkerThread - Backend response time: 15
2026-02-20T14:08:05,546 [DEBUG] W-9000-resnet-18_1.0 org.pytorch.serve.wlm.WorkerThread - Flushing req.cmd PREDICT repeats 1 to backend at: 1771589285546
2026-02-20T14:08:05,547 [INFO ] W-9000-resnet-18_1.0 org.pytorch.serve.wlm.WorkerThread - Looping backend response at: 1771589285547
2026-02-20T14:08:05,549 [INFO ] W-9000-resnet-18_1.0-stdout MODEL_LOG - Backend received inference at: 1771589285
2026-02-20T14:08:05,556 [INFO ] W-9000-resnet-18_1.0-stdout org.pytorch.serve.wlm.WorkerLifeCycle - result=[METRICS]PredictionTime.Milliseconds:7.53|#ModelName:resnet-18,Level:Model|#type:GAUGE|#hostname:gpu-0-2.local,1771589285,ba3bfcd6-4720-4562-98b1-15d58124fc59, pattern=[METRICS]
2026-02-20T14:08:05,557 [INFO ] W-9000-resnet-18_1.0 org.pytorch.serve.wlm.BatchAggregator - Sending response for jobId ba3bfcd6-4720-4562-98b1-15d58124fc59
2026-02-20T14:08:05,557 [INFO ] W-9000-resnet-18_1.0 ACCESS_LOG - /127.0.0.1:42384 "POST /predictions/resnet-18 HTTP/1.1" 200 11
2026-02-20T14:08:05,558 [DEBUG] W-9000-resnet-18_1.0 org.pytorch.serve.job.RestJob - Waiting time ns: 119697, Backend time ns: 11509297
2026-02-20T14:08:05,558 [INFO ] W-9000-resnet-18_1.0 org.pytorch.serve.wlm.WorkerThread - Backend response time: 10
2026-02-20T14:08:07,625 [DEBUG] W-9000-resnet-18_1.0 org.pytorch.serve.wlm.WorkerThread - Flushing req.cmd PREDICT repeats 1 to backend at: 1771589287625
2026-02-20T14:08:07,626 [INFO ] W-9000-resnet-18_1.0 org.pytorch.serve.wlm.WorkerThread - Looping backend response at: 1771589287626
2026-02-20T14:08:07,627 [INFO ] W-9000-resnet-18_1.0-stdout MODEL_LOG - Backend received inference at: 1771589287
2026-02-20T14:08:07,633 [INFO ] W-9000-resnet-18_1.0-stdout org.pytorch.serve.wlm.WorkerLifeCycle - result=[METRICS]PredictionTime.Milliseconds:6.3|#ModelName:resnet-18,Level:Model|#type:GAUGE|#hostname:gpu-0-2.local,1771589287,3359187d-4e48-4c3e-a726-f1056ea4b926, pattern=[METRICS]
2026-02-20T14:08:07,634 [INFO ] W-9000-resnet-18_1.0 org.pytorch.serve.wlm.BatchAggregator - Sending response for jobId 3359187d-4e48-4c3e-a726-f1056ea4b926
2026-02-20T14:08:07,634 [INFO ] W-9000-resnet-18_1.0 ACCESS_LOG - /127.0.0.1:42386 "POST /predictions/resnet-18 HTTP/1.1" 200 9
2026-02-20T14:08:07,634 [DEBUG] W-9000-resnet-18_1.0 org.pytorch.serve.job.RestJob - Waiting time ns: 122617, Backend time ns: 9277829
2026-02-20T14:08:07,634 [INFO ] W-9000-resnet-18_1.0 org.pytorch.serve.wlm.WorkerThread - Backend response time: 8
2026-02-20T14:08:08,431 [DEBUG] W-9000-resnet-18_1.0 org.pytorch.serve.wlm.WorkerThread - Flushing req.cmd PREDICT repeats 1 to backend at: 1771589288431
2026-02-20T14:08:08,432 [INFO ] W-9000-resnet-18_1.0 org.pytorch.serve.wlm.WorkerThread - Looping backend response at: 1771589288432
2026-02-20T14:08:08,456 [INFO ] W-9000-resnet-18_1.0-stdout MODEL_LOG - Backend received inference at: 1771589288
2026-02-20T14:08:08,461 [INFO ] W-9000-resnet-18_1.0-stdout org.pytorch.serve.wlm.WorkerLifeCycle - result=[METRICS]PredictionTime.Milliseconds:5.32|#ModelName:resnet-18,Level:Model|#type:GAUGE|#hostname:gpu-0-2.local,1771589288,dc958f72-643a-4e03-b9f2-d5f3dd2c5828, pattern=[METRICS]
2026-02-20T14:08:08,461 [INFO ] W-9000-resnet-18_1.0 org.pytorch.serve.wlm.BatchAggregator - Sending response for jobId dc958f72-643a-4e03-b9f2-d5f3dd2c5828
2026-02-20T14:08:08,462 [INFO ] W-9000-resnet-18_1.0 ACCESS_LOG - /127.0.0.1:42388 "POST /predictions/resnet-18 HTTP/1.1" 200 31
2026-02-20T14:08:08,462 [DEBUG] W-9000-resnet-18_1.0 org.pytorch.serve.job.RestJob - Waiting time ns: 126432, Backend time ns: 31063633
2026-02-20T14:08:08,462 [INFO ] W-9000-resnet-18_1.0 org.pytorch.serve.wlm.WorkerThread - Backend response time: 29
2026-02-20T14:08:08,550 [DEBUG] W-9000-resnet-18_1.0 org.pytorch.serve.wlm.WorkerThread - Flushing req.cmd PREDICT repeats 1 to backend at: 1771589288550
2026-02-20T14:08:08,551 [INFO ] W-9000-resnet-18_1.0 org.pytorch.serve.wlm.WorkerThread - Looping backend response at: 1771589288551
2026-02-20T14:08:08,552 [INFO ] W-9000-resnet-18_1.0-stdout MODEL_LOG - Backend received inference at: 1771589288
2026-02-20T14:08:08,560 [INFO ] W-9000-resnet-18_1.0-stdout org.pytorch.serve.wlm.WorkerLifeCycle - result=[METRICS]PredictionTime.Milliseconds:7.98|#ModelName:resnet-18,Level:Model|#type:GAUGE|#hostname:gpu-0-2.local,1771589288,04a739e2-32f1-49d7-a0bc-bab729cad41b, pattern=[METRICS]
2026-02-20T14:08:08,561 [INFO ] W-9000-resnet-18_1.0 org.pytorch.serve.wlm.BatchAggregator - Sending response for jobId 04a739e2-32f1-49d7-a0bc-bab729cad41b
2026-02-20T14:08:08,561 [INFO ] W-9000-resnet-18_1.0 ACCESS_LOG - /127.0.0.1:42390 "POST /predictions/resnet-18 HTTP/1.1" 200 11
2026-02-20T14:08:08,561 [DEBUG] W-9000-resnet-18_1.0 org.pytorch.serve.job.RestJob - Waiting time ns: 115781, Backend time ns: 11152457
2026-02-20T14:08:08,561 [INFO ] W-9000-resnet-18_1.0 org.pytorch.serve.wlm.WorkerThread - Backend response time: 10
Baseline GPU power: 62.52 W

Idle window comparison:
Request-idle & Energy-idle : 12163
Request-idle only          : 40
Energy-idle only           : 12492
Neither idle               : 4105

Saved derived analysis plots:
 - power_vs_rps.png
 - energy_per_request_vs_rps.png
 - misclassification_vs_rps.png
 - backlog.png
 - backlog_vs_rps.png
[2026-02-20T14:33:17+0200] Run 1 completed
[2026-02-20T14:33:17+0200] All runs finished
[2026-02-20T14:33:17+0200] Results stored in: /home/chadji10/ADE/runs/resnet-18_poisson_20260220_140705
[2026-02-20T14:33:17+0200] Stopping TorchServe
[2026-02-20T14:33:19+0200] Run directory: /home/chadji10/ADE/runs/resnet-18_poisson_20260220_140705
